<Event xmlns='http://schemas.microsoft.com/win/2004/08/events/event'><System><Provider Name='Microsoft-Windows-Sysmon' Guid='{5770385F-C22A-43E0-BF4C-06F5698FFBD9}'/><EventID>10</EventID><Version>3</Version><Level>4</Level><Task>10</Task><Opcode>0</Opcode><Keywords>0x8000000000000000</Keywords><TimeCreated SystemTime='2022-03-25T17:46:37.653084200Z'/><EventRecordID>361824</EventRecordID><Correlation/><Execution ProcessID='2740' ThreadID='2488'/><Channel>Microsoft-Windows-Sysmon/Operational</Channel><Computer>win-dc-emcginnis-47905-664.attackrange.local</Computer><Security UserID='S-1-5-18'/></System><EventData><Data Name='RuleName'>-</Data><Data Name='UtcTime'>2022-03-25 17:46:37.638</Data><Data Name='SourceProcessGUID'>{9D1ED712-FFFD-623D-1F02-000000003B02}</Data><Data Name='SourceProcessId'>4888</Data><Data Name='SourceThreadId'>4816</Data><Data Name='SourceImage'>C:\Windows\system32\pcalua.exe</Data><Data Name='TargetProcessGUID'>{9D1ED712-FFFD-623D-2002-000000003B02}</Data><Data Name='TargetProcessId'>4116</Data><Data Name='TargetImage'>C:\Windows\System32\calc.exe</Data><Data Name='GrantedAccess'>0x1fffff</Data><Data Name='CallTrace'>C:\Windows\SYSTEM32\ntdll.dll+a7414|C:\Windows\System32\KERNELBASE.dll+2b860|C:\Windows\System32\KERNELBASE.dll+6b246|C:\Windows\System32\KERNEL32.DLL+1c213|C:\Windows\System32\windows.storage.dll+a90ff|C:\Windows\System32\windows.storage.dll+a8d75|C:\Windows\System32\windows.storage.dll+a8866|C:\Windows\System32\windows.storage.dll+a9cd8|C:\Windows\System32\windows.storage.dll+a868e|C:\Windows\System32\windows.storage.dll+ab4a5|C:\Windows\System32\windows.storage.dll+ab824|C:\Windows\System32\windows.storage.dll+aae60|C:\Windows\System32\windows.storage.dll+ad68a|C:\Windows\System32\windows.storage.dll+ad442|C:\Windows\System32\SHELL32.dll+3fa6d|C:\Windows\System32\SHELL32.dll+3e606|C:\Windows\System32\SHELL32.dll+80381|C:\Windows\System32\SHELL32.dll+6731e|C:\Windows\System32\SHELL32.dll+3d5e3|C:\Windows\System32\SHELL32.dll+3d4ab|C:\Windows\System32\SHELL32.dll+3cdc7|C:\Windows\System32\SHELL32.dll+dcb8e|C:\Windows\System32\shcore.dll+33fad|C:\Windows\System32\KERNEL32.DLL+84d4</Data></EventData></Event>
<Event xmlns='http://schemas.microsoft.com/win/2004/08/events/event'><System><Provider Name='Microsoft-Windows-Sysmon' Guid='{5770385F-C22A-43E0-BF4C-06F5698FFBD9}'/><EventID>1</EventID><Version>5</Version><Level>4</Level><Task>1</Task><Opcode>0</Opcode><Keywords>0x8000000000000000</Keywords><TimeCreated SystemTime='2022-03-25T17:46:37.652897900Z'/><EventRecordID>361823</EventRecordID><Correlation/><Execution ProcessID='2740' ThreadID='2488'/><Channel>Microsoft-Windows-Sysmon/Operational</Channel><Computer>win-dc-emcginnis-47905-664.attackrange.local</Computer><Security UserID='S-1-5-18'/></System><EventData><Data Name='RuleName'>-</Data><Data Name='UtcTime'>2022-03-25 17:46:37.650</Data><Data Name='ProcessGuid'>{9D1ED712-FFFD-623D-2002-000000003B02}</Data><Data Name='ProcessId'>4116</Data><Data Name='Image'>C:\Windows\System32\calc.exe</Data><Data Name='FileVersion'>10.0.14393.4169 (rs1_release.210107-1130)</Data><Data Name='Description'>Windows Calculator</Data><Data Name='Product'>Microsoft® Windows® Operating System</Data><Data Name='Company'>Microsoft Corporation</Data><Data Name='OriginalFileName'>CALC.EXE</Data><Data Name='CommandLine'>"C:\Windows\System32\calc.exe" </Data><Data Name='CurrentDirectory'>C:\Users\ADMINI~1\AppData\Local\Temp\</Data><Data Name='User'>ATTACKRANGE\Administrator</Data><Data Name='LogonGuid'>{9D1ED712-FFFB-623D-6B1B-180000000000}</Data><Data Name='LogonId'>0x181b6b</Data><Data Name='TerminalSessionId'>0</Data><Data Name='IntegrityLevel'>High</Data><Data Name='Hashes'>MD5=2A5CC198FEFC04C2B6B95207A91D3668,SHA256=04FA16D1FBB5F047E7BF9756E8DDC1365AFEAAB22DD4A2C3F03E067B75BED8EA,IMPHASH=3843C3D4A5A7D1045ABE9A4BFCFAAB28</Data><Data Name='ParentProcessGuid'>{9D1ED712-FFFD-623D-1F02-000000003B02}</Data><Data Name='ParentProcessId'>4888</Data><Data Name='ParentImage'>C:\Windows\System32\pcalua.exe</Data><Data Name='ParentCommandLine'>pcalua.exe  -a C:\Windows\System32\calc.exe</Data></EventData></Event>
<Event xmlns='http://schemas.microsoft.com/win/2004/08/events/event'><System><Provider Name='Microsoft-Windows-Sysmon' Guid='{5770385F-C22A-43E0-BF4C-06F5698FFBD9}'/><EventID>10</EventID><Version>3</Version><Level>4</Level><Task>10</Task><Opcode>0</Opcode><Keywords>0x8000000000000000</Keywords><TimeCreated SystemTime='2022-03-25T17:46:37.647695500Z'/><EventRecordID>361819</EventRecordID><Correlation/><Execution ProcessID='2740' ThreadID='2488'/><Channel>Microsoft-Windows-Sysmon/Operational</Channel><Computer>win-dc-emcginnis-47905-664.attackrange.local</Computer><Security UserID='S-1-5-18'/></System><EventData><Data Name='RuleName'>-</Data><Data Name='UtcTime'>2022-03-25 17:46:37.638</Data><Data Name='SourceProcessGUID'>{9D1ED712-FD51-623D-0B00-000000003B02}</Data><Data Name='SourceProcessId'>648</Data><Data Name='SourceThreadId'>308</Data><Data Name='SourceImage'>C:\Windows\system32\lsass.exe</Data><Data Name='TargetProcessGUID'>{9D1ED712-FFFD-623D-1F02-000000003B02}</Data><Data Name='TargetProcessId'>4888</Data><Data Name='TargetImage'>C:\Windows\system32\pcalua.exe</Data><Data Name='GrantedAccess'>0x1478</Data><Data Name='CallTrace'>C:\Windows\SYSTEM32\ntdll.dll+a6144|C:\Windows\system32\lsasrv.dll+26327|C:\Windows\system32\lsasrv.dll+2746d|C:\Windows\system32\lsasrv.dll+261a5|C:\Windows\SYSTEM32\SspiSrv.dll+11a2|C:\Windows\System32\RPCRT4.dll+7a563|C:\Windows\System32\RPCRT4.dll+d5bc1|C:\Windows\System32\RPCRT4.dll+52d3c|C:\Windows\System32\RPCRT4.dll+358e4|C:\Windows\System32\RPCRT4.dll+347fd|C:\Windows\System32\RPCRT4.dll+350ab|C:\Windows\System32\RPCRT4.dll+20e9c|C:\Windows\System32\RPCRT4.dll+2131c|C:\Windows\System32\RPCRT4.dll+1049c|C:\Windows\System32\RPCRT4.dll+11cfb|C:\Windows\System32\RPCRT4.dll+1a5ca|C:\Windows\SYSTEM32\ntdll.dll+1d35e|C:\Windows\SYSTEM32\ntdll.dll+1ecc9|C:\Windows\System32\KERNEL32.DLL+84d4|C:\Windows\SYSTEM32\ntdll.dll+51791</Data></EventData></Event>
<Event xmlns='http://schemas.microsoft.com/win/2004/08/events/event'><System><Provider Name='Microsoft-Windows-Sysmon' Guid='{5770385F-C22A-43E0-BF4C-06F5698FFBD9}'/><EventID>10</EventID><Version>3</Version><Level>4</Level><Task>10</Task><Opcode>0</Opcode><Keywords>0x8000000000000000</Keywords><TimeCreated SystemTime='2022-03-25T17:46:37.647346100Z'/><EventRecordID>361818</EventRecordID><Correlation/><Execution ProcessID='2740' ThreadID='2488'/><Channel>Microsoft-Windows-Sysmon/Operational</Channel><Computer>win-dc-emcginnis-47905-664.attackrange.local</Computer><Security UserID='S-1-5-18'/></System><EventData><Data Name='RuleName'>-</Data><Data Name='UtcTime'>2022-03-25 17:46:37.638</Data><Data Name='SourceProcessGUID'>{9D1ED712-FD51-623D-0B00-000000003B02}</Data><Data Name='SourceProcessId'>648</Data><Data Name='SourceThreadId'>308</Data><Data Name='SourceImage'>C:\Windows\system32\lsass.exe</Data><Data Name='TargetProcessGUID'>{9D1ED712-FFFD-623D-1F02-000000003B02}</Data><Data Name='TargetProcessId'>4888</Data><Data Name='TargetImage'>C:\Windows\system32\pcalua.exe</Data><Data Name='GrantedAccess'>0x1000</Data><Data Name='CallTrace'>C:\Windows\SYSTEM32\ntdll.dll+a6cd4|C:\Windows\System32\RPCRT4.dll+2be8f|C:\Windows\system32\lsasrv.dll+260ed|C:\Windows\SYSTEM32\SspiSrv.dll+11a2|C:\Windows\System32\RPCRT4.dll+7a563|C:\Windows\System32\RPCRT4.dll+d5bc1|C:\Windows\System32\RPCRT4.dll+52d3c|C:\Windows\System32\RPCRT4.dll+358e4|C:\Windows\System32\RPCRT4.dll+347fd|C:\Windows\System32\RPCRT4.dll+350ab|C:\Windows\System32\RPCRT4.dll+20e9c|C:\Windows\System32\RPCRT4.dll+2131c|C:\Windows\System32\RPCRT4.dll+1049c|C:\Windows\System32\RPCRT4.dll+11cfb|C:\Windows\System32\RPCRT4.dll+1a5ca|C:\Windows\SYSTEM32\ntdll.dll+1d35e|C:\Windows\SYSTEM32\ntdll.dll+1ecc9|C:\Windows\System32\KERNEL32.DLL+84d4|C:\Windows\SYSTEM32\ntdll.dll+51791</Data></EventData></Event>
<Event xmlns='http://schemas.microsoft.com/win/2004/08/events/event'><System><Provider Name='Microsoft-Windows-Sysmon' Guid='{5770385F-C22A-43E0-BF4C-06F5698FFBD9}'/><EventID>10</EventID><Version>3</Version><Level>4</Level><Task>10</Task><Opcode>0</Opcode><Keywords>0x8000000000000000</Keywords><TimeCreated SystemTime='2022-03-25T17:46:37.636969300Z'/><EventRecordID>361813</EventRecordID><Correlation/><Execution ProcessID='2740' ThreadID='2488'/><Channel>Microsoft-Windows-Sysmon/Operational</Channel><Computer>win-dc-emcginnis-47905-664.attackrange.local</Computer><Security UserID='S-1-5-18'/></System><EventData><Data Name='RuleName'>-</Data><Data Name='UtcTime'>2022-03-25 17:46:37.623</Data><Data Name='SourceProcessGUID'>{9D1ED712-FD53-623D-0C00-000000003B02}</Data><Data Name='SourceProcessId'>852</Data><Data Name='SourceThreadId'>2936</Data><Data Name='SourceImage'>C:\Windows\system32\svchost.exe</Data><Data Name='TargetProcessGUID'>{9D1ED712-FFFD-623D-1F02-000000003B02}</Data><Data Name='TargetProcessId'>4888</Data><Data Name='TargetImage'>C:\Windows\system32\pcalua.exe</Data><Data Name='GrantedAccess'>0x1000</Data><Data Name='CallTrace'>C:\Windows\SYSTEM32\ntdll.dll+a6144|C:\Windows\System32\KERNELBASE.dll+221bd|c:\windows\system32\rpcss.dll+54c6|C:\Windows\System32\RPCRT4.dll+7a563|C:\Windows\System32\RPCRT4.dll+5460b|C:\Windows\System32\RPCRT4.dll+52cea|C:\Windows\System32\RPCRT4.dll+358e4|C:\Windows\System32\RPCRT4.dll+347fd|C:\Windows\System32\RPCRT4.dll+350ab|C:\Windows\System32\RPCRT4.dll+20e9c|C:\Windows\System32\RPCRT4.dll+2131c|C:\Windows\System32\RPCRT4.dll+1049c|C:\Windows\System32\RPCRT4.dll+11cfb|C:\Windows\System32\RPCRT4.dll+1a5ca|C:\Windows\SYSTEM32\ntdll.dll+1d35e|C:\Windows\SYSTEM32\ntdll.dll+1ecc9|C:\Windows\System32\KERNEL32.DLL+84d4|C:\Windows\SYSTEM32\ntdll.dll+51791</Data></EventData></Event>
<Event xmlns='http://schemas.microsoft.com/win/2004/08/events/event'><System><Provider Name='Microsoft-Windows-Sysmon' Guid='{5770385F-C22A-43E0-BF4C-06F5698FFBD9}'/><EventID>10</EventID><Version>3</Version><Level>4</Level><Task>10</Task><Opcode>0</Opcode><Keywords>0x8000000000000000</Keywords><TimeCreated SystemTime='2022-03-25T17:46:37.579276600Z'/><EventRecordID>361802</EventRecordID><Correlation/><Execution ProcessID='2740' ThreadID='2488'/><Channel>Microsoft-Windows-Sysmon/Operational</Channel><Computer>win-dc-emcginnis-47905-664.attackrange.local</Computer><Security UserID='S-1-5-18'/></System><EventData><Data Name='RuleName'>-</Data><Data Name='UtcTime'>2022-03-25 17:46:37.576</Data><Data Name='SourceProcessGUID'>{9D1ED712-FD51-623D-0500-000000003B02}</Data><Data Name='SourceProcessId'>420</Data><Data Name='SourceThreadId'>412</Data><Data Name='SourceImage'>C:\Windows\system32\csrss.exe</Data><Data Name='TargetProcessGUID'>{9D1ED712-FFFD-623D-1F02-000000003B02}</Data><Data Name='TargetProcessId'>4888</Data><Data Name='TargetImage'>C:\Windows\system32\pcalua.exe</Data><Data Name='GrantedAccess'>0x1fffff</Data><Data Name='CallTrace'>C:\Windows\SYSTEM32\ntdll.dll+a6144|C:\Windows\system32\basesrv.DLL+2f47|C:\Windows\SYSTEM32\CSRSRV.dll+5645|C:\Windows\SYSTEM32\ntdll.dll+5179f</Data></EventData></Event>
<Event xmlns='http://schemas.microsoft.com/win/2004/08/events/event'><System><Provider Name='Microsoft-Windows-Sysmon' Guid='{5770385F-C22A-43E0-BF4C-06F5698FFBD9}'/><EventID>10</EventID><Version>3</Version><Level>4</Level><Task>10</Task><Opcode>0</Opcode><Keywords>0x8000000000000000</Keywords><TimeCreated SystemTime='2022-03-25T17:46:37.579134400Z'/><EventRecordID>361801</EventRecordID><Correlation/><Execution ProcessID='2740' ThreadID='2488'/><Channel>Microsoft-Windows-Sysmon/Operational</Channel><Computer>win-dc-emcginnis-47905-664.attackrange.local</Computer><Security UserID='S-1-5-18'/></System><EventData><Data Name='RuleName'>-</Data><Data Name='UtcTime'>2022-03-25 17:46:37.576</Data><Data Name='SourceProcessGUID'>{9D1ED712-FFFD-623D-1B02-000000003B02}</Data><Data Name='SourceProcessId'>3492</Data><Data Name='SourceThreadId'>4552</Data><Data Name='SourceImage'>C:\Windows\SYSTEM32\cmd.exe</Data><Data Name='TargetProcessGUID'>{9D1ED712-FFFD-623D-1F02-000000003B02}</Data><Data Name='TargetProcessId'>4888</Data><Data Name='TargetImage'>C:\Windows\system32\pcalua.exe</Data><Data Name='GrantedAccess'>0x1fffff</Data><Data Name='CallTrace'>C:\Windows\SYSTEM32\ntdll.dll+a7414|C:\Windows\System32\KERNELBASE.dll+2b860|C:\Windows\System32\KERNELBASE.dll+6b246|C:\Windows\System32\KERNEL32.DLL+1c213|C:\Windows\SYSTEM32\cmd.exe+f1e1|C:\Windows\SYSTEM32\cmd.exe+11a37|C:\Windows\SYSTEM32\cmd.exe+cb0d|C:\Windows\SYSTEM32\cmd.exe+c295|C:\Windows\SYSTEM32\cmd.exe+c347|C:\Windows\SYSTEM32\cmd.exe+f916|C:\Windows\SYSTEM32\cmd.exe+1510d|C:\Windows\System32\KERNEL32.DLL+84d4|C:\Windows\SYSTEM32\ntdll.dll+51791</Data></EventData></Event>
<Event xmlns='http://schemas.microsoft.com/win/2004/08/events/event'><System><Provider Name='Microsoft-Windows-Sysmon' Guid='{5770385F-C22A-43E0-BF4C-06F5698FFBD9}'/><EventID>1</EventID><Version>5</Version><Level>4</Level><Task>1</Task><Opcode>0</Opcode><Keywords>0x8000000000000000</Keywords><TimeCreated SystemTime='2022-03-25T17:46:37.578355800Z'/><EventRecordID>361800</EventRecordID><Correlation/><Execution ProcessID='2740' ThreadID='2488'/><Channel>Microsoft-Windows-Sysmon/Operational</Channel><Computer>win-dc-emcginnis-47905-664.attackrange.local</Computer><Security UserID='S-1-5-18'/></System><EventData><Data Name='RuleName'>-</Data><Data Name='UtcTime'>2022-03-25 17:46:37.576</Data><Data Name='ProcessGuid'>{9D1ED712-FFFD-623D-1F02-000000003B02}</Data><Data Name='ProcessId'>4888</Data><Data Name='Image'>C:\Windows\System32\pcalua.exe</Data><Data Name='FileVersion'>10.0.14393.4946 (rs1_release.220131-0721)</Data><Data Name='Description'>Program Compatibility Assistant</Data><Data Name='Product'>Microsoft® Windows® Operating System</Data><Data Name='Company'>Microsoft Corporation</Data><Data Name='OriginalFileName'>-</Data><Data Name='CommandLine'>pcalua.exe  -a C:\Windows\System32\calc.exe</Data><Data Name='CurrentDirectory'>C:\Users\ADMINI~1\AppData\Local\Temp\</Data><Data Name='User'>ATTACKRANGE\Administrator</Data><Data Name='LogonGuid'>{9D1ED712-FFFB-623D-6B1B-180000000000}</Data><Data Name='LogonId'>0x181b6b</Data><Data Name='TerminalSessionId'>0</Data><Data Name='IntegrityLevel'>High</Data><Data Name='Hashes'>MD5=B5931AF4C873CCEEF02C0208B715A565,SHA256=194A95C23EF95E9BFD64F4B2706F61692B36C0E0673592BCE0EE0DD6FFEE9E79,IMPHASH=C11D16E312D93C5AF886445DE7172050</Data><Data Name='ParentProcessGuid'>{9D1ED712-FFFD-623D-1B02-000000003B02}</Data><Data Name='ParentProcessId'>3492</Data><Data Name='ParentImage'>C:\Windows\System32\cmd.exe</Data><Data Name='ParentCommandLine'>"cmd.exe" /c "pcalua.exe -a calc.exe &amp; pcalua.exe -a C:\Windows\System32\calc.exe"</Data></EventData></Event>
<Event xmlns='http://schemas.microsoft.com/win/2004/08/events/event'><System><Provider Name='Microsoft-Windows-Sysmon' Guid='{5770385F-C22A-43E0-BF4C-06F5698FFBD9}'/><EventID>10</EventID><Version>3</Version><Level>4</Level><Task>10</Task><Opcode>0</Opcode><Keywords>0x8000000000000000</Keywords><TimeCreated SystemTime='2022-03-25T17:46:37.569490400Z'/><EventRecordID>361789</EventRecordID><Correlation/><Execution ProcessID='2740' ThreadID='2488'/><Channel>Microsoft-Windows-Sysmon/Operational</Channel><Computer>win-dc-emcginnis-47905-664.attackrange.local</Computer><Security UserID='S-1-5-18'/></System><EventData><Data Name='RuleName'>-</Data><Data Name='UtcTime'>2022-03-25 17:46:37.560</Data><Data Name='SourceProcessGUID'>{9D1ED712-FFFD-623D-1D02-000000003B02}</Data><Data Name='SourceProcessId'>4852</Data><Data Name='SourceThreadId'>4660</Data><Data Name='SourceImage'>C:\Windows\system32\pcalua.exe</Data><Data Name='TargetProcessGUID'>{9D1ED712-FFFD-623D-1E02-000000003B02}</Data><Data Name='TargetProcessId'>2112</Data><Data Name='TargetImage'>C:\Windows\System32\calc.exe</Data><Data Name='GrantedAccess'>0x1fffff</Data><Data Name='CallTrace'>C:\Windows\SYSTEM32\ntdll.dll+a7414|C:\Windows\System32\KERNELBASE.dll+2b860|C:\Windows\System32\KERNELBASE.dll+6b246|C:\Windows\System32\KERNEL32.DLL+1c213|C:\Windows\System32\windows.storage.dll+a90ff|C:\Windows\System32\windows.storage.dll+a8d75|C:\Windows\System32\windows.storage.dll+a8866|C:\Windows\System32\windows.storage.dll+a9cd8|C:\Windows\System32\windows.storage.dll+a868e|C:\Windows\System32\windows.storage.dll+ab4a5|C:\Windows\System32\windows.storage.dll+ab824|C:\Windows\System32\windows.storage.dll+aae60|C:\Windows\System32\windows.storage.dll+ad68a|C:\Windows\System32\windows.storage.dll+ad442|C:\Windows\System32\SHELL32.dll+3fa6d|C:\Windows\System32\SHELL32.dll+3e606|C:\Windows\System32\SHELL32.dll+80381|C:\Windows\System32\SHELL32.dll+6731e|C:\Windows\System32\SHELL32.dll+3d5e3|C:\Windows\System32\SHELL32.dll+3d4ab|C:\Windows\System32\SHELL32.dll+3cdc7|C:\Windows\System32\SHELL32.dll+dcb8e|C:\Windows\System32\shcore.dll+33fad|C:\Windows\System32\KERNEL32.DLL+84d4</Data></EventData></Event>
<Event xmlns='http://schemas.microsoft.com/win/2004/08/events/event'><System><Provider Name='Microsoft-Windows-Sysmon' Guid='{5770385F-C22A-43E0-BF4C-06F5698FFBD9}'/><EventID>1</EventID><Version>5</Version><Level>4</Level><Task>1</Task><Opcode>0</Opcode><Keywords>0x8000000000000000</Keywords><TimeCreated SystemTime='2022-03-25T17:46:37.569229500Z'/><EventRecordID>361788</EventRecordID><Correlation/><Execution ProcessID='2740' ThreadID='2488'/><Channel>Microsoft-Windows-Sysmon/Operational</Channel><Computer>win-dc-emcginnis-47905-664.attackrange.local</Computer><Security UserID='S-1-5-18'/></System><EventData><Data Name='RuleName'>-</Data><Data Name='UtcTime'>2022-03-25 17:46:37.567</Data><Data Name='ProcessGuid'>{9D1ED712-FFFD-623D-1E02-000000003B02}</Data><Data Name='ProcessId'>2112</Data><Data Name='Image'>C:\Windows\System32\calc.exe</Data><Data Name='FileVersion'>10.0.14393.4169 (rs1_release.210107-1130)</Data><Data Name='Description'>Windows Calculator</Data><Data Name='Product'>Microsoft® Windows® Operating System</Data><Data Name='Company'>Microsoft Corporation</Data><Data Name='OriginalFileName'>CALC.EXE</Data><Data Name='CommandLine'>"C:\Windows\System32\calc.exe" </Data><Data Name='CurrentDirectory'>C:\Users\ADMINI~1\AppData\Local\Temp\</Data><Data Name='User'>ATTACKRANGE\Administrator</Data><Data Name='LogonGuid'>{9D1ED712-FFFB-623D-6B1B-180000000000}</Data><Data Name='LogonId'>0x181b6b</Data><Data Name='TerminalSessionId'>0</Data><Data Name='IntegrityLevel'>High</Data><Data Name='Hashes'>MD5=2A5CC198FEFC04C2B6B95207A91D3668,SHA256=04FA16D1FBB5F047E7BF9756E8DDC1365AFEAAB22DD4A2C3F03E067B75BED8EA,IMPHASH=3843C3D4A5A7D1045ABE9A4BFCFAAB28</Data><Data Name='ParentProcessGuid'>{9D1ED712-FFFD-623D-1D02-000000003B02}</Data><Data Name='ParentProcessId'>4852</Data><Data Name='ParentImage'>C:\Windows\System32\pcalua.exe</Data><Data Name='ParentCommandLine'>pcalua.exe  -a calc.exe </Data></EventData></Event>
<Event xmlns='http://schemas.microsoft.com/win/2004/08/events/event'><System><Provider Name='Microsoft-Windows-Sysmon' Guid='{5770385F-C22A-43E0-BF4C-06F5698FFBD9}'/><EventID>10</EventID><Version>3</Version><Level>4</Level><Task>10</Task><Opcode>0</Opcode><Keywords>0x8000000000000000</Keywords><TimeCreated SystemTime='2022-03-25T17:46:37.564286800Z'/><EventRecordID>361787</EventRecordID><Correlation/><Execution ProcessID='2740' ThreadID='2488'/><Channel>Microsoft-Windows-Sysmon/Operational</Channel><Computer>win-dc-emcginnis-47905-664.attackrange.local</Computer><Security UserID='S-1-5-18'/></System><EventData><Data Name='RuleName'>-</Data><Data Name='UtcTime'>2022-03-25 17:46:37.560</Data><Data Name='SourceProcessGUID'>{9D1ED712-FD51-623D-0B00-000000003B02}</Data><Data Name='SourceProcessId'>648</Data><Data Name='SourceThreadId'>308</Data><Data Name='SourceImage'>C:\Windows\system32\lsass.exe</Data><Data Name='TargetProcessGUID'>{9D1ED712-FFFD-623D-1D02-000000003B02}</Data><Data Name='TargetProcessId'>4852</Data><Data Name='TargetImage'>C:\Windows\system32\pcalua.exe</Data><Data Name='GrantedAccess'>0x1478</Data><Data Name='CallTrace'>C:\Windows\SYSTEM32\ntdll.dll+a6144|C:\Windows\system32\lsasrv.dll+26327|C:\Windows\system32\lsasrv.dll+2746d|C:\Windows\system32\lsasrv.dll+261a5|C:\Windows\SYSTEM32\SspiSrv.dll+11a2|C:\Windows\System32\RPCRT4.dll+7a563|C:\Windows\System32\RPCRT4.dll+d5bc1|C:\Windows\System32\RPCRT4.dll+52d3c|C:\Windows\System32\RPCRT4.dll+358e4|C:\Windows\System32\RPCRT4.dll+347fd|C:\Windows\System32\RPCRT4.dll+350ab|C:\Windows\System32\RPCRT4.dll+20e9c|C:\Windows\System32\RPCRT4.dll+2131c|C:\Windows\System32\RPCRT4.dll+1049c|C:\Windows\System32\RPCRT4.dll+11cfb|C:\Windows\System32\RPCRT4.dll+1a5ca|C:\Windows\SYSTEM32\ntdll.dll+1d35e|C:\Windows\SYSTEM32\ntdll.dll+1ecc9|C:\Windows\System32\KERNEL32.DLL+84d4|C:\Windows\SYSTEM32\ntdll.dll+51791</Data></EventData></Event>
<Event xmlns='http://schemas.microsoft.com/win/2004/08/events/event'><System><Provider Name='Microsoft-Windows-Sysmon' Guid='{5770385F-C22A-43E0-BF4C-06F5698FFBD9}'/><EventID>10</EventID><Version>3</Version><Level>4</Level><Task>10</Task><Opcode>0</Opcode><Keywords>0x8000000000000000</Keywords><TimeCreated SystemTime='2022-03-25T17:46:37.564210700Z'/><EventRecordID>361786</EventRecordID><Correlation/><Execution ProcessID='2740' ThreadID='2488'/><Channel>Microsoft-Windows-Sysmon/Operational</Channel><Computer>win-dc-emcginnis-47905-664.attackrange.local</Computer><Security UserID='S-1-5-18'/></System><EventData><Data Name='RuleName'>-</Data><Data Name='UtcTime'>2022-03-25 17:46:37.560</Data><Data Name='SourceProcessGUID'>{9D1ED712-FD51-623D-0B00-000000003B02}</Data><Data Name='SourceProcessId'>648</Data><Data Name='SourceThreadId'>308</Data><Data Name='SourceImage'>C:\Windows\system32\lsass.exe</Data><Data Name='TargetProcessGUID'>{9D1ED712-FFFD-623D-1D02-000000003B02}</Data><Data Name='TargetProcessId'>4852</Data><Data Name='TargetImage'>C:\Windows\system32\pcalua.exe</Data><Data Name='GrantedAccess'>0x1000</Data><Data Name='CallTrace'>C:\Windows\SYSTEM32\ntdll.dll+a6cd4|C:\Windows\System32\RPCRT4.dll+2be8f|C:\Windows\system32\lsasrv.dll+260ed|C:\Windows\SYSTEM32\SspiSrv.dll+11a2|C:\Windows\System32\RPCRT4.dll+7a563|C:\Windows\System32\RPCRT4.dll+d5bc1|C:\Windows\System32\RPCRT4.dll+52d3c|C:\Windows\System32\RPCRT4.dll+358e4|C:\Windows\System32\RPCRT4.dll+347fd|C:\Windows\System32\RPCRT4.dll+350ab|C:\Windows\System32\RPCRT4.dll+20e9c|C:\Windows\System32\RPCRT4.dll+2131c|C:\Windows\System32\RPCRT4.dll+1049c|C:\Windows\System32\RPCRT4.dll+11cfb|C:\Windows\System32\RPCRT4.dll+1a5ca|C:\Windows\SYSTEM32\ntdll.dll+1d35e|C:\Windows\SYSTEM32\ntdll.dll+1ecc9|C:\Windows\System32\KERNEL32.DLL+84d4|C:\Windows\SYSTEM32\ntdll.dll+51791</Data></EventData></Event>
<Event xmlns='http://schemas.microsoft.com/win/2004/08/events/event'><System><Provider Name='Microsoft-Windows-Sysmon' Guid='{5770385F-C22A-43E0-BF4C-06F5698FFBD9}'/><EventID>10</EventID><Version>3</Version><Level>4</Level><Task>10</Task><Opcode>0</Opcode><Keywords>0x8000000000000000</Keywords><TimeCreated SystemTime='2022-03-25T17:46:37.512380900Z'/><EventRecordID>361785</EventRecordID><Correlation/><Execution ProcessID='2740' ThreadID='2488'/><Channel>Microsoft-Windows-Sysmon/Operational</Channel><Computer>win-dc-emcginnis-47905-664.attackrange.local</Computer><Security UserID='S-1-5-18'/></System><EventData><Data Name='RuleName'>-</Data><Data Name='UtcTime'>2022-03-25 17:46:37.498</Data><Data Name='SourceProcessGUID'>{9D1ED712-FD53-623D-0C00-000000003B02}</Data><Data Name='SourceProcessId'>852</Data><Data Name='SourceThreadId'>2936</Data><Data Name='SourceImage'>C:\Windows\system32\svchost.exe</Data><Data Name='TargetProcessGUID'>{9D1ED712-FFFD-623D-1D02-000000003B02}</Data><Data Name='TargetProcessId'>4852</Data><Data Name='TargetImage'>C:\Windows\system32\pcalua.exe</Data><Data Name='GrantedAccess'>0x1000</Data><Data Name='CallTrace'>C:\Windows\SYSTEM32\ntdll.dll+a6144|C:\Windows\System32\KERNELBASE.dll+221bd|c:\windows\system32\rpcss.dll+54c6|C:\Windows\System32\RPCRT4.dll+7a563|C:\Windows\System32\RPCRT4.dll+5460b|C:\Windows\System32\RPCRT4.dll+52cea|C:\Windows\System32\RPCRT4.dll+358e4|C:\Windows\System32\RPCRT4.dll+347fd|C:\Windows\System32\RPCRT4.dll+350ab|C:\Windows\System32\RPCRT4.dll+20e9c|C:\Windows\System32\RPCRT4.dll+2131c|C:\Windows\System32\RPCRT4.dll+1049c|C:\Windows\System32\RPCRT4.dll+11cfb|C:\Windows\System32\RPCRT4.dll+1a5ca|C:\Windows\SYSTEM32\ntdll.dll+1d35e|C:\Windows\SYSTEM32\ntdll.dll+1ecc9|C:\Windows\System32\KERNEL32.DLL+84d4|C:\Windows\SYSTEM32\ntdll.dll+51791</Data></EventData></Event>
<Event xmlns='http://schemas.microsoft.com/win/2004/08/events/event'><System><Provider Name='Microsoft-Windows-Sysmon' Guid='{5770385F-C22A-43E0-BF4C-06F5698FFBD9}'/><EventID>10</EventID><Version>3</Version><Level>4</Level><Task>10</Task><Opcode>0</Opcode><Keywords>0x8000000000000000</Keywords><TimeCreated SystemTime='2022-03-25T17:46:37.482645100Z'/><EventRecordID>361776</EventRecordID><Correlation/><Execution ProcessID='2740' ThreadID='2488'/><Channel>Microsoft-Windows-Sysmon/Operational</Channel><Computer>win-dc-emcginnis-47905-664.attackrange.local</Computer><Security UserID='S-1-5-18'/></System><EventData><Data Name='RuleName'>-</Data><Data Name='UtcTime'>2022-03-25 17:46:37.466</Data><Data Name='SourceProcessGUID'>{9D1ED712-FD51-623D-0500-000000003B02}</Data><Data Name='SourceProcessId'>420</Data><Data Name='SourceThreadId'>436</Data><Data Name='SourceImage'>C:\Windows\system32\csrss.exe</Data><Data Name='TargetProcessGUID'>{9D1ED712-FFFD-623D-1D02-000000003B02}</Data><Data Name='TargetProcessId'>4852</Data><Data Name='TargetImage'>C:\Windows\system32\pcalua.exe</Data><Data Name='GrantedAccess'>0x1fffff</Data><Data Name='CallTrace'>C:\Windows\SYSTEM32\ntdll.dll+a6144|C:\Windows\system32\basesrv.DLL+2f47|C:\Windows\SYSTEM32\CSRSRV.dll+5645|C:\Windows\SYSTEM32\ntdll.dll+5179f</Data></EventData></Event>
<Event xmlns='http://schemas.microsoft.com/win/2004/08/events/event'><System><Provider Name='Microsoft-Windows-Sysmon' Guid='{5770385F-C22A-43E0-BF4C-06F5698FFBD9}'/><EventID>10</EventID><Version>3</Version><Level>4</Level><Task>10</Task><Opcode>0</Opcode><Keywords>0x8000000000000000</Keywords><TimeCreated SystemTime='2022-03-25T17:46:37.482226500Z'/><EventRecordID>361774</EventRecordID><Correlation/><Execution ProcessID='2740' ThreadID='2488'/><Channel>Microsoft-Windows-Sysmon/Operational</Channel><Computer>win-dc-emcginnis-47905-664.attackrange.local</Computer><Security UserID='S-1-5-18'/></System><EventData><Data Name='RuleName'>-</Data><Data Name='UtcTime'>2022-03-25 17:46:37.466</Data><Data Name='SourceProcessGUID'>{9D1ED712-FFFD-623D-1B02-000000003B02}</Data><Data Name='SourceProcessId'>3492</Data><Data Name='SourceThreadId'>4552</Data><Data Name='SourceImage'>C:\Windows\SYSTEM32\cmd.exe</Data><Data Name='TargetProcessGUID'>{9D1ED712-FFFD-623D-1D02-000000003B02}</Data><Data Name='TargetProcessId'>4852</Data><Data Name='TargetImage'>C:\Windows\system32\pcalua.exe</Data><Data Name='GrantedAccess'>0x1fffff</Data><Data Name='CallTrace'>C:\Windows\SYSTEM32\ntdll.dll+a7414|C:\Windows\System32\KERNELBASE.dll+2b860|C:\Windows\System32\KERNELBASE.dll+6b246|C:\Windows\System32\KERNEL32.DLL+1c213|C:\Windows\SYSTEM32\cmd.exe+f1e1|C:\Windows\SYSTEM32\cmd.exe+11a37|C:\Windows\SYSTEM32\cmd.exe+cb0d|C:\Windows\SYSTEM32\cmd.exe+c295|C:\Windows\SYSTEM32\cmd.exe+8564|C:\Windows\SYSTEM32\cmd.exe+c347|C:\Windows\SYSTEM32\cmd.exe+f916|C:\Windows\SYSTEM32\cmd.exe+1510d|C:\Windows\System32\KERNEL32.DLL+84d4|C:\Windows\SYSTEM32\ntdll.dll+51791</Data></EventData></Event>
<Event xmlns='http://schemas.microsoft.com/win/2004/08/events/event'><System><Provider Name='Microsoft-Windows-Sysmon' Guid='{5770385F-C22A-43E0-BF4C-06F5698FFBD9}'/><EventID>1</EventID><Version>5</Version><Level>4</Level><Task>1</Task><Opcode>0</Opcode><Keywords>0x8000000000000000</Keywords><TimeCreated SystemTime='2022-03-25T17:46:37.482045900Z'/><EventRecordID>361773</EventRecordID><Correlation/><Execution ProcessID='2740' ThreadID='2488'/><Channel>Microsoft-Windows-Sysmon/Operational</Channel><Computer>win-dc-emcginnis-47905-664.attackrange.local</Computer><Security UserID='S-1-5-18'/></System><EventData><Data Name='RuleName'>-</Data><Data Name='UtcTime'>2022-03-25 17:46:37.480</Data><Data Name='ProcessGuid'>{9D1ED712-FFFD-623D-1D02-000000003B02}</Data><Data Name='ProcessId'>4852</Data><Data Name='Image'>C:\Windows\System32\pcalua.exe</Data><Data Name='FileVersion'>10.0.14393.4946 (rs1_release.220131-0721)</Data><Data Name='Description'>Program Compatibility Assistant</Data><Data Name='Product'>Microsoft® Windows® Operating System</Data><Data Name='Company'>Microsoft Corporation</Data><Data Name='OriginalFileName'>-</Data><Data Name='CommandLine'>pcalua.exe  -a calc.exe </Data><Data Name='CurrentDirectory'>C:\Users\ADMINI~1\AppData\Local\Temp\</Data><Data Name='User'>ATTACKRANGE\Administrator</Data><Data Name='LogonGuid'>{9D1ED712-FFFB-623D-6B1B-180000000000}</Data><Data Name='LogonId'>0x181b6b</Data><Data Name='TerminalSessionId'>0</Data><Data Name='IntegrityLevel'>High</Data><Data Name='Hashes'>MD5=B5931AF4C873CCEEF02C0208B715A565,SHA256=194A95C23EF95E9BFD64F4B2706F61692B36C0E0673592BCE0EE0DD6FFEE9E79,IMPHASH=C11D16E312D93C5AF886445DE7172050</Data><Data Name='ParentProcessGuid'>{9D1ED712-FFFD-623D-1B02-000000003B02}</Data><Data Name='ParentProcessId'>3492</Data><Data Name='ParentImage'>C:\Windows\System32\cmd.exe</Data><Data Name='ParentCommandLine'>"cmd.exe" /c "pcalua.exe -a calc.exe &amp; pcalua.exe -a C:\Windows\System32\calc.exe"</Data></EventData></Event>
<Event xmlns='http://schemas.microsoft.com/win/2004/08/events/event'><System><Provider Name='Microsoft-Windows-Sysmon' Guid='{5770385F-C22A-43E0-BF4C-06F5698FFBD9}'/><EventID>1</EventID><Version>5</Version><Level>4</Level><Task>1</Task><Opcode>0</Opcode><Keywords>0x8000000000000000</Keywords><TimeCreated SystemTime='2022-03-25T17:46:37.461201600Z'/><EventRecordID>361759</EventRecordID><Correlation/><Execution ProcessID='2740' ThreadID='2488'/><Channel>Microsoft-Windows-Sysmon/Operational</Channel><Computer>win-dc-emcginnis-47905-664.attackrange.local</Computer><Security UserID='S-1-5-18'/></System><EventData><Data Name='RuleName'>-</Data><Data Name='UtcTime'>2022-03-25 17:46:37.459</Data><Data Name='ProcessGuid'>{9D1ED712-FFFD-623D-1B02-000000003B02}</Data><Data Name='ProcessId'>3492</Data><Data Name='Image'>C:\Windows\System32\cmd.exe</Data><Data Name='FileVersion'>10.0.14393.0 (rs1_release.160715-1616)</Data><Data Name='Description'>Windows Command Processor</Data><Data Name='Product'>Microsoft® Windows® Operating System</Data><Data Name='Company'>Microsoft Corporation</Data><Data Name='OriginalFileName'>Cmd.Exe</Data><Data Name='CommandLine'>"cmd.exe" /c "pcalua.exe -a calc.exe &amp; pcalua.exe -a C:\Windows\System32\calc.exe"</Data><Data Name='CurrentDirectory'>C:\Users\ADMINI~1\AppData\Local\Temp\</Data><Data Name='User'>ATTACKRANGE\Administrator</Data><Data Name='LogonGuid'>{9D1ED712-FFFB-623D-6B1B-180000000000}</Data><Data Name='LogonId'>0x181b6b</Data><Data Name='TerminalSessionId'>0</Data><Data Name='IntegrityLevel'>High</Data><Data Name='Hashes'>MD5=F4F684066175B77E0C3A000549D2922C,SHA256=935C1861DF1F4018D698E8B65ABFA02D7E9037D8F68CA3C2065B6CA165D44AD2,IMPHASH=3062ED732D4B25D1C64F084DAC97D37A</Data><Data Name='ParentProcessGuid'>{9D1ED712-FFFC-623D-1602-000000003B02}</Data><Data Name='ParentProcessId'>4612</Data><Data Name='ParentImage'>C:\Windows\System32\WindowsPowerShell\v1.0\powershell.exe</Data><Data Name='ParentCommandLine'>"powershell.exe" -noninteractive -encodedcommand WwBDAG8AbgBzAG8AbABlAF0AOgA6AEkAbgBwAHUAdABFAG4AYwBvAGQAaQBuAGcAIAA9ACAATgBlAHcALQBPAGIAagBlAGMAdAAgAFQAZQB4AHQALgBVAFQARgA4AEUAbgBjAG8AZABpAG4AZwAgACQAZgBhAGwAcwBlADsAIABJAG0AcABvAHIAdAAtAE0AbwBkAHUAbABlACAAIgBDADoAXABBAHQAbwBtAGkAYwBSAGUAZABUAGUAYQBtAFwAaQBuAHYAbwBrAGUALQBhAHQAbwBtAGkAYwByAGUAZAB0AGUAYQBtAFwASQBuAHYAbwBrAGUALQBBAHQAbwBtAGkAYwBSAGUAZABUAGUAYQBtAC4AcABzAGQAMQAiACAALQBGAG8AcgBjAGUACgBJAG4AdgBvAGsAZQAtAEEAdABvAG0AaQBjAFQAZQBzAHQAIAAiAFQAMQAyADAAMgAiACAALQBDAG8AbgBmAGkAcgBtADoAJABmAGEAbABzAGUAIAAtAFQAaQBtAGUAbwB1AHQAUwBlAGMAbwBuAGQAcwAgADMAMAAwACAALQBFAHgAZQBjAHUAdABpAG8AbgBMAG8AZwBQAGEAdABoACAAQwA6AFwAQQB0AG8AbQBpAGMAUgBlAGQAVABlAGEAbQBcAGEAdABjAF8AZQB4AGUAYwB1AHQAaQBvAG4ALgBjAHMAdgA=</Data></EventData></Event>
<Event xmlns='http://schemas.microsoft.com/win/2004/08/events/event'><System><Provider Name='Microsoft-Windows-Sysmon' Guid='{5770385F-C22A-43E0-BF4C-06F5698FFBD9}'/><EventID>10</EventID><Version>3</Version><Level>4</Level><Task>10</Task><Opcode>0</Opcode><Keywords>0x8000000000000000</Keywords><TimeCreated SystemTime='2022-03-25T17:46:37.802204600Z'/><EventRecordID>361884</EventRecordID><Correlation/><Execution ProcessID='2740' ThreadID='2488'/><Channel>Microsoft-Windows-Sysmon/Operational</Channel><Computer>win-dc-emcginnis-47905-664.attackrange.local</Computer><Security UserID='S-1-5-18'/></System><EventData><Data Name='RuleName'>-</Data><Data Name='UtcTime'>2022-03-25 17:46:37.794</Data><Data Name='SourceProcessGUID'>{9D1ED712-FFFD-623D-2302-000000003B02}</Data><Data Name='SourceProcessId'>4996</Data><Data Name='SourceThreadId'>4604</Data><Data Name='SourceImage'>C:\Windows\system32\forfiles.exe</Data><Data Name='TargetProcessGUID'>{9D1ED712-FFFD-623D-2502-000000003B02}</Data><Data Name='TargetProcessId'>1512</Data><Data Name='TargetImage'>C:\Windows\system32\calc.exe</Data><Data Name='GrantedAccess'>0x1fffff</Data><Data Name='CallTrace'>C:\Windows\SYSTEM32\ntdll.dll+a7414|C:\Windows\System32\KERNELBASE.dll+2b860|C:\Windows\System32\KERNELBASE.dll+6b246|C:\Windows\System32\KERNEL32.DLL+1c213|C:\Windows\system32\forfiles.exe+140b|C:\Windows\system32\forfiles.exe+3e79|C:\Windows\system32\forfiles.exe+391f|C:\Windows\system32\forfiles.exe+2d7f|C:\Windows\system32\forfiles.exe+961d|C:\Windows\System32\KERNEL32.DLL+84d4|C:\Windows\SYSTEM32\ntdll.dll+51791</Data></EventData></Event>
<Event xmlns='http://schemas.microsoft.com/win/2004/08/events/event'><System><Provider Name='Microsoft-Windows-Sysmon' Guid='{5770385F-C22A-43E0-BF4C-06F5698FFBD9}'/><EventID>1</EventID><Version>5</Version><Level>4</Level><Task>1</Task><Opcode>0</Opcode><Keywords>0x8000000000000000</Keywords><TimeCreated SystemTime='2022-03-25T17:46:37.802035000Z'/><EventRecordID>361883</EventRecordID><Correlation/><Execution ProcessID='2740' ThreadID='2488'/><Channel>Microsoft-Windows-Sysmon/Operational</Channel><Computer>win-dc-emcginnis-47905-664.attackrange.local</Computer><Security UserID='S-1-5-18'/></System><EventData><Data Name='RuleName'>-</Data><Data Name='UtcTime'>2022-03-25 17:46:37.800</Data><Data Name='ProcessGuid'>{9D1ED712-FFFD-623D-2502-000000003B02}</Data><Data Name='ProcessId'>1512</Data><Data Name='Image'>C:\Windows\System32\calc.exe</Data><Data Name='FileVersion'>10.0.14393.4169 (rs1_release.210107-1130)</Data><Data Name='Description'>Windows Calculator</Data><Data Name='Product'>Microsoft® Windows® Operating System</Data><Data Name='Company'>Microsoft Corporation</Data><Data Name='OriginalFileName'>CALC.EXE</Data><Data Name='CommandLine'>"C:\Windows\system32\calc.exe"</Data><Data Name='CurrentDirectory'>c:\windows\system32\</Data><Data Name='User'>ATTACKRANGE\Administrator</Data><Data Name='LogonGuid'>{9D1ED712-FFFB-623D-6B1B-180000000000}</Data><Data Name='LogonId'>0x181b6b</Data><Data Name='TerminalSessionId'>0</Data><Data Name='IntegrityLevel'>High</Data><Data Name='Hashes'>MD5=2A5CC198FEFC04C2B6B95207A91D3668,SHA256=04FA16D1FBB5F047E7BF9756E8DDC1365AFEAAB22DD4A2C3F03E067B75BED8EA,IMPHASH=3843C3D4A5A7D1045ABE9A4BFCFAAB28</Data><Data Name='ParentProcessGuid'>{9D1ED712-FFFD-623D-2302-000000003B02}</Data><Data Name='ParentProcessId'>4996</Data><Data Name='ParentImage'>C:\Windows\System32\forfiles.exe</Data><Data Name='ParentCommandLine'>forfiles  /p c:\windows\system32 /m notepad.exe /c calc.exe</Data></EventData></Event>
<Event xmlns='http://schemas.microsoft.com/win/2004/08/events/event'><System><Provider Name='Microsoft-Windows-Sysmon' Guid='{5770385F-C22A-43E0-BF4C-06F5698FFBD9}'/><EventID>10</EventID><Version>3</Version><Level>4</Level><Task>10</Task><Opcode>0</Opcode><Keywords>0x8000000000000000</Keywords><TimeCreated SystemTime='2022-03-25T17:46:37.792410100Z'/><EventRecordID>361879</EventRecordID><Correlation/><Execution ProcessID='2740' ThreadID='2488'/><Channel>Microsoft-Windows-Sysmon/Operational</Channel><Computer>win-dc-emcginnis-47905-664.attackrange.local</Computer><Security UserID='S-1-5-18'/></System><EventData><Data Name='RuleName'>-</Data><Data Name='UtcTime'>2022-03-25 17:46:37.779</Data><Data Name='SourceProcessGUID'>{9D1ED712-FFFD-623D-2202-000000003B02}</Data><Data Name='SourceProcessId'>4796</Data><Data Name='SourceThreadId'>1044</Data><Data Name='SourceImage'>C:\Windows\system32\conhost.exe</Data><Data Name='TargetProcessGUID'>{9D1ED712-FFFD-623D-2302-000000003B02}</Data><Data Name='TargetProcessId'>4996</Data><Data Name='TargetImage'>C:\Windows\system32\forfiles.exe</Data><Data Name='GrantedAccess'>0x1fffff</Data><Data Name='CallTrace'>C:\Windows\SYSTEM32\ntdll.dll+a6144|C:\Windows\SYSTEM32\ConhostV2.dll+5ca7|C:\Windows\SYSTEM32\ConhostV2.dll+774b|C:\Windows\SYSTEM32\ConhostV2.dll+a8ef|C:\Windows\System32\KERNEL32.DLL+84d4|C:\Windows\SYSTEM32\ntdll.dll+51791</Data></EventData></Event>
<Event xmlns='http://schemas.microsoft.com/win/2004/08/events/event'><System><Provider Name='Microsoft-Windows-Sysmon' Guid='{5770385F-C22A-43E0-BF4C-06F5698FFBD9}'/><EventID>10</EventID><Version>3</Version><Level>4</Level><Task>10</Task><Opcode>0</Opcode><Keywords>0x8000000000000000</Keywords><TimeCreated SystemTime='2022-03-25T17:46:37.790384700Z'/><EventRecordID>361869</EventRecordID><Correlation/><Execution ProcessID='2740' ThreadID='2488'/><Channel>Microsoft-Windows-Sysmon/Operational</Channel><Computer>win-dc-emcginnis-47905-664.attackrange.local</Computer><Security UserID='S-1-5-18'/></System><EventData><Data Name='RuleName'>-</Data><Data Name='UtcTime'>2022-03-25 17:46:37.779</Data><Data Name='SourceProcessGUID'>{9D1ED712-FD51-623D-0500-000000003B02}</Data><Data Name='SourceProcessId'>420</Data><Data Name='SourceThreadId'>412</Data><Data Name='SourceImage'>C:\Windows\system32\csrss.exe</Data><Data Name='TargetProcessGUID'>{9D1ED712-FFFD-623D-2302-000000003B02}</Data><Data Name='TargetProcessId'>4996</Data><Data Name='TargetImage'>C:\Windows\system32\forfiles.exe</Data><Data Name='GrantedAccess'>0x1fffff</Data><Data Name='CallTrace'>C:\Windows\SYSTEM32\ntdll.dll+a6144|C:\Windows\system32\basesrv.DLL+2f47|C:\Windows\SYSTEM32\CSRSRV.dll+5645|C:\Windows\SYSTEM32\ntdll.dll+5179f</Data></EventData></Event>
<Event xmlns='http://schemas.microsoft.com/win/2004/08/events/event'><System><Provider Name='Microsoft-Windows-Sysmon' Guid='{5770385F-C22A-43E0-BF4C-06F5698FFBD9}'/><EventID>10</EventID><Version>3</Version><Level>4</Level><Task>10</Task><Opcode>0</Opcode><Keywords>0x8000000000000000</Keywords><TimeCreated SystemTime='2022-03-25T17:46:37.790203600Z'/><EventRecordID>361868</EventRecordID><Correlation/><Execution ProcessID='2740' ThreadID='2488'/><Channel>Microsoft-Windows-Sysmon/Operational</Channel><Computer>win-dc-emcginnis-47905-664.attackrange.local</Computer><Security UserID='S-1-5-18'/></System><EventData><Data Name='RuleName'>-</Data><Data Name='UtcTime'>2022-03-25 17:46:37.779</Data><Data Name='SourceProcessGUID'>{9D1ED712-FFFD-623D-2102-000000003B02}</Data><Data Name='SourceProcessId'>4568</Data><Data Name='SourceThreadId'>3692</Data><Data Name='SourceImage'>C:\Windows\SYSTEM32\cmd.exe</Data><Data Name='TargetProcessGUID'>{9D1ED712-FFFD-623D-2302-000000003B02}</Data><Data Name='TargetProcessId'>4996</Data><Data Name='TargetImage'>C:\Windows\system32\forfiles.exe</Data><Data Name='GrantedAccess'>0x1fffff</Data><Data Name='CallTrace'>C:\Windows\SYSTEM32\ntdll.dll+a7414|C:\Windows\System32\KERNELBASE.dll+2b860|C:\Windows\System32\KERNELBASE.dll+6b246|C:\Windows\System32\KERNEL32.DLL+1c213|C:\Windows\SYSTEM32\cmd.exe+f1e1|C:\Windows\SYSTEM32\cmd.exe+11a37|C:\Windows\SYSTEM32\cmd.exe+cb0d|C:\Windows\SYSTEM32\cmd.exe+c295|C:\Windows\SYSTEM32\cmd.exe+f916|C:\Windows\SYSTEM32\cmd.exe+1510d|C:\Windows\System32\KERNEL32.DLL+84d4|C:\Windows\SYSTEM32\ntdll.dll+51791</Data></EventData></Event>
<Event xmlns='http://schemas.microsoft.com/win/2004/08/events/event'><System><Provider Name='Microsoft-Windows-Sysmon' Guid='{5770385F-C22A-43E0-BF4C-06F5698FFBD9}'/><EventID>1</EventID><Version>5</Version><Level>4</Level><Task>1</Task><Opcode>0</Opcode><Keywords>0x8000000000000000</Keywords><TimeCreated SystemTime='2022-03-25T17:46:37.790040200Z'/><EventRecordID>361867</EventRecordID><Correlation/><Execution ProcessID='2740' ThreadID='2488'/><Channel>Microsoft-Windows-Sysmon/Operational</Channel><Computer>win-dc-emcginnis-47905-664.attackrange.local</Computer><Security UserID='S-1-5-18'/></System><EventData><Data Name='RuleName'>-</Data><Data Name='UtcTime'>2022-03-25 17:46:37.787</Data><Data Name='ProcessGuid'>{9D1ED712-FFFD-623D-2302-000000003B02}</Data><Data Name='ProcessId'>4996</Data><Data Name='Image'>C:\Windows\System32\forfiles.exe</Data><Data Name='FileVersion'>10.0.14393.0 (rs1_release.160715-1616)</Data><Data Name='Description'>ForFiles - Executes a command on selected files</Data><Data Name='Product'>Microsoft® Windows® Operating System</Data><Data Name='Company'>Microsoft Corporation</Data><Data Name='OriginalFileName'>forfiles.exe</Data><Data Name='CommandLine'>forfiles  /p c:\windows\system32 /m notepad.exe /c calc.exe</Data><Data Name='CurrentDirectory'>C:\Users\ADMINI~1\AppData\Local\Temp\</Data><Data Name='User'>ATTACKRANGE\Administrator</Data><Data Name='LogonGuid'>{9D1ED712-FFFB-623D-6B1B-180000000000}</Data><Data Name='LogonId'>0x181b6b</Data><Data Name='TerminalSessionId'>0</Data><Data Name='IntegrityLevel'>High</Data><Data Name='Hashes'>MD5=C1597D16DF61070172BFC283C4F3EC82,SHA256=5B2BA93B56D9DA593CBD896FD153414BF6C2C301F5FB034974D1504FA087B955,IMPHASH=2ACDFC919F5F1B5FC41BB9056CE67C7D</Data><Data Name='ParentProcessGuid'>{9D1ED712-FFFD-623D-2102-000000003B02}</Data><Data Name='ParentProcessId'>4568</Data><Data Name='ParentImage'>C:\Windows\System32\cmd.exe</Data><Data Name='ParentCommandLine'>"cmd.exe" /c "forfiles /p c:\windows\system32 /m notepad.exe /c calc.exe"</Data></EventData></Event>
<Event xmlns='http://schemas.microsoft.com/win/2004/08/events/event'><System><Provider Name='Microsoft-Windows-Sysmon' Guid='{5770385F-C22A-43E0-BF4C-06F5698FFBD9}'/><EventID>1</EventID><Version>5</Version><Level>4</Level><Task>1</Task><Opcode>0</Opcode><Keywords>0x8000000000000000</Keywords><TimeCreated SystemTime='2022-03-25T17:46:37.755110200Z'/><EventRecordID>361851</EventRecordID><Correlation/><Execution ProcessID='2740' ThreadID='2488'/><Channel>Microsoft-Windows-Sysmon/Operational</Channel><Computer>win-dc-emcginnis-47905-664.attackrange.local</Computer><Security UserID='S-1-5-18'/></System><EventData><Data Name='RuleName'>-</Data><Data Name='UtcTime'>2022-03-25 17:46:37.753</Data><Data Name='ProcessGuid'>{9D1ED712-FFFD-623D-2102-000000003B02}</Data><Data Name='ProcessId'>4568</Data><Data Name='Image'>C:\Windows\System32\cmd.exe</Data><Data Name='FileVersion'>10.0.14393.0 (rs1_release.160715-1616)</Data><Data Name='Description'>Windows Command Processor</Data><Data Name='Product'>Microsoft® Windows® Operating System</Data><Data Name='Company'>Microsoft Corporation</Data><Data Name='OriginalFileName'>Cmd.Exe</Data><Data Name='CommandLine'>"cmd.exe" /c "forfiles /p c:\windows\system32 /m notepad.exe /c calc.exe"</Data><Data Name='CurrentDirectory'>C:\Users\ADMINI~1\AppData\Local\Temp\</Data><Data Name='User'>ATTACKRANGE\Administrator</Data><Data Name='LogonGuid'>{9D1ED712-FFFB-623D-6B1B-180000000000}</Data><Data Name='LogonId'>0x181b6b</Data><Data Name='TerminalSessionId'>0</Data><Data Name='IntegrityLevel'>High</Data><Data Name='Hashes'>MD5=F4F684066175B77E0C3A000549D2922C,SHA256=935C1861DF1F4018D698E8B65ABFA02D7E9037D8F68CA3C2065B6CA165D44AD2,IMPHASH=3062ED732D4B25D1C64F084DAC97D37A</Data><Data Name='ParentProcessGuid'>{9D1ED712-FFFC-623D-1602-000000003B02}</Data><Data Name='ParentProcessId'>4612</Data><Data Name='ParentImage'>C:\Windows\System32\WindowsPowerShell\v1.0\powershell.exe</Data><Data Name='ParentCommandLine'>"powershell.exe" -noninteractive -encodedcommand WwBDAG8AbgBzAG8AbABlAF0AOgA6AEkAbgBwAHUAdABFAG4AYwBvAGQAaQBuAGcAIAA9ACAATgBlAHcALQBPAGIAagBlAGMAdAAgAFQAZQB4AHQALgBVAFQARgA4AEUAbgBjAG8AZABpAG4AZwAgACQAZgBhAGwAcwBlADsAIABJAG0AcABvAHIAdAAtAE0AbwBkAHUAbABlACAAIgBDADoAXABBAHQAbwBtAGkAYwBSAGUAZABUAGUAYQBtAFwAaQBuAHYAbwBrAGUALQBhAHQAbwBtAGkAYwByAGUAZAB0AGUAYQBtAFwASQBuAHYAbwBrAGUALQBBAHQAbwBtAGkAYwBSAGUAZABUAGUAYQBtAC4AcABzAGQAMQAiACAALQBGAG8AcgBjAGUACgBJAG4AdgBvAGsAZQAtAEEAdABvAG0AaQBjAFQAZQBzAHQAIAAiAFQAMQAyADAAMgAiACAALQBDAG8AbgBmAGkAcgBtADoAJABmAGEAbABzAGUAIAAtAFQAaQBtAGUAbwB1AHQAUwBlAGMAbwBuAGQAcwAgADMAMAAwACAALQBFAHgAZQBjAHUAdABpAG8AbgBMAG8AZwBQAGEAdABoACAAQwA6AFwAQQB0AG8AbQBpAGMAUgBlAGQAVABlAGEAbQBcAGEAdABjAF8AZQB4AGUAYwB1AHQAaQBvAG4ALgBjAHMAdgA=</Data></EventData></Event>