<Event xmlns='http://schemas.microsoft.com/win/2004/08/events/event'><System><Provider Name='Microsoft-Windows-Security-Auditing' Guid='{54849625-5478-4994-A5BA-3E3B0328C30D}'/><EventID>4662</EventID><Version>0</Version><Level>0</Level><Task>14080</Task><Opcode>0</Opcode><Keywords>0x8020000000000000</Keywords><TimeCreated SystemTime='2022-08-23T04:15:39.665175600Z'/><EventRecordID>820657</EventRecordID><Correlation ActivityID='{4EC0CCF2-B67B-0004-F8CC-C04E7BB6D801}'/><Execution ProcessID='612' ThreadID='2468'/><Channel>Security</Channel><Computer>win-dc-root-17044-552.attackrange.local</Computer><Security/></System><EventData><Data Name='SubjectUserSid'>ATTACKRANGE\WIN-HOST-ROOT-1$</Data><Data Name='SubjectUserName'>WIN-HOST-ROOT-1$</Data><Data Name='SubjectDomainName'>ATTACKRANGE</Data><Data Name='SubjectLogonId'>0x6865d4</Data><Data Name='ObjectServer'>DS</Data><Data Name='ObjectType'>domainDNS</Data><Data Name='ObjectName'>DC=attackrange,DC=local</Data><Data Name='OperationType'>Object Access</Data><Data Name='HandleId'>0x0</Data><Data Name='AccessList'>%%7688
				</Data><Data Name='AccessMask'>0x100</Data><Data Name='Properties'>%%7688
		Replicating Directory Changes All
	domainDNS
</Data><Data Name='AdditionalInfo'>-</Data><Data Name='AdditionalInfo2'></Data></EventData></Event>
<Event xmlns='http://schemas.microsoft.com/win/2004/08/events/event'><System><Provider Name='Microsoft-Windows-Security-Auditing' Guid='{54849625-5478-4994-A5BA-3E3B0328C30D}'/><EventID>4662</EventID><Version>0</Version><Level>0</Level><Task>14080</Task><Opcode>0</Opcode><Keywords>0x8020000000000000</Keywords><TimeCreated SystemTime='2022-08-23T04:13:40.587479500Z'/><EventRecordID>820260</EventRecordID><Correlation ActivityID='{4EC0CCF2-B67B-0004-F8CC-C04E7BB6D801}'/><Execution ProcessID='612' ThreadID='3340'/><Channel>Security</Channel><Computer>win-dc-root-17044-552.attackrange.local</Computer><Security/></System><EventData><Data Name='SubjectUserSid'>ATTACKRANGE\WIN-DC-ROOT-170$</Data><Data Name='SubjectUserName'>WIN-DC-ROOT-170$</Data><Data Name='SubjectDomainName'>ATTACKRANGE</Data><Data Name='SubjectLogonId'>0x679137</Data><Data Name='ObjectServer'>DS</Data><Data Name='ObjectType'>domainDNS</Data><Data Name='ObjectName'>DC=attackrange,DC=local</Data><Data Name='OperationType'>Object Access</Data><Data Name='HandleId'>0x0</Data><Data Name='AccessList'>%%7688
				</Data><Data Name='AccessMask'>0x100</Data><Data Name='Properties'>%%7688
		Replicating Directory Changes All
	domainDNS
</Data><Data Name='AdditionalInfo'>-</Data><Data Name='AdditionalInfo2'></Data></EventData></Event>
<Event xmlns='http://schemas.microsoft.com/win/2004/08/events/event'><System><Provider Name='Microsoft-Windows-Security-Auditing' Guid='{54849625-5478-4994-A5BA-3E3B0328C30D}'/><EventID>4662</EventID><Version>0</Version><Level>0</Level><Task>14080</Task><Opcode>0</Opcode><Keywords>0x8020000000000000</Keywords><TimeCreated SystemTime='2022-08-23T04:13:02.895992000Z'/><EventRecordID>820245</EventRecordID><Correlation ActivityID='{4EC0CCF2-B67B-0004-F8CC-C04E7BB6D801}'/><Execution ProcessID='612' ThreadID='3340'/><Channel>Security</Channel><Computer>win-dc-root-17044-552.attackrange.local</Computer><Security/></System><EventData><Data Name='SubjectUserSid'>ATTACKRANGE\Administrator</Data><Data Name='SubjectUserName'>Administrator</Data><Data Name='SubjectDomainName'>ATTACKRANGE</Data><Data Name='SubjectLogonId'>0x677c2f</Data><Data Name='ObjectServer'>DS</Data><Data Name='ObjectType'>domainDNS</Data><Data Name='ObjectName'>DC=attackrange,DC=local</Data><Data Name='OperationType'>Object Access</Data><Data Name='HandleId'>0x0</Data><Data Name='AccessList'>%%7688
				</Data><Data Name='AccessMask'>0x100</Data><Data Name='Properties'>%%7688
		Replicating Directory Changes All
	domainDNS
</Data><Data Name='AdditionalInfo'>-</Data><Data Name='AdditionalInfo2'></Data></EventData></Event>
