12/04/2020 11:30:00 AM
LogName=System
SourceName=Microsoft-Windows-Service Control Manager
EventCode=7036
EventType=4
Type=Information
ComputerName=win-dc-874.attackrange.local
TaskCategory=None
OpCode=The operation completed successfully.
RecordNumber=83935
Keywords=Classic
Message=The LanmanWorkstation service entered the running state.
12/04/2020 11:30:00 AM
LogName=System
SourceName=Microsoft-Windows-Service Control Manager
EventCode=7036
EventType=4
Type=Information
ComputerName=win-dc-874.attackrange.local
TaskCategory=None
OpCode=The operation completed successfully.
RecordNumber=83934
Keywords=Classic
Message=The Winmgmt service entered the running state.
12/04/2020 11:30:00 AM
LogName=System
SourceName=Microsoft-Windows-Service Control Manager
EventCode=7036
EventType=4
Type=Information
ComputerName=win-dc-874.attackrange.local
TaskCategory=None
OpCode=The operation completed successfully.
RecordNumber=83933
Keywords=Classic
Message=The ShellHWDetection service entered the running state.
12/04/2020 11:30:00 AM
LogName=System
SourceName=Microsoft-Windows-Service Control Manager
EventCode=7036
EventType=4
Type=Information
ComputerName=win-dc-874.attackrange.local
TaskCategory=None
OpCode=The operation completed successfully.
RecordNumber=83932
Keywords=Classic
Message=The UmRdpService service entered the running state.
12/04/2020 11:30:00 AM
LogName=System
SourceName=Microsoft-Windows-Service Control Manager
EventCode=7036
EventType=4
Type=Information
ComputerName=win-dc-874.attackrange.local
TaskCategory=None
OpCode=The operation completed successfully.
RecordNumber=83931
Keywords=Classic
Message=The FontCache service entered the running state.
12/04/2020 11:30:00 AM
LogName=System
SourceName=Microsoft-Windows-Service Control Manager
EventCode=7036
EventType=4
Type=Information
ComputerName=win-dc-874.attackrange.local
TaskCategory=None
OpCode=The operation completed successfully.
RecordNumber=83930
Keywords=Classic
Message=The DsmSvc service entered the running state.
12/04/2020 11:30:00 AM
LogName=System
SourceName=Microsoft-Windows-Service Control Manager
EventCode=7036
EventType=4
Type=Information
ComputerName=win-dc-874.attackrange.local
TaskCategory=None
OpCode=The operation completed successfully.
RecordNumber=83929
Keywords=Classic
Message=The Wcmsvc service entered the running state.
12/04/2020 11:30:00 AM
LogName=System
SourceName=Microsoft-Windows-Service Control Manager
EventCode=7036
EventType=4
Type=Information
ComputerName=win-dc-874.attackrange.local
TaskCategory=None
OpCode=The operation completed successfully.
RecordNumber=83928
Keywords=Classic
Message=The WinHttpAutoProxySvc service entered the running state.
12/04/2020 11:30:00 AM
LogName=System
SourceName=Microsoft-Windows-Service Control Manager
EventCode=7036
EventType=4
Type=Information
ComputerName=win-dc-874.attackrange.local
TaskCategory=None
OpCode=The operation completed successfully.
RecordNumber=83927
Keywords=Classic
Message=The BFE service entered the running state.
12/04/2020 11:30:00 AM
LogName=System
SourceName=Microsoft-Windows-Service Control Manager
EventCode=7036
EventType=4
Type=Information
ComputerName=win-dc-874.attackrange.local
TaskCategory=None
OpCode=The operation completed successfully.
RecordNumber=83926
Keywords=Classic
Message=The NcbService service entered the running state.
12/04/2020 11:30:00 AM
LogName=System
SourceName=Microsoft-Windows-Service Control Manager
EventCode=7036
EventType=4
Type=Information
ComputerName=win-dc-874.attackrange.local
TaskCategory=None
OpCode=The operation completed successfully.
RecordNumber=83925
Keywords=Classic
Message=The netprofm service entered the running state.
12/04/2020 11:30:00 AM
LogName=System
SourceName=Microsoft-Windows-DNS Client Events
EventCode=1014
EventType=3
Type=Warning
ComputerName=win-dc-874.attackrange.local
User=NOT_TRANSLATED
Sid=S-1-5-20
SidType=0
TaskCategory=1014
OpCode=Info
RecordNumber=83924
Keywords=None
Message=Name resolution for the name _ldap._tcp.dc._msdcs.attackrange.local. timed out after none of the configured DNS servers responded.
12/04/2020 11:30:00 AM
LogName=System
SourceName=Microsoft-Windows-Service Control Manager
EventCode=7036
EventType=4
Type=Information
ComputerName=win-dc-874.attackrange.local
TaskCategory=None
OpCode=The operation completed successfully.
RecordNumber=83923
Keywords=Classic
Message=The SENS service entered the running state.
12/04/2020 11:30:00 AM
LogName=System
SourceName=Microsoft-Windows-Service Control Manager
EventCode=7036
EventType=4
Type=Information
ComputerName=win-dc-874.attackrange.local
TaskCategory=None
OpCode=The operation completed successfully.
RecordNumber=83922
Keywords=Classic
Message=The gpsvc service entered the running state.
12/04/2020 11:30:00 AM
LogName=System
SourceName=Microsoft-Windows-Service Control Manager
EventCode=7036
EventType=4
Type=Information
ComputerName=win-dc-874.attackrange.local
TaskCategory=None
OpCode=The operation completed successfully.
RecordNumber=83921
Keywords=Classic
Message=The ProfSvc service entered the running state.
12/04/2020 11:30:00 AM
LogName=System
SourceName=Microsoft-Windows-Service Control Manager
EventCode=7036
EventType=4
Type=Information
ComputerName=win-dc-874.attackrange.local
TaskCategory=None
OpCode=The operation completed successfully.
RecordNumber=83920
Keywords=Classic
Message=The NlaSvc service entered the running state.
12/04/2020 11:30:00 AM
LogName=System
SourceName=Microsoft-Windows-Service Control Manager
EventCode=7036
EventType=4
Type=Information
ComputerName=win-dc-874.attackrange.local
TaskCategory=None
OpCode=The operation completed successfully.
RecordNumber=83919
Keywords=Classic
Message=The EventSystem service entered the running state.
12/04/2020 11:30:00 AM
LogName=System
SourceName=Microsoft-Windows-Service Control Manager
EventCode=7036
EventType=4
Type=Information
ComputerName=win-dc-874.attackrange.local
TaskCategory=None
OpCode=The operation completed successfully.
RecordNumber=83918
Keywords=Classic
Message=The Themes service entered the running state.
12/04/2020 11:30:00 AM
LogName=System
SourceName=Microsoft-Windows-Service Control Manager
EventCode=7036
EventType=4
Type=Information
ComputerName=win-dc-874.attackrange.local
TaskCategory=None
OpCode=The operation completed successfully.
RecordNumber=83917
Keywords=Classic
Message=The Dhcp service entered the running state.
12/04/2020 11:30:00 AM
LogName=System
SourceName=Microsoft-Windows-DHCPv6-Client
EventCode=51046
EventType=4
Type=Information
ComputerName=win-dc-874.attackrange.local
User=NOT_TRANSLATED
Sid=S-1-5-19
SidType=0
TaskCategory=Service State Event
OpCode=ServiceStart
RecordNumber=83916
Keywords=None
Message=DHCPv6 client service is started
12/04/2020 11:30:00 AM
LogName=System
SourceName=Microsoft-Windows-Service Control Manager
EventCode=7036
EventType=4
Type=Information
ComputerName=win-dc-874.attackrange.local
TaskCategory=None
OpCode=The operation completed successfully.
RecordNumber=83915
Keywords=Classic
Message=The CoreMessagingRegistrar service entered the running state.
12/04/2020 11:30:00 AM
LogName=System
SourceName=Microsoft-Windows-Dhcp-Client
EventCode=50036
EventType=4
Type=Information
ComputerName=win-dc-874.attackrange.local
User=NOT_TRANSLATED
Sid=S-1-5-19
SidType=0
TaskCategory=Service State Event
OpCode=ServiceStart
RecordNumber=83914
Keywords=None
Message=DHCPv4 client service is started
12/04/2020 11:30:00 AM
LogName=System
SourceName=Microsoft-Windows-FilterManager
EventCode=6
EventType=4
Type=Information
ComputerName=win-dc-874.attackrange.local
User=NOT_TRANSLATED
Sid=S-1-5-18
SidType=0
TaskCategory=None
OpCode=Info
RecordNumber=83913
Keywords=None
Message=File System Filter 'storqosflt' (10.0, ‎2019‎-‎02‎-‎17T02:00:41.000000000Z) has successfully loaded and registered with Filter Manager.
12/04/2020 11:30:00 AM
LogName=System
SourceName=Microsoft-Windows-FilterManager
EventCode=6
EventType=4
Type=Information
ComputerName=win-dc-874.attackrange.local
User=NOT_TRANSLATED
Sid=S-1-5-18
SidType=0
TaskCategory=None
OpCode=Info
RecordNumber=83912
Keywords=None
Message=File System Filter 'wcifs' (10.0, ‎2020‎-‎02‎-‎19T07:59:09.000000000Z) has successfully loaded and registered with Filter Manager.
12/04/2020 11:30:00 AM
LogName=System
SourceName=Microsoft-Windows-FilterManager
EventCode=6
EventType=4
Type=Information
ComputerName=win-dc-874.attackrange.local
User=NOT_TRANSLATED
Sid=S-1-5-18
SidType=0
TaskCategory=None
OpCode=Info
RecordNumber=83911
Keywords=None
Message=File System Filter 'luafv' (10.0, ‎2019‎-‎04‎-‎02T04:23:00.000000000Z) has successfully loaded and registered with Filter Manager.
12/04/2020 11:30:00 AM
LogName=System
SourceName=Microsoft-Windows-Service Control Manager
EventCode=7036
EventType=4
Type=Information
ComputerName=win-dc-874.attackrange.local
TaskCategory=None
OpCode=The operation completed successfully.
RecordNumber=83910
Keywords=Classic
Message=The WPDBusEnum service entered the running state.
12/04/2020 11:30:00 AM
LogName=System
SourceName=Microsoft-Windows-Service Control Manager
EventCode=7036
EventType=4
Type=Information
ComputerName=win-dc-874.attackrange.local
TaskCategory=None
OpCode=The operation completed successfully.
RecordNumber=83909
Keywords=Classic
Message=The Dnscache service entered the running state.
12/04/2020 11:30:00 AM
LogName=System
SourceName=Microsoft-Windows-Service Control Manager
EventCode=7036
EventType=4
Type=Information
ComputerName=win-dc-874.attackrange.local
TaskCategory=None
OpCode=The operation completed successfully.
RecordNumber=83908
Keywords=Classic
Message=The EventLog service entered the running state.
12/04/2020 11:30:00 AM
LogName=System
SourceName=Microsoft-Windows-Service Control Manager
EventCode=7036
EventType=4
Type=Information
ComputerName=win-dc-874.attackrange.local
TaskCategory=None
OpCode=The operation completed successfully.
RecordNumber=83907
Keywords=Classic
Message=The lmhosts service entered the running state.
12/04/2020 11:30:00 AM
LogName=System
SourceName=Microsoft-Windows-Service Control Manager
EventCode=7036
EventType=4
Type=Information
ComputerName=win-dc-874.attackrange.local
TaskCategory=None
OpCode=The operation completed successfully.
RecordNumber=83906
Keywords=Classic
Message=The nsi service entered the running state.
12/04/2020 11:30:00 AM
LogName=System
SourceName=Microsoft-Windows-Service Control Manager
EventCode=7036
EventType=4
Type=Information
ComputerName=win-dc-874.attackrange.local
TaskCategory=None
OpCode=The operation completed successfully.
RecordNumber=83905
Keywords=Classic
Message=The TermService service entered the running state.
12/04/2020 11:30:00 AM
LogName=System
SourceName=Microsoft-Windows-Service Control Manager
EventCode=7036
EventType=4
Type=Information
ComputerName=win-dc-874.attackrange.local
TaskCategory=None
OpCode=The operation completed successfully.
RecordNumber=83904
Keywords=Classic
Message=The SystemEventsBroker service entered the running state.
12/04/2020 11:30:00 AM
LogName=System
SourceName=Microsoft-Windows-Service Control Manager
EventCode=7036
EventType=4
Type=Information
ComputerName=win-dc-874.attackrange.local
TaskCategory=None
OpCode=The operation completed successfully.
RecordNumber=83903
Keywords=Classic
Message=The BrokerInfrastructure service entered the running state.
12/04/2020 11:30:00 AM
LogName=System
SourceName=Microsoft-Windows-Service Control Manager
EventCode=7036
EventType=4
Type=Information
ComputerName=win-dc-874.attackrange.local
TaskCategory=None
OpCode=The operation completed successfully.
RecordNumber=83902
Keywords=Classic
Message=The LSM service entered the running state.
12/04/2020 11:30:00 AM
LogName=System
SourceName=Microsoft-Windows-Service Control Manager
EventCode=7036
EventType=4
Type=Information
ComputerName=win-dc-874.attackrange.local
TaskCategory=None
OpCode=The operation completed successfully.
RecordNumber=83901
Keywords=Classic
Message=The RpcSs service entered the running state.
12/04/2020 11:30:00 AM
LogName=System
SourceName=Microsoft-Windows-Service Control Manager
EventCode=7036
EventType=4
Type=Information
ComputerName=win-dc-874.attackrange.local
TaskCategory=None
OpCode=The operation completed successfully.
RecordNumber=83900
Keywords=Classic
Message=The RpcEptMapper service entered the running state.
12/04/2020 11:30:00 AM
LogName=System
SourceName=Microsoft-Windows-Service Control Manager
EventCode=7036
EventType=4
Type=Information
ComputerName=win-dc-874.attackrange.local
TaskCategory=None
OpCode=The operation completed successfully.
RecordNumber=83899
Keywords=Classic
Message=The DcomLaunch service entered the running state.
12/04/2020 11:30:00 AM
LogName=System
SourceName=Microsoft-Windows-Service Control Manager
EventCode=7036
EventType=4
Type=Information
ComputerName=win-dc-874.attackrange.local
TaskCategory=None
OpCode=The operation completed successfully.
RecordNumber=83898
Keywords=Classic
Message=The Power service entered the running state.
12/04/2020 11:30:00 AM
LogName=System
SourceName=EventLog
EventCode=6013
EventType=4
Type=Information
ComputerName=win-dc-874.attackrange.local
TaskCategory=None
OpCode=None
RecordNumber=83864
Keywords=Classic
Message=The system uptime is 7 seconds.
12/04/2020 11:30:00 AM
LogName=System
SourceName=EventLog
EventCode=6005
EventType=4
Type=Information
ComputerName=win-dc-874.attackrange.local
TaskCategory=None
OpCode=None
RecordNumber=83863
Keywords=Classic
Message=The Event log service was started.
12/04/2020 11:30:00 AM
LogName=System
SourceName=EventLog
EventCode=6009
EventType=4
Type=Information
ComputerName=win-dc-874.attackrange.local
TaskCategory=None
OpCode=None
RecordNumber=83862
Keywords=Classic
Message=Microsoft (R) Windows (R) 10.00. 14393  Multiprocessor Free.
12/04/2020 11:30:01 AM
LogName=System
SourceName=Microsoft-Windows-Service Control Manager
EventCode=7036
EventType=4
Type=Information
ComputerName=win-dc-874.attackrange.local
TaskCategory=None
OpCode=The operation completed successfully.
RecordNumber=83951
Keywords=Classic
Message=The sppsvc service entered the running state.
12/04/2020 11:30:01 AM
LogName=System
SourceName=Microsoft-Windows-DNS Client Events
EventCode=1014
EventType=3
Type=Warning
ComputerName=win-dc-874.attackrange.local
User=NOT_TRANSLATED
Sid=S-1-5-20
SidType=0
TaskCategory=1014
OpCode=Info
RecordNumber=83950
Keywords=None
Message=Name resolution for the name _ldap._tcp.dc._msdcs.attackrange.local. timed out after none of the configured DNS servers responded.
12/04/2020 11:30:01 AM
LogName=System
SourceName=Microsoft-Windows-Service Control Manager
EventCode=7036
EventType=4
Type=Information
ComputerName=win-dc-874.attackrange.local
TaskCategory=None
OpCode=The operation completed successfully.
RecordNumber=83949
Keywords=Classic
Message=The PolicyAgent service entered the running state.
12/04/2020 11:30:03 AM
LogName=System
SourceName=Microsoft-Windows-Service Control Manager
EventCode=7036
EventType=4
Type=Information
ComputerName=win-dc-874.attackrange.local
TaskCategory=None
OpCode=The operation completed successfully.
RecordNumber=83952
Keywords=Classic
Message=The CryptSvc service entered the running state.
12/04/2020 11:30:05 AM
LogName=System
SourceName=Microsoft-Windows-Service Control Manager
EventCode=7036
EventType=4
Type=Information
ComputerName=win-dc-874.attackrange.local
TaskCategory=None
OpCode=The operation completed successfully.
RecordNumber=83953
Keywords=Classic
Message=The wuauserv service entered the running state.
12/04/2020 11:30:06 AM
LogName=System
SourceName=Microsoft-Windows-Service Control Manager
EventCode=7036
EventType=4
Type=Information
ComputerName=win-dc-874.attackrange.local
TaskCategory=None
OpCode=The operation completed successfully.
RecordNumber=83954
Keywords=Classic
Message=The TrustedInstaller service entered the running state.
12/04/2020 11:30:09 AM
LogName=System
SourceName=Microsoft-Windows-Service Control Manager
EventCode=7036
EventType=4
Type=Information
ComputerName=win-dc-874.attackrange.local
TaskCategory=None
OpCode=The operation completed successfully.
RecordNumber=83956
Keywords=Classic
Message=The LanmanServer service entered the running state.
12/04/2020 11:30:09 AM
LogName=System
SourceName=Microsoft-Windows-Service Control Manager
EventCode=7036
EventType=4
Type=Information
ComputerName=win-dc-874.attackrange.local
TaskCategory=None
OpCode=The operation completed successfully.
RecordNumber=83955
Keywords=Classic
Message=The SamSs service entered the running state.
12/04/2020 11:30:16 AM
LogName=System
SourceName=Microsoft-Windows-Service Control Manager
EventCode=7036
EventType=4
Type=Information
ComputerName=win-dc-874.attackrange.local
TaskCategory=None
OpCode=The operation completed successfully.
RecordNumber=83977
Keywords=Classic
Message=The AmazonSSMAgent service entered the running state.
12/04/2020 11:30:16 AM
LogName=System
SourceName=Microsoft-Windows-Service Control Manager
EventCode=7036
EventType=4
Type=Information
ComputerName=win-dc-874.attackrange.local
TaskCategory=None
OpCode=The operation completed successfully.
RecordNumber=83976
Keywords=Classic
Message=The vds service entered the running state.
12/04/2020 11:30:16 AM
LogName=System
SourceName=Microsoft-Windows-Service Control Manager
EventCode=7036
EventType=4
Type=Information
ComputerName=win-dc-874.attackrange.local
TaskCategory=None
OpCode=The operation completed successfully.
RecordNumber=83975
Keywords=Classic
Message=The ADWS service entered the running state.
12/04/2020 11:30:16 AM
LogName=System
SourceName=Virtual Disk Service
EventCode=3
EventType=4
Type=Information
ComputerName=win-dc-874.attackrange.local
TaskCategory=None
OpCode=None
RecordNumber=83974
Keywords=Classic
Message=Service started.
12/04/2020 11:30:16 AM
LogName=System
SourceName=Microsoft-Windows-Service Control Manager
EventCode=7036
EventType=4
Type=Information
ComputerName=win-dc-874.attackrange.local
TaskCategory=None
OpCode=The operation completed successfully.
RecordNumber=83973
Keywords=Classic
Message=The sysmon64 service entered the running state.
12/04/2020 11:30:16 AM
LogName=System
SourceName=Microsoft-Windows-Service Control Manager
EventCode=7036
EventType=4
Type=Information
ComputerName=win-dc-874.attackrange.local
TaskCategory=None
OpCode=The operation completed successfully.
RecordNumber=83972
Keywords=Classic
Message=The tiledatamodelsvc service entered the running state.
12/04/2020 11:30:16 AM
LogName=System
SourceName=Microsoft-Windows-Service Control Manager
EventCode=7036
EventType=4
Type=Information
ComputerName=win-dc-874.attackrange.local
TaskCategory=None
OpCode=The operation completed successfully.
RecordNumber=83971
Keywords=Classic
Message=The StateRepository service entered the running state.
12/04/2020 11:30:16 AM
LogName=System
SourceName=Microsoft-Windows-Service Control Manager
EventCode=7036
EventType=4
Type=Information
ComputerName=win-dc-874.attackrange.local
TaskCategory=None
OpCode=The operation completed successfully.
RecordNumber=83970
Keywords=Classic
Message=The WinRM service entered the running state.
12/04/2020 11:30:16 AM
LogName=System
SourceName=Microsoft-Windows-Service Control Manager
EventCode=7036
EventType=4
Type=Information
ComputerName=win-dc-874.attackrange.local
TaskCategory=None
OpCode=The operation completed successfully.
RecordNumber=83969
Keywords=Classic
Message=The DFSR service entered the running state.
12/04/2020 11:30:16 AM
LogName=System
SourceName=Microsoft-Windows-Service Control Manager
EventCode=7036
EventType=4
Type=Information
ComputerName=win-dc-874.attackrange.local
TaskCategory=None
OpCode=The operation completed successfully.
RecordNumber=83968
Keywords=Classic
Message=The WpnService service entered the running state.
12/04/2020 11:30:16 AM
LogName=System
SourceName=Microsoft-Windows-Service Control Manager
EventCode=7036
EventType=4
Type=Information
ComputerName=win-dc-874.attackrange.local
TaskCategory=None
OpCode=The operation completed successfully.
RecordNumber=83967
Keywords=Classic
Message=The EFS service entered the running state.
12/04/2020 11:30:16 AM
LogName=System
SourceName=Microsoft-Windows-Service Control Manager
EventCode=7036
EventType=4
Type=Information
ComputerName=win-dc-874.attackrange.local
TaskCategory=None
OpCode=The operation completed successfully.
RecordNumber=83966
Keywords=Classic
Message=The Dfs service entered the running state.
12/04/2020 11:30:16 AM
LogName=System
SourceName=Microsoft-Windows-Service Control Manager
EventCode=7036
EventType=4
Type=Information
ComputerName=win-dc-874.attackrange.local
TaskCategory=None
OpCode=The operation completed successfully.
RecordNumber=83965
Keywords=Classic
Message=The IsmServ service entered the running state.
12/04/2020 11:30:16 AM
LogName=System
SourceName=Microsoft-Windows-Service Control Manager
EventCode=7036
EventType=4
Type=Information
ComputerName=win-dc-874.attackrange.local
TaskCategory=None
OpCode=The operation completed successfully.
RecordNumber=83964
Keywords=Classic
Message=The PcaSvc service entered the running state.
12/04/2020 11:30:16 AM
LogName=System
SourceName=Microsoft-Windows-Service Control Manager
EventCode=7036
EventType=4
Type=Information
ComputerName=win-dc-874.attackrange.local
TaskCategory=None
OpCode=The operation completed successfully.
RecordNumber=83963
Keywords=Classic
Message=The AWSLiteAgent service entered the running state.
12/04/2020 11:30:16 AM
LogName=System
SourceName=Microsoft-Windows-Service Control Manager
EventCode=7036
EventType=4
Type=Information
ComputerName=win-dc-874.attackrange.local
TaskCategory=None
OpCode=The operation completed successfully.
RecordNumber=83962
Keywords=Classic
Message=The RemoteRegistry service entered the running state.
12/04/2020 11:30:16 AM
LogName=System
SourceName=Microsoft-Windows-Service Control Manager
EventCode=7036
EventType=4
Type=Information
ComputerName=win-dc-874.attackrange.local
TaskCategory=None
OpCode=The operation completed successfully.
RecordNumber=83961
Keywords=Classic
Message=The Spooler service entered the running state.
12/04/2020 11:30:16 AM
LogName=System
SourceName=Microsoft-Windows-Service Control Manager
EventCode=7036
EventType=4
Type=Information
ComputerName=win-dc-874.attackrange.local
TaskCategory=None
OpCode=The operation completed successfully.
RecordNumber=83960
Keywords=Classic
Message=The Netlogon service entered the running state.
12/04/2020 11:30:16 AM
LogName=System
SourceName=Microsoft-Windows-Windows Remote Management
EventCode=10148
EventType=4
Type=Information
ComputerName=win-dc-874.attackrange.local
TaskCategory=None
OpCode=Info
RecordNumber=83959
Keywords=Classic
Message=The WinRM service is listening for WS-Management requests. 

 User Action 
 Use the following command to see the specific IPs on which WinRM is listening: 

 winrm enumerate winrm/config/listener
12/04/2020 11:30:16 AM
LogName=System
SourceName=Microsoft-Windows-DfsSvc
EventCode=14531
EventType=4
Type=Information
ComputerName=win-dc-874.attackrange.local
TaskCategory=None
OpCode=The operation completed successfully.
RecordNumber=83958
Keywords=Classic
Message=DFS server has finished initializing.
12/04/2020 11:30:16 AM
LogName=System
SourceName=Microsoft-Windows-DfsSvc
EventCode=14533
EventType=4
Type=Information
ComputerName=win-dc-874.attackrange.local
TaskCategory=None
OpCode=The operation completed successfully.
RecordNumber=83957
Keywords=Classic
Message=DFS has finished building all namespaces.
12/04/2020 11:30:20 AM
LogName=System
SourceName=Microsoft-Windows-Time-Service
EventCode=143
EventType=4
Type=Information
ComputerName=win-dc-874.attackrange.local
User=NOT_TRANSLATED
Sid=S-1-5-19
SidType=0
TaskCategory=None
OpCode=Info
RecordNumber=83979
Keywords=None
Message=The time service has started advertising as a good time source.
12/04/2020 11:30:20 AM
LogName=System
SourceName=Microsoft-Windows-Time-Service
EventCode=139
EventType=4
Type=Information
ComputerName=win-dc-874.attackrange.local
User=NOT_TRANSLATED
Sid=S-1-5-19
SidType=0
TaskCategory=None
OpCode=Info
RecordNumber=83978
Keywords=None
Message=The time service has started advertising as a time source.
12/04/2020 11:30:22 AM
LogName=System
SourceName=Microsoft-Windows-Service Control Manager
EventCode=7026
EventType=4
Type=Information
ComputerName=win-dc-874.attackrange.local
TaskCategory=None
OpCode=The operation completed successfully.
RecordNumber=83981
Keywords=Classic
Message=The following boot-start or system-start driver(s) did not load: 
cdrom
dam
12/04/2020 11:30:22 AM
LogName=System
SourceName=Microsoft-Windows-Service Control Manager
EventCode=7036
EventType=4
Type=Information
ComputerName=win-dc-874.attackrange.local
TaskCategory=None
OpCode=The operation completed successfully.
RecordNumber=83980
Keywords=Classic
Message=The SplunkForwarder service entered the running state.
12/04/2020 11:30:28 AM
LogName=System
SourceName=Microsoft-Windows-Windows Remote Management
EventCode=10154
EventType=3
Type=Warning
ComputerName=win-dc-874.attackrange.local
TaskCategory=None
OpCode=Info
RecordNumber=83982
Keywords=Classic
Message=The WinRM service failed to create the following SPNs: WSMAN/win-dc-874.attackrange.local; WSMAN/win-dc-874. 

 Additional Data 
 The error received was 1355: %%1355.

 User Action 
 The SPNs can be created by an administrator using setspn.exe utility.
12/04/2020 11:30:32 AM
LogName=System
SourceName=Microsoft-Windows-Service Control Manager
EventCode=7036
EventType=4
Type=Information
ComputerName=win-dc-874.attackrange.local
TaskCategory=None
OpCode=The operation completed successfully.
RecordNumber=83986
Keywords=Classic
Message=The sppsvc service entered the stopped state.
12/04/2020 11:30:32 AM
LogName=System
SourceName=Microsoft-Windows-Service Control Manager
EventCode=7036
EventType=4
Type=Information
ComputerName=win-dc-874.attackrange.local
TaskCategory=None
OpCode=The operation completed successfully.
RecordNumber=83985
Keywords=Classic
Message=The W32Time service entered the running state.
12/04/2020 11:30:32 AM
LogName=System
SourceName=Microsoft-Windows-Time-Service
EventCode=12
EventType=3
Type=Warning
ComputerName=win-dc-874.attackrange.local
User=NOT_TRANSLATED
Sid=S-1-5-19
SidType=0
TaskCategory=None
OpCode=Info
RecordNumber=83984
Keywords=None
Message=Time Provider NtpClient: This machine is configured to use the domain hierarchy to determine its time source, but it is the AD PDC emulator for the domain at the root of the forest, so there is no machine above it in the domain hierarchy to use as a time source. It is recommended that you either configure a reliable time service in the root domain, or manually configure the AD PDC to synchronize with an external time source. Otherwise, this machine will function as the authoritative time source in the domain hierarchy. If an external time source is not configured or used for this computer, you may choose to disable the NtpClient.
12/04/2020 11:30:32 AM
LogName=System
SourceName=Microsoft-Windows-Time-Service
EventCode=134
EventType=3
Type=Warning
ComputerName=win-dc-874.attackrange.local
User=NOT_TRANSLATED
Sid=S-1-5-19
SidType=0
TaskCategory=None
OpCode=Info
RecordNumber=83983
Keywords=None
Message=NtpClient was unable to set a manual peer to use as a time source because of DNS resolution error on 'time.windows.com,0x8'. NtpClient will try again in 15 minutes and double the reattempt interval thereafter. The error was: No such host is known. (0x80072AF9)
12/04/2020 11:30:35 AM
LogName=System
SourceName=Microsoft-Windows-DistributedCOM
EventCode=10016
EventType=2
Type=Error
ComputerName=win-dc-874.attackrange.local
User=NOT_TRANSLATED
Sid=S-1-5-21-3216151926-3189203782-4155723639-500
SidType=0
TaskCategory=None
OpCode=Info
RecordNumber=83988
Keywords=Classic
Message=The application-specific permission settings do not grant Local Activation permission for the COM Server application with CLSID 
{D63B10C5-BB46-4990-A94F-E40B9D520160}
 and APPID 
{9CA88EE3-ACB7-47C8-AFC4-AB702511C276}
 to the user ATTACKRANGE\Administrator SID (S-1-5-21-3216151926-3189203782-4155723639-500) from address LocalHost (Using LRPC) running in the application container Unavailable SID (Unavailable). This security permission can be modified using the Component Services administrative tool.
12/04/2020 11:30:35 AM
LogName=System
SourceName=Microsoft-Windows-LSA
EventCode=6038
EventType=3
Type=Warning
ComputerName=win-dc-874.attackrange.local
TaskCategory=None
OpCode=Info
RecordNumber=83987
Keywords=Classic
Message=Microsoft Windows Server has detected that NTLM authentication is presently being used between clients and this server. This event occurs once per boot of the server on the first time a client uses NTLM with this server.
 
NTLM is a weaker authentication mechanism. Please check:
 
      Which applications are using NTLM authentication?
      Are there configuration issues preventing the use of stronger authentication such as Kerberos authentication?
      If NTLM must be supported, is Extended Protection configured?
 
Details on how to complete these checks can be found at http://go.microsoft.com/fwlink/?LinkId=225699.
12/04/2020 11:30:38 AM
LogName=System
SourceName=Microsoft-Windows-Service Control Manager
EventCode=7036
EventType=4
Type=Information
ComputerName=win-dc-874.attackrange.local
TaskCategory=None
OpCode=The operation completed successfully.
RecordNumber=83989
Keywords=Classic
Message=The NetSetupSvc service entered the stopped state.
12/04/2020 11:30:39 AM
LogName=System
SourceName=Microsoft-Windows-Service Control Manager
EventCode=7036
EventType=4
Type=Information
ComputerName=win-dc-874.attackrange.local
TaskCategory=None
OpCode=The operation completed successfully.
RecordNumber=83990
Keywords=Classic
Message=The DNS service entered the running state.
12/04/2020 11:30:40 AM
LogName=System
SourceName=Microsoft-Windows-Service Control Manager
EventCode=7036
EventType=4
Type=Information
ComputerName=win-dc-874.attackrange.local
TaskCategory=None
OpCode=The operation completed successfully.
RecordNumber=83993
Keywords=Classic
Message=The NetSetupSvc service entered the running state.
12/04/2020 11:30:40 AM
LogName=System
SourceName=Microsoft-Windows-Service Control Manager
EventCode=7036
EventType=4
Type=Information
ComputerName=win-dc-874.attackrange.local
TaskCategory=None
OpCode=The operation completed successfully.
RecordNumber=83992
Keywords=Classic
Message=The NcaSvc service entered the stopped state.
12/04/2020 11:30:40 AM
LogName=System
SourceName=Microsoft-Windows-Time-Service
EventCode=37
EventType=4
Type=Information
ComputerName=win-dc-874.attackrange.local
User=NOT_TRANSLATED
Sid=S-1-5-19
SidType=0
TaskCategory=None
OpCode=Info
RecordNumber=83991
Keywords=None
Message=The time provider NtpClient is currently receiving valid time data from time.windows.com,0x8 (ntp.m|0x8|0.0.0.0:123->51.105.208.173:123).
12/04/2020 11:30:48 AM
LogName=System
SourceName=Microsoft-Windows-Service Control Manager
EventCode=7036
EventType=4
Type=Information
ComputerName=win-dc-874.attackrange.local
TaskCategory=None
OpCode=The operation completed successfully.
RecordNumber=83994
Keywords=Classic
Message=The sppsvc service entered the running state.
12/04/2020 11:30:49 AM
LogName=System
SourceName=Microsoft-Windows-Time-Service
EventCode=37
EventType=4
Type=Information
ComputerName=win-dc-874.attackrange.local
User=NOT_TRANSLATED
Sid=S-1-5-19
SidType=0
TaskCategory=None
OpCode=Info
RecordNumber=83995
Keywords=None
Message=The time provider NtpClient is currently receiving valid time data from time.windows.com,0x8 (ntp.m|0x8|0.0.0.0:123->51.105.208.173:123).
12/04/2020 11:30:52 AM
LogName=System
SourceName=Microsoft-Windows-Time-Service
EventCode=37
EventType=4
Type=Information
ComputerName=win-dc-874.attackrange.local
User=NOT_TRANSLATED
Sid=S-1-5-19
SidType=0
TaskCategory=None
OpCode=Info
RecordNumber=83996
Keywords=None
Message=The time provider NtpClient is currently receiving valid time data from time.windows.com,0x8 (ntp.m|0x8|0.0.0.0:123->51.105.208.173:123).
12/04/2020 11:31:04 AM
LogName=System
SourceName=Microsoft-Windows-Time-Service
EventCode=35
EventType=4
Type=Information
ComputerName=win-dc-874.attackrange.local
User=NOT_TRANSLATED
Sid=S-1-5-19
SidType=0
TaskCategory=None
OpCode=Info
RecordNumber=83998
Keywords=None
Message=The time service is now synchronizing the system time with the time source time.windows.com,0x8 (ntp.m|0x8|0.0.0.0:123->51.105.208.173:123).
12/04/2020 11:31:04 AM
LogName=System
SourceName=Microsoft-Windows-Time-Service
EventCode=144
EventType=3
Type=Warning
ComputerName=win-dc-874.attackrange.local
User=NOT_TRANSLATED
Sid=S-1-5-19
SidType=0
TaskCategory=None
OpCode=Info
RecordNumber=83997
Keywords=None
Message=The time service has stopped advertising as a good time source.
12/04/2020 11:31:20 AM
LogName=System
SourceName=Microsoft-Windows-Service Control Manager
EventCode=7036
EventType=4
Type=Information
ComputerName=win-dc-874.attackrange.local
TaskCategory=None
OpCode=The operation completed successfully.
RecordNumber=83999
Keywords=Classic
Message=The Software Protection service entered the stopped state.
12/04/2020 11:31:32 AM
LogName=System
SourceName=Microsoft-Windows-Service Control Manager
EventCode=7036
EventType=4
Type=Information
ComputerName=win-dc-874.attackrange.local
TaskCategory=None
OpCode=The operation completed successfully.
RecordNumber=84000
Keywords=Classic
Message=The Device Setup Manager service entered the stopped state.
12/04/2020 11:32:08 AM
LogName=System
SourceName=Microsoft-Windows-Service Control Manager
EventCode=7036
EventType=4
Type=Information
ComputerName=win-dc-874.attackrange.local
TaskCategory=None
OpCode=The operation completed successfully.
RecordNumber=84001
Keywords=Classic
Message=The Windows Modules Installer service entered the stopped state.
12/04/2020 11:32:22 AM
LogName=System
SourceName=Microsoft-Windows-Service Control Manager
EventCode=7036
EventType=4
Type=Information
ComputerName=win-dc-874.attackrange.local
TaskCategory=None
OpCode=The operation completed successfully.
RecordNumber=84004
Keywords=Classic
Message=The Downloaded Maps Manager service entered the running state.
12/04/2020 11:32:22 AM
LogName=System
SourceName=Microsoft-Windows-Service Control Manager
EventCode=7036
EventType=4
Type=Information
ComputerName=win-dc-874.attackrange.local
TaskCategory=None
OpCode=The operation completed successfully.
RecordNumber=84003
Keywords=Classic
Message=The Diagnostic Policy Service service entered the running state.
12/04/2020 11:32:22 AM
LogName=System
SourceName=Microsoft-Windows-Service Control Manager
EventCode=7036
EventType=4
Type=Information
ComputerName=win-dc-874.attackrange.local
TaskCategory=None
OpCode=The operation completed successfully.
RecordNumber=84002
Keywords=Classic
Message=The Connected Devices Platform Service service entered the stopped state.
12/04/2020 11:32:23 AM
LogName=System
SourceName=Microsoft-Windows-Service Control Manager
EventCode=7036
EventType=4
Type=Information
ComputerName=win-dc-874.attackrange.local
TaskCategory=None
OpCode=The operation completed successfully.
RecordNumber=84006
Keywords=Classic
Message=The Software Protection service entered the running state.
12/04/2020 11:32:23 AM
LogName=System
SourceName=Microsoft-Windows-Service Control Manager
EventCode=7036
EventType=4
Type=Information
ComputerName=win-dc-874.attackrange.local
TaskCategory=None
OpCode=The operation completed successfully.
RecordNumber=84005
Keywords=Classic
Message=The Distributed Transaction Coordinator service entered the running state.
12/04/2020 11:32:25 AM
LogName=System
SourceName=Microsoft-Windows-Service Control Manager
EventCode=7036
EventType=4
Type=Information
ComputerName=win-dc-874.attackrange.local
TaskCategory=None
OpCode=The operation completed successfully.
RecordNumber=84007
Keywords=Classic
Message=The User Access Logging Service service entered the running state.
12/04/2020 11:32:32 AM
LogName=System
SourceName=Microsoft-Windows-Service Control Manager
EventCode=7036
EventType=4
Type=Information
ComputerName=win-dc-874.attackrange.local
TaskCategory=None
OpCode=The operation completed successfully.
RecordNumber=84008
Keywords=Classic
Message=The Downloaded Maps Manager service entered the stopped state.
12/04/2020 11:32:40 AM
LogName=System
SourceName=Microsoft-Windows-Service Control Manager
EventCode=7036
EventType=4
Type=Information
ComputerName=win-dc-874.attackrange.local
TaskCategory=None
OpCode=The operation completed successfully.
RecordNumber=84009
Keywords=Classic
Message=The Portable Device Enumerator Service service entered the stopped state.
12/04/2020 11:32:47 AM
LogName=System
SourceName=Microsoft-Windows-Service Control Manager
EventCode=7036
EventType=4
Type=Information
ComputerName=win-dc-874.attackrange.local
TaskCategory=None
OpCode=The operation completed successfully.
RecordNumber=84011
Keywords=Classic
Message=The SplunkForwarder Service service entered the stopped state.
12/04/2020 11:32:47 AM
LogName=System
SourceName=Microsoft-Windows-Service Control Manager
EventCode=7036
EventType=4
Type=Information
ComputerName=win-dc-874.attackrange.local
TaskCategory=None
OpCode=The operation completed successfully.
RecordNumber=84010
Keywords=Classic
Message=The SplunkForwarder Service service entered the stopped state.
12/04/2020 11:32:53 AM
LogName=System
SourceName=Microsoft-Windows-Service Control Manager
EventCode=7036
EventType=4
Type=Information
ComputerName=win-dc-874.attackrange.local
TaskCategory=None
OpCode=The operation completed successfully.
RecordNumber=84012
Keywords=Classic
Message=The Software Protection service entered the stopped state.
12/04/2020 11:32:55 AM
LogName=System
SourceName=Microsoft-Windows-Service Control Manager
EventCode=7036
EventType=4
Type=Information
ComputerName=win-dc-874.attackrange.local
TaskCategory=None
OpCode=The operation completed successfully.
RecordNumber=84013
Keywords=Classic
Message=The SplunkForwarder Service service entered the running state.
12/04/2020 11:32:57 AM
LogName=System
SourceName=Microsoft-Windows-Service Control Manager
EventCode=7045
EventType=4
Type=Information
ComputerName=win-dc-874.attackrange.local
User=NOT_TRANSLATED
Sid=S-1-5-18
SidType=0
TaskCategory=None
OpCode=The operation completed successfully.
RecordNumber=84014
Keywords=Classic
Message=A service was installed in the system.

Service Name:  npf
Service File Name:  C:/Program Files\SplunkUniversalForwarder\etc\apps\Splunk_TA_stream\windows_x86_64\bin\npf.sys
Service Type:  kernel mode driver
Service Start Type:  demand start
Service Account:
12/04/2020 11:33:03 AM
LogName=System
SourceName=Microsoft-Windows-Service Control Manager
EventCode=7036
EventType=4
Type=Information
ComputerName=win-dc-874.attackrange.local
TaskCategory=None
OpCode=The operation completed successfully.
RecordNumber=84015
Keywords=Classic
Message=The Network Setup Service service entered the stopped state.
