12/04/2020 10:20:04 AM
LogName=System
SourceName=Microsoft-Windows-DistributedCOM
EventCode=10010
EventType=2
Type=Error
ComputerName=EC2AMAZ-QNLCPN3
User=NOT_TRANSLATED
Sid=S-1-5-18
SidType=0
TaskCategory=None
OpCode=Info
RecordNumber=83116
Keywords=Classic
Message=The server {A47979D2-C419-11D9-A5B4-001185AD2B89} did not register with DCOM within the required timeout.
12/04/2020 10:20:04 AM
LogName=System
SourceName=Microsoft-Windows-Service Control Manager
EventCode=7036
EventType=4
Type=Information
ComputerName=EC2AMAZ-QNLCPN3
TaskCategory=None
OpCode=The operation completed successfully.
RecordNumber=83115
Keywords=Classic
Message=The Windows Defender Service service entered the stopped state.
12/04/2020 10:20:04 AM
LogName=System
SourceName=Microsoft-Windows-Service Control Manager
EventCode=7036
EventType=4
Type=Information
ComputerName=EC2AMAZ-QNLCPN3
TaskCategory=None
OpCode=The operation completed successfully.
RecordNumber=83114
Keywords=Classic
Message=The Windows Event Log service entered the stopped state.
12/04/2020 10:20:04 AM
LogName=System
SourceName=Microsoft-Windows-Service Control Manager
EventCode=7036
EventType=4
Type=Information
ComputerName=EC2AMAZ-QNLCPN3
TaskCategory=None
OpCode=The operation completed successfully.
RecordNumber=83113
Keywords=Classic
Message=The Task Scheduler service entered the stopped state.
12/04/2020 10:20:04 AM
LogName=System
SourceName=Microsoft-Windows-Service Control Manager
EventCode=7036
EventType=4
Type=Information
ComputerName=EC2AMAZ-QNLCPN3
TaskCategory=None
OpCode=The operation completed successfully.
RecordNumber=83112
Keywords=Classic
Message=The Windows Remote Management (WS-Management) service entered the stopped state.
12/04/2020 10:20:04 AM
LogName=System
SourceName=Microsoft-Windows-Service Control Manager
EventCode=7036
EventType=4
Type=Information
ComputerName=EC2AMAZ-QNLCPN3
TaskCategory=None
OpCode=The operation completed successfully.
RecordNumber=83111
Keywords=Classic
Message=The State Repository Service service entered the stopped state.
12/04/2020 10:20:04 AM
LogName=System
SourceName=Microsoft-Windows-Service Control Manager
EventCode=7036
EventType=4
Type=Information
ComputerName=EC2AMAZ-O5EOQ54
TaskCategory=None
OpCode=The operation completed successfully.
RecordNumber=83106
Keywords=Classic
Message=The DHCP Client service entered the stopped state.
12/04/2020 10:20:04 AM
LogName=System
SourceName=Microsoft-Windows-Dhcp-Client
EventCode=50037
EventType=4
Type=Information
ComputerName=EC2AMAZ-O5EOQ54
User=NOT_TRANSLATED
Sid=S-1-5-19
SidType=0
TaskCategory=Service State Event
OpCode=ServiceStop
RecordNumber=83105
Keywords=None
Message=DHCPv4 client service is stopped. ShutDown Flag value is 1
12/04/2020 10:20:04 AM
LogName=System
SourceName=Microsoft-Windows-DHCPv6-Client
EventCode=51047
EventType=4
Type=Information
ComputerName=EC2AMAZ-O5EOQ54
User=NOT_TRANSLATED
Sid=S-1-5-19
SidType=0
TaskCategory=Service State Event
OpCode=ServiceStop
RecordNumber=83104
Keywords=None
Message=DHCPv6 client service is stopped. ShutDown Flag value is 1
12/04/2020 10:20:04 AM
LogName=System
SourceName=Microsoft-Windows-Service Control Manager
EventCode=7036
EventType=4
Type=Information
ComputerName=EC2AMAZ-O5EOQ54
TaskCategory=None
OpCode=The operation completed successfully.
RecordNumber=83103
Keywords=Classic
Message=The User Profile Service service entered the stopped state.
12/04/2020 10:20:04 AM
LogName=System
SourceName=Microsoft-Windows-Service Control Manager
EventCode=7036
EventType=4
Type=Information
ComputerName=EC2AMAZ-O5EOQ54
TaskCategory=None
OpCode=The operation completed successfully.
RecordNumber=83102
Keywords=Classic
Message=The Windows Connection Manager service entered the stopped state.
12/04/2020 10:20:04 AM
LogName=System
SourceName=Microsoft-Windows-Service Control Manager
EventCode=7036
EventType=4
Type=Information
ComputerName=EC2AMAZ-O5EOQ54
TaskCategory=None
OpCode=The operation completed successfully.
RecordNumber=83101
Keywords=Classic
Message=The Program Compatibility Assistant Service service entered the stopped state.
12/04/2020 10:20:04 AM
LogName=System
SourceName=Microsoft-Windows-Service Control Manager
EventCode=7036
EventType=4
Type=Information
ComputerName=EC2AMAZ-O5EOQ54
TaskCategory=None
OpCode=The operation completed successfully.
RecordNumber=83100
Keywords=Classic
Message=The Windows Management Instrumentation service entered the stopped state.
12/04/2020 10:20:04 AM
LogName=System
SourceName=Microsoft-Windows-Service Control Manager
EventCode=7036
EventType=4
Type=Information
ComputerName=EC2AMAZ-O5EOQ54
TaskCategory=None
OpCode=The operation completed successfully.
RecordNumber=83099
Keywords=Classic
Message=The Software Protection service entered the stopped state.
12/04/2020 10:20:04 AM
LogName=System
SourceName=Microsoft-Windows-Service Control Manager
EventCode=7036
EventType=4
Type=Information
ComputerName=EC2AMAZ-O5EOQ54
TaskCategory=None
OpCode=The operation completed successfully.
RecordNumber=83098
Keywords=Classic
Message=The AppX Deployment Service (AppXSVC) service entered the stopped state.
12/04/2020 10:20:04 AM
LogName=System
SourceName=Microsoft-Windows-Service Control Manager
EventCode=7036
EventType=4
Type=Information
ComputerName=EC2AMAZ-O5EOQ54
TaskCategory=None
OpCode=The operation completed successfully.
RecordNumber=83097
Keywords=Classic
Message=The Cryptographic Services service entered the stopped state.
12/04/2020 10:20:04 AM
LogName=System
SourceName=EventLog
EventCode=6006
EventType=4
Type=Information
ComputerName=EC2AMAZ-O5EOQ54
TaskCategory=None
OpCode=None
RecordNumber=83085
Keywords=Classic
Message=The Event log service was stopped.
12/04/2020 10:20:06 AM
LogName=System
SourceName=Microsoft-Windows-Kernel-General
EventCode=13
EventType=4
Type=Information
ComputerName=EC2AMAZ-QNLCPN3
TaskCategory=2
OpCode=Info
RecordNumber=83122
Keywords=None
Message=The operating system is shutting down at system time ‎2020‎-‎12‎-‎04T10:20:06.264935000Z.
12/04/2020 10:20:31 AM
LogName=System
SourceName=Microsoft-Windows-Kernel-Boot
EventCode=32
EventType=4
Type=Information
ComputerName=EC2AMAZ-QNLCPN3
User=NOT_TRANSLATED
Sid=S-1-5-18
SidType=0
TaskCategory=None
OpCode=Info
RecordNumber=83129
Keywords=None
Message=The bootmgr spent 0 ms waiting for user input.
12/04/2020 10:20:31 AM
LogName=System
SourceName=Microsoft-Windows-Kernel-Boot
EventCode=18
EventType=4
Type=Information
ComputerName=EC2AMAZ-QNLCPN3
User=NOT_TRANSLATED
Sid=S-1-5-18
SidType=0
TaskCategory=None
OpCode=Info
RecordNumber=83128
Keywords=None
Message=There are 0x1 boot options on this system.
12/04/2020 10:20:31 AM
LogName=System
SourceName=Microsoft-Windows-Kernel-Boot
EventCode=25
EventType=4
Type=Information
ComputerName=EC2AMAZ-QNLCPN3
User=NOT_TRANSLATED
Sid=S-1-5-18
SidType=0
TaskCategory=32
OpCode=Info
RecordNumber=83127
Keywords=None
Message=The boot menu policy was 0x0.
12/04/2020 10:20:31 AM
LogName=System
SourceName=Microsoft-Windows-Kernel-Boot
EventCode=27
EventType=4
Type=Information
ComputerName=EC2AMAZ-QNLCPN3
User=NOT_TRANSLATED
Sid=S-1-5-18
SidType=0
TaskCategory=33
OpCode=Info
RecordNumber=83126
Keywords=None
Message=The boot type was 0x0.
12/04/2020 10:20:31 AM
LogName=System
SourceName=Microsoft-Windows-Kernel-Boot
EventCode=20
EventType=4
Type=Information
ComputerName=EC2AMAZ-QNLCPN3
User=NOT_TRANSLATED
Sid=S-1-5-18
SidType=0
TaskCategory=31
OpCode=Info
RecordNumber=83125
Keywords=None
Message=The last shutdown's success status was true. The last boot's success status was true.
12/04/2020 10:20:31 AM
LogName=System
SourceName=Microsoft-Windows-Kernel-Boot
EventCode=153
EventType=4
Type=Information
ComputerName=EC2AMAZ-QNLCPN3
User=NOT_TRANSLATED
Sid=S-1-5-18
SidType=0
TaskCategory=None
OpCode=Info
RecordNumber=83124
Keywords=None
Message=The Virtualization Based Security (policies: 0) is disabled with status STATUS_SUCCESS.
12/04/2020 10:20:31 AM
LogName=System
SourceName=Microsoft-Windows-Kernel-General
EventCode=12
EventType=4
Type=Information
ComputerName=EC2AMAZ-QNLCPN3
User=NOT_TRANSLATED
Sid=S-1-5-18
SidType=0
TaskCategory=1
OpCode=Info
RecordNumber=83123
Keywords=None
Message=The operating system started at system time ‎2020‎-‎12‎-‎04T10:20:31.489756400Z.
12/04/2020 10:20:35 AM
LogName=System
SourceName=Microsoft-Windows-Kernel-Processor-Power
EventCode=55
EventType=4
Type=Information
ComputerName=EC2AMAZ-QNLCPN3
User=NOT_TRANSLATED
Sid=S-1-5-18
SidType=0
TaskCategory=47
OpCode=Info
RecordNumber=83137
Keywords=None
Message=Processor 1 in group 0 exposes the following power management capabilities:

Idle state type: ACPI Idle (C) States (1 state(s))

Performance state type: None
Nominal Frequency (MHz): 2300
Maximum performance percentage: 100
Minimum performance percentage: 100
Minimum throttle percentage: 100
12/04/2020 10:20:35 AM
LogName=System
SourceName=Microsoft-Windows-Kernel-Processor-Power
EventCode=55
EventType=4
Type=Information
ComputerName=EC2AMAZ-QNLCPN3
User=NOT_TRANSLATED
Sid=S-1-5-18
SidType=0
TaskCategory=47
OpCode=Info
RecordNumber=83136
Keywords=None
Message=Processor 0 in group 0 exposes the following power management capabilities:

Idle state type: ACPI Idle (C) States (1 state(s))

Performance state type: None
Nominal Frequency (MHz): 2300
Maximum performance percentage: 100
Minimum performance percentage: 100
Minimum throttle percentage: 100
12/04/2020 10:20:35 AM
LogName=System
SourceName=Microsoft-Windows-Kernel-Power
EventCode=172
EventType=4
Type=Information
ComputerName=EC2AMAZ-QNLCPN3
User=NOT_TRANSLATED
Sid=S-1-5-18
SidType=0
TaskCategory=203
OpCode=Info
RecordNumber=83135
Keywords=None
Message=Connectivity state in standby: Disconnected, Reason: NIC compliance
12/04/2020 10:20:35 AM
LogName=System
SourceName=Microsoft-Windows-FilterManager
EventCode=6
EventType=4
Type=Information
ComputerName=EC2AMAZ-QNLCPN3
User=NOT_TRANSLATED
Sid=S-1-5-18
SidType=0
TaskCategory=None
OpCode=Info
RecordNumber=83134
Keywords=None
Message=File System Filter 'npsvctrig' (10.0, ‎2016‎-‎07‎-‎16T02:28:33.000000000Z) has successfully loaded and registered with Filter Manager.
12/04/2020 10:20:35 AM
LogName=System
SourceName=Microsoft-Windows-FilterManager
EventCode=6
EventType=4
Type=Information
ComputerName=EC2AMAZ-QNLCPN3
User=NOT_TRANSLATED
Sid=S-1-5-18
SidType=0
TaskCategory=None
OpCode=Info
RecordNumber=83133
Keywords=None
Message=File System Filter 'FileCrypt' (10.0, ‎2018‎-‎08‎-‎30T20:44:27.000000000Z) has successfully loaded and registered with Filter Manager.
12/04/2020 10:20:35 AM
LogName=System
SourceName=Microsoft-Windows-Ntfs
EventCode=98
EventType=4
Type=Information
ComputerName=EC2AMAZ-QNLCPN3
User=NOT_TRANSLATED
Sid=S-1-5-18
SidType=0
TaskCategory=None
OpCode=Info
RecordNumber=83132
Keywords=None
Message=Volume C: (\Device\HarddiskVolume1) is healthy.  No action is needed.
12/04/2020 10:20:35 AM
LogName=System
SourceName=Microsoft-Windows-FilterManager
EventCode=6
EventType=4
Type=Information
ComputerName=EC2AMAZ-QNLCPN3
User=NOT_TRANSLATED
Sid=S-1-5-18
SidType=0
TaskCategory=None
OpCode=Info
RecordNumber=83131
Keywords=None
Message=File System Filter 'WdFilter' (10.0, ‎1980‎-‎09‎-‎07T16:46:06.000000000Z) has successfully loaded and registered with Filter Manager.
12/04/2020 10:20:35 AM
LogName=System
SourceName=Microsoft-Windows-FilterManager
EventCode=6
EventType=4
Type=Information
ComputerName=EC2AMAZ-QNLCPN3
User=NOT_TRANSLATED
Sid=S-1-5-18
SidType=0
TaskCategory=None
OpCode=Info
RecordNumber=83130
Keywords=None
Message=File System Filter 'Wof' (10.0, ‎2019‎-‎09‎-‎29T22:52:46.000000000Z) has successfully loaded and registered with Filter Manager.
12/04/2020 10:20:37 AM
LogName=System
SourceName=Microsoft-Windows-Service Control Manager
EventCode=7036
EventType=4
Type=Information
ComputerName=EC2AMAZ-QNLCPN3
TaskCategory=None
OpCode=The operation completed successfully.
RecordNumber=83152
Keywords=Classic
Message=The NetSetupSvc service entered the running state.
12/04/2020 10:20:37 AM
LogName=System
SourceName=Microsoft-Windows-Service Control Manager
EventCode=7036
EventType=4
Type=Information
ComputerName=EC2AMAZ-QNLCPN3
TaskCategory=None
OpCode=The operation completed successfully.
RecordNumber=83151
Keywords=Classic
Message=The dmwappushservice service entered the running state.
12/04/2020 10:20:37 AM
LogName=System
SourceName=Microsoft-Windows-Service Control Manager
EventCode=7036
EventType=4
Type=Information
ComputerName=EC2AMAZ-QNLCPN3
TaskCategory=None
OpCode=The operation completed successfully.
RecordNumber=83150
Keywords=Classic
Message=The CoreMessagingRegistrar service entered the running state.
12/04/2020 10:20:37 AM
LogName=System
SourceName=Microsoft-Windows-Service Control Manager
EventCode=7036
EventType=4
Type=Information
ComputerName=EC2AMAZ-QNLCPN3
TaskCategory=None
OpCode=The operation completed successfully.
RecordNumber=83149
Keywords=Classic
Message=The DeviceInstall service entered the running state.
12/04/2020 10:20:37 AM
LogName=System
SourceName=Microsoft-Windows-Service Control Manager
EventCode=7036
EventType=4
Type=Information
ComputerName=EC2AMAZ-QNLCPN3
TaskCategory=None
OpCode=The operation completed successfully.
RecordNumber=83148
Keywords=Classic
Message=The SystemEventsBroker service entered the running state.
12/04/2020 10:20:37 AM
LogName=System
SourceName=Microsoft-Windows-Service Control Manager
EventCode=7036
EventType=4
Type=Information
ComputerName=EC2AMAZ-QNLCPN3
TaskCategory=None
OpCode=The operation completed successfully.
RecordNumber=83147
Keywords=Classic
Message=The sppsvc service entered the running state.
12/04/2020 10:20:37 AM
LogName=System
SourceName=vxn
EventCode=31
EventType=4
Type=Information
ComputerName=EC2AMAZ-QNLCPN3
TaskCategory=None
OpCode=None
RecordNumber=83146
Keywords=Classic
Message=Intel(R) 82599 Virtual Function
 Network link has been established at 10Gbps full duplex.
12/04/2020 10:20:37 AM
LogName=System
SourceName=Microsoft-Windows-Service Control Manager
EventCode=7036
EventType=4
Type=Information
ComputerName=EC2AMAZ-QNLCPN3
TaskCategory=None
OpCode=The operation completed successfully.
RecordNumber=83145
Keywords=Classic
Message=The LSM service entered the running state.
12/04/2020 10:20:37 AM
LogName=System
SourceName=Microsoft-Windows-Service Control Manager
EventCode=7036
EventType=4
Type=Information
ComputerName=EC2AMAZ-QNLCPN3
TaskCategory=None
OpCode=The operation completed successfully.
RecordNumber=83144
Keywords=Classic
Message=The RpcSs service entered the running state.
12/04/2020 10:20:37 AM
LogName=System
SourceName=Microsoft-Windows-Service Control Manager
EventCode=7036
EventType=4
Type=Information
ComputerName=EC2AMAZ-QNLCPN3
TaskCategory=None
OpCode=The operation completed successfully.
RecordNumber=83143
Keywords=Classic
Message=The RpcEptMapper service entered the running state.
12/04/2020 10:20:37 AM
LogName=System
SourceName=Microsoft-Windows-Service Control Manager
EventCode=7036
EventType=4
Type=Information
ComputerName=EC2AMAZ-QNLCPN3
TaskCategory=None
OpCode=The operation completed successfully.
RecordNumber=83142
Keywords=Classic
Message=The DcomLaunch service entered the running state.
12/04/2020 10:20:37 AM
LogName=System
SourceName=Microsoft-Windows-Service Control Manager
EventCode=7036
EventType=4
Type=Information
ComputerName=EC2AMAZ-QNLCPN3
TaskCategory=None
OpCode=The operation completed successfully.
RecordNumber=83141
Keywords=Classic
Message=The Power service entered the running state.
12/04/2020 10:20:37 AM
LogName=System
SourceName=Microsoft-Windows-Service Control Manager
EventCode=7036
EventType=4
Type=Information
ComputerName=EC2AMAZ-QNLCPN3
TaskCategory=None
OpCode=The operation completed successfully.
RecordNumber=83140
Keywords=Classic
Message=The PlugPlay service entered the running state.
12/04/2020 10:20:37 AM
LogName=System
SourceName=Microsoft-Windows-Directory-Services-SAM
EventCode=16962
EventType=4
Type=Information
ComputerName=EC2AMAZ-QNLCPN3
User=NOT_TRANSLATED
Sid=S-1-5-18
SidType=0
TaskCategory=None
OpCode=Info
RecordNumber=83139
Keywords=None
Message=Remote calls to the SAM database are being restricted using the default security descriptor: O:SYG:SYD:(A;;RC;;;BA).
For more information please see http://go.microsoft.com/fwlink/?LinkId=787651.
12/04/2020 10:20:37 AM
LogName=System
SourceName=Microsoft-Windows-Wininit
EventCode=14
EventType=4
Type=Information
ComputerName=EC2AMAZ-QNLCPN3
User=NOT_TRANSLATED
Sid=S-1-5-18
SidType=0
TaskCategory=None
OpCode=Info
RecordNumber=83138
Keywords=None
Message=Credential Guard (LsaIso.exe) configuration: 0x0, 0
12/04/2020 10:20:38 AM
LogName=System
SourceName=Microsoft-Windows-Service Control Manager
EventCode=7036
EventType=4
Type=Information
ComputerName=EC2AMAZ-QNLCPN3
TaskCategory=None
OpCode=The operation completed successfully.
RecordNumber=83155
Keywords=Classic
Message=The tiledatamodelsvc service entered the running state.
12/04/2020 10:20:38 AM
LogName=System
SourceName=Microsoft-Windows-Service Control Manager
EventCode=7036
EventType=4
Type=Information
ComputerName=EC2AMAZ-QNLCPN3
TaskCategory=None
OpCode=The operation completed successfully.
RecordNumber=83154
Keywords=Classic
Message=The AppXSvc service entered the running state.
12/04/2020 10:20:38 AM
LogName=System
SourceName=Microsoft-Windows-Service Control Manager
EventCode=7036
EventType=4
Type=Information
ComputerName=EC2AMAZ-QNLCPN3
TaskCategory=None
OpCode=The operation completed successfully.
RecordNumber=83153
Keywords=Classic
Message=The StateRepository service entered the running state.
12/04/2020 10:20:43 AM
LogName=System
SourceName=Microsoft-Windows-Service Control Manager
EventCode=7036
EventType=4
Type=Information
ComputerName=EC2AMAZ-QNLCPN3
TaskCategory=None
OpCode=The operation completed successfully.
RecordNumber=83158
Keywords=Classic
Message=The CryptSvc service entered the running state.
12/04/2020 10:20:43 AM
LogName=System
SourceName=Microsoft-Windows-Kernel-General
EventCode=1
EventType=4
Type=Information
ComputerName=EC2AMAZ-QNLCPN3
User=NOT_TRANSLATED
Sid=S-1-5-18
SidType=0
TaskCategory=5
OpCode=Info
RecordNumber=83157
Keywords=Time
Message=The system time has changed to ‎2020‎-‎12‎-‎04T10:20:43.385000000Z from ‎2020‎-‎12‎-‎04T10:20:43.389432100Z.

Change Reason: An application or system component changed the time.
12/04/2020 10:20:43 AM
LogName=System
SourceName=Microsoft-Windows-Kernel-General
EventCode=1
EventType=4
Type=Information
ComputerName=EC2AMAZ-QNLCPN3
User=NOT_TRANSLATED
Sid=S-1-5-18
SidType=0
TaskCategory=5
OpCode=Info
RecordNumber=83156
Keywords=Time
Message=The system time has changed to ‎2020‎-‎12‎-‎04T10:20:43.385779200Z from ‎2020‎-‎12‎-‎04T10:20:43.385779200Z.

Change Reason: System time adjusted to the new time zone.
12/04/2020 10:20:45 AM
LogName=System
SourceName=Microsoft-Windows-Service Control Manager
EventCode=7036
EventType=4
Type=Information
ComputerName=EC2AMAZ-QNLCPN3
TaskCategory=None
OpCode=The operation completed successfully.
RecordNumber=83184
Keywords=Classic
Message=The FontCache service entered the running state.
12/04/2020 10:20:45 AM
LogName=System
SourceName=Microsoft-Windows-Service Control Manager
EventCode=7036
EventType=4
Type=Information
ComputerName=EC2AMAZ-QNLCPN3
TaskCategory=None
OpCode=The operation completed successfully.
RecordNumber=83183
Keywords=Classic
Message=The Wcmsvc service entered the running state.
12/04/2020 10:20:45 AM
LogName=System
SourceName=Microsoft-Windows-Service Control Manager
EventCode=7036
EventType=4
Type=Information
ComputerName=EC2AMAZ-QNLCPN3
TaskCategory=None
OpCode=The operation completed successfully.
RecordNumber=83182
Keywords=Classic
Message=The ShellHWDetection service entered the running state.
12/04/2020 10:20:45 AM
LogName=System
SourceName=Microsoft-Windows-Service Control Manager
EventCode=7036
EventType=4
Type=Information
ComputerName=EC2AMAZ-QNLCPN3
TaskCategory=None
OpCode=The operation completed successfully.
RecordNumber=83181
Keywords=Classic
Message=The gpsvc service entered the running state.
12/04/2020 10:20:45 AM
LogName=System
SourceName=Microsoft-Windows-Service Control Manager
EventCode=7036
EventType=4
Type=Information
ComputerName=EC2AMAZ-QNLCPN3
TaskCategory=None
OpCode=The operation completed successfully.
RecordNumber=83180
Keywords=Classic
Message=The ProfSvc service entered the running state.
12/04/2020 10:20:45 AM
LogName=System
SourceName=Microsoft-Windows-Service Control Manager
EventCode=7036
EventType=4
Type=Information
ComputerName=EC2AMAZ-QNLCPN3
TaskCategory=None
OpCode=The operation completed successfully.
RecordNumber=83179
Keywords=Classic
Message=The WinHttpAutoProxySvc service entered the running state.
12/04/2020 10:20:45 AM
LogName=System
SourceName=Microsoft-Windows-Service Control Manager
EventCode=7036
EventType=4
Type=Information
ComputerName=EC2AMAZ-QNLCPN3
TaskCategory=None
OpCode=The operation completed successfully.
RecordNumber=83178
Keywords=Classic
Message=The SENS service entered the running state.
12/04/2020 10:20:45 AM
LogName=System
SourceName=Microsoft-Windows-Service Control Manager
EventCode=7036
EventType=4
Type=Information
ComputerName=EC2AMAZ-QNLCPN3
TaskCategory=None
OpCode=The operation completed successfully.
RecordNumber=83177
Keywords=Classic
Message=The EventSystem service entered the running state.
12/04/2020 10:20:45 AM
LogName=System
SourceName=Microsoft-Windows-Service Control Manager
EventCode=7036
EventType=4
Type=Information
ComputerName=EC2AMAZ-QNLCPN3
TaskCategory=None
OpCode=The operation completed successfully.
RecordNumber=83176
Keywords=Classic
Message=The WPDBusEnum service entered the running state.
12/04/2020 10:20:45 AM
LogName=System
SourceName=Microsoft-Windows-FilterManager
EventCode=6
EventType=4
Type=Information
ComputerName=EC2AMAZ-QNLCPN3
User=NOT_TRANSLATED
Sid=S-1-5-18
SidType=0
TaskCategory=None
OpCode=Info
RecordNumber=83175
Keywords=None
Message=File System Filter 'storqosflt' (10.0, ‎2019‎-‎02‎-‎17T02:00:41.000000000Z) has successfully loaded and registered with Filter Manager.
12/04/2020 10:20:45 AM
LogName=System
SourceName=Microsoft-Windows-FilterManager
EventCode=6
EventType=4
Type=Information
ComputerName=EC2AMAZ-QNLCPN3
User=NOT_TRANSLATED
Sid=S-1-5-18
SidType=0
TaskCategory=None
OpCode=Info
RecordNumber=83174
Keywords=None
Message=File System Filter 'wcifs' (10.0, ‎2020‎-‎02‎-‎19T07:59:09.000000000Z) has successfully loaded and registered with Filter Manager.
12/04/2020 10:20:45 AM
LogName=System
SourceName=Microsoft-Windows-FilterManager
EventCode=6
EventType=4
Type=Information
ComputerName=EC2AMAZ-QNLCPN3
User=NOT_TRANSLATED
Sid=S-1-5-18
SidType=0
TaskCategory=None
OpCode=Info
RecordNumber=83173
Keywords=None
Message=File System Filter 'luafv' (10.0, ‎2019‎-‎04‎-‎02T04:23:00.000000000Z) has successfully loaded and registered with Filter Manager.
12/04/2020 10:20:45 AM
LogName=System
SourceName=Microsoft-Windows-Service Control Manager
EventCode=7036
EventType=4
Type=Information
ComputerName=EC2AMAZ-QNLCPN3
TaskCategory=None
OpCode=The operation completed successfully.
RecordNumber=83172
Keywords=Classic
Message=The NcbService service entered the running state.
12/04/2020 10:20:45 AM
LogName=System
SourceName=Microsoft-Windows-Service Control Manager
EventCode=7036
EventType=4
Type=Information
ComputerName=EC2AMAZ-QNLCPN3
TaskCategory=None
OpCode=The operation completed successfully.
RecordNumber=83171
Keywords=Classic
Message=The DsmSvc service entered the running state.
12/04/2020 10:20:45 AM
LogName=System
SourceName=Microsoft-Windows-Service Control Manager
EventCode=7036
EventType=4
Type=Information
ComputerName=EC2AMAZ-QNLCPN3
TaskCategory=None
OpCode=The operation completed successfully.
RecordNumber=83170
Keywords=Classic
Message=The netprofm service entered the running state.
12/04/2020 10:20:45 AM
LogName=System
SourceName=Microsoft-Windows-Service Control Manager
EventCode=7036
EventType=4
Type=Information
ComputerName=EC2AMAZ-QNLCPN3
TaskCategory=None
OpCode=The operation completed successfully.
RecordNumber=83169
Keywords=Classic
Message=The Themes service entered the running state.
12/04/2020 10:20:45 AM
LogName=System
SourceName=Microsoft-Windows-Service Control Manager
EventCode=7036
EventType=4
Type=Information
ComputerName=EC2AMAZ-QNLCPN3
TaskCategory=None
OpCode=The operation completed successfully.
RecordNumber=83168
Keywords=Classic
Message=The Dnscache service entered the running state.
12/04/2020 10:20:45 AM
LogName=System
SourceName=Microsoft-Windows-Service Control Manager
EventCode=7036
EventType=4
Type=Information
ComputerName=EC2AMAZ-QNLCPN3
TaskCategory=None
OpCode=The operation completed successfully.
RecordNumber=83167
Keywords=Classic
Message=The lmhosts service entered the running state.
12/04/2020 10:20:45 AM
LogName=System
SourceName=Microsoft-Windows-Service Control Manager
EventCode=7036
EventType=4
Type=Information
ComputerName=EC2AMAZ-QNLCPN3
TaskCategory=None
OpCode=The operation completed successfully.
RecordNumber=83166
Keywords=Classic
Message=The NlaSvc service entered the running state.
12/04/2020 10:20:45 AM
LogName=System
SourceName=Microsoft-Windows-Service Control Manager
EventCode=7036
EventType=4
Type=Information
ComputerName=EC2AMAZ-QNLCPN3
TaskCategory=None
OpCode=The operation completed successfully.
RecordNumber=83165
Keywords=Classic
Message=The BrokerInfrastructure service entered the running state.
12/04/2020 10:20:45 AM
LogName=System
SourceName=Microsoft-Windows-Service Control Manager
EventCode=7036
EventType=4
Type=Information
ComputerName=EC2AMAZ-QNLCPN3
TaskCategory=None
OpCode=The operation completed successfully.
RecordNumber=83164
Keywords=Classic
Message=The Dhcp service entered the running state.
12/04/2020 10:20:45 AM
LogName=System
SourceName=Microsoft-Windows-DHCPv6-Client
EventCode=51046
EventType=4
Type=Information
ComputerName=EC2AMAZ-QNLCPN3
User=NOT_TRANSLATED
Sid=S-1-5-19
SidType=0
TaskCategory=Service State Event
OpCode=ServiceStart
RecordNumber=83163
Keywords=None
Message=DHCPv6 client service is started
12/04/2020 10:20:45 AM
LogName=System
SourceName=Microsoft-Windows-Dhcp-Client
EventCode=50036
EventType=4
Type=Information
ComputerName=EC2AMAZ-QNLCPN3
User=NOT_TRANSLATED
Sid=S-1-5-19
SidType=0
TaskCategory=Service State Event
OpCode=ServiceStart
RecordNumber=83162
Keywords=None
Message=DHCPv4 client service is started
12/04/2020 10:20:45 AM
LogName=System
SourceName=Microsoft-Windows-Service Control Manager
EventCode=7036
EventType=4
Type=Information
ComputerName=EC2AMAZ-QNLCPN3
TaskCategory=None
OpCode=The operation completed successfully.
RecordNumber=83161
Keywords=Classic
Message=The nsi service entered the running state.
12/04/2020 10:20:45 AM
LogName=System
SourceName=Microsoft-Windows-Service Control Manager
EventCode=7036
EventType=4
Type=Information
ComputerName=EC2AMAZ-QNLCPN3
TaskCategory=None
OpCode=The operation completed successfully.
RecordNumber=83160
Keywords=Classic
Message=The EventLog service entered the running state.
12/04/2020 10:20:45 AM
LogName=System
SourceName=Microsoft-Windows-Service Control Manager
EventCode=7036
EventType=4
Type=Information
ComputerName=EC2AMAZ-QNLCPN3
TaskCategory=None
OpCode=The operation completed successfully.
RecordNumber=83159
Keywords=Classic
Message=The W32Time service entered the running state.
12/04/2020 10:20:45 AM
LogName=System
SourceName=EventLog
EventCode=6013
EventType=4
Type=Information
ComputerName=EC2AMAZ-QNLCPN3
TaskCategory=None
OpCode=None
RecordNumber=83110
Keywords=Classic
Message=The system uptime is 13 seconds.
12/04/2020 10:20:45 AM
LogName=System
SourceName=EventLog
EventCode=6005
EventType=4
Type=Information
ComputerName=EC2AMAZ-QNLCPN3
TaskCategory=None
OpCode=None
RecordNumber=83109
Keywords=Classic
Message=The Event log service was started.
12/04/2020 10:20:45 AM
LogName=System
SourceName=EventLog
EventCode=6009
EventType=4
Type=Information
ComputerName=EC2AMAZ-QNLCPN3
TaskCategory=None
OpCode=None
RecordNumber=83108
Keywords=Classic
Message=Microsoft (R) Windows (R) 10.00. 14393  Multiprocessor Free.
12/04/2020 10:20:45 AM
LogName=System
SourceName=EventLog
EventCode=6011
EventType=4
Type=Information
ComputerName=EC2AMAZ-QNLCPN3
TaskCategory=None
OpCode=None
RecordNumber=83107
Keywords=Classic
Message=The NetBIOS name and DNS host name of this machine have been changed from WIN-9MK8AI6MNIF to EC2AMAZ-QNLCPN3.
12/04/2020 10:20:46 AM
LogName=System
SourceName=Microsoft-Windows-Service Control Manager
EventCode=7036
EventType=4
Type=Information
ComputerName=EC2AMAZ-QNLCPN3
TaskCategory=None
OpCode=The operation completed successfully.
RecordNumber=83204
Keywords=Classic
Message=The WinDefend service entered the running state.
12/04/2020 10:20:46 AM
LogName=System
SourceName=Microsoft-Windows-Service Control Manager
EventCode=7036
EventType=4
Type=Information
ComputerName=EC2AMAZ-QNLCPN3
TaskCategory=None
OpCode=The operation completed successfully.
RecordNumber=83203
Keywords=Classic
Message=The iphlpsvc service entered the running state.
12/04/2020 10:20:46 AM
LogName=System
SourceName=Microsoft-Windows-Service Control Manager
EventCode=7036
EventType=4
Type=Information
ComputerName=EC2AMAZ-QNLCPN3
TaskCategory=None
OpCode=The operation completed successfully.
RecordNumber=83202
Keywords=Classic
Message=The WpnService service entered the running state.
12/04/2020 10:20:46 AM
LogName=System
SourceName=Microsoft-Windows-Service Control Manager
EventCode=7036
EventType=4
Type=Information
ComputerName=EC2AMAZ-QNLCPN3
TaskCategory=None
OpCode=The operation completed successfully.
RecordNumber=83201
Keywords=Classic
Message=The LanmanServer service entered the running state.
12/04/2020 10:20:46 AM
LogName=System
SourceName=Microsoft-Windows-Service Control Manager
EventCode=7026
EventType=4
Type=Information
ComputerName=EC2AMAZ-QNLCPN3
TaskCategory=None
OpCode=The operation completed successfully.
RecordNumber=83200
Keywords=Classic
Message=The following boot-start or system-start driver(s) did not load: 
cdrom
dam
12/04/2020 10:20:46 AM
LogName=System
SourceName=Microsoft-Windows-Service Control Manager
EventCode=7036
EventType=4
Type=Information
ComputerName=EC2AMAZ-QNLCPN3
TaskCategory=None
OpCode=The operation completed successfully.
RecordNumber=83199
Keywords=Classic
Message=The WinRM service entered the running state.
12/04/2020 10:20:46 AM
LogName=System
SourceName=Microsoft-Windows-Service Control Manager
EventCode=7036
EventType=4
Type=Information
ComputerName=EC2AMAZ-QNLCPN3
TaskCategory=None
OpCode=The operation completed successfully.
RecordNumber=83198
Keywords=Classic
Message=The AWSLiteAgent service entered the running state.
12/04/2020 10:20:46 AM
LogName=System
SourceName=Microsoft-Windows-Service Control Manager
EventCode=7036
EventType=4
Type=Information
ComputerName=EC2AMAZ-QNLCPN3
TaskCategory=None
OpCode=The operation completed successfully.
RecordNumber=83197
Keywords=Classic
Message=The PcaSvc service entered the running state.
12/04/2020 10:20:46 AM
LogName=System
SourceName=Microsoft-Windows-Service Control Manager
EventCode=7036
EventType=4
Type=Information
ComputerName=EC2AMAZ-QNLCPN3
TaskCategory=None
OpCode=The operation completed successfully.
RecordNumber=83196
Keywords=Classic
Message=The TrkWks service entered the running state.
12/04/2020 10:20:46 AM
LogName=System
SourceName=Microsoft-Windows-Service Control Manager
EventCode=7036
EventType=4
Type=Information
ComputerName=EC2AMAZ-QNLCPN3
TaskCategory=None
OpCode=The operation completed successfully.
RecordNumber=83195
Keywords=Classic
Message=The RemoteRegistry service entered the running state.
12/04/2020 10:20:46 AM
LogName=System
SourceName=Microsoft-Windows-Service Control Manager
EventCode=7036
EventType=4
Type=Information
ComputerName=EC2AMAZ-QNLCPN3
TaskCategory=None
OpCode=The operation completed successfully.
RecordNumber=83194
Keywords=Classic
Message=The Winmgmt service entered the running state.
12/04/2020 10:20:46 AM
LogName=System
SourceName=Microsoft-Windows-Windows Remote Management
EventCode=10148
EventType=4
Type=Information
ComputerName=EC2AMAZ-QNLCPN3
TaskCategory=None
OpCode=Info
RecordNumber=83193
Keywords=Classic
Message=The WinRM service is listening for WS-Management requests. 

 User Action 
 Use the following command to see the specific IPs on which WinRM is listening: 

 winrm enumerate winrm/config/listener
12/04/2020 10:20:46 AM
LogName=System
SourceName=Microsoft-Windows-Service Control Manager
EventCode=7036
EventType=4
Type=Information
ComputerName=EC2AMAZ-QNLCPN3
TaskCategory=None
OpCode=The operation completed successfully.
RecordNumber=83192
Keywords=Classic
Message=The Spooler service entered the running state.
12/04/2020 10:20:46 AM
LogName=System
SourceName=Microsoft-Windows-Service Control Manager
EventCode=7036
EventType=4
Type=Information
ComputerName=EC2AMAZ-QNLCPN3
TaskCategory=None
OpCode=The operation completed successfully.
RecordNumber=83191
Keywords=Classic
Message=The SamSs service entered the running state.
12/04/2020 10:20:46 AM
LogName=System
SourceName=Microsoft-Windows-Service Control Manager
EventCode=7036
EventType=4
Type=Information
ComputerName=EC2AMAZ-QNLCPN3
TaskCategory=None
OpCode=The operation completed successfully.
RecordNumber=83190
Keywords=Classic
Message=The MpsSvc service entered the running state.
12/04/2020 10:20:46 AM
LogName=System
SourceName=Microsoft-Windows-Service Control Manager
EventCode=7036
EventType=4
Type=Information
ComputerName=EC2AMAZ-QNLCPN3
TaskCategory=None
OpCode=The operation completed successfully.
RecordNumber=83189
Keywords=Classic
Message=The BFE service entered the running state.
12/04/2020 10:20:46 AM
LogName=System
SourceName=Microsoft-Windows-Service Control Manager
EventCode=7036
EventType=4
Type=Information
ComputerName=EC2AMAZ-QNLCPN3
TaskCategory=None
OpCode=The operation completed successfully.
RecordNumber=83188
Keywords=Classic
Message=The UserManager service entered the running state.
12/04/2020 10:20:46 AM
LogName=System
SourceName=Microsoft-Windows-Service Control Manager
EventCode=7036
EventType=4
Type=Information
ComputerName=EC2AMAZ-QNLCPN3
TaskCategory=None
OpCode=The operation completed successfully.
RecordNumber=83187
Keywords=Classic
Message=The TimeBrokerSvc service entered the running state.
12/04/2020 10:20:46 AM
LogName=System
SourceName=Microsoft-Windows-Service Control Manager
EventCode=7036
EventType=4
Type=Information
ComputerName=EC2AMAZ-QNLCPN3
TaskCategory=None
OpCode=The operation completed successfully.
RecordNumber=83186
Keywords=Classic
Message=The LanmanWorkstation service entered the running state.
12/04/2020 10:20:46 AM
LogName=System
SourceName=Microsoft-Windows-Service Control Manager
EventCode=7036
EventType=4
Type=Information
ComputerName=EC2AMAZ-QNLCPN3
TaskCategory=None
OpCode=The operation completed successfully.
RecordNumber=83185
Keywords=Classic
Message=The Schedule service entered the running state.
12/04/2020 10:20:47 AM
LogName=System
SourceName=Microsoft-Windows-Kernel-General
EventCode=1
EventType=4
Type=Information
ComputerName=EC2AMAZ-QNLCPN3
User=NOT_TRANSLATED
Sid=S-1-5-18
SidType=0
TaskCategory=5
OpCode=Info
RecordNumber=83208
Keywords=Time
Message=The system time has changed to ‎2020‎-‎12‎-‎04T10:20:47.908938000Z from ‎2020‎-‎12‎-‎04T10:20:47.908938000Z.

Change Reason: System time adjusted to the new time zone.
12/04/2020 10:20:47 AM
LogName=System
SourceName=Microsoft-Windows-Service Control Manager
EventCode=7036
EventType=4
Type=Information
ComputerName=EC2AMAZ-QNLCPN3
TaskCategory=None
OpCode=The operation completed successfully.
RecordNumber=83207
Keywords=Classic
Message=The AppReadiness service entered the running state.
12/04/2020 10:20:47 AM
LogName=System
SourceName=Microsoft-Windows-Time-Service
EventCode=35
EventType=4
Type=Information
ComputerName=EC2AMAZ-QNLCPN3
User=NOT_TRANSLATED
Sid=S-1-5-19
SidType=0
TaskCategory=None
OpCode=Info
RecordNumber=83206
Keywords=None
Message=The time service is now synchronizing the system time with the time source 169.254.169.123,0x9 (ntp.m|0x9|0.0.0.0:123->169.254.169.123:123).
12/04/2020 10:20:47 AM
LogName=System
SourceName=Microsoft-Windows-Time-Service
EventCode=37
EventType=4
Type=Information
ComputerName=EC2AMAZ-QNLCPN3
User=NOT_TRANSLATED
Sid=S-1-5-19
SidType=0
TaskCategory=None
OpCode=Info
RecordNumber=83205
Keywords=None
Message=The time provider NtpClient is currently receiving valid time data from 169.254.169.123,0x9 (ntp.m|0x9|0.0.0.0:123->169.254.169.123:123).
12/04/2020 10:20:48 AM
LogName=System
SourceName=Microsoft-Windows-Service Control Manager
EventCode=7036
EventType=4
Type=Information
ComputerName=EC2AMAZ-QNLCPN3
TaskCategory=None
OpCode=The operation completed successfully.
RecordNumber=83211
Keywords=Classic
Message=The DmEnrollmentSvc service entered the stopped state.
12/04/2020 10:20:48 AM
LogName=System
SourceName=Microsoft-Windows-Service Control Manager
EventCode=7036
EventType=4
Type=Information
ComputerName=EC2AMAZ-QNLCPN3
TaskCategory=None
OpCode=The operation completed successfully.
RecordNumber=83210
Keywords=Classic
Message=The DmEnrollmentSvc service entered the running state.
12/04/2020 10:20:48 AM
LogName=System
SourceName=Microsoft-Windows-Service Control Manager
EventCode=7036
EventType=4
Type=Information
ComputerName=EC2AMAZ-QNLCPN3
TaskCategory=None
OpCode=The operation completed successfully.
RecordNumber=83209
Keywords=Classic
Message=The wlidsvc service entered the running state.
12/04/2020 10:20:49 AM
LogName=System
SourceName=Microsoft-Windows-Service Control Manager
EventCode=7036
EventType=4
Type=Information
ComputerName=EC2AMAZ-QNLCPN3
TaskCategory=None
OpCode=The operation completed successfully.
RecordNumber=83213
Keywords=Classic
Message=The WdNisSvc service entered the running state.
12/04/2020 10:20:49 AM
LogName=System
SourceName=Microsoft-Windows-Service Control Manager
EventCode=7036
EventType=4
Type=Information
ComputerName=EC2AMAZ-QNLCPN3
TaskCategory=None
OpCode=The operation completed successfully.
RecordNumber=83212
Keywords=Classic
Message=The TermService service entered the running state.
12/04/2020 10:20:50 AM
LogName=System
SourceName=Microsoft-Windows-Service Control Manager
EventCode=7036
EventType=4
Type=Information
ComputerName=EC2AMAZ-QNLCPN3
TaskCategory=None
OpCode=The operation completed successfully.
RecordNumber=83219
Keywords=Classic
Message=The KeyIso service entered the running state.
12/04/2020 10:20:50 AM
LogName=System
SourceName=Microsoft-Windows-Iphlpsvc
EventCode=4200
EventType=4
Type=Information
ComputerName=EC2AMAZ-QNLCPN3
User=NOT_TRANSLATED
Sid=S-1-5-18
SidType=0
TaskCategory=None
OpCode=Info
RecordNumber=83218
Keywords=None
Message=Isatap interface isatap.eu-central-1.compute.internal with address fe80::5efe:172.31.39.37 has been brought up.
12/04/2020 10:20:50 AM
LogName=System
SourceName=Microsoft-Windows-Service Control Manager
EventCode=7036
EventType=4
Type=Information
ComputerName=EC2AMAZ-QNLCPN3
TaskCategory=None
OpCode=The operation completed successfully.
RecordNumber=83217
Keywords=Classic
Message=The SessionEnv service entered the running state.
12/04/2020 10:20:50 AM
LogName=System
SourceName=Microsoft-Windows-Service Control Manager
EventCode=7036
EventType=4
Type=Information
ComputerName=EC2AMAZ-QNLCPN3
TaskCategory=None
OpCode=The operation completed successfully.
RecordNumber=83216
Keywords=Classic
Message=The CertPropSvc service entered the running state.
12/04/2020 10:20:50 AM
LogName=System
SourceName=Microsoft-Windows-Service Control Manager
EventCode=7036
EventType=4
Type=Information
ComputerName=EC2AMAZ-QNLCPN3
TaskCategory=None
OpCode=The operation completed successfully.
RecordNumber=83215
Keywords=Classic
Message=The UmRdpService service entered the running state.
12/04/2020 10:20:50 AM
LogName=System
SourceName=Microsoft-Windows-TerminalServices-RemoteConnectionManager
EventCode=1056
EventType=4
Type=Information
ComputerName=EC2AMAZ-QNLCPN3
TaskCategory=None
OpCode=The operation completed successfully.
RecordNumber=83214
Keywords=Classic
Message=A new self signed certificate to be used for RD Session Host Server authentication on SSL connections was generated. The name on this certificate is EC2AMAZ-QNLCPN3. The SHA1 hash of the certificate is in the event data.
12/04/2020 10:20:51 AM
LogName=System
SourceName=Microsoft-Windows-Service Control Manager
EventCode=7036
EventType=4
Type=Information
ComputerName=EC2AMAZ-QNLCPN3
TaskCategory=None
OpCode=The operation completed successfully.
RecordNumber=83220
Keywords=Classic
Message=The wuauserv service entered the running state.
12/04/2020 10:20:54 AM
LogName=System
SourceName=Microsoft-Windows-TPM-WMI
EventCode=1282
EventType=4
Type=Information
ComputerName=EC2AMAZ-QNLCPN3
User=NOT_TRANSLATED
Sid=S-1-5-18
SidType=0
TaskCategory=None
OpCode=Info
RecordNumber=83222
Keywords=None
Message=The TBS device identifier has been generated.
12/04/2020 10:20:54 AM
LogName=System
SourceName=Microsoft-Windows-TPM-WMI
EventCode=1281
EventType=4
Type=Information
ComputerName=EC2AMAZ-QNLCPN3
User=NOT_TRANSLATED
Sid=S-1-5-18
SidType=0
TaskCategory=None
OpCode=Info
RecordNumber=83221
Keywords=None
Message=This event triggers the TBS device identifier generation.
12/04/2020 10:20:58 AM
LogName=System
SourceName=Microsoft-Windows-Service Control Manager
EventCode=7036
EventType=4
Type=Information
ComputerName=EC2AMAZ-QNLCPN3
TaskCategory=None
OpCode=The operation completed successfully.
RecordNumber=83223
Keywords=Classic
Message=The TrustedInstaller service entered the running state.
12/04/2020 10:21:12 AM
LogName=System
SourceName=Microsoft-Windows-Service Control Manager
EventCode=7036
EventType=4
Type=Information
ComputerName=EC2AMAZ-QNLCPN3
TaskCategory=None
OpCode=The operation completed successfully.
RecordNumber=83225
Keywords=Classic
Message=The vds service entered the running state.
12/04/2020 10:21:12 AM
LogName=System
SourceName=Virtual Disk Service
EventCode=3
EventType=4
Type=Information
ComputerName=EC2AMAZ-QNLCPN3
TaskCategory=None
OpCode=None
RecordNumber=83224
Keywords=Classic
Message=Service started.
12/04/2020 10:21:17 AM
LogName=System
SourceName=Microsoft-Windows-UserModePowerService
EventCode=12
EventType=4
Type=Information
ComputerName=EC2AMAZ-QNLCPN3
User=NOT_TRANSLATED
Sid=S-1-5-18
SidType=0
TaskCategory=10
OpCode=Info
RecordNumber=83226
Keywords=None
Message=Process C:\Windows\System32\powercfg.exe (process ID:3176) reset policy scheme from {8C5E7FDA-E8BF-4A96-9A85-A6E23A8C635C} to {8C5E7FDA-E8BF-4A96-9A85-A6E23A8C635C}
12/04/2020 10:21:18 AM
LogName=System
SourceName=Microsoft-Windows-Service Control Manager
EventCode=7040
EventType=4
Type=Information
ComputerName=EC2AMAZ-QNLCPN3
User=NOT_TRANSLATED
Sid=S-1-5-18
SidType=0
TaskCategory=None
OpCode=The operation completed successfully.
RecordNumber=83227
Keywords=Classic
Message=The start type of the Amazon SSM Agent service was changed from disabled to auto start.
12/04/2020 10:21:27 AM
LogName=System
SourceName=Microsoft-Windows-DistributedCOM
EventCode=10016
EventType=2
Type=Error
ComputerName=EC2AMAZ-QNLCPN3
User=NOT_TRANSLATED
Sid=S-1-5-21-3216151926-3189203782-4155723639-500
SidType=0
TaskCategory=None
OpCode=Info
RecordNumber=83228
Keywords=Classic
Message=The application-specific permission settings do not grant Local Activation permission for the COM Server application with CLSID 
{D63B10C5-BB46-4990-A94F-E40B9D520160}
 and APPID 
{9CA88EE3-ACB7-47C8-AFC4-AB702511C276}
 to the user EC2AMAZ-QNLCPN3\Administrator SID (S-1-5-21-3216151926-3189203782-4155723639-500) from address LocalHost (Using LRPC) running in the application container Unavailable SID (Unavailable). This security permission can be modified using the Component Services administrative tool.
12/04/2020 10:21:29 AM
LogName=System
SourceName=Microsoft-Windows-Service Control Manager
EventCode=7040
EventType=4
Type=Information
ComputerName=EC2AMAZ-QNLCPN3
User=NOT_TRANSLATED
Sid=S-1-5-21-3216151926-3189203782-4155723639-500
SidType=0
TaskCategory=None
OpCode=The operation completed successfully.
RecordNumber=83230
Keywords=Classic
Message=The start type of the Amazon SSM Agent service was changed from auto start to disabled.
12/04/2020 10:21:30 AM
LogName=System
SourceName=EventLog
EventCode=6006
EventType=4
Type=Information
ComputerName=EC2AMAZ-QNLCPN3
TaskCategory=None
OpCode=None
RecordNumber=83256
Keywords=Classic
Message=The Event log service was stopped.
12/04/2020 10:21:30 AM
LogName=System
SourceName=Microsoft-Windows-Service Control Manager
EventCode=7036
EventType=4
Type=Information
ComputerName=EC2AMAZ-QNLCPN3
TaskCategory=None
OpCode=The operation completed successfully.
RecordNumber=83255
Keywords=Classic
Message=The Cryptographic Services service entered the stopped state.
12/04/2020 10:21:30 AM
LogName=System
SourceName=Microsoft-Windows-Service Control Manager
EventCode=7036
EventType=4
Type=Information
ComputerName=EC2AMAZ-QNLCPN3
TaskCategory=None
OpCode=The operation completed successfully.
RecordNumber=83254
Keywords=Classic
Message=The Windows Connection Manager service entered the stopped state.
12/04/2020 10:21:30 AM
LogName=System
SourceName=Microsoft-Windows-Service Control Manager
EventCode=7036
EventType=4
Type=Information
ComputerName=EC2AMAZ-QNLCPN3
TaskCategory=None
OpCode=The operation completed successfully.
RecordNumber=83253
Keywords=Classic
Message=The DHCP Client service entered the stopped state.
12/04/2020 10:21:30 AM
LogName=System
SourceName=Microsoft-Windows-Dhcp-Client
EventCode=50037
EventType=4
Type=Information
ComputerName=EC2AMAZ-QNLCPN3
User=NOT_TRANSLATED
Sid=S-1-5-19
SidType=0
TaskCategory=Service State Event
OpCode=ServiceStop
RecordNumber=83252
Keywords=None
Message=DHCPv4 client service is stopped. ShutDown Flag value is 1
12/04/2020 10:21:30 AM
LogName=System
SourceName=Microsoft-Windows-Service Control Manager
EventCode=7036
EventType=4
Type=Information
ComputerName=EC2AMAZ-QNLCPN3
TaskCategory=None
OpCode=The operation completed successfully.
RecordNumber=83251
Keywords=Classic
Message=The Program Compatibility Assistant Service service entered the stopped state.
12/04/2020 10:21:30 AM
LogName=System
SourceName=Microsoft-Windows-Service Control Manager
EventCode=7036
EventType=4
Type=Information
ComputerName=EC2AMAZ-QNLCPN3
TaskCategory=None
OpCode=The operation completed successfully.
RecordNumber=83250
Keywords=Classic
Message=The Software Protection service entered the stopped state.
12/04/2020 10:21:30 AM
LogName=System
SourceName=Microsoft-Windows-Service Control Manager
EventCode=7036
EventType=4
Type=Information
ComputerName=EC2AMAZ-QNLCPN3
TaskCategory=None
OpCode=The operation completed successfully.
RecordNumber=83249
Keywords=Classic
Message=The State Repository Service service entered the stopped state.
12/04/2020 10:21:30 AM
LogName=System
SourceName=Microsoft-Windows-Service Control Manager
EventCode=7036
EventType=4
Type=Information
ComputerName=EC2AMAZ-QNLCPN3
TaskCategory=None
OpCode=The operation completed successfully.
RecordNumber=83248
Keywords=Classic
Message=The User Profile Service service entered the stopped state.
12/04/2020 10:21:30 AM
LogName=System
SourceName=Microsoft-Windows-Service Control Manager
EventCode=7036
EventType=4
Type=Information
ComputerName=EC2AMAZ-QNLCPN3
TaskCategory=None
OpCode=The operation completed successfully.
RecordNumber=83247
Keywords=Classic
Message=The Certificate Propagation service entered the stopped state.
12/04/2020 10:21:30 AM
LogName=System
SourceName=Microsoft-Windows-DHCPv6-Client
EventCode=51047
EventType=4
Type=Information
ComputerName=EC2AMAZ-QNLCPN3
User=NOT_TRANSLATED
Sid=S-1-5-19
SidType=0
TaskCategory=Service State Event
OpCode=ServiceStop
RecordNumber=83246
Keywords=None
Message=DHCPv6 client service is stopped. ShutDown Flag value is 1
12/04/2020 10:21:30 AM
LogName=System
SourceName=Microsoft-Windows-Service Control Manager
EventCode=7036
EventType=4
Type=Information
ComputerName=EC2AMAZ-QNLCPN3
TaskCategory=None
OpCode=The operation completed successfully.
RecordNumber=83245
Keywords=Classic
Message=The Device Install Service service entered the stopped state.
12/04/2020 10:21:30 AM
LogName=System
SourceName=Microsoft-Windows-Service Control Manager
EventCode=7036
EventType=4
Type=Information
ComputerName=EC2AMAZ-QNLCPN3
TaskCategory=None
OpCode=The operation completed successfully.
RecordNumber=83244
Keywords=Classic
Message=The Windows Management Instrumentation service entered the stopped state.
12/04/2020 10:21:30 AM
LogName=System
SourceName=Microsoft-Windows-Service Control Manager
EventCode=7036
EventType=4
Type=Information
ComputerName=EC2AMAZ-QNLCPN3
TaskCategory=None
OpCode=The operation completed successfully.
RecordNumber=83243
Keywords=Classic
Message=The AppX Deployment Service (AppXSVC) service entered the stopped state.
12/04/2020 10:21:30 AM
LogName=System
SourceName=Microsoft-Windows-Service Control Manager
EventCode=7036
EventType=4
Type=Information
ComputerName=EC2AMAZ-QNLCPN3
TaskCategory=None
OpCode=The operation completed successfully.
RecordNumber=83242
Keywords=Classic
Message=The Distributed Link Tracking Client service entered the stopped state.
12/04/2020 10:21:30 AM
LogName=System
SourceName=Microsoft-Windows-Service Control Manager
EventCode=7036
EventType=4
Type=Information
ComputerName=EC2AMAZ-QNLCPN3
TaskCategory=None
OpCode=The operation completed successfully.
RecordNumber=83241
Keywords=Classic
Message=The AWS Lite Guest Agent service entered the stopped state.
12/04/2020 10:21:30 AM
LogName=System
SourceName=Microsoft-Windows-Service Control Manager
EventCode=7036
EventType=4
Type=Information
ComputerName=EC2AMAZ-QNLCPN3
TaskCategory=None
OpCode=The operation completed successfully.
RecordNumber=83240
Keywords=Classic
Message=The Plug and Play service entered the stopped state.
