<Event xmlns='http://schemas.microsoft.com/win/2004/08/events/event'><System><Provider Name='Microsoft-Windows-Security-Auditing' Guid='{54849625-5478-4994-A5BA-3E3B0328C30D}'/><EventID>4946</EventID><Version>0</Version><Level>0</Level><Task>13571</Task><Opcode>0</Opcode><Keywords>0x8020000000000000</Keywords><TimeCreated SystemTime='2025-01-15T15:37:10.140309700Z'/><EventRecordID>893174</EventRecordID><Correlation ActivityID='{F11D9656-675C-0002-5B96-1DF15C67DB01}'/><Execution ProcessID='592' ThreadID='5816'/><Channel>Security</Channel><Computer>ar-win-dc.attackrange.local</Computer><Security/></System><EventData><Data Name='ProfileChanged'>All</Data><Data Name='RuleId'>{2B6C38C7-0EBB-4010-80E5-45BF5F2CB8DD}</Data><Data Name='RuleName'>Allow Dummy Rule</Data></EventData></Event>
<Event xmlns='http://schemas.microsoft.com/win/2004/08/events/event'><System><Provider Name='Microsoft-Windows-Security-Auditing' Guid='{54849625-5478-4994-A5BA-3E3B0328C30D}'/><EventID>4946</EventID><Version>0</Version><Level>0</Level><Task>13571</Task><Opcode>0</Opcode><Keywords>0x8020000000000000</Keywords><TimeCreated SystemTime='2025-01-15T15:35:58.460470800Z'/><EventRecordID>893172</EventRecordID><Correlation ActivityID='{F11D9656-675C-0002-5B96-1DF15C67DB01}'/><Execution ProcessID='592' ThreadID='632'/><Channel>Security</Channel><Computer>ar-win-dc.attackrange.local</Computer><Security/></System><EventData><Data Name='ProfileChanged'>All</Data><Data Name='RuleId'>{0A93EF88-A0FE-4A77-A5DD-4E46A51A2E2E}</Data><Data Name='RuleName'>Allow Dummy Rule</Data></EventData></Event>
<Event xmlns='http://schemas.microsoft.com/win/2004/08/events/event'><System><Provider Name='Microsoft-Windows-Security-Auditing' Guid='{54849625-5478-4994-A5BA-3E3B0328C30D}'/><EventID>4946</EventID><Version>0</Version><Level>0</Level><Task>13571</Task><Opcode>0</Opcode><Keywords>0x8020000000000000</Keywords><TimeCreated SystemTime='2025-01-15T15:34:14.488185300Z'/><EventRecordID>893170</EventRecordID><Correlation ActivityID='{F11D9656-675C-0002-5B96-1DF15C67DB01}'/><Execution ProcessID='592' ThreadID='632'/><Channel>Security</Channel><Computer>ar-win-dc.attackrange.local</Computer><Security/></System><EventData><Data Name='ProfileChanged'>All</Data><Data Name='RuleId'>{F1F45BAC-902B-489E-A811-42D7B2BE27F9}</Data><Data Name='RuleName'>Allow Dummy Rule</Data></EventData></Event>
