<Event xmlns='http://schemas.microsoft.com/win/2004/08/events/event'><System><Provider Name='Microsoft-Windows-Security-Auditing' Guid='{54849625-5478-4994-A5BA-3E3B0328C30D}'/><EventID>4662</EventID><Version>0</Version><Level>0</Level><Task>14080</Task><Opcode>0</Opcode><Keywords>0x8010000000000000</Keywords><TimeCreated SystemTime='2023-02-02T22:41:45.751175400Z'/><EventRecordID>21623198276</EventRecordID><Correlation ActivityID='{7BAD94BA-268A-0000-BB94-AD7B8A26D901}'/><Execution ProcessID='848' ThreadID='7136'/><Channel>Security</Channel><Computer>attack_range_dc</Computer><Security/></System><EventData><Data Name='SubjectUserSid'>attack_range\attacker</Data><Data Name='SubjectUserName'>attacker</Data><Data Name='SubjectDomainName'>attack_range</Data><Data Name='SubjectLogonId'>0x632426dc0</Data><Data Name='ObjectServer'>DS</Data><Data Name='ObjectType'>group</Data><Data Name='ObjectName'>CN=Incoming Forest Trust Builders,CN=Users,DC=Attack_Range</Data><Data Name='OperationType'>Object Access</Data><Data Name='HandleId'>0x0</Data><Data Name='AccessList'>%%7688
				</Data><Data Name='AccessMask'>0x100</Data><Data Name='Properties'>---
		Default Property Set
			unixUserPassword
	group
</Data><Data Name='AdditionalInfo'>-</Data><Data Name='AdditionalInfo2'></Data></EventData></Event>
<Event xmlns='http://schemas.microsoft.com/win/2004/08/events/event'><System><Provider Name='Microsoft-Windows-Security-Auditing' Guid='{54849625-5478-4994-A5BA-3E3B0328C30D}'/><EventID>4662</EventID><Version>0</Version><Level>0</Level><Task>14080</Task><Opcode>0</Opcode><Keywords>0x8010000000000000</Keywords><TimeCreated SystemTime='2023-02-02T22:41:09.346733900Z'/><EventRecordID>21623179003</EventRecordID><Correlation ActivityID='{7BAD94BA-268A-0000-BB94-AD7B8A26D901}'/><Execution ProcessID='848' ThreadID='7136'/><Channel>Security</Channel><Computer>attack_range_dc</Computer><Security/></System><EventData><Data Name='SubjectUserSid'>attack_range\attacker</Data><Data Name='SubjectUserName'>attacker</Data><Data Name='SubjectDomainName'>attack_range</Data><Data Name='SubjectLogonId'>0x632426dc0</Data><Data Name='ObjectServer'>DS</Data><Data Name='ObjectType'>group</Data><Data Name='ObjectName'>CN=Power Users,CN=Users,DC=Attack_Range</Data><Data Name='OperationType'>Object Access</Data><Data Name='HandleId'>0x0</Data><Data Name='AccessList'>%%7688
				</Data><Data Name='AccessMask'>0x100</Data><Data Name='Properties'>---
		Default Property Set
			unixUserPassword
	group
</Data><Data Name='AdditionalInfo'>-</Data><Data Name='AdditionalInfo2'></Data></EventData></Event>
<Event xmlns='http://schemas.microsoft.com/win/2004/08/events/event'><System><Provider Name='Microsoft-Windows-Security-Auditing' Guid='{54849625-5478-4994-A5BA-3E3B0328C30D}'/><EventID>4662</EventID><Version>0</Version><Level>0</Level><Task>14080</Task><Opcode>0</Opcode><Keywords>0x8010000000000000</Keywords><TimeCreated SystemTime='2023-02-02T22:40:56.388411800Z'/><EventRecordID>21623172149</EventRecordID><Correlation ActivityID='{7BAD94BA-268A-0000-BB94-AD7B8A26D901}'/><Execution ProcessID='848' ThreadID='6800'/><Channel>Security</Channel><Computer>attack_range_dc</Computer><Security/></System><EventData><Data Name='SubjectUserSid'>attack_range\attacker</Data><Data Name='SubjectUserName'>attacker</Data><Data Name='SubjectDomainName'>attack_range</Data><Data Name='SubjectLogonId'>0x632426dc0</Data><Data Name='ObjectServer'>DS</Data><Data Name='ObjectType'>group</Data><Data Name='ObjectName'>CN=Domain Controllers,CN=Users,DC=Attack_Range</Data><Data Name='OperationType'>Object Access</Data><Data Name='HandleId'>0x0</Data><Data Name='AccessList'>%%7688
				</Data><Data Name='AccessMask'>0x100</Data><Data Name='Properties'>---
		Default Property Set
			unixUserPassword
	group
</Data><Data Name='AdditionalInfo'>-</Data><Data Name='AdditionalInfo2'></Data></EventData></Event>
<Event xmlns='http://schemas.microsoft.com/win/2004/08/events/event'><System><Provider Name='Microsoft-Windows-Security-Auditing' Guid='{54849625-5478-4994-A5BA-3E3B0328C30D}'/><EventID>4662</EventID><Version>0</Version><Level>0</Level><Task>14080</Task><Opcode>0</Opcode><Keywords>0x8010000000000000</Keywords><TimeCreated SystemTime='2023-02-02T22:40:56.388205500Z'/><EventRecordID>21623172148</EventRecordID><Correlation ActivityID='{7BAD94BA-268A-0000-BB94-AD7B8A26D901}'/><Execution ProcessID='848' ThreadID='6800'/><Channel>Security</Channel><Computer>attack_range_dc</Computer><Security/></System><EventData><Data Name='SubjectUserSid'>attack_range\attacker</Data><Data Name='SubjectUserName'>attacker</Data><Data Name='SubjectDomainName'>attack_range</Data><Data Name='SubjectLogonId'>0x632426dc0</Data><Data Name='ObjectServer'>DS</Data><Data Name='ObjectType'>group</Data><Data Name='ObjectName'>CN=Read-only Domain Controllers,CN=Users,DC=Attack_Range</Data><Data Name='OperationType'>Object Access</Data><Data Name='HandleId'>0x0</Data><Data Name='AccessList'>%%7688
				</Data><Data Name='AccessMask'>0x100</Data><Data Name='Properties'>---
		Default Property Set
			unixUserPassword
	group
</Data><Data Name='AdditionalInfo'>-</Data><Data Name='AdditionalInfo2'></Data></EventData></Event>
<Event xmlns='http://schemas.microsoft.com/win/2004/08/events/event'><System><Provider Name='Microsoft-Windows-Security-Auditing' Guid='{54849625-5478-4994-A5BA-3E3B0328C30D}'/><EventID>4662</EventID><Version>0</Version><Level>0</Level><Task>14080</Task><Opcode>0</Opcode><Keywords>0x8010000000000000</Keywords><TimeCreated SystemTime='2023-02-02T22:40:56.387742100Z'/><EventRecordID>21623172146</EventRecordID><Correlation ActivityID='{7BAD94BA-268A-0000-BB94-AD7B8A26D901}'/><Execution ProcessID='848' ThreadID='6800'/><Channel>Security</Channel><Computer>attack_range_dc</Computer><Security/></System><EventData><Data Name='SubjectUserSid'>attack_range\attacker</Data><Data Name='SubjectUserName'>attacker</Data><Data Name='SubjectDomainName'>attack_range</Data><Data Name='SubjectLogonId'>0x632426dc0</Data><Data Name='ObjectServer'>DS</Data><Data Name='ObjectType'>group</Data><Data Name='ObjectName'>CN=Server Operators,CN=Users,DC=Attack_Range</Data><Data Name='OperationType'>Object Access</Data><Data Name='HandleId'>0x0</Data><Data Name='AccessList'>%%7688
				</Data><Data Name='AccessMask'>0x100</Data><Data Name='Properties'>---
		Default Property Set
			unixUserPassword
	group
</Data><Data Name='AdditionalInfo'>-</Data><Data Name='AdditionalInfo2'></Data></EventData></Event>
<Event xmlns='http://schemas.microsoft.com/win/2004/08/events/event'><System><Provider Name='Microsoft-Windows-Security-Auditing' Guid='{54849625-5478-4994-A5BA-3E3B0328C30D}'/><EventID>4662</EventID><Version>0</Version><Level>0</Level><Task>14080</Task><Opcode>0</Opcode><Keywords>0x8010000000000000</Keywords><TimeCreated SystemTime='2023-02-02T22:40:56.387511700Z'/><EventRecordID>21623172145</EventRecordID><Correlation ActivityID='{7BAD94BA-268A-0000-BB94-AD7B8A26D901}'/><Execution ProcessID='848' ThreadID='6800'/><Channel>Security</Channel><Computer>attack_range_dc</Computer><Security/></System><EventData><Data Name='SubjectUserSid'>attack_range\attacker</Data><Data Name='SubjectUserName'>attacker</Data><Data Name='SubjectDomainName'>attack_range</Data><Data Name='SubjectLogonId'>0x632426dc0</Data><Data Name='ObjectServer'>DS</Data><Data Name='ObjectType'>group</Data><Data Name='ObjectName'>CN=Backup Operators,CN=Users,DC=Attack_Range</Data><Data Name='OperationType'>Object Access</Data><Data Name='HandleId'>0x0</Data><Data Name='AccessList'>%%7688
				</Data><Data Name='AccessMask'>0x100</Data><Data Name='Properties'>---
		Default Property Set
			unixUserPassword
	group
</Data><Data Name='AdditionalInfo'>-</Data><Data Name='AdditionalInfo2'></Data></EventData></Event>
<Event xmlns='http://schemas.microsoft.com/win/2004/08/events/event'><System><Provider Name='Microsoft-Windows-Security-Auditing' Guid='{54849625-5478-4994-A5BA-3E3B0328C30D}'/><EventID>4662</EventID><Version>0</Version><Level>0</Level><Task>14080</Task><Opcode>0</Opcode><Keywords>0x8010000000000000</Keywords><TimeCreated SystemTime='2023-02-02T22:40:56.384143700Z'/><EventRecordID>21623172127</EventRecordID><Correlation ActivityID='{7BAD94BA-268A-0000-BB94-AD7B8A26D901}'/><Execution ProcessID='848' ThreadID='8332'/><Channel>Security</Channel><Computer>attack_range_dc</Computer><Security/></System><EventData><Data Name='SubjectUserSid'>attack_range\attacker</Data><Data Name='SubjectUserName'>attacker</Data><Data Name='SubjectDomainName'>attack_range</Data><Data Name='SubjectLogonId'>0x632426dc0</Data><Data Name='ObjectServer'>DS</Data><Data Name='ObjectType'>group</Data><Data Name='ObjectName'>CN=Certificate Service DCOM Access,CN=Users,DC=Attack_Range</Data><Data Name='OperationType'>Object Access</Data><Data Name='HandleId'>0x0</Data><Data Name='AccessList'>%%7688
				</Data><Data Name='AccessMask'>0x100</Data><Data Name='Properties'>---
		Default Property Set
			unixUserPassword
	group
</Data><Data Name='AdditionalInfo'>-</Data><Data Name='AdditionalInfo2'></Data></EventData></Event>
<Event xmlns='http://schemas.microsoft.com/win/2004/08/events/event'><System><Provider Name='Microsoft-Windows-Security-Auditing' Guid='{54849625-5478-4994-A5BA-3E3B0328C30D}'/><EventID>4662</EventID><Version>0</Version><Level>0</Level><Task>14080</Task><Opcode>0</Opcode><Keywords>0x8010000000000000</Keywords><TimeCreated SystemTime='2023-02-02T22:40:56.383669300Z'/><EventRecordID>21623172124</EventRecordID><Correlation ActivityID='{7BAD94BA-268A-0000-BB94-AD7B8A26D901}'/><Execution ProcessID='848' ThreadID='8332'/><Channel>Security</Channel><Computer>attack_range_dc</Computer><Security/></System><EventData><Data Name='SubjectUserSid'>attack_range\attacker</Data><Data Name='SubjectUserName'>attacker</Data><Data Name='SubjectDomainName'>attack_range</Data><Data Name='SubjectLogonId'>0x632426dc0</Data><Data Name='ObjectServer'>DS</Data><Data Name='ObjectType'>group</Data><Data Name='ObjectName'>CN=Cert Publishers,CN=Users,DC=Attack_Range</Data><Data Name='OperationType'>Object Access</Data><Data Name='HandleId'>0x0</Data><Data Name='AccessList'>%%7688
				</Data><Data Name='AccessMask'>0x100</Data><Data Name='Properties'>---
		Default Property Set
			unixUserPassword
	group
</Data><Data Name='AdditionalInfo'>-</Data><Data Name='AdditionalInfo2'></Data></EventData></Event>
<Event xmlns='http://schemas.microsoft.com/win/2004/08/events/event'><System><Provider Name='Microsoft-Windows-Security-Auditing' Guid='{54849625-5478-4994-A5BA-3E3B0328C30D}'/><EventID>4662</EventID><Version>0</Version><Level>0</Level><Task>14080</Task><Opcode>0</Opcode><Keywords>0x8010000000000000</Keywords><TimeCreated SystemTime='2023-02-02T22:40:56.383506900Z'/><EventRecordID>21623172123</EventRecordID><Correlation ActivityID='{7BAD94BA-268A-0000-BB94-AD7B8A26D901}'/><Execution ProcessID='848' ThreadID='8332'/><Channel>Security</Channel><Computer>attack_range_dc</Computer><Security/></System><EventData><Data Name='SubjectUserSid'>attack_range\attacker</Data><Data Name='SubjectUserName'>attacker</Data><Data Name='SubjectDomainName'>attack_range</Data><Data Name='SubjectLogonId'>0x632426dc0</Data><Data Name='ObjectServer'>DS</Data><Data Name='ObjectType'>group</Data><Data Name='ObjectName'>CN=Print Operators,CN=Users,DC=Attack_Range</Data><Data Name='OperationType'>Object Access</Data><Data Name='HandleId'>0x0</Data><Data Name='AccessList'>%%7688
				</Data><Data Name='AccessMask'>0x100</Data><Data Name='Properties'>---
		Default Property Set
			unixUserPassword
	group
</Data><Data Name='AdditionalInfo'>-</Data><Data Name='AdditionalInfo2'></Data></EventData></Event>
<Event xmlns='http://schemas.microsoft.com/win/2004/08/events/event'><System><Provider Name='Microsoft-Windows-Security-Auditing' Guid='{54849625-5478-4994-A5BA-3E3B0328C30D}'/><EventID>4662</EventID><Version>0</Version><Level>0</Level><Task>14080</Task><Opcode>0</Opcode><Keywords>0x8010000000000000</Keywords><TimeCreated SystemTime='2023-02-02T22:40:56.382903200Z'/><EventRecordID>21623172120</EventRecordID><Correlation ActivityID='{7BAD94BA-268A-0000-BB94-AD7B8A26D901}'/><Execution ProcessID='848' ThreadID='9240'/><Channel>Security</Channel><Computer>attack_range_dc</Computer><Security/></System><EventData><Data Name='SubjectUserSid'>attack_range\attacker</Data><Data Name='SubjectUserName'>attacker</Data><Data Name='SubjectDomainName'>attack_range</Data><Data Name='SubjectLogonId'>0x632426dc0</Data><Data Name='ObjectServer'>DS</Data><Data Name='ObjectType'>group</Data><Data Name='ObjectName'>CN=Account Operators,CN=Users,DC=Attack_Range</Data><Data Name='OperationType'>Object Access</Data><Data Name='HandleId'>0x0</Data><Data Name='AccessList'>%%7688
				</Data><Data Name='AccessMask'>0x100</Data><Data Name='Properties'>---
		Default Property Set
			unixUserPassword
	group
</Data><Data Name='AdditionalInfo'>-</Data><Data Name='AdditionalInfo2'></Data></EventData></Event>
<Event xmlns='http://schemas.microsoft.com/win/2004/08/events/event'><System><Provider Name='Microsoft-Windows-Security-Auditing' Guid='{54849625-5478-4994-A5BA-3E3B0328C30D}'/><EventID>4662</EventID><Version>0</Version><Level>0</Level><Task>14080</Task><Opcode>0</Opcode><Keywords>0x8010000000000000</Keywords><TimeCreated SystemTime='2023-02-02T22:40:56.382704400Z'/><EventRecordID>21623172119</EventRecordID><Correlation ActivityID='{7BAD94BA-268A-0000-BB94-AD7B8A26D901}'/><Execution ProcessID='848' ThreadID='9240'/><Channel>Security</Channel><Computer>attack_range_dc</Computer><Security/></System><EventData><Data Name='SubjectUserSid'>attack_range\attacker</Data><Data Name='SubjectUserName'>attacker</Data><Data Name='SubjectDomainName'>attack_range</Data><Data Name='SubjectLogonId'>0x632426dc0</Data><Data Name='ObjectServer'>DS</Data><Data Name='ObjectType'>group</Data><Data Name='ObjectName'>CN=Administrators,CN=Users,DC=Attack_Range</Data><Data Name='OperationType'>Object Access</Data><Data Name='HandleId'>0x0</Data><Data Name='AccessList'>%%7688
				</Data><Data Name='AccessMask'>0x100</Data><Data Name='Properties'>---
		Default Property Set
			unixUserPassword
	group
</Data><Data Name='AdditionalInfo'>-</Data><Data Name='AdditionalInfo2'></Data></EventData></Event>
<Event xmlns='http://schemas.microsoft.com/win/2004/08/events/event'><System><Provider Name='Microsoft-Windows-Security-Auditing' Guid='{54849625-5478-4994-A5BA-3E3B0328C30D}'/><EventID>4662</EventID><Version>0</Version><Level>0</Level><Task>14080</Task><Opcode>0</Opcode><Keywords>0x8010000000000000</Keywords><TimeCreated SystemTime='2023-02-02T22:40:56.382574000Z'/><EventRecordID>21623172118</EventRecordID><Correlation ActivityID='{7BAD94BA-268A-0000-BB94-AD7B8A26D901}'/><Execution ProcessID='848' ThreadID='9240'/><Channel>Security</Channel><Computer>attack_range_dc</Computer><Security/></System><EventData><Data Name='SubjectUserSid'>attack_range\attacker</Data><Data Name='SubjectUserName'>attacker</Data><Data Name='SubjectDomainName'>attack_range</Data><Data Name='SubjectLogonId'>0x632426dc0</Data><Data Name='ObjectServer'>DS</Data><Data Name='ObjectType'>group</Data><Data Name='ObjectName'>CN=Group Policy Creator Owners,CN=Users,DC=Attack_Range</Data><Data Name='OperationType'>Object Access</Data><Data Name='HandleId'>0x0</Data><Data Name='AccessList'>%%7688
				</Data><Data Name='AccessMask'>0x100</Data><Data Name='Properties'>---
		Default Property Set
			unixUserPassword
	group
</Data><Data Name='AdditionalInfo'>-</Data><Data Name='AdditionalInfo2'></Data></EventData></Event>
<Event xmlns='http://schemas.microsoft.com/win/2004/08/events/event'><System><Provider Name='Microsoft-Windows-Security-Auditing' Guid='{54849625-5478-4994-A5BA-3E3B0328C30D}'/><EventID>4662</EventID><Version>0</Version><Level>0</Level><Task>14080</Task><Opcode>0</Opcode><Keywords>0x8010000000000000</Keywords><TimeCreated SystemTime='2023-02-02T22:40:56.381944500Z'/><EventRecordID>21623172117</EventRecordID><Correlation ActivityID='{7BAD94BA-268A-0000-BB94-AD7B8A26D901}'/><Execution ProcessID='848' ThreadID='9240'/><Channel>Security</Channel><Computer>attack_range_dc</Computer><Security/></System><EventData><Data Name='SubjectUserSid'>attack_range\attacker</Data><Data Name='SubjectUserName'>attacker</Data><Data Name='SubjectDomainName'>attack_range</Data><Data Name='SubjectLogonId'>0x632426dc0</Data><Data Name='ObjectServer'>DS</Data><Data Name='ObjectType'>group</Data><Data Name='ObjectName'>CN=Domain Admins,CN=Users,DC=Attack_Range</Data><Data Name='OperationType'>Object Access</Data><Data Name='HandleId'>0x0</Data><Data Name='AccessList'>%%7688
				</Data><Data Name='AccessMask'>0x100</Data><Data Name='Properties'>---
		Default Property Set
			unixUserPassword
	group
</Data><Data Name='AdditionalInfo'>-</Data><Data Name='AdditionalInfo2'></Data></EventData></Event>
<Event xmlns='http://schemas.microsoft.com/win/2004/08/events/event'><System><Provider Name='Microsoft-Windows-Security-Auditing' Guid='{54849625-5478-4994-A5BA-3E3B0328C30D}'/><EventID>4662</EventID><Version>0</Version><Level>0</Level><Task>14080</Task><Opcode>0</Opcode><Keywords>0x8010000000000000</Keywords><TimeCreated SystemTime='2023-02-02T22:40:56.380444800Z'/><EventRecordID>21623172109</EventRecordID><Correlation ActivityID='{7BAD94BA-268A-0000-BB94-AD7B8A26D901}'/><Execution ProcessID='848' ThreadID='9240'/><Channel>Security</Channel><Computer>attack_range_dc</Computer><Security/></System><EventData><Data Name='SubjectUserSid'>attack_range\attacker</Data><Data Name='SubjectUserName'>attacker</Data><Data Name='SubjectDomainName'>attack_range</Data><Data Name='SubjectLogonId'>0x632426dc0</Data><Data Name='ObjectServer'>DS</Data><Data Name='ObjectType'>group</Data><Data Name='ObjectName'>CN=Network Configuration Operators,CN=Users,DC=Attack_Range</Data><Data Name='OperationType'>Object Access</Data><Data Name='HandleId'>0x0</Data><Data Name='AccessList'>%%7688
				</Data><Data Name='AccessMask'>0x100</Data><Data Name='Properties'>---
		Default Property Set
			unixUserPassword
	group
</Data><Data Name='AdditionalInfo'>-</Data><Data Name='AdditionalInfo2'></Data></EventData></Event>
<Event xmlns='http://schemas.microsoft.com/win/2004/08/events/event'><System><Provider Name='Microsoft-Windows-Security-Auditing' Guid='{54849625-5478-4994-A5BA-3E3B0328C30D}'/><EventID>4662</EventID><Version>0</Version><Level>0</Level><Task>14080</Task><Opcode>0</Opcode><Keywords>0x8010000000000000</Keywords><TimeCreated SystemTime='2023-02-02T22:30:56.380444800Z'/><EventRecordID>21623172100</EventRecordID><Correlation ActivityID='{7BAD94BA-268A-0000-BB94-AD7B8A26D901}'/><Execution ProcessID='848' ThreadID='9240'/><Channel>Security</Channel><Computer>attack_range_dc</Computer><Security/></System><EventData><Data Name='SubjectUserSid'>attack_range\normal_user</Data><Data Name='SubjectUserName'>normal_user</Data><Data Name='SubjectDomainName'>attack_range</Data><Data Name='SubjectLogonId'>0x632426dc1</Data><Data Name='ObjectServer'>DS</Data><Data Name='ObjectType'>group</Data><Data Name='ObjectName'>CN=Users,DC=Attack_Range</Data><Data Name='OperationType'>Object Access</Data><Data Name='HandleId'>0x0</Data><Data Name='AccessList'>%%7688
				</Data><Data Name='AccessMask'>0x100</Data><Data Name='Properties'>---
		Default Property Set
			unixUserPassword
	group
</Data><Data Name='AdditionalInfo'>-</Data><Data Name='AdditionalInfo2'></Data></EventData></Event>
<Event xmlns='http://schemas.microsoft.com/win/2004/08/events/event'><System><Provider Name='Microsoft-Windows-Security-Auditing' Guid='{54849625-5478-4994-A5BA-3E3B0328C30D}'/><EventID>4662</EventID><Version>0</Version><Level>0</Level><Task>14080</Task><Opcode>0</Opcode><Keywords>0x8010000000000000</Keywords><TimeCreated SystemTime='2023-02-02T22:30:56.380444800Z'/><EventRecordID>21623172199</EventRecordID><Correlation ActivityID='{7BAD94BA-268A-0000-BB94-AD7B8A26D901}'/><Execution ProcessID='848' ThreadID='9240'/><Channel>Security</Channel><Computer>attack_range_dc</Computer><Security/></System><EventData><Data Name='SubjectUserSid'>attack_range\normal_user</Data><Data Name='SubjectUserName'>normal_user</Data><Data Name='SubjectDomainName'>attack_range</Data><Data Name='SubjectLogonId'>0x632426dc1</Data><Data Name='ObjectServer'>DS</Data><Data Name='ObjectType'>group</Data><Data Name='ObjectName'>CN=Users,DC=Attack_Range</Data><Data Name='OperationType'>Object Access</Data><Data Name='HandleId'>0x0</Data><Data Name='AccessList'>%%7688
				</Data><Data Name='AccessMask'>0x100</Data><Data Name='Properties'>---
		Default Property Set
			unixUserPassword
	group
</Data><Data Name='AdditionalInfo'>-</Data><Data Name='AdditionalInfo2'></Data></EventData></Event>
