<Event xmlns='http://schemas.microsoft.com/win/2004/08/events/event'><System><Provider Name='Microsoft-Windows-Security-Auditing' Guid='{54849625-5478-4994-A5BA-3E3B0328C30D}'/><EventID>4742</EventID><Version>0</Version><Level>0</Level><Task>13825</Task><Opcode>0</Opcode><Keywords>0x8020000000000000</Keywords><TimeCreated SystemTime='2022-08-04T09:26:26.793335600Z'/><EventRecordID>901860</EventRecordID><Correlation/><Execution ProcessID='636' ThreadID='2340'/><Channel>Security</Channel><Computer>win-dc-root-04195-428.attackrange.local</Computer><Security/></System><EventData><Data Name='ComputerAccountChange'>-</Data><Data Name='TargetUserName'>WIN-HOST-ROOT-0$</Data><Data Name='TargetDomainName'>ATTACKRANGE</Data><Data Name='TargetSid'>S-1-5-21-199921393-3534762603-6736986-1111</Data><Data Name='SubjectUserSid'>S-1-5-21-199921393-3534762603-6736986-500</Data><Data Name='SubjectUserName'>Administrator</Data><Data Name='SubjectDomainName'>ATTACKRANGE</Data><Data Name='SubjectLogonId'>0x177304</Data><Data Name='PrivilegeList'>-</Data><Data Name='SamAccountName'>-</Data><Data Name='DisplayName'>-</Data><Data Name='UserPrincipalName'>-</Data><Data Name='HomeDirectory'>-</Data><Data Name='HomePath'>-</Data><Data Name='ScriptPath'>-</Data><Data Name='ProfilePath'>-</Data><Data Name='UserWorkstations'>-</Data><Data Name='PasswordLastSet'>-</Data><Data Name='AccountExpires'>-</Data><Data Name='PrimaryGroupId'>-</Data><Data Name='AllowedToDelegateTo'>-</Data><Data Name='OldUacValue'>-</Data><Data Name='NewUacValue'>-</Data><Data Name='UserAccountControl'>-</Data><Data Name='UserParameters'>-</Data><Data Name='SidHistory'>
		ATTACKRANGE\Administrator</Data><Data Name='LogonHours'>-</Data><Data Name='DnsHostName'>-</Data><Data Name='ServicePrincipalNames'>-</Data></EventData></Event>
<Event xmlns='http://schemas.microsoft.com/win/2004/08/events/event'><System><Provider Name='Microsoft-Windows-Security-Auditing' Guid='{54849625-5478-4994-A5BA-3E3B0328C30D}'/><EventID>4738</EventID><Version>0</Version><Level>0</Level><Task>13824</Task><Opcode>0</Opcode><Keywords>0x8020000000000000</Keywords><TimeCreated SystemTime='2022-08-04T07:49:11.682283100Z'/><EventRecordID>895718</EventRecordID><Correlation/><Execution ProcessID='636' ThreadID='2340'/><Channel>Security</Channel><Computer>win-dc-root-04195-428.attackrange.local</Computer><Security/></System><EventData><Data Name='Dummy'>-</Data><Data Name='TargetUserName'>unpriv5</Data><Data Name='TargetDomainName'>ATTACKRANGE</Data><Data Name='TargetSid'>S-1-5-21-199921393-3534762603-6736986-1116</Data><Data Name='SubjectUserSid'>S-1-5-21-199921393-3534762603-6736986-500</Data><Data Name='SubjectUserName'>Administrator</Data><Data Name='SubjectDomainName'>ATTACKRANGE</Data><Data Name='SubjectLogonId'>0x177304</Data><Data Name='PrivilegeList'>-</Data><Data Name='SamAccountName'>-</Data><Data Name='DisplayName'>-</Data><Data Name='UserPrincipalName'>-</Data><Data Name='HomeDirectory'>-</Data><Data Name='HomePath'>-</Data><Data Name='ScriptPath'>-</Data><Data Name='ProfilePath'>-</Data><Data Name='UserWorkstations'>-</Data><Data Name='PasswordLastSet'>-</Data><Data Name='AccountExpires'>-</Data><Data Name='PrimaryGroupId'>-</Data><Data Name='AllowedToDelegateTo'>-</Data><Data Name='OldUacValue'>-</Data><Data Name='NewUacValue'>-</Data><Data Name='UserAccountControl'>-</Data><Data Name='UserParameters'>-</Data><Data Name='SidHistory'>
		ATTACKRANGE\Administrator</Data><Data Name='LogonHours'>-</Data></EventData></Event>
<Event xmlns='http://schemas.microsoft.com/win/2004/08/events/event'><System><Provider Name='Microsoft-Windows-Security-Auditing' Guid='{54849625-5478-4994-A5BA-3E3B0328C30D}'/><EventID>4738</EventID><Version>0</Version><Level>0</Level><Task>13824</Task><Opcode>0</Opcode><Keywords>0x8020000000000000</Keywords><TimeCreated SystemTime='2022-08-04T07:48:53.615567300Z'/><EventRecordID>895658</EventRecordID><Correlation/><Execution ProcessID='636' ThreadID='1780'/><Channel>Security</Channel><Computer>win-dc-root-04195-428.attackrange.local</Computer><Security/></System><EventData><Data Name='Dummy'>-</Data><Data Name='TargetUserName'>unpriv4</Data><Data Name='TargetDomainName'>ATTACKRANGE</Data><Data Name='TargetSid'>S-1-5-21-199921393-3534762603-6736986-1115</Data><Data Name='SubjectUserSid'>S-1-5-21-199921393-3534762603-6736986-500</Data><Data Name='SubjectUserName'>Administrator</Data><Data Name='SubjectDomainName'>ATTACKRANGE</Data><Data Name='SubjectLogonId'>0x177304</Data><Data Name='PrivilegeList'>-</Data><Data Name='SamAccountName'>-</Data><Data Name='DisplayName'>-</Data><Data Name='UserPrincipalName'>-</Data><Data Name='HomeDirectory'>-</Data><Data Name='HomePath'>-</Data><Data Name='ScriptPath'>-</Data><Data Name='ProfilePath'>-</Data><Data Name='UserWorkstations'>-</Data><Data Name='PasswordLastSet'>-</Data><Data Name='AccountExpires'>-</Data><Data Name='PrimaryGroupId'>-</Data><Data Name='AllowedToDelegateTo'>-</Data><Data Name='OldUacValue'>-</Data><Data Name='NewUacValue'>-</Data><Data Name='UserAccountControl'>-</Data><Data Name='UserParameters'>-</Data><Data Name='SidHistory'>
		ATTACKRANGE\Administrator</Data><Data Name='LogonHours'>-</Data></EventData></Event>
<Event xmlns='http://schemas.microsoft.com/win/2004/08/events/event'><System><Provider Name='Microsoft-Windows-Security-Auditing' Guid='{54849625-5478-4994-A5BA-3E3B0328C30D}'/><EventID>4742</EventID><Version>0</Version><Level>0</Level><Task>13825</Task><Opcode>0</Opcode><Keywords>0x8020000000000000</Keywords><TimeCreated SystemTime='2022-08-04T07:32:22.469060200Z'/><EventRecordID>894047</EventRecordID><Correlation/><Execution ProcessID='636' ThreadID='2340'/><Channel>Security</Channel><Computer>win-dc-root-04195-428.attackrange.local</Computer><Security/></System><EventData><Data Name='ComputerAccountChange'>-</Data><Data Name='TargetUserName'>WIN-HOST-ROOT-0$</Data><Data Name='TargetDomainName'>ATTACKRANGE</Data><Data Name='TargetSid'>S-1-5-21-199921393-3534762603-6736986-1111</Data><Data Name='SubjectUserSid'>S-1-5-21-199921393-3534762603-6736986-500</Data><Data Name='SubjectUserName'>Administrator</Data><Data Name='SubjectDomainName'>ATTACKRANGE</Data><Data Name='SubjectLogonId'>0x177304</Data><Data Name='PrivilegeList'>-</Data><Data Name='SamAccountName'>-</Data><Data Name='DisplayName'>-</Data><Data Name='UserPrincipalName'>-</Data><Data Name='HomeDirectory'>-</Data><Data Name='HomePath'>-</Data><Data Name='ScriptPath'>-</Data><Data Name='ProfilePath'>-</Data><Data Name='UserWorkstations'>-</Data><Data Name='PasswordLastSet'>-</Data><Data Name='AccountExpires'>-</Data><Data Name='PrimaryGroupId'>-</Data><Data Name='AllowedToDelegateTo'>-</Data><Data Name='OldUacValue'>-</Data><Data Name='NewUacValue'>-</Data><Data Name='UserAccountControl'>-</Data><Data Name='UserParameters'>-</Data><Data Name='SidHistory'>
		%{S-1-5-21-199921393-3534762603-6736986-1609}</Data><Data Name='LogonHours'>-</Data><Data Name='DnsHostName'>-</Data><Data Name='ServicePrincipalNames'>-</Data></EventData></Event>
<Event xmlns='http://schemas.microsoft.com/win/2004/08/events/event'><System><Provider Name='Microsoft-Windows-Security-Auditing' Guid='{54849625-5478-4994-A5BA-3E3B0328C30D}'/><EventID>4738</EventID><Version>0</Version><Level>0</Level><Task>13824</Task><Opcode>0</Opcode><Keywords>0x8020000000000000</Keywords><TimeCreated SystemTime='2022-08-04T07:17:54.642740900Z'/><EventRecordID>893036</EventRecordID><Correlation/><Execution ProcessID='636' ThreadID='2340'/><Channel>Security</Channel><Computer>win-dc-root-04195-428.attackrange.local</Computer><Security/></System><EventData><Data Name='Dummy'>-</Data><Data Name='TargetUserName'>unpriv3</Data><Data Name='TargetDomainName'>ATTACKRANGE</Data><Data Name='TargetSid'>S-1-5-21-199921393-3534762603-6736986-1114</Data><Data Name='SubjectUserSid'>S-1-5-21-199921393-3534762603-6736986-500</Data><Data Name='SubjectUserName'>Administrator</Data><Data Name='SubjectDomainName'>ATTACKRANGE</Data><Data Name='SubjectLogonId'>0x177304</Data><Data Name='PrivilegeList'>-</Data><Data Name='SamAccountName'>-</Data><Data Name='DisplayName'>-</Data><Data Name='UserPrincipalName'>-</Data><Data Name='HomeDirectory'>-</Data><Data Name='HomePath'>-</Data><Data Name='ScriptPath'>-</Data><Data Name='ProfilePath'>-</Data><Data Name='UserWorkstations'>-</Data><Data Name='PasswordLastSet'>-</Data><Data Name='AccountExpires'>-</Data><Data Name='PrimaryGroupId'>-</Data><Data Name='AllowedToDelegateTo'>-</Data><Data Name='OldUacValue'>-</Data><Data Name='NewUacValue'>-</Data><Data Name='UserAccountControl'>-</Data><Data Name='UserParameters'>-</Data><Data Name='SidHistory'>
		%{S-1-5-21-199921393-3534762603-6736986-1609}</Data><Data Name='LogonHours'>-</Data></EventData></Event>
<Event xmlns='http://schemas.microsoft.com/win/2004/08/events/event'><System><Provider Name='Microsoft-Windows-Security-Auditing' Guid='{54849625-5478-4994-A5BA-3E3B0328C30D}'/><EventID>4738</EventID><Version>0</Version><Level>0</Level><Task>13824</Task><Opcode>0</Opcode><Keywords>0x8020000000000000</Keywords><TimeCreated SystemTime='2022-08-04T03:17:38.168465800Z'/><EventRecordID>875149</EventRecordID><Correlation/><Execution ProcessID='636' ThreadID='1780'/><Channel>Security</Channel><Computer>win-dc-root-04195-428.attackrange.local</Computer><Security/></System><EventData><Data Name='Dummy'>-</Data><Data Name='TargetUserName'>unpriv3</Data><Data Name='TargetDomainName'>ATTACKRANGE</Data><Data Name='TargetSid'>S-1-5-21-199921393-3534762603-6736986-1114</Data><Data Name='SubjectUserSid'>S-1-5-21-199921393-3534762603-6736986-500</Data><Data Name='SubjectUserName'>Administrator</Data><Data Name='SubjectDomainName'>ATTACKRANGE</Data><Data Name='SubjectLogonId'>0x177304</Data><Data Name='PrivilegeList'>-</Data><Data Name='SamAccountName'>-</Data><Data Name='DisplayName'>-</Data><Data Name='UserPrincipalName'>-</Data><Data Name='HomeDirectory'>-</Data><Data Name='HomePath'>-</Data><Data Name='ScriptPath'>-</Data><Data Name='ProfilePath'>-</Data><Data Name='UserWorkstations'>-</Data><Data Name='PasswordLastSet'>-</Data><Data Name='AccountExpires'>-</Data><Data Name='PrimaryGroupId'>-</Data><Data Name='AllowedToDelegateTo'>-</Data><Data Name='OldUacValue'>-</Data><Data Name='NewUacValue'>-</Data><Data Name='UserAccountControl'>-</Data><Data Name='UserParameters'>-</Data><Data Name='SidHistory'>
		%{S-1-5-21-199921393-3534762603-6736986-500}</Data><Data Name='LogonHours'>-</Data></EventData></Event>
