<Event xmlns='http://schemas.microsoft.com/win/2004/08/events/event'><System><Provider Name='Microsoft-Windows-Sysmon' Guid='{5770385F-C22A-43E0-BF4C-06F5698FFBD9}'/><EventID>1</EventID><Version>5</Version><Level>4</Level><Task>1</Task><Opcode>0</Opcode><Keywords>0x8000000000000000</Keywords><TimeCreated SystemTime='2023-04-04T16:04:05.236205600Z'/><EventRecordID>362391089</EventRecordID><Correlation/><Execution ProcessID='2008' ThreadID='2316'/><Channel>Microsoft-Windows-Sysmon/Operational</Channel><Computer>victim.lan.local</Computer><Security UserID='S-1-5-18'/></System><EventData><Data Name='RuleName'>-</Data><Data Name='UtcTime'>2023-04-04 16:04:05.208</Data><Data Name='ProcessGuid'>{4E601973-4A75-642C-F6AA-050000005000}</Data><Data Name='ProcessId'>7936</Data><Data Name='Image'>C:\Program Files (x86)\Google\Chrome\Application\chrome.exe</Data><Data Name='FileVersion'>109.0.5414.129</Data><Data Name='Description'>Google Chrome</Data><Data Name='Product'>Google Chrome</Data><Data Name='Company'>Google LLC</Data><Data Name='OriginalFileName'>chrome.exe</Data><Data Name='CommandLine'>"C:\Program Files (x86)\Google\Chrome\Application\chrome.exe" --single-argument C:\Users\admin\AppData\Local\Temp\2\Temp1_test_malware.zip\test_malware‮xcod.htm</Data><Data Name='CurrentDirectory'>C:\Windows\system32\</Data><Data Name='User'>ADMIN</Data><Data Name='LogonGuid'>{4E601973-C7B9-63E3-641C-0B0000000000}</Data><Data Name='LogonId'>0xb1c64</Data><Data Name='TerminalSessionId'>2</Data><Data Name='IntegrityLevel'>Medium</Data><Data Name='Hashes'>MD5=A713BBF1E4F8E24062C632018D66E907,SHA256=976C334AA68FC34DD6BFFFBAFA0B4751A70FA7CDED2D6AC7D8475D051D83ED37,IMPHASH=2D7CBAAF2B99462FEF89676636794945</Data><Data Name='ParentProcessGuid'>{4E601973-C7BE-63E3-8F00-000000005000}</Data><Data Name='ParentProcessId'>5808</Data><Data Name='ParentImage'>C:\Windows\explorer.exe</Data><Data Name='ParentCommandLine'>C:\Windows\Explorer.EXE</Data></EventData></Event>
<Event xmlns='http://schemas.microsoft.com/win/2004/08/events/event'><System><Provider Name='Microsoft-Windows-Sysmon' Guid='{5770385F-C22A-43E0-BF4C-06F5698FFBD9}'/><EventID>11</EventID><Version>2</Version><Level>4</Level><Task>11</Task><Opcode>0</Opcode><Keywords>0x8000000000000000</Keywords><TimeCreated SystemTime='2023-04-04T18:45:10.912465200Z'/><EventRecordID>362391725</EventRecordID><Correlation/><Execution ProcessID='2008' ThreadID='2316'/><Channel>Microsoft-Windows-Sysmon/Operational</Channel><Computer>victim.lan.local</Computer><Security UserID='S-1-5-18'/></System><EventData><Data Name='RuleName'>Desktop</Data><Data Name='UtcTime'>2023-04-04 18:45:10.912</Data><Data Name='ProcessGuid'>{4E601973-C7BE-63E3-8F00-000000005000}</Data><Data Name='ProcessId'>5808</Data><Data Name='Image'>C:\Windows\Explorer.EXE</Data><Data Name='TargetFilename'>C:\Users\ADMIN\Desktop\test_malware‮xcod.htm:Zone.Identifier</Data><Data Name='CreationUtcTime'>2023-01-30 14:10:56.000</Data></EventData></Event>
<Event xmlns='http://schemas.microsoft.com/win/2004/08/events/event'><System><Provider Name='Microsoft-Windows-Sysmon' Guid='{5770385F-C22A-43E0-BF4C-06F5698FFBD9}'/><EventID>11</EventID><Version>2</Version><Level>4</Level><Task>11</Task><Opcode>0</Opcode><Keywords>0x8000000000000000</Keywords><TimeCreated SystemTime='2023-04-04T18:45:10.894460200Z'/><EventRecordID>362391724</EventRecordID><Correlation/><Execution ProcessID='2008' ThreadID='2316'/><Channel>Microsoft-Windows-Sysmon/Operational</Channel><Computer>victim.lan.local</Computer><Security UserID='S-1-5-18'/></System><EventData><Data Name='RuleName'>Desktop</Data><Data Name='UtcTime'>2023-04-04 18:45:10.894</Data><Data Name='ProcessGuid'>{4E601973-C7BE-63E3-8F00-000000005000}</Data><Data Name='ProcessId'>5808</Data><Data Name='Image'>C:\Windows\Explorer.EXE</Data><Data Name='TargetFilename'>C:\Users\ADMIN\Desktop\test_malware‮xcod.htm</Data><Data Name='CreationUtcTime'>2023-04-04 18:45:10.893</Data></EventData></Event>
<Event xmlns='http://schemas.microsoft.com/win/2004/08/events/event'><System><Provider Name='Microsoft-Windows-Sysmon' Guid='{5770385F-C22A-43E0-BF4C-06F5698FFBD9}'/><EventID>1</EventID><Version>5</Version><Level>4</Level><Task>1</Task><Opcode>0</Opcode><Keywords>0x8000000000000000</Keywords><TimeCreated SystemTime='2023-04-04T18:43:33.178867500Z'/><EventRecordID>362391709</EventRecordID><Correlation/><Execution ProcessID='2008' ThreadID='2316'/><Channel>Microsoft-Windows-Sysmon/Operational</Channel><Computer>victim.lan.local</Computer><Security UserID='S-1-5-18'/></System><EventData><Data Name='RuleName'>-</Data><Data Name='UtcTime'>2023-04-04 18:43:32.877</Data><Data Name='ProcessGuid'>{4E601973-6FD4-642C-5FAE-050000005000}</Data><Data Name='ProcessId'>5296</Data><Data Name='Image'>C:\Users\ADMIN\AppData\Local\Google\Chrome\User Data\SwReporter\107.294.200\software_reporter_tool.exe</Data><Data Name='FileVersion'>107.294.200</Data><Data Name='Description'>Software Reporter Tool</Data><Data Name='Product'>Software Reporter Tool</Data><Data Name='Company'>Google</Data><Data Name='OriginalFileName'>software_reporter_tool.exe</Data><Data Name='CommandLine'>"C:\Users\ADMIN\AppData\Local\Google\Chrome\User Data\SwReporter\107.294.200\software_reporter_tool.exe" --engine=2 --scan-locations=1,2,3,4,5,6,7,8,10 --disabled-locations=9,11 --session-id=XhcfzyfEX+js9VbAxHSfqE8rVl7aVXSt2JJw7bHe --registry-suffix=ESET</Data><Data Name='CurrentDirectory'>C:\Users\ADMIN\AppData\Local\Temp\2\</Data><Data Name='User'>ADMIN</Data><Data Name='LogonGuid'>{4E601973-C7B9-63E3-641C-0B0000000000}</Data><Data Name='LogonId'>0xb1c64</Data><Data Name='TerminalSessionId'>2</Data><Data Name='IntegrityLevel'>Medium</Data><Data Name='Hashes'>MD5=2A91302BFE645CC3B7ED302FBB9C6940,SHA256=664F9EA097D1992B28AFF370AB00E19F049D1E62CC2776E61B07BBE0C4364935,IMPHASH=DE3CA1063F296A07162A7F96227C6216</Data><Data Name='ParentProcessGuid'>{4E601973-6FD1-642C-55AE-050000005000}</Data><Data Name='ParentProcessId'>12408</Data><Data Name='ParentImage'>C:\Program Files (x86)\Google\Chrome\Application\chrome.exe</Data><Data Name='ParentCommandLine'>"C:\Program Files (x86)\Google\Chrome\Application\chrome.exe" --single-argument C:\Users\ADMIN\AppData\Local\Temp\2\Temp1_test_malware.zip\test_malware‮xcod.htm</Data></EventData></Event>
<Event xmlns='http://schemas.microsoft.com/win/2004/08/events/event'><System><Provider Name='Microsoft-Windows-Sysmon' Guid='{5770385F-C22A-43E0-BF4C-06F5698FFBD9}'/><EventID>1</EventID><Version>5</Version><Level>4</Level><Task>1</Task><Opcode>0</Opcode><Keywords>0x8000000000000000</Keywords><TimeCreated SystemTime='2023-04-04T18:43:29.805898900Z'/><EventRecordID>362391707</EventRecordID><Correlation/><Execution ProcessID='2008' ThreadID='2316'/><Channel>Microsoft-Windows-Sysmon/Operational</Channel><Computer>victim.lan.local</Computer><Security UserID='S-1-5-18'/></System><EventData><Data Name='RuleName'>-</Data><Data Name='UtcTime'>2023-04-04 18:43:29.780</Data><Data Name='ProcessGuid'>{4E601973-6FD1-642C-55AE-050000005000}</Data><Data Name='ProcessId'>12408</Data><Data Name='Image'>C:\Program Files (x86)\Google\Chrome\Application\chrome.exe</Data><Data Name='FileVersion'>109.0.5414.129</Data><Data Name='Description'>Google Chrome</Data><Data Name='Product'>Google Chrome</Data><Data Name='Company'>Google LLC</Data><Data Name='OriginalFileName'>chrome.exe</Data><Data Name='CommandLine'>"C:\Program Files (x86)\Google\Chrome\Application\chrome.exe" --single-argument C:\Users\ADMIN\AppData\Local\Temp\2\Temp1_test_malware.zip\test_malware‮xcod.htm</Data><Data Name='CurrentDirectory'>C:\Windows\system32\</Data><Data Name='User'>ADMIN</Data><Data Name='LogonGuid'>{4E601973-C7B9-63E3-641C-0B0000000000}</Data><Data Name='LogonId'>0xb1c64</Data><Data Name='TerminalSessionId'>2</Data><Data Name='IntegrityLevel'>Medium</Data><Data Name='Hashes'>MD5=A713BBF1E4F8E24062C632018D66E907,SHA256=976C334AA68FC34DD6BFFFBAFA0B4751A70FA7CDED2D6AC7D8475D051D83ED37,IMPHASH=2D7CBAAF2B99462FEF89676636794945</Data><Data Name='ParentProcessGuid'>{4E601973-C7BE-63E3-8F00-000000005000}</Data><Data Name='ParentProcessId'>5808</Data><Data Name='ParentImage'>C:\Windows\explorer.exe</Data><Data Name='ParentCommandLine'>C:\Windows\Explorer.EXE</Data></EventData></Event>
<Event xmlns='http://schemas.microsoft.com/win/2004/08/events/event'><System><Provider Name='Microsoft-Windows-Security-Auditing' Guid='{54849625-5478-4994-A5BA-3E3B0328C30D}'/><EventID>4688</EventID><Version>2</Version><Level>0</Level><Task>13312</Task><Opcode>0</Opcode><Keywords>0x8020000000000000</Keywords><TimeCreated SystemTime='2023-04-04T18:43:29.780892400Z'/><EventRecordID>25613727</EventRecordID><Correlation/><Execution ProcessID='4' ThreadID='12532'/><Channel>Security</Channel><Computer>victim.lan.local</Computer><Security/></System><EventData><Data Name='SubjectUserSid'>S-1-5-21-522199786-2069634556-312552118-239922</Data><Data Name='SubjectUserName'>ADMIN</Data><Data Name='SubjectDomainName'>WORKGROUP</Data><Data Name='SubjectLogonId'>0xb1c64</Data><Data Name='NewProcessId'>0x3078</Data><Data Name='NewProcessName'>C:\Program Files (x86)\Google\Chrome\Application\chrome.exe</Data><Data Name='TokenElevationType'>%%1938</Data><Data Name='ProcessId'>0x16b0</Data><Data Name='CommandLine'>"C:\Program Files (x86)\Google\Chrome\Application\chrome.exe" --single-argument C:\Users\ADMIN\AppData\Local\Temp\2\Temp1_test_malware.zip\test_malware‮xcod.htm</Data><Data Name='TargetUserSid'>S-1-0-0</Data><Data Name='TargetUserName'>-</Data><Data Name='TargetDomainName'>-</Data><Data Name='TargetLogonId'>0x0</Data></EventData></Event>
<Event xmlns='http://schemas.microsoft.com/win/2004/08/events/event'><System><Provider Name='Microsoft-Windows-Sysmon' Guid='{5770385F-C22A-43E0-BF4C-06F5698FFBD9}'/><EventID>11</EventID><Version>2</Version><Level>4</Level><Task>11</Task><Opcode>0</Opcode><Keywords>0x8000000000000000</Keywords><TimeCreated SystemTime='2023-04-04T18:43:13.032818500Z'/><EventRecordID>362391706</EventRecordID><Correlation/><Execution ProcessID='2008' ThreadID='2316'/><Channel>Microsoft-Windows-Sysmon/Operational</Channel><Computer>victim.lan.local</Computer><Security UserID='S-1-5-18'/></System><EventData><Data Name='RuleName'>Desktop</Data><Data Name='UtcTime'>2023-04-04 18:43:13.032</Data><Data Name='ProcessGuid'>{4E601973-C7BE-63E3-8F00-000000005000}</Data><Data Name='ProcessId'>5808</Data><Data Name='Image'>C:\Windows\Explorer.EXE</Data><Data Name='TargetFilename'>C:\Users\ADMIN\Desktop\test_malware.zip:Zone.Identifier</Data><Data Name='CreationUtcTime'>2023-04-04 18:43:13.029</Data></EventData></Event>
<Event xmlns='http://schemas.microsoft.com/win/2004/08/events/event'><System><Provider Name='Microsoft-Windows-Sysmon' Guid='{5770385F-C22A-43E0-BF4C-06F5698FFBD9}'/><EventID>11</EventID><Version>2</Version><Level>4</Level><Task>11</Task><Opcode>0</Opcode><Keywords>0x8000000000000000</Keywords><TimeCreated SystemTime='2023-04-04T18:43:13.029814400Z'/><EventRecordID>362391705</EventRecordID><Correlation/><Execution ProcessID='2008' ThreadID='2316'/><Channel>Microsoft-Windows-Sysmon/Operational</Channel><Computer>victim.lan.local</Computer><Security UserID='S-1-5-18'/></System><EventData><Data Name='RuleName'>Desktop</Data><Data Name='UtcTime'>2023-04-04 18:43:13.029</Data><Data Name='ProcessGuid'>{4E601973-C7BE-63E3-8F00-000000005000}</Data><Data Name='ProcessId'>5808</Data><Data Name='Image'>C:\Windows\Explorer.EXE</Data><Data Name='TargetFilename'>C:\Users\ADMIN\Desktop\test_malware.zip</Data><Data Name='CreationUtcTime'>2023-04-04 18:43:13.029</Data></EventData></Event>
<Event xmlns='http://schemas.microsoft.com/win/2004/08/events/event'><System><Provider Name='Microsoft-Windows-Sysmon' Guid='{5770385F-C22A-43E0-BF4C-06F5698FFBD9}'/><EventID>1</EventID><Version>5</Version><Level>4</Level><Task>1</Task><Opcode>0</Opcode><Keywords>0x8000000000000000</Keywords><TimeCreated SystemTime='2023-04-04T18:42:45.322422600Z'/><EventRecordID>362391690</EventRecordID><Correlation/><Execution ProcessID='2008' ThreadID='2316'/><Channel>Microsoft-Windows-Sysmon/Operational</Channel><Computer>victim.lan.local</Computer><Security UserID='S-1-5-18'/></System><EventData><Data Name='RuleName'>-</Data><Data Name='UtcTime'>2023-04-04 18:42:44.969</Data><Data Name='ProcessGuid'>{4E601973-6FA4-642C-47AE-050000005000}</Data><Data Name='ProcessId'>6268</Data><Data Name='Image'>C:\Users\ADMIN\AppData\Local\Google\Chrome\User Data\SwReporter\107.294.200\software_reporter_tool.exe</Data><Data Name='FileVersion'>107.294.200</Data><Data Name='Description'>Software Reporter Tool</Data><Data Name='Product'>Software Reporter Tool</Data><Data Name='Company'>Google</Data><Data Name='OriginalFileName'>software_reporter_tool.exe</Data><Data Name='CommandLine'>"C:\Users\ADMIN\AppData\Local\Google\Chrome\User Data\SwReporter\107.294.200\software_reporter_tool.exe" --engine=2 --scan-locations=1,2,3,4,5,6,7,8,10 --disabled-locations=9,11 --session-id=udWTkdTGDwxUmkKq5QPt8TRtoURbIxCS65bZxDNq --registry-suffix=ESET</Data><Data Name='CurrentDirectory'>C:\Users\ADMIN\AppData\Local\Temp\2\</Data><Data Name='User'>ADMIN</Data><Data Name='LogonGuid'>{4E601973-C7B9-63E3-641C-0B0000000000}</Data><Data Name='LogonId'>0xb1c64</Data><Data Name='TerminalSessionId'>2</Data><Data Name='IntegrityLevel'>Medium</Data><Data Name='Hashes'>MD5=2A91302BFE645CC3B7ED302FBB9C6940,SHA256=664F9EA097D1992B28AFF370AB00E19F049D1E62CC2776E61B07BBE0C4364935,IMPHASH=DE3CA1063F296A07162A7F96227C6216</Data><Data Name='ParentProcessGuid'>{4E601973-6FA1-642C-3DAE-050000005000}</Data><Data Name='ParentProcessId'>2980</Data><Data Name='ParentImage'>C:\Program Files (x86)\Google\Chrome\Application\chrome.exe</Data><Data Name='ParentCommandLine'>"C:\Program Files (x86)\Google\Chrome\Application\chrome.exe" --single-argument C:\Users\ADMIN\AppData\Local\Temp\2\Temp1_test_malware.zip\test_malware‮xcod.htm</Data></EventData></Event>
<Event xmlns='http://schemas.microsoft.com/win/2004/08/events/event'><System><Provider Name='Microsoft-Windows-Security-Auditing' Guid='{54849625-5478-4994-A5BA-3E3B0328C30D}'/><EventID>4688</EventID><Version>2</Version><Level>0</Level><Task>13312</Task><Opcode>0</Opcode><Keywords>0x8020000000000000</Keywords><TimeCreated SystemTime='2023-04-04T18:42:41.886330200Z'/><EventRecordID>25613697</EventRecordID><Correlation/><Execution ProcessID='4' ThreadID='9176'/><Channel>Security</Channel><Computer>victim.lan.local</Computer><Security/></System><EventData><Data Name='SubjectUserSid'>S-1-5-21-522199786-2069634556-312552118-239922</Data><Data Name='SubjectUserName'>ADMIN</Data><Data Name='SubjectDomainName'>WORKGROUP</Data><Data Name='SubjectLogonId'>0xb1c64</Data><Data Name='NewProcessId'>0xba4</Data><Data Name='NewProcessName'>C:\Program Files (x86)\Google\Chrome\Application\chrome.exe</Data><Data Name='TokenElevationType'>%%1938</Data><Data Name='ProcessId'>0x16b0</Data><Data Name='CommandLine'>"C:\Program Files (x86)\Google\Chrome\Application\chrome.exe" --single-argument C:\Users\ADMIN\AppData\Local\Temp\2\Temp1_test_malware.zip\test_malware‮xcod.htm</Data><Data Name='TargetUserSid'>S-1-0-0</Data><Data Name='TargetUserName'>-</Data><Data Name='TargetDomainName'>-</Data><Data Name='TargetLogonId'>0x0</Data></EventData></Event>
<Event xmlns='http://schemas.microsoft.com/win/2004/08/events/event'><System><Provider Name='Microsoft-Windows-Sysmon' Guid='{5770385F-C22A-43E0-BF4C-06F5698FFBD9}'/><EventID>1</EventID><Version>5</Version><Level>4</Level><Task>1</Task><Opcode>0</Opcode><Keywords>0x8000000000000000</Keywords><TimeCreated SystemTime='2023-04-04T18:42:41.912342300Z'/><EventRecordID>362391686</EventRecordID><Correlation/><Execution ProcessID='2008' ThreadID='2316'/><Channel>Microsoft-Windows-Sysmon/Operational</Channel><Computer>victim.lan.local</Computer><Security UserID='S-1-5-18'/></System><EventData><Data Name='RuleName'>-</Data><Data Name='UtcTime'>2023-04-04 18:42:41.886</Data><Data Name='ProcessGuid'>{4E601973-6FA1-642C-3DAE-050000005000}</Data><Data Name='ProcessId'>2980</Data><Data Name='Image'>C:\Program Files (x86)\Google\Chrome\Application\chrome.exe</Data><Data Name='FileVersion'>109.0.5414.129</Data><Data Name='Description'>Google Chrome</Data><Data Name='Product'>Google Chrome</Data><Data Name='Company'>Google LLC</Data><Data Name='OriginalFileName'>chrome.exe</Data><Data Name='CommandLine'>"C:\Program Files (x86)\Google\Chrome\Application\chrome.exe" --single-argument C:\Users\ADMIN\AppData\Local\Temp\2\Temp1_test_malware.zip\test_malware‮xcod.htm</Data><Data Name='CurrentDirectory'>C:\Windows\system32\</Data><Data Name='User'>ADMIN</Data><Data Name='LogonGuid'>{4E601973-C7B9-63E3-641C-0B0000000000}</Data><Data Name='LogonId'>0xb1c64</Data><Data Name='TerminalSessionId'>2</Data><Data Name='IntegrityLevel'>Medium</Data><Data Name='Hashes'>MD5=A713BBF1E4F8E24062C632018D66E907,SHA256=976C334AA68FC34DD6BFFFBAFA0B4751A70FA7CDED2D6AC7D8475D051D83ED37,IMPHASH=2D7CBAAF2B99462FEF89676636794945</Data><Data Name='ParentProcessGuid'>{4E601973-C7BE-63E3-8F00-000000005000}</Data><Data Name='ParentProcessId'>5808</Data><Data Name='ParentImage'>C:\Windows\explorer.exe</Data><Data Name='ParentCommandLine'>C:\Windows\Explorer.EXE</Data></EventData></Event>
<Event xmlns='http://schemas.microsoft.com/win/2004/08/events/event'><System><Provider Name='Microsoft-Windows-Sysmon' Guid='{5770385F-C22A-43E0-BF4C-06F5698FFBD9}'/><EventID>11</EventID><Version>2</Version><Level>4</Level><Task>11</Task><Opcode>0</Opcode><Keywords>0x8000000000000000</Keywords><TimeCreated SystemTime='2023-04-04T18:42:35.081273000Z'/><EventRecordID>362391672</EventRecordID><Correlation/><Execution ProcessID='2008' ThreadID='2316'/><Channel>Microsoft-Windows-Sysmon/Operational</Channel><Computer>victim.lan.local</Computer><Security UserID='S-1-5-18'/></System><EventData><Data Name='RuleName'>OutlookAttachment</Data><Data Name='UtcTime'>2023-04-04 18:42:35.081</Data><Data Name='ProcessGuid'>{4E601973-6F8F-642C-32AE-050000005000}</Data><Data Name='ProcessId'>9744</Data><Data Name='Image'>C:\Program Files\Microsoft Office\Office16\OUTLOOK.EXE</Data><Data Name='TargetFilename'>C:\Users\ADMIN\AppData\Local\Microsoft\Windows\INetCache\Content.Outlook\P9O4P9VY\test_malware.zip:Zone.Identifier</Data><Data Name='CreationUtcTime'>2023-04-04 16:00:24.125</Data></EventData></Event>
<Event xmlns='http://schemas.microsoft.com/win/2004/08/events/event'><System><Provider Name='Microsoft-Windows-Sysmon' Guid='{5770385F-C22A-43E0-BF4C-06F5698FFBD9}'/><EventID>11</EventID><Version>2</Version><Level>4</Level><Task>11</Task><Opcode>0</Opcode><Keywords>0x8000000000000000</Keywords><TimeCreated SystemTime='2023-04-04T18:42:35.074270600Z'/><EventRecordID>362391671</EventRecordID><Correlation/><Execution ProcessID='2008' ThreadID='2316'/><Channel>Microsoft-Windows-Sysmon/Operational</Channel><Computer>victim.lan.local</Computer><Security UserID='S-1-5-18'/></System><EventData><Data Name='RuleName'>OutlookAttachment</Data><Data Name='UtcTime'>2023-04-04 18:42:35.074</Data><Data Name='ProcessGuid'>{4E601973-6F8F-642C-32AE-050000005000}</Data><Data Name='ProcessId'>9744</Data><Data Name='Image'>C:\Program Files\Microsoft Office\Office16\OUTLOOK.EXE</Data><Data Name='TargetFilename'>C:\Users\ADMIN\AppData\Local\Microsoft\Windows\INetCache\Content.Outlook\P9O4P9VY\test_malware.zip</Data><Data Name='CreationUtcTime'>2023-04-04 18:42:35.070</Data></EventData></Event>
<Event xmlns='http://schemas.microsoft.com/win/2004/08/events/event'><System><Provider Name='Microsoft-Windows-Sysmon' Guid='{5770385F-C22A-43E0-BF4C-06F5698FFBD9}'/><EventID>11</EventID><Version>2</Version><Level>4</Level><Task>11</Task><Opcode>0</Opcode><Keywords>0x8000000000000000</Keywords><TimeCreated SystemTime='2023-04-04T18:42:35.071267400Z'/><EventRecordID>362391670</EventRecordID><Correlation/><Execution ProcessID='2008' ThreadID='2316'/><Channel>Microsoft-Windows-Sysmon/Operational</Channel><Computer>victim.lan.local</Computer><Security UserID='S-1-5-18'/></System><EventData><Data Name='RuleName'>OutlookAttachment</Data><Data Name='UtcTime'>2023-04-04 18:42:35.071</Data><Data Name='ProcessGuid'>{4E601973-6F8F-642C-32AE-050000005000}</Data><Data Name='ProcessId'>9744</Data><Data Name='Image'>C:\Program Files\Microsoft Office\Office16\OUTLOOK.EXE</Data><Data Name='TargetFilename'>C:\Users\ADMIN\AppData\Local\Microsoft\Windows\INetCache\Content.Outlook\P9O4P9VY\test_malware.zip</Data><Data Name='CreationUtcTime'>2023-04-04 18:42:35.070</Data></EventData></Event>