<Event xmlns='http://schemas.microsoft.com/win/2004/08/events/event'><System><Provider Name='Microsoft-Windows-Sysmon' Guid='{5770385f-c22a-43e0-bf4c-06f5698ffbd9}'/><EventID>1</EventID><Version>5</Version><Level>4</Level><Task>1</Task><Opcode>0</Opcode><Keywords>0x8000000000000000</Keywords><TimeCreated SystemTime='2026-09-22T14:54:13.3514642Z'/><EventRecordID>433935</EventRecordID><Correlation/><Execution ProcessID='3400' ThreadID='4328'/><Channel>Microsoft-Windows-Sysmon/Operational</Channel><Computer>EC2AMAZ-FKEOM7G</Computer><Security UserID='S-1-5-18'/></System><EventData><Data Name='RuleName'>-</Data><Data Name='UtcTime'>2026-09-22 14:54:13.343</Data><Data Name='ProcessGuid'>{1b43529b-9695-6ab2-591f-050000006600}</Data><Data Name='ProcessId'>5532</Data><Data Name='Image'>C:\Users\Administrator\Desktop\cmd32.exe</Data><Data Name='FileVersion'>10.0.26100.7309 (WinBuild.160101.0800)</Data><Data Name='Description'>Windows Command Processor</Data><Data Name='Product'>Microsoft® Windows® Operating System</Data><Data Name='Company'>Microsoft Corporation</Data><Data Name='OriginalFileName'>Cmd.Exe</Data><Data Name='CommandLine'>.\cmd32.exe  /c whoami</Data><Data Name='CurrentDirectory'>C:\Users\Administrator\Desktop\</Data><Data Name='User'>EC2AMAZ-FKEOM7G\Administrator</Data><Data Name='LogonGuid'>{1b43529b-5c95-6a84-1d1b-090000000000}</Data><Data Name='LogonId'>0x91b1d</Data><Data Name='TerminalSessionId'>2</Data><Data Name='IntegrityLevel'>High</Data><Data Name='Hashes'>MD5=6D109A3A00F210C1AB89C3B08399ED48,SHA256=64AFC6DB3AAD1289533662E2D79E27DD55C7DCDB8CD918B08E145AD82AD5ACB4,IMPHASH=B0F049C014592B156EB1FA857E99CEB9</Data><Data Name='ParentProcessGuid'>{1b43529b-9660-6ab2-4c1f-050000006600}</Data><Data Name='ParentProcessId'>1188</Data><Data Name='ParentImage'>C:\Users\Administrator\Desktop\smthelse.exe</Data><Data Name='ParentCommandLine'>"C:\Users\Administrator\Desktop\smthelse.exe" /K whoami</Data><Data Name='ParentUser'>EC2AMAZ-FKEOM7G\Administrator</Data></EventData></Event>
<Event xmlns='http://schemas.microsoft.com/win/2004/08/events/event'><System><Provider Name='Microsoft-Windows-Sysmon' Guid='{5770385f-c22a-43e0-bf4c-06f5698ffbd9}'/><EventID>1</EventID><Version>5</Version><Level>4</Level><Task>1</Task><Opcode>0</Opcode><Keywords>0x8000000000000000</Keywords><TimeCreated SystemTime='2026-09-22T14:54:00.1025436Z'/><EventRecordID>433928</EventRecordID><Correlation/><Execution ProcessID='3400' ThreadID='4328'/><Channel>Microsoft-Windows-Sysmon/Operational</Channel><Computer>EC2AMAZ-FKEOM7G</Computer><Security UserID='S-1-5-18'/></System><EventData><Data Name='RuleName'>-</Data><Data Name='UtcTime'>2026-09-22 14:54:00.089</Data><Data Name='ProcessGuid'>{1b43529b-9688-6ab2-571f-050000006600}</Data><Data Name='ProcessId'>5180</Data><Data Name='Image'>C:\Users\Administrator\Desktop\32cmd.exe</Data><Data Name='FileVersion'>10.0.26100.7309 (WinBuild.160101.0800)</Data><Data Name='Description'>Windows Command Processor</Data><Data Name='Product'>Microsoft® Windows® Operating System</Data><Data Name='Company'>Microsoft Corporation</Data><Data Name='OriginalFileName'>Cmd.Exe</Data><Data Name='CommandLine'>.\32cmd.exe  /c whoami</Data><Data Name='CurrentDirectory'>C:\Users\Administrator\Desktop\</Data><Data Name='User'>EC2AMAZ-FKEOM7G\Administrator</Data><Data Name='LogonGuid'>{1b43529b-5c95-6a84-1d1b-090000000000}</Data><Data Name='LogonId'>0x91b1d</Data><Data Name='TerminalSessionId'>2</Data><Data Name='IntegrityLevel'>High</Data><Data Name='Hashes'>MD5=6D109A3A00F210C1AB89C3B08399ED48,SHA256=64AFC6DB3AAD1289533662E2D79E27DD55C7DCDB8CD918B08E145AD82AD5ACB4,IMPHASH=B0F049C014592B156EB1FA857E99CEB9</Data><Data Name='ParentProcessGuid'>{1b43529b-9660-6ab2-4c1f-050000006600}</Data><Data Name='ParentProcessId'>1188</Data><Data Name='ParentImage'>C:\Users\Administrator\Desktop\smthelse.exe</Data><Data Name='ParentCommandLine'>"C:\Users\Administrator\Desktop\smthelse.exe" /K whoami</Data><Data Name='ParentUser'>EC2AMAZ-FKEOM7G\Administrator</Data></EventData></Event>
<Event xmlns='http://schemas.microsoft.com/win/2004/08/events/event'><System><Provider Name='Microsoft-Windows-Sysmon' Guid='{5770385f-c22a-43e0-bf4c-06f5698ffbd9}'/><EventID>1</EventID><Version>5</Version><Level>4</Level><Task>1</Task><Opcode>0</Opcode><Keywords>0x8000000000000000</Keywords><TimeCreated SystemTime='2026-09-22T14:53:33.6462181Z'/><EventRecordID>433918</EventRecordID><Correlation/><Execution ProcessID='3400' ThreadID='4328'/><Channel>Microsoft-Windows-Sysmon/Operational</Channel><Computer>EC2AMAZ-FKEOM7G</Computer><Security UserID='S-1-5-18'/></System><EventData><Data Name='RuleName'>-</Data><Data Name='UtcTime'>2026-09-22 14:53:33.641</Data><Data Name='ProcessGuid'>{1b43529b-966d-6ab2-4f1f-050000006600}</Data><Data Name='ProcessId'>5724</Data><Data Name='Image'>C:\Users\Administrator\Desktop\smthelse.exe</Data><Data Name='FileVersion'>10.0.26100.7309 (WinBuild.160101.0800)</Data><Data Name='Description'>Windows Command Processor</Data><Data Name='Product'>Microsoft® Windows® Operating System</Data><Data Name='Company'>Microsoft Corporation</Data><Data Name='OriginalFileName'>Cmd.Exe</Data><Data Name='CommandLine'>.\smthelse.exe  /c whoami</Data><Data Name='CurrentDirectory'>C:\Users\Administrator\Desktop\</Data><Data Name='User'>EC2AMAZ-FKEOM7G\Administrator</Data><Data Name='LogonGuid'>{1b43529b-5c95-6a84-1d1b-090000000000}</Data><Data Name='LogonId'>0x91b1d</Data><Data Name='TerminalSessionId'>2</Data><Data Name='IntegrityLevel'>High</Data><Data Name='Hashes'>MD5=6D109A3A00F210C1AB89C3B08399ED48,SHA256=64AFC6DB3AAD1289533662E2D79E27DD55C7DCDB8CD918B08E145AD82AD5ACB4,IMPHASH=B0F049C014592B156EB1FA857E99CEB9</Data><Data Name='ParentProcessGuid'>{1b43529b-9660-6ab2-4c1f-050000006600}</Data><Data Name='ParentProcessId'>1188</Data><Data Name='ParentImage'>C:\Users\Administrator\Desktop\smthelse.exe</Data><Data Name='ParentCommandLine'>"C:\Users\Administrator\Desktop\smthelse.exe" /K whoami</Data><Data Name='ParentUser'>EC2AMAZ-FKEOM7G\Administrator</Data></EventData></Event>
<Event xmlns='http://schemas.microsoft.com/win/2004/08/events/event'><System><Provider Name='Microsoft-Windows-Sysmon' Guid='{5770385f-c22a-43e0-bf4c-06f5698ffbd9}'/><EventID>1</EventID><Version>5</Version><Level>4</Level><Task>1</Task><Opcode>0</Opcode><Keywords>0x8000000000000000</Keywords><TimeCreated SystemTime='2026-09-22T14:53:20.7727562Z'/><EventRecordID>433911</EventRecordID><Correlation/><Execution ProcessID='3400' ThreadID='4328'/><Channel>Microsoft-Windows-Sysmon/Operational</Channel><Computer>EC2AMAZ-FKEOM7G</Computer><Security UserID='S-1-5-18'/></System><EventData><Data Name='RuleName'>-</Data><Data Name='UtcTime'>2026-09-22 14:53:20.765</Data><Data Name='ProcessGuid'>{1b43529b-9660-6ab2-4c1f-050000006600}</Data><Data Name='ProcessId'>1188</Data><Data Name='Image'>C:\Users\Administrator\Desktop\smthelse.exe</Data><Data Name='FileVersion'>10.0.26100.7309 (WinBuild.160101.0800)</Data><Data Name='Description'>Windows Command Processor</Data><Data Name='Product'>Microsoft® Windows® Operating System</Data><Data Name='Company'>Microsoft Corporation</Data><Data Name='OriginalFileName'>Cmd.Exe</Data><Data Name='CommandLine'>"C:\Users\Administrator\Desktop\smthelse.exe" /K whoami</Data><Data Name='CurrentDirectory'>C:\Users\Administrator\Desktop\</Data><Data Name='User'>EC2AMAZ-FKEOM7G\Administrator</Data><Data Name='LogonGuid'>{1b43529b-5c95-6a84-1d1b-090000000000}</Data><Data Name='LogonId'>0x91b1d</Data><Data Name='TerminalSessionId'>2</Data><Data Name='IntegrityLevel'>High</Data><Data Name='Hashes'>MD5=6D109A3A00F210C1AB89C3B08399ED48,SHA256=64AFC6DB3AAD1289533662E2D79E27DD55C7DCDB8CD918B08E145AD82AD5ACB4,IMPHASH=B0F049C014592B156EB1FA857E99CEB9</Data><Data Name='ParentProcessGuid'>{1b43529b-9653-6ab2-4b1f-050000006600}</Data><Data Name='ParentProcessId'>6768</Data><Data Name='ParentImage'>C:\Windows\System32\WindowsPowerShell\v1.0\powershell.exe</Data><Data Name='ParentCommandLine'>C:\Windows\System32\WindowsPowerShell\v1.0\powershell.exe</Data><Data Name='ParentUser'>EC2AMAZ-FKEOM7G\Administrator</Data></EventData></Event>
