<Event><System><Provider Name="Linux-Sysmon" Guid="{ff032593-a8d3-4f13-b0d6-01fc615a0f97}"/><EventID>1</EventID><Version>5</Version><Level>4</Level><Task>1</Task><Opcode>0</Opcode><Keywords>0x8000000000000000</Keywords><TimeCreated SystemTime="2022-08-11T15:41:23.128927000Z"/><EventRecordID>8751303</EventRecordID><Correlation/><Execution ProcessID="1465" ThreadID="1465"/><Channel>Linux-Sysmon/Operational</Channel><Computer>ar-linux</Computer><Security UserId="0"/></System><EventData><Data Name="RuleName">-</Data><Data Name="UtcTime">2022-08-11 15:41:23.136</Data><Data Name="ProcessGuid">{ec23eae3-2323-62f5-7208-1aac68550000}</Data><Data Name="ProcessId">9678</Data><Data Name="Image">/usr/bin/octave-cli</Data><Data Name="FileVersion">-</Data><Data Name="Description">-</Data><Data Name="Product">-</Data><Data Name="Company">-</Data><Data Name="OriginalFileName">-</Data><Data Name="CommandLine">octave-cli --eval system(&quot;/bin/ls&quot;)</Data><Data Name="CurrentDirectory">/home/ubuntu</Data><Data Name="User">root</Data><Data Name="LogonGuid">{ec23eae3-0000-0000-0000-000000000000}</Data><Data Name="LogonId">0</Data><Data Name="TerminalSessionId">179</Data><Data Name="IntegrityLevel">no level</Data><Data Name="Hashes">-</Data><Data Name="ParentProcessGuid">{ec23eae3-2323-62f5-08fe-95e731560000}</Data><Data Name="ParentProcessId">9677</Data><Data Name="ParentImage">/usr/bin/sudo</Data><Data Name="ParentCommandLine">sudo</Data><Data Name="ParentUser">ubuntu</Data></EventData></Event>
<Event><System><Provider Name="Linux-Sysmon" Guid="{ff032593-a8d3-4f13-b0d6-01fc615a0f97}"/><EventID>1</EventID><Version>5</Version><Level>4</Level><Task>1</Task><Opcode>0</Opcode><Keywords>0x8000000000000000</Keywords><TimeCreated SystemTime="2022-08-11T15:41:23.119765000Z"/><EventRecordID>8751296</EventRecordID><Correlation/><Execution ProcessID="1465" ThreadID="1465"/><Channel>Linux-Sysmon/Operational</Channel><Computer>ar-linux</Computer><Security UserId="0"/></System><EventData><Data Name="RuleName">-</Data><Data Name="UtcTime">2022-08-11 15:41:23.127</Data><Data Name="ProcessGuid">{ec23eae3-2323-62f5-08fe-95e731560000}</Data><Data Name="ProcessId">9677</Data><Data Name="Image">/usr/bin/sudo</Data><Data Name="FileVersion">-</Data><Data Name="Description">-</Data><Data Name="Product">-</Data><Data Name="Company">-</Data><Data Name="OriginalFileName">-</Data><Data Name="CommandLine">sudo octave-cli --eval system(&quot;/bin/ls&quot;)</Data><Data Name="CurrentDirectory">/home/ubuntu</Data><Data Name="User">ubuntu</Data><Data Name="LogonGuid">{ec23eae3-1d77-62f5-e803-000000000000}</Data><Data Name="LogonId">1000</Data><Data Name="TerminalSessionId">179</Data><Data Name="IntegrityLevel">no level</Data><Data Name="Hashes">-</Data><Data Name="ParentProcessGuid">{ec23eae3-1d77-62f5-48b4-665c03560000}</Data><Data Name="ParentProcessId">30070</Data><Data Name="ParentImage">/bin/bash</Data><Data Name="ParentCommandLine">-bash</Data><Data Name="ParentUser">ubuntu</Data></EventData></Event>
<Event><System><Provider Name="Linux-Sysmon" Guid="{ff032593-a8d3-4f13-b0d6-01fc615a0f97}"/><EventID>1</EventID><Version>5</Version><Level>4</Level><Task>1</Task><Opcode>0</Opcode><Keywords>0x8000000000000000</Keywords><TimeCreated SystemTime="2022-08-11T15:41:15.916622000Z"/><EventRecordID>8750744</EventRecordID><Correlation/><Execution ProcessID="1465" ThreadID="1465"/><Channel>Linux-Sysmon/Operational</Channel><Computer>ar-linux</Computer><Security UserId="0"/></System><EventData><Data Name="RuleName">-</Data><Data Name="UtcTime">2022-08-11 15:41:15.915</Data><Data Name="ProcessGuid">{ec23eae3-231b-62f5-7208-ba7b27560000}</Data><Data Name="ProcessId">9671</Data><Data Name="Image">/usr/bin/octave-cli</Data><Data Name="FileVersion">-</Data><Data Name="Description">-</Data><Data Name="Product">-</Data><Data Name="Company">-</Data><Data Name="OriginalFileName">-</Data><Data Name="CommandLine">octave-cli --eval system(&quot;/bin/sh&quot;)</Data><Data Name="CurrentDirectory">/home/ubuntu</Data><Data Name="User">root</Data><Data Name="LogonGuid">{ec23eae3-0000-0000-0000-000000000000}</Data><Data Name="LogonId">0</Data><Data Name="TerminalSessionId">179</Data><Data Name="IntegrityLevel">no level</Data><Data Name="Hashes">-</Data><Data Name="ParentProcessGuid">{ec23eae3-231b-62f5-08de-23422e560000}</Data><Data Name="ParentProcessId">9670</Data><Data Name="ParentImage">/usr/bin/sudo</Data><Data Name="ParentCommandLine">sudo</Data><Data Name="ParentUser">ubuntu</Data></EventData></Event>
<Event><System><Provider Name="Linux-Sysmon" Guid="{ff032593-a8d3-4f13-b0d6-01fc615a0f97}"/><EventID>1</EventID><Version>5</Version><Level>4</Level><Task>1</Task><Opcode>0</Opcode><Keywords>0x8000000000000000</Keywords><TimeCreated SystemTime="2022-08-11T15:41:15.884977000Z"/><EventRecordID>8750716</EventRecordID><Correlation/><Execution ProcessID="1465" ThreadID="1465"/><Channel>Linux-Sysmon/Operational</Channel><Computer>ar-linux</Computer><Security UserId="0"/></System><EventData><Data Name="RuleName">-</Data><Data Name="UtcTime">2022-08-11 15:41:15.892</Data><Data Name="ProcessGuid">{ec23eae3-231b-62f5-08de-23422e560000}</Data><Data Name="ProcessId">9670</Data><Data Name="Image">/usr/bin/sudo</Data><Data Name="FileVersion">-</Data><Data Name="Description">-</Data><Data Name="Product">-</Data><Data Name="Company">-</Data><Data Name="OriginalFileName">-</Data><Data Name="CommandLine">sudo octave-cli --eval system(&quot;/bin/sh&quot;)</Data><Data Name="CurrentDirectory">/home/ubuntu</Data><Data Name="User">ubuntu</Data><Data Name="LogonGuid">{ec23eae3-1d77-62f5-e803-000000000000}</Data><Data Name="LogonId">1000</Data><Data Name="TerminalSessionId">179</Data><Data Name="IntegrityLevel">no level</Data><Data Name="Hashes">-</Data><Data Name="ParentProcessGuid">{ec23eae3-1d77-62f5-48b4-665c03560000}</Data><Data Name="ParentProcessId">30070</Data><Data Name="ParentImage">/bin/bash</Data><Data Name="ParentCommandLine">-bash</Data><Data Name="ParentUser">ubuntu</Data></EventData></Event>
