<Event xmlns='http://schemas.microsoft.com/win/2004/08/events/event'><System><Provider Name='Microsoft-Windows-Sysmon' Guid='{5770385f-c22a-43e0-bf4c-06f5698ffbd9}'/><EventID>3</EventID><Version>5</Version><Level>4</Level><Task>3</Task><Opcode>0</Opcode><Keywords>0x8000000000000000</Keywords><TimeCreated SystemTime='2023-01-29T11:33:00.223442500Z'/><EventRecordID>1982374</EventRecordID><Correlation/><Execution ProcessID='3144' ThreadID='9240'/><Channel>Microsoft-Windows-Sysmon/Operational</Channel><Computer>attackbox.lan.local</Computer><Security UserID='S-1-5-18'/></System><EventData><Data Name='RuleName'>-</Data><Data Name='UtcTime'>2023-01-29 11:33:02.113</Data><Data Name='ProcessGuid'>{bbce0e7a-5962-63d6-2234-7f2800000000}</Data><Data Name='ProcessId'>2536</Data><Data Name='Image'>C:\Windows\System32\WindowsPowerShell\v1.0\powershell.exe</Data><Data Name='User'>AttackMe</Data><Data Name='Protocol'>tcp</Data><Data Name='Initiated'>true</Data><Data Name='SourceIsIpv6'>false</Data><Data Name='SourceIp'>192.168.1.20</Data><Data Name='SourceHostname'>attackbox.lan.local</Data><Data Name='SourcePort'>62764</Data><Data Name='SourcePortName'>-</Data><Data Name='DestinationIsIpv6'>false</Data><Data Name='DestinationIp'>173.194.214.101</Data><Data Name='DestinationHostname'>google.com</Data><Data Name='DestinationPort'>443</Data><Data Name='DestinationPortName'>https</Data></EventData></Event>
<Event xmlns='http://schemas.microsoft.com/win/2004/08/events/event'><System><Provider Name='Microsoft-Windows-Sysmon' Guid='{5770385f-c22a-43e0-bf4c-06f5698ffbd9}'/><EventID>1</EventID><Version>5</Version><Level>4</Level><Task>1</Task><Opcode>0</Opcode><Keywords>0x8000000000000000</Keywords><TimeCreated SystemTime='2023-01-29T11:32:50.267386900Z'/><EventRecordID>1982343</EventRecordID><Correlation/><Execution ProcessID='3144' ThreadID='5496'/><Channel>Microsoft-Windows-Sysmon/Operational</Channel><Computer>attackbox.lan.local</Computer><Security UserID='S-1-5-18'/></System><EventData><Data Name='RuleName'>-</Data><Data Name='UtcTime'>2023-01-29 11:32:50.239</Data><Data Name='ProcessGuid'>{bbce0e7a-5962-63d6-2234-7f2800000000}</Data><Data Name='ProcessId'>2536</Data><Data Name='Image'>C:\Windows\System32\WindowsPowerShell\v1.0\powershell.exe</Data><Data Name='FileVersion'>10.0.17763.1 (WinBuild.160101.0800)</Data><Data Name='Description'>Windows PowerShell</Data><Data Name='Product'>Microsoft® Windows® Operating System</Data><Data Name='Company'>Microsoft Corporation</Data><Data Name='OriginalFileName'>PowerShell.EXE</Data><Data Name='CommandLine'>"C:\Windows\System32\WindowsPowerShell\v1.0\powershell.exe" -Command "&amp; 'C:\Temp\lolbas_test.ps1'{dddbfd6d-8a8a-45f4-bafe-9e1b4621eb1d}'</Data><Data Name='CurrentDirectory'>C:\Temp\</Data><Data Name='User'>AttackMe</Data><Data Name='LogonGuid'>{bbce0e7a-a228-63d2-bca3-030000000000}</Data><Data Name='LogonId'>0x3a3bc</Data><Data Name='TerminalSessionId'>0</Data><Data Name='IntegrityLevel'>High</Data><Data Name='Hashes'>MD5=7353F60B1739074EB17C5F4DDDEFE239,SHA256=DE96A6E69944335375DC1AC238336066889D9FFC7D73628EF4FE1B1B160AB32C,IMPHASH=741776AACCFC5B71FF59832DCDCACE0F</Data><Data Name='ParentProcessGuid'>{bbce0e7a-a24f-63d2-9836-090000000000}</Data><Data Name='ParentProcessId'>4920</Data><Data Name='ParentImage'>C:\Temp\powershell.exe</Data><Data Name='ParentCommandLine'>"C:\Temp\powershell.exe" -Embedding</Data></EventData></Event>
<Event xmlns='http://schemas.microsoft.com/win/2004/08/events/event'><System><Provider Name='Microsoft-Windows-Sysmon' Guid='{5770385F-C22A-43E0-BF4C-06F5698FFBD9}'/><EventID>3</EventID><Version>5</Version><Level>4</Level><Task>3</Task><Opcode>0</Opcode><Keywords>0x8000000000000000</Keywords><TimeCreated SystemTime='2023-01-30T20:08:16.051527500Z'/><EventRecordID>300730</EventRecordID><Correlation/><Execution ProcessID='4004' ThreadID='4428'/><Channel>Microsoft-Windows-Sysmon/Operational</Channel><Computer>attackbox.lan.local</Computer><Security UserID='S-1-5-18'/></System><EventData><Data Name='RuleName'></Data><Data Name='UtcTime'>2023-01-30 20:08:08.445</Data><Data Name='ProcessGuid'>{8E071266-2392-63D8-0000-00103B0B190D}</Data><Data Name='ProcessId'>17832</Data><Data Name='Image'>C:\Windows\System32\cmd.exe</Data><Data Name='User'>AttackMe</Data><Data Name='Protocol'>tcp</Data><Data Name='Initiated'>true</Data><Data Name='SourceIsIpv6'>false</Data><Data Name='SourceIp'>192.168.1.20</Data><Data Name='SourceHostname'>attackbox.lan.local</Data><Data Name='SourcePort'>49392</Data><Data Name='SourcePortName'></Data><Data Name='DestinationIsIpv6'>false</Data><Data Name='DestinationIp'>137.117.109.130</Data><Data Name='DestinationHostname'></Data><Data Name='DestinationPort'>443</Data><Data Name='DestinationPortName'>https</Data></EventData></Event>
<Event xmlns='http://schemas.microsoft.com/win/2004/08/events/event'><System><Provider Name='Microsoft-Windows-Sysmon' Guid='{5770385F-C22A-43E0-BF4C-06F5698FFBD9}'/><EventID>1</EventID><Version>5</Version><Level>4</Level><Task>1</Task><Opcode>0</Opcode><Keywords>0x8000000000000000</Keywords><TimeCreated SystemTime='2023-01-30T20:07:46.581480400Z'/><EventRecordID>300655</EventRecordID><Correlation/><Execution ProcessID='4004' ThreadID='4416'/><Channel>Microsoft-Windows-Sysmon/Operational</Channel><Computer>attackbox.lan.local</Computer><Security UserID='S-1-5-18'/></System><EventData><Data Name='RuleName'></Data><Data Name='UtcTime'>2023-01-30 20:07:46.518</Data><Data Name='ProcessGuid'>{8E071266-2392-63D8-0000-00103B0B190D}</Data><Data Name='ProcessId'>17832</Data><Data Name='Image'>C:\Windows\System32\cmd.exe</Data><Data Name='FileVersion'>6.3.9600.17415 (winblue_r4.141028-1500)</Data><Data Name='Description'>Windows Command Processor</Data><Data Name='Product'>Microsoft® Windows® Operating System</Data><Data Name='Company'>Microsoft Corporation</Data><Data Name='OriginalFileName'>Cmd.Exe</Data><Data Name='CommandLine'>C:\Windows\system32\cmd.exe /c ""C:\Test_Batch_Files\Outbound.bat""</Data><Data Name='CurrentDirectory'>C:\Test_Batch_Files\</Data><Data Name='User'>AttackMe</Data><Data Name='LogonGuid'>{8E071266-237F-63D8-0000-0020C65B140D}</Data><Data Name='LogonId'>0xd145bc6</Data><Data Name='TerminalSessionId'>80</Data><Data Name='IntegrityLevel'>Medium</Data><Data Name='Hashes'>MD5=F5AE03DE0AD60F5B17B82F2CD68402FE,SHA256=6F88FB88FFB0F1D5465C2826E5B4F523598B1B8378377C8378FFEBC171BAD18B,IMPHASH=77AED1ADAF24B344F08C8AD1432908C3</Data><Data Name='ParentProcessGuid'>{8E071266-2391-63D8-0000-001071D0170D}</Data><Data Name='ParentProcessId'>9408</Data><Data Name='ParentImage'>C:\Program Files (x86)\Citrix\System32\wfshell.exe</Data><Data Name='ParentCommandLine'>"C:\Program Files (x86)\Citrix\System32\wfshell.exe"</Data></EventData></Event>
<Event xmlns='http://schemas.microsoft.com/win/2004/08/events/event'><System><Provider Name='Microsoft-Windows-Sysmon' Guid='{5770385f-c22a-43e0-bf4c-06f5698ffbd9}'/><EventID>3</EventID><Version>5</Version><Level>4</Level><Task>3</Task><Opcode>0</Opcode><Keywords>0x8000000000000000</Keywords><TimeCreated SystemTime='2023-01-30T20:27:48.9120395Z'/><EventRecordID>849998</EventRecordID><Correlation/><Execution ProcessID='4400' ThreadID='5664'/><Channel>Microsoft-Windows-Sysmon/Operational</Channel><Computer>attackbox.lan.local</Computer><Security UserID='S-1-5-18'/></System><EventData><Data Name='RuleName'>-</Data><Data Name='UtcTime'>2023-01-30 20:27:48.840</Data><Data Name='ProcessGuid'>{8ac176d0-2812-63d8-872b-1d0400000000}</Data><Data Name='ProcessId'>9980</Data><Data Name='Image'>C:\Windows\SysWOW64\msiexec.exe</Data><Data Name='User'>NT AUTHORITY\SYSTEM</Data><Data Name='Protocol'>tcp</Data><Data Name='Initiated'>true</Data><Data Name='SourceIsIpv6'>false</Data><Data Name='SourceIp'>192.168.1.20</Data><Data Name='SourceHostname'>attackbox.lan.local</Data><Data Name='SourcePort'>58141</Data><Data Name='SourcePortName'>-</Data><Data Name='DestinationIsIpv6'>false</Data><Data Name='DestinationIp'>52.22.41.90</Data><Data Name='DestinationHostname'>ec2-52-22-41-90.compute-1.amazonaws.com</Data><Data Name='DestinationPort'>443</Data><Data Name='DestinationPortName'>https</Data></EventData></Event>
<Event xmlns='http://schemas.microsoft.com/win/2004/08/events/event'><System><Provider Name='Microsoft-Windows-Sysmon' Guid='{5770385f-c22a-43e0-bf4c-06f5698ffbd9}'/><EventID>1</EventID><Version>5</Version><Level>4</Level><Task>1</Task><Opcode>0</Opcode><Keywords>0x8000000000000000</Keywords><TimeCreated SystemTime='2023-01-30T20:26:58.1594079Z'/><EventRecordID>849711</EventRecordID><Correlation/><Execution ProcessID='4400' ThreadID='5656'/><Channel>Microsoft-Windows-Sysmon/Operational</Channel><Computer>attackbox.lan.local</Computer><Security UserID='S-1-5-18'/></System><EventData><Data Name='RuleName'>-</Data><Data Name='UtcTime'>2023-01-30 20:26:58.154</Data><Data Name='ProcessGuid'>{8ac176d0-2812-63d8-872b-1d0400000000}</Data><Data Name='ProcessId'>9980</Data><Data Name='Image'>C:\Windows\SysWOW64\msiexec.exe</Data><Data Name='FileVersion'>5.0.19041.2193 (WinBuild.160101.0800)</Data><Data Name='Description'>Windows® installer</Data><Data Name='Product'>Windows Installer - Unicode</Data><Data Name='Company'>Microsoft Corporation</Data><Data Name='OriginalFileName'>msiexec.exe</Data><Data Name='CommandLine'>C:\Windows\syswow64\MsiExec.exe -Embedding 9F17CF72F57573D6B6AE5214F745A83C E Global\MSI0000</Data><Data Name='CurrentDirectory'>C:\WINDOWS\SysWOW64\</Data><Data Name='User'>NT AUTHORITY\SYSTEM</Data><Data Name='LogonGuid'>{8ac176d0-b1c3-63d7-e703-000000000000}</Data><Data Name='LogonId'>0x3e7</Data><Data Name='TerminalSessionId'>0</Data><Data Name='IntegrityLevel'>System</Data><Data Name='Hashes'>MD5=358672CD45148B835B1529D15A746847,SHA256=3247CF2A21F401513D3DB524433E8CBA7430FCFFE5BF81CE0FD90C429505F78C,IMPHASH=94A0F72DD6D0745010DB6BE24C4DBBA7</Data><Data Name='ParentProcessGuid'>{8ac176d0-2810-63d8-ed0f-1d0400000000}</Data><Data Name='ParentProcessId'>13488</Data><Data Name='ParentImage'>C:\Windows\System32\msiexec.exe</Data><Data Name='ParentCommandLine'>C:\WINDOWS\system32\msiexec.exe /V</Data></EventData></Event>
