01/09/2019 03:56:10 PM
LogName=Security
SourceName=Microsoft Windows security auditing.
EventCode=4624
EventType=0
Type=Information
ComputerName=observerDeviceA.domainX.com
TaskCategory=Logon
OpCode=Info
RecordNumber=987739682
Keywords=Audit Success
Message=An account was successfully logged on.
Subject:
	Security ID:		NULL SID
	Account Name:		-
	Account Domain:		-
	Logon ID:		0x0
Logon Type:			3
New Logon:
	Security ID:		DOMAINX\userA
	Account Name:		userA
	Account Domain:		DOMAINX
	Logon ID:		0xa9805cb9
	Logon GUID:		{3CC9925A-88FB-BEEB-9D24-0D291B44E6A0}
Process Information:
	Process ID:		0x0
	Process Name:		-
Network Information:
	Workstation Name:	
	Source Network Address:	10.0.0.37
	Source Port:		4532
Detailed Authentication Information:
	Logon Process:		Kerberos
	Authentication Package:	Kerberos
	Transited Services:	-
	Package Name (NTLM only):	-
	Key Length:		0
01/09/2019 03:56:10 PM
LogName=Security
SourceName=Microsoft Windows security auditing.
EventCode=4624
EventType=0
Type=Information
ComputerName=observerDeviceA.domainX.com
TaskCategory=Logon
OpCode=Info
RecordNumber=987739679
Keywords=Audit Success
Message=An account was successfully logged on.
Subject:
	Security ID:		NULL SID
	Account Name:		-
	Account Domain:		-
	Logon ID:		0x0
Logon Type:			3
New Logon:
	Security ID:		DOMAINX\userA
	Account Name:		userA
	Account Domain:		DOMAINX
	Logon ID:		0xa9805ca3
	Logon GUID:		{203B0B3F-78E0-E79C-4E36-8E4FDC4B8D06}
Process Information:
	Process ID:		0x0
	Process Name:		-
Network Information:
	Workstation Name:	
	Source Network Address:	10.0.0.37
	Source Port:		4531
Detailed Authentication Information:
	Logon Process:		Kerberos
	Authentication Package:	Kerberos
	Transited Services:	-
	Package Name (NTLM only):	-
	Key Length:		0
01/09/2019 03:56:08 PM
LogName=Security
SourceName=Microsoft Windows security auditing.
EventCode=4624
EventType=0
Type=Information
ComputerName=observerDeviceA.domainX.com
TaskCategory=Logon
OpCode=Info
RecordNumber=987739675
Keywords=Audit Success
Message=An account was successfully logged on.
Subject:
	Security ID:		NULL SID
	Account Name:		-
	Account Domain:		-
	Logon ID:		0x0
Logon Type:			3
New Logon:
	Security ID:		DOMAINX\userA
	Account Name:		userA
	Account Domain:		DOMAINX
	Logon ID:		0xa98058ed
	Logon GUID:		{3CC9925A-88FB-BEEB-9D24-0D291B44E6A0}
Process Information:
	Process ID:		0x0
	Process Name:		-
Network Information:
	Workstation Name:	
	Source Network Address:	10.0.0.37
	Source Port:		4530
Detailed Authentication Information:
	Logon Process:		Kerberos
	Authentication Package:	Kerberos
	Transited Services:	-
	Package Name (NTLM only):	-
	Key Length:		0
01/09/2019 03:56:06 PM
LogName=Security
SourceName=Microsoft Windows security auditing.
EventCode=4624
EventType=0
Type=Information
ComputerName=observerDeviceA.domainX.com
TaskCategory=Logon
OpCode=Info
RecordNumber=987739668
Keywords=Audit Success
Message=An account was successfully logged on.
Subject:
	Security ID:		NULL SID
	Account Name:		-
	Account Domain:		-
	Logon ID:		0x0
Logon Type:			3
New Logon:
	Security ID:		DOMAINX\userA
	Account Name:		userA
	Account Domain:		DOMAINX
	Logon ID:		0xa98056e1
	Logon GUID:		{203B0B3F-78E0-E79C-4E36-8E4FDC4B8D06}
Process Information:
	Process ID:		0x0
	Process Name:		-
Network Information:
	Workstation Name:	
	Source Network Address:	10.0.0.37
	Source Port:		4529
Detailed Authentication Information:
	Logon Process:		Kerberos
	Authentication Package:	Kerberos
	Transited Services:	-
	Package Name (NTLM only):	-
	Key Length:		0
01/09/2019 03:55:58 PM
LogName=Security
SourceName=Microsoft Windows security auditing.
EventCode=4624
EventType=0
Type=Information
ComputerName=observerDeviceA.domainX.com
TaskCategory=Logon
OpCode=Info
RecordNumber=987739648
Keywords=Audit Success
Message=An account was successfully logged on.
Subject:
	Security ID:		NULL SID
	Account Name:		-
	Account Domain:		-
	Logon ID:		0x0
Logon Type:			3
New Logon:
	Security ID:		DOMAINX\userA
	Account Name:		userA
	Account Domain:		DOMAINX
	Logon ID:		0xa98044da
	Logon GUID:		{3CC9925A-88FB-BEEB-9D24-0D291B44E6A0}
Process Information:
	Process ID:		0x0
	Process Name:		-
Network Information:
	Workstation Name:	
	Source Network Address:	10.0.0.37
	Source Port:		4526
Detailed Authentication Information:
	Logon Process:		Kerberos
	Authentication Package:	Kerberos
	Transited Services:	-
	Package Name (NTLM only):	-
	Key Length:		0
01/09/2019 03:55:58 PM
LogName=Security
SourceName=Microsoft Windows security auditing.
EventCode=4624
EventType=0
Type=Information
ComputerName=observerDeviceA.domainX.com
TaskCategory=Logon
OpCode=Info
RecordNumber=987739647
Keywords=Audit Success
Message=An account was successfully logged on.
Subject:
	Security ID:		NULL SID
	Account Name:		-
	Account Domain:		-
	Logon ID:		0x0
Logon Type:			3
New Logon:
	Security ID:		DOMAINX\userA
	Account Name:		userA
	Account Domain:		DOMAINX
	Logon ID:		0xa98044ca
	Logon GUID:		{3CC9925A-88FB-BEEB-9D24-0D291B44E6A0}
Process Information:
	Process ID:		0x0
	Process Name:		-
Network Information:
	Workstation Name:	
	Source Network Address:	10.0.0.37
	Source Port:		4525
Detailed Authentication Information:
	Logon Process:		Kerberos
	Authentication Package:	Kerberos
	Transited Services:	-
	Package Name (NTLM only):	-
	Key Length:		0
01/09/2019 03:55:58 PM
LogName=Security
SourceName=Microsoft Windows security auditing.
EventCode=4624
EventType=0
Type=Information
ComputerName=observerDeviceA.domainX.com
TaskCategory=Logon
OpCode=Info
RecordNumber=987739646
Keywords=Audit Success
Message=An account was successfully logged on.
Subject:
	Security ID:		NULL SID
	Account Name:		-
	Account Domain:		-
	Logon ID:		0x0
Logon Type:			3
New Logon:
	Security ID:		DOMAINX\userA
	Account Name:		userA
	Account Domain:		DOMAINX
	Logon ID:		0xa98044ba
	Logon GUID:		{203B0B3F-78E0-E79C-4E36-8E4FDC4B8D06}
Process Information:
	Process ID:		0x0
	Process Name:		-
Network Information:
	Workstation Name:	
	Source Network Address:	10.0.0.37
	Source Port:		4524
Detailed Authentication Information:
	Logon Process:		Kerberos
	Authentication Package:	Kerberos
	Transited Services:	-
	Package Name (NTLM only):	-
	Key Length:		0
01/09/2019 03:55:58 PM
LogName=Security
SourceName=Microsoft Windows security auditing.
EventCode=4624
EventType=0
Type=Information
ComputerName=observerDeviceA.domainX.com
TaskCategory=Logon
OpCode=Info
RecordNumber=987739645
Keywords=Audit Success
Message=An account was successfully logged on.
Subject:
	Security ID:		NULL SID
	Account Name:		-
	Account Domain:		-
	Logon ID:		0x0
Logon Type:			3
New Logon:
	Security ID:		DOMAINX\userA
	Account Name:		userA
	Account Domain:		DOMAINX
	Logon ID:		0xa98044a6
	Logon GUID:		{3DB6550A-AB08-928C-F273-18867A604EA3}
Process Information:
	Process ID:		0x0
	Process Name:		-
Network Information:
	Workstation Name:	
	Source Network Address:	10.0.0.37
	Source Port:		4523
Detailed Authentication Information:
	Logon Process:		Kerberos
	Authentication Package:	Kerberos
	Transited Services:	-
	Package Name (NTLM only):	-
	Key Length:		0
01/09/2019 03:39:22 PM
LogName=Security
SourceName=Microsoft Windows security auditing.
EventCode=4624
EventType=0
Type=Information
ComputerName=observerDeviceA.domainX.com
TaskCategory=Logon
OpCode=Info
RecordNumber=987736231
Keywords=Audit Success
Message=An account was successfully logged on.
Subject:
	Security ID:		NULL SID
	Account Name:		-
	Account Domain:		-
	Logon ID:		0x0
Logon Type:			3
New Logon:
	Security ID:		DOMAINX\userA
	Account Name:		userA
	Account Domain:		DOMAINX
	Logon ID:		0xa96ba2b6
	Logon GUID:		{44C50DCC-BCCA-1860-51EB-D7D505B781AE}
Process Information:
	Process ID:		0x0
	Process Name:		-
Network Information:
	Workstation Name:	
	Source Network Address:	10.0.0.37
	Source Port:		55756
Detailed Authentication Information:
	Logon Process:		Kerberos
	Authentication Package:	Kerberos
	Transited Services:	-
	Package Name (NTLM only):	-
	Key Length:		0
01/09/2019 03:39:22 PM
LogName=Security
SourceName=Microsoft Windows security auditing.
EventCode=4624
EventType=0
Type=Information
ComputerName=observerDeviceA.domainX.com
TaskCategory=Logon
OpCode=Info
RecordNumber=987736228
Keywords=Audit Success
Message=An account was successfully logged on.
Subject:
	Security ID:		NULL SID
	Account Name:		-
	Account Domain:		-
	Logon ID:		0x0
Logon Type:			3
New Logon:
	Security ID:		DOMAINX\userA
	Account Name:		userA
	Account Domain:		DOMAINX
	Logon ID:		0xa96ba212
	Logon GUID:		{0EF01AB8-AC9A-8D01-CADB-BCB30672AA9B}
Process Information:
	Process ID:		0x0
	Process Name:		-
Network Information:
	Workstation Name:	
	Source Network Address:	10.0.0.37
	Source Port:		55755
Detailed Authentication Information:
	Logon Process:		Kerberos
	Authentication Package:	Kerberos
	Transited Services:	-
	Package Name (NTLM only):	-
	Key Length:		0
01/09/2019 03:39:22 PM
LogName=Security
SourceName=Microsoft Windows security auditing.
EventCode=4624
EventType=0
Type=Information
ComputerName=observerDeviceA.domainX.com
TaskCategory=Logon
OpCode=Info
RecordNumber=987736226
Keywords=Audit Success
Message=An account was successfully logged on.
Subject:
	Security ID:		NULL SID
	Account Name:		-
	Account Domain:		-
	Logon ID:		0x0
Logon Type:			3
New Logon:
	Security ID:		DOMAINX\userA
	Account Name:		userA
	Account Domain:		DOMAINX
	Logon ID:		0xa96ba1f8
	Logon GUID:		{44C50DCC-BCCA-1860-51EB-D7D505B781AE}
Process Information:
	Process ID:		0x0
	Process Name:		-
Network Information:
	Workstation Name:	
	Source Network Address:	10.0.0.37
	Source Port:		55754
Detailed Authentication Information:
	Logon Process:		Kerberos
	Authentication Package:	Kerberos
	Transited Services:	-
	Package Name (NTLM only):	-
	Key Length:		0
01/09/2019 03:39:22 PM
LogName=Security
SourceName=Microsoft Windows security auditing.
EventCode=4624
EventType=0
Type=Information
ComputerName=observerDeviceA.domainX.com
TaskCategory=Logon
OpCode=Info
RecordNumber=987736224
Keywords=Audit Success
Message=An account was successfully logged on.
Subject:
	Security ID:		NULL SID
	Account Name:		-
	Account Domain:		-
	Logon ID:		0x0
Logon Type:			3
New Logon:
	Security ID:		DOMAINX\userA
	Account Name:		userA
	Account Domain:		DOMAINX
	Logon ID:		0xa96ba1e2
	Logon GUID:		{0EF01AB8-AC9A-8D01-CADB-BCB30672AA9B}
Process Information:
	Process ID:		0x0
	Process Name:		-
Network Information:
	Workstation Name:	
	Source Network Address:	10.0.0.37
	Source Port:		55753
Detailed Authentication Information:
	Logon Process:		Kerberos
	Authentication Package:	Kerberos
	Transited Services:	-
	Package Name (NTLM only):	-
	Key Length:		0
01/09/2019 03:39:22 PM
LogName=Security
SourceName=Microsoft Windows security auditing.
EventCode=4624
EventType=0
Type=Information
ComputerName=observerDeviceA.domainX.com
TaskCategory=Logon
OpCode=Info
RecordNumber=987736222
Keywords=Audit Success
Message=An account was successfully logged on.
Subject:
	Security ID:		NULL SID
	Account Name:		-
	Account Domain:		-
	Logon ID:		0x0
Logon Type:			3
New Logon:
	Security ID:		DOMAINX\userA
	Account Name:		userA
	Account Domain:		DOMAINX
	Logon ID:		0xa96ba1b3
	Logon GUID:		{0EF01AB8-AC9A-8D01-CADB-BCB30672AA9B}
Process Information:
	Process ID:		0x0
	Process Name:		-
Network Information:
	Workstation Name:	
	Source Network Address:	10.0.0.37
	Source Port:		55752
Detailed Authentication Information:
	Logon Process:		Kerberos
	Authentication Package:	Kerberos
	Transited Services:	-
	Package Name (NTLM only):	-
	Key Length:		0
01/09/2019 03:39:22 PM
LogName=Security
SourceName=Microsoft Windows security auditing.
EventCode=4624
EventType=0
Type=Information
ComputerName=observerDeviceA.domainX.com
TaskCategory=Logon
OpCode=Info
RecordNumber=987736220
Keywords=Audit Success
Message=An account was successfully logged on.
Subject:
	Security ID:		NULL SID
	Account Name:		-
	Account Domain:		-
	Logon ID:		0x0
Logon Type:			3
New Logon:
	Security ID:		DOMAINX\userA
	Account Name:		userA
	Account Domain:		DOMAINX
	Logon ID:		0xa96ba175
	Logon GUID:		{0EF01AB8-AC9A-8D01-CADB-BCB30672AA9B}
Process Information:
	Process ID:		0x0
	Process Name:		-
Network Information:
	Workstation Name:	
	Source Network Address:	10.0.0.37
	Source Port:		55751
Detailed Authentication Information:
	Logon Process:		Kerberos
	Authentication Package:	Kerberos
	Transited Services:	-
	Package Name (NTLM only):	-
	Key Length:		0
01/09/2019 03:39:22 PM
LogName=Security
SourceName=Microsoft Windows security auditing.
EventCode=4624
EventType=0
Type=Information
ComputerName=observerDeviceA.domainX.com
TaskCategory=Logon
OpCode=Info
RecordNumber=987736218
Keywords=Audit Success
Message=An account was successfully logged on.
Subject:
	Security ID:		NULL SID
	Account Name:		-
	Account Domain:		-
	Logon ID:		0x0
Logon Type:			3
New Logon:
	Security ID:		DOMAINX\userA
	Account Name:		userA
	Account Domain:		DOMAINX
	Logon ID:		0xa96ba15d
	Logon GUID:		{83E84E6B-BDB1-7A6B-5D87-413883A99D1F}
Process Information:
	Process ID:		0x0
	Process Name:		-
Network Information:
	Workstation Name:	
	Source Network Address:	10.0.0.37
	Source Port:		55750
Detailed Authentication Information:
	Logon Process:		Kerberos
	Authentication Package:	Kerberos
	Transited Services:	-
	Package Name (NTLM only):	-
	Key Length:		0
01/09/2019 03:39:22 PM
LogName=Security
SourceName=Microsoft Windows security auditing.
EventCode=4624
EventType=0
Type=Information
ComputerName=observerDeviceA.domainX.com
TaskCategory=Logon
OpCode=Info
RecordNumber=987736216
Keywords=Audit Success
Message=An account was successfully logged on.
Subject:
	Security ID:		NULL SID
	Account Name:		-
	Account Domain:		-
	Logon ID:		0x0
Logon Type:			3
New Logon:
	Security ID:		DOMAINX\userA
	Account Name:		userA
	Account Domain:		DOMAINX
	Logon ID:		0xa96ba083
	Logon GUID:		{44C50DCC-BCCA-1860-51EB-D7D505B781AE}
Process Information:
	Process ID:		0x0
	Process Name:		-
Network Information:
	Workstation Name:	
	Source Network Address:	10.0.0.37
	Source Port:		55748
Detailed Authentication Information:
	Logon Process:		Kerberos
	Authentication Package:	Kerberos
	Transited Services:	-
	Package Name (NTLM only):	-
	Key Length:		0
01/09/2019 03:39:22 PM
LogName=Security
SourceName=Microsoft Windows security auditing.
EventCode=4624
EventType=0
Type=Information
ComputerName=observerDeviceA.domainX.com
TaskCategory=Logon
OpCode=Info
RecordNumber=987736214
Keywords=Audit Success
Message=An account was successfully logged on.
Subject:
	Security ID:		NULL SID
	Account Name:		-
	Account Domain:		-
	Logon ID:		0x0
Logon Type:			3
New Logon:
	Security ID:		DOMAINX\userA
	Account Name:		userA
	Account Domain:		DOMAINX
	Logon ID:		0xa96ba06f
	Logon GUID:		{44C50DCC-BCCA-1860-51EB-D7D505B781AE}
Process Information:
	Process ID:		0x0
	Process Name:		-
Network Information:
	Workstation Name:	
	Source Network Address:	10.0.0.37
	Source Port:		55747
Detailed Authentication Information:
	Logon Process:		Kerberos
	Authentication Package:	Kerberos
	Transited Services:	-
	Package Name (NTLM only):	-
	Key Length:		0
01/09/2019 03:39:22 PM
LogName=Security
SourceName=Microsoft Windows security auditing.
EventCode=4624
EventType=0
Type=Information
ComputerName=observerDeviceA.domainX.com
TaskCategory=Logon
OpCode=Info
RecordNumber=987736213
Keywords=Audit Success
Message=An account was successfully logged on.
Subject:
	Security ID:		NULL SID
	Account Name:		-
	Account Domain:		-
	Logon ID:		0x0
Logon Type:			3
New Logon:
	Security ID:		DOMAINX\userA
	Account Name:		userA
	Account Domain:		DOMAINX
	Logon ID:		0xa96ba05e
	Logon GUID:		{44C50DCC-BCCA-1860-51EB-D7D505B781AE}
Process Information:
	Process ID:		0x0
	Process Name:		-
Network Information:
	Workstation Name:	
	Source Network Address:	10.0.0.37
	Source Port:		55746
Detailed Authentication Information:
	Logon Process:		Kerberos
	Authentication Package:	Kerberos
	Transited Services:	-
	Package Name (NTLM only):	-
	Key Length:		0
01/09/2019 03:39:22 PM
LogName=Security
SourceName=Microsoft Windows security auditing.
EventCode=4624
EventType=0
Type=Information
ComputerName=observerDeviceA.domainX.com
TaskCategory=Logon
OpCode=Info
RecordNumber=987736212
Keywords=Audit Success
Message=An account was successfully logged on.
Subject:
	Security ID:		NULL SID
	Account Name:		-
	Account Domain:		-
	Logon ID:		0x0
Logon Type:			3
New Logon:
	Security ID:		DOMAINX\userA
	Account Name:		userA
	Account Domain:		DOMAINX
	Logon ID:		0xa96ba04c
	Logon GUID:		{C008E59A-9700-154F-9035-D6B7117ACEF1}
Process Information:
	Process ID:		0x0
	Process Name:		-
Network Information:
	Workstation Name:	
	Source Network Address:	10.0.0.37
	Source Port:		55665
Detailed Authentication Information:
	Logon Process:		Kerberos
	Authentication Package:	Kerberos
	Transited Services:	-
	Package Name (NTLM only):	-
	Key Length:		0
01/09/2019 02:39:38 PM
LogName=Security
SourceName=Microsoft Windows security auditing.
EventCode=4624
EventType=0
Type=Information
ComputerName=observerDeviceA.domainX.com
TaskCategory=Logon
OpCode=Info
RecordNumber=987723785
Keywords=Audit Success
Message=An account was successfully logged on.
Subject:
	Security ID:		NULL SID
	Account Name:		-
	Account Domain:		-
	Logon ID:		0x0
Logon Type:			3
New Logon:
	Security ID:		DOMAINX\userA
	Account Name:		userA
	Account Domain:		DOMAINX
	Logon ID:		0xa91f9def
	Logon GUID:		{B525C5A3-AFD8-1C8A-57F6-540CDAFC20A0}
Process Information:
	Process ID:		0x0
	Process Name:		-
Network Information:
	Workstation Name:	
	Source Network Address:	10.0.0.37
	Source Port:		1339
Detailed Authentication Information:
	Logon Process:		Kerberos
	Authentication Package:	Kerberos
	Transited Services:	-
	Package Name (NTLM only):	-
	Key Length:		0
01/09/2019 02:39:27 PM
LogName=Security
SourceName=Microsoft Windows security auditing.
EventCode=4624
EventType=0
Type=Information
ComputerName=observerDeviceA.domainX.com
TaskCategory=Logon
OpCode=Info
RecordNumber=987723406
Keywords=Audit Success
Message=An account was successfully logged on.
Subject:
	Security ID:		NULL SID
	Account Name:		-
	Account Domain:		-
	Logon ID:		0x0
Logon Type:			3
New Logon:
	Security ID:		DOMAINX\userA
	Account Name:		userA
	Account Domain:		DOMAINX
	Logon ID:		0xa91f2575
	Logon GUID:		{8DE9E7A6-B6E6-A866-6BC3-BC01F7E4A041}
Process Information:
	Process ID:		0x0
	Process Name:		-
Network Information:
	Workstation Name:	
	Source Network Address:	10.0.0.37
	Source Port:		1327
Detailed Authentication Information:
	Logon Process:		Kerberos
	Authentication Package:	Kerberos
	Transited Services:	-
	Package Name (NTLM only):	-
	Key Length:		0
01/09/2019 02:39:27 PM
LogName=Security
SourceName=Microsoft Windows security auditing.
EventCode=4624
EventType=0
Type=Information
ComputerName=observerDeviceA.domainX.com
TaskCategory=Logon
OpCode=Info
RecordNumber=987723394
Keywords=Audit Success
Message=An account was successfully logged on.
Subject:
	Security ID:		NULL SID
	Account Name:		-
	Account Domain:		-
	Logon ID:		0x0
Logon Type:			3
New Logon:
	Security ID:		DOMAINX\userA
	Account Name:		userA
	Account Domain:		DOMAINX
	Logon ID:		0xa91f22a6
	Logon GUID:		{5B6DBFB5-0A77-C6EF-E71B-CA2C1D101F0A}
Process Information:
	Process ID:		0x0
	Process Name:		-
Network Information:
	Workstation Name:	
	Source Network Address:	10.0.0.37
	Source Port:		1324
Detailed Authentication Information:
	Logon Process:		Kerberos
	Authentication Package:	Kerberos
	Transited Services:	-
	Package Name (NTLM only):	-
	Key Length:		0
01/09/2019 02:14:44 PM
LogName=Security
SourceName=Microsoft Windows security auditing.
EventCode=4624
EventType=0
Type=Information
ComputerName=observerDeviceA.domainX.com
TaskCategory=Logon
OpCode=Info
RecordNumber=987718570
Keywords=Audit Success
Message=An account was successfully logged on.
Subject:
	Security ID:		NULL SID
	Account Name:		-
	Account Domain:		-
	Logon ID:		0x0
Logon Type:			3
New Logon:
	Security ID:		DOMAINX\userA
	Account Name:		userA
	Account Domain:		DOMAINX
	Logon ID:		0xa8ff9615
	Logon GUID:		{3CC9925A-88FB-BEEB-9D24-0D291B44E6A0}
Process Information:
	Process ID:		0x0
	Process Name:		-
Network Information:
	Workstation Name:	
	Source Network Address:	10.0.0.37
	Source Port:		1147
Detailed Authentication Information:
	Logon Process:		Kerberos
	Authentication Package:	Kerberos
	Transited Services:	-
	Package Name (NTLM only):	-
	Key Length:		0
01/09/2019 02:14:44 PM
LogName=Security
SourceName=Microsoft Windows security auditing.
EventCode=4624
EventType=0
Type=Information
ComputerName=observerDeviceA.domainX.com
TaskCategory=Logon
OpCode=Info
RecordNumber=987718568
Keywords=Audit Success
Message=An account was successfully logged on.
Subject:
	Security ID:		NULL SID
	Account Name:		-
	Account Domain:		-
	Logon ID:		0x0
Logon Type:			3
New Logon:
	Security ID:		DOMAINX\userA
	Account Name:		userA
	Account Domain:		DOMAINX
	Logon ID:		0xa8ff95d9
	Logon GUID:		{3CC9925A-88FB-BEEB-9D24-0D291B44E6A0}
Process Information:
	Process ID:		0x0
	Process Name:		-
Network Information:
	Workstation Name:	
	Source Network Address:	10.0.0.37
	Source Port:		1146
Detailed Authentication Information:
	Logon Process:		Kerberos
	Authentication Package:	Kerberos
	Transited Services:	-
	Package Name (NTLM only):	-
	Key Length:		0
01/09/2019 02:14:40 PM
LogName=Security
SourceName=Microsoft Windows security auditing.
EventCode=4624
EventType=0
Type=Information
ComputerName=observerDeviceA.domainX.com
TaskCategory=Logon
OpCode=Info
RecordNumber=987718558
Keywords=Audit Success
Message=An account was successfully logged on.
Subject:
	Security ID:		NULL SID
	Account Name:		-
	Account Domain:		-
	Logon ID:		0x0
Logon Type:			3
New Logon:
	Security ID:		DOMAINX\userA
	Account Name:		userA
	Account Domain:		DOMAINX
	Logon ID:		0xa8ff8788
	Logon GUID:		{931B07A5-4028-DF21-718E-BC956E3B8B37}
Process Information:
	Process ID:		0x0
	Process Name:		-
Network Information:
	Workstation Name:	
	Source Network Address:	10.0.0.37
	Source Port:		1145
Detailed Authentication Information:
	Logon Process:		Kerberos
	Authentication Package:	Kerberos
	Transited Services:	-
	Package Name (NTLM only):	-
	Key Length:		0
01/09/2019 02:14:40 PM
LogName=Security
SourceName=Microsoft Windows security auditing.
EventCode=4624
EventType=0
Type=Information
ComputerName=observerDeviceA.domainX.com
TaskCategory=Logon
OpCode=Info
RecordNumber=987718556
Keywords=Audit Success
Message=An account was successfully logged on.
Subject:
	Security ID:		NULL SID
	Account Name:		-
	Account Domain:		-
	Logon ID:		0x0
Logon Type:			3
New Logon:
	Security ID:		DOMAINX\userA
	Account Name:		userA
	Account Domain:		DOMAINX
	Logon ID:		0xa8ff8772
	Logon GUID:		{3CC9925A-88FB-BEEB-9D24-0D291B44E6A0}
Process Information:
	Process ID:		0x0
	Process Name:		-
Network Information:
	Workstation Name:	
	Source Network Address:	10.0.0.37
	Source Port:		1144
Detailed Authentication Information:
	Logon Process:		Kerberos
	Authentication Package:	Kerberos
	Transited Services:	-
	Package Name (NTLM only):	-
	Key Length:		0
01/09/2019 02:14:38 PM
LogName=Security
SourceName=Microsoft Windows security auditing.
EventCode=4624
EventType=0
Type=Information
ComputerName=observerDeviceA.domainX.com
TaskCategory=Logon
OpCode=Info
RecordNumber=987718544
Keywords=Audit Success
Message=An account was successfully logged on.
Subject:
	Security ID:		NULL SID
	Account Name:		-
	Account Domain:		-
	Logon ID:		0x0
Logon Type:			3
New Logon:
	Security ID:		DOMAINX\userA
	Account Name:		userA
	Account Domain:		DOMAINX
	Logon ID:		0xa8ff826b
	Logon GUID:		{931B07A5-4028-DF21-718E-BC956E3B8B37}
Process Information:
	Process ID:		0x0
	Process Name:		-
Network Information:
	Workstation Name:	
	Source Network Address:	10.0.0.37
	Source Port:		1141
Detailed Authentication Information:
	Logon Process:		Kerberos
	Authentication Package:	Kerberos
	Transited Services:	-
	Package Name (NTLM only):	-
	Key Length:		0
01/09/2019 02:14:36 PM
LogName=Security
SourceName=Microsoft Windows security auditing.
EventCode=4624
EventType=0
Type=Information
ComputerName=observerDeviceA.domainX.com
TaskCategory=Logon
OpCode=Info
RecordNumber=987718535
Keywords=Audit Success
Message=An account was successfully logged on.
Subject:
	Security ID:		NULL SID
	Account Name:		-
	Account Domain:		-
	Logon ID:		0x0
Logon Type:			3
New Logon:
	Security ID:		DOMAINX\userA
	Account Name:		userA
	Account Domain:		DOMAINX
	Logon ID:		0xa8ff7bab
	Logon GUID:		{931B07A5-4028-DF21-718E-BC956E3B8B37}
Process Information:
	Process ID:		0x0
	Process Name:		-
Network Information:
	Workstation Name:	
	Source Network Address:	10.0.0.37
	Source Port:		1140
Detailed Authentication Information:
	Logon Process:		Kerberos
	Authentication Package:	Kerberos
	Transited Services:	-
	Package Name (NTLM only):	-
	Key Length:		0
01/09/2019 02:14:28 PM
LogName=Security
SourceName=Microsoft Windows security auditing.
EventCode=4624
EventType=0
Type=Information
ComputerName=observerDeviceA.domainX.com
TaskCategory=Logon
OpCode=Info
RecordNumber=987718304
Keywords=Audit Success
Message=An account was successfully logged on.
Subject:
	Security ID:		NULL SID
	Account Name:		-
	Account Domain:		-
	Logon ID:		0x0
Logon Type:			3
New Logon:
	Security ID:		DOMAINX\userA
	Account Name:		userA
	Account Domain:		DOMAINX
	Logon ID:		0xa8fedd96
	Logon GUID:		{931B07A5-4028-DF21-718E-BC956E3B8B37}
Process Information:
	Process ID:		0x0
	Process Name:		-
Network Information:
	Workstation Name:	
	Source Network Address:	10.0.0.37
	Source Port:		1135
Detailed Authentication Information:
	Logon Process:		Kerberos
	Authentication Package:	Kerberos
	Transited Services:	-
	Package Name (NTLM only):	-
	Key Length:		0
01/09/2019 02:14:28 PM
LogName=Security
SourceName=Microsoft Windows security auditing.
EventCode=4624
EventType=0
Type=Information
ComputerName=observerDeviceA.domainX.com
TaskCategory=Logon
OpCode=Info
RecordNumber=987718301
Keywords=Audit Success
Message=An account was successfully logged on.
Subject:
	Security ID:		NULL SID
	Account Name:		-
	Account Domain:		-
	Logon ID:		0x0
Logon Type:			3
New Logon:
	Security ID:		DOMAINX\userA
	Account Name:		userA
	Account Domain:		DOMAINX
	Logon ID:		0xa8feda33
	Logon GUID:		{203B0B3F-78E0-E79C-4E36-8E4FDC4B8D06}
Process Information:
	Process ID:		0x0
	Process Name:		-
Network Information:
	Workstation Name:	
	Source Network Address:	10.0.0.37
	Source Port:		1133
Detailed Authentication Information:
	Logon Process:		Kerberos
	Authentication Package:	Kerberos
	Transited Services:	-
	Package Name (NTLM only):	-
	Key Length:		0
01/09/2019 02:14:28 PM
LogName=Security
SourceName=Microsoft Windows security auditing.
EventCode=4624
EventType=0
Type=Information
ComputerName=observerDeviceA.domainX.com
TaskCategory=Logon
OpCode=Info
RecordNumber=987718300
Keywords=Audit Success
Message=An account was successfully logged on.
Subject:
	Security ID:		NULL SID
	Account Name:		-
	Account Domain:		-
	Logon ID:		0x0
Logon Type:			3
New Logon:
	Security ID:		DOMAINX\userA
	Account Name:		userA
	Account Domain:		DOMAINX
	Logon ID:		0xa8fed858
	Logon GUID:		{203B0B3F-78E0-E79C-4E36-8E4FDC4B8D06}
Process Information:
	Process ID:		0x0
	Process Name:		-
Network Information:
	Workstation Name:	
	Source Network Address:	10.0.0.37
	Source Port:		1132
Detailed Authentication Information:
	Logon Process:		Kerberos
	Authentication Package:	Kerberos
	Transited Services:	-
	Package Name (NTLM only):	-
	Key Length:		0
01/09/2019 02:14:28 PM
LogName=Security
SourceName=Microsoft Windows security auditing.
EventCode=4624
EventType=0
Type=Information
ComputerName=observerDeviceA.domainX.com
TaskCategory=Logon
OpCode=Info
RecordNumber=987718296
Keywords=Audit Success
Message=An account was successfully logged on.
Subject:
	Security ID:		NULL SID
	Account Name:		-
	Account Domain:		-
	Logon ID:		0x0
Logon Type:			3
New Logon:
	Security ID:		DOMAINX\userA
	Account Name:		userA
	Account Domain:		DOMAINX
	Logon ID:		0xa8fed080
	Logon GUID:		{3CC9925A-88FB-BEEB-9D24-0D291B44E6A0}
Process Information:
	Process ID:		0x0
	Process Name:		-
Network Information:
	Workstation Name:	
	Source Network Address:	10.0.0.37
	Source Port:		1129
Detailed Authentication Information:
	Logon Process:		Kerberos
	Authentication Package:	Kerberos
	Transited Services:	-
	Package Name (NTLM only):	-
	Key Length:		0
01/09/2019 01:56:21 PM
LogName=Security
SourceName=Microsoft Windows security auditing.
EventCode=4624
EventType=0
Type=Information
ComputerName=observerDeviceA.domainX.com
TaskCategory=Logon
OpCode=Info
RecordNumber=987714713
Keywords=Audit Success
Message=An account was successfully logged on.
Subject:
	Security ID:		NULL SID
	Account Name:		-
	Account Domain:		-
	Logon ID:		0x0
Logon Type:			3
New Logon:
	Security ID:		DOMAINX\userA
	Account Name:		userA
	Account Domain:		DOMAINX
	Logon ID:		0xa8e51878
	Logon GUID:		{C008E59A-9700-154F-9035-D6B7117ACEF1}
Process Information:
	Process ID:		0x0
	Process Name:		-
Network Information:
	Workstation Name:	
	Source Network Address:	10.0.0.37
	Source Port:		49318
Detailed Authentication Information:
	Logon Process:		Kerberos
	Authentication Package:	Kerberos
	Transited Services:	-
	Package Name (NTLM only):	-
	Key Length:		0
01/09/2019 01:56:20 PM
LogName=Security
SourceName=Microsoft Windows security auditing.
EventCode=4624
EventType=0
Type=Information
ComputerName=observerDeviceA.domainX.com
TaskCategory=Logon
OpCode=Info
RecordNumber=987714710
Keywords=Audit Success
Message=An account was successfully logged on.
Subject:
	Security ID:		NULL SID
	Account Name:		-
	Account Domain:		-
	Logon ID:		0x0
Logon Type:			3
New Logon:
	Security ID:		DOMAINX\userA
	Account Name:		userA
	Account Domain:		DOMAINX
	Logon ID:		0xa8e51860
	Logon GUID:		{C008E59A-9700-154F-9035-D6B7117ACEF1}
Process Information:
	Process ID:		0x0
	Process Name:		-
Network Information:
	Workstation Name:	
	Source Network Address:	10.0.0.37
	Source Port:		49313
Detailed Authentication Information:
	Logon Process:		Kerberos
	Authentication Package:	Kerberos
	Transited Services:	-
	Package Name (NTLM only):	-
	Key Length:		0
01/09/2019 01:56:20 PM
LogName=Security
SourceName=Microsoft Windows security auditing.
EventCode=4624
EventType=0
Type=Information
ComputerName=observerDeviceA.domainX.com
TaskCategory=Logon
OpCode=Info
RecordNumber=987714708
Keywords=Audit Success
Message=An account was successfully logged on.
Subject:
	Security ID:		NULL SID
	Account Name:		-
	Account Domain:		-
	Logon ID:		0x0
Logon Type:			3
New Logon:
	Security ID:		DOMAINX\userA
	Account Name:		userA
	Account Domain:		DOMAINX
	Logon ID:		0xa8e51846
	Logon GUID:		{C008E59A-9700-154F-9035-D6B7117ACEF1}
Process Information:
	Process ID:		0x0
	Process Name:		-
Network Information:
	Workstation Name:	
	Source Network Address:	10.0.0.37
	Source Port:		49312
Detailed Authentication Information:
	Logon Process:		Kerberos
	Authentication Package:	Kerberos
	Transited Services:	-
	Package Name (NTLM only):	-
	Key Length:		0
01/09/2019 01:56:20 PM
LogName=Security
SourceName=Microsoft Windows security auditing.
EventCode=4624
EventType=0
Type=Information
ComputerName=observerDeviceA.domainX.com
TaskCategory=Logon
OpCode=Info
RecordNumber=987714706
Keywords=Audit Success
Message=An account was successfully logged on.
Subject:
	Security ID:		NULL SID
	Account Name:		-
	Account Domain:		-
	Logon ID:		0x0
Logon Type:			3
New Logon:
	Security ID:		DOMAINX\userA
	Account Name:		userA
	Account Domain:		DOMAINX
	Logon ID:		0xa8e51830
	Logon GUID:		{C008E59A-9700-154F-9035-D6B7117ACEF1}
Process Information:
	Process ID:		0x0
	Process Name:		-
Network Information:
	Workstation Name:	
	Source Network Address:	10.0.0.37
	Source Port:		49311
Detailed Authentication Information:
	Logon Process:		Kerberos
	Authentication Package:	Kerberos
	Transited Services:	-
	Package Name (NTLM only):	-
	Key Length:		0
01/09/2019 01:56:20 PM
LogName=Security
SourceName=Microsoft Windows security auditing.
EventCode=4624
EventType=0
Type=Information
ComputerName=observerDeviceA.domainX.com
TaskCategory=Logon
OpCode=Info
RecordNumber=987714704
Keywords=Audit Success
Message=An account was successfully logged on.
Subject:
	Security ID:		NULL SID
	Account Name:		-
	Account Domain:		-
	Logon ID:		0x0
Logon Type:			3
New Logon:
	Security ID:		DOMAINX\userA
	Account Name:		userA
	Account Domain:		DOMAINX
	Logon ID:		0xa8e51818
	Logon GUID:		{C008E59A-9700-154F-9035-D6B7117ACEF1}
Process Information:
	Process ID:		0x0
	Process Name:		-
Network Information:
	Workstation Name:	
	Source Network Address:	10.0.0.37
	Source Port:		49310
Detailed Authentication Information:
	Logon Process:		Kerberos
	Authentication Package:	Kerberos
	Transited Services:	-
	Package Name (NTLM only):	-
	Key Length:		0
01/09/2019 01:56:20 PM
LogName=Security
SourceName=Microsoft Windows security auditing.
EventCode=4624
EventType=0
Type=Information
ComputerName=observerDeviceA.domainX.com
TaskCategory=Logon
OpCode=Info
RecordNumber=987714702
Keywords=Audit Success
Message=An account was successfully logged on.
Subject:
	Security ID:		NULL SID
	Account Name:		-
	Account Domain:		-
	Logon ID:		0x0
Logon Type:			3
New Logon:
	Security ID:		DOMAINX\userA
	Account Name:		userA
	Account Domain:		DOMAINX
	Logon ID:		0xa8e51714
	Logon GUID:		{C008E59A-9700-154F-9035-D6B7117ACEF1}
Process Information:
	Process ID:		0x0
	Process Name:		-
Network Information:
	Workstation Name:	
	Source Network Address:	10.0.0.37
	Source Port:		49309
Detailed Authentication Information:
	Logon Process:		Kerberos
	Authentication Package:	Kerberos
	Transited Services:	-
	Package Name (NTLM only):	-
	Key Length:		0
01/09/2019 01:56:20 PM
LogName=Security
SourceName=Microsoft Windows security auditing.
EventCode=4624
EventType=0
Type=Information
ComputerName=observerDeviceA.domainX.com
TaskCategory=Logon
OpCode=Info
RecordNumber=987714699
Keywords=Audit Success
Message=An account was successfully logged on.
Subject:
	Security ID:		NULL SID
	Account Name:		-
	Account Domain:		-
	Logon ID:		0x0
Logon Type:			3
New Logon:
	Security ID:		DOMAINX\userA
	Account Name:		userA
	Account Domain:		DOMAINX
	Logon ID:		0xa8e516da
	Logon GUID:		{83E84E6B-BDB1-7A6B-5D87-413883A99D1F}
Process Information:
	Process ID:		0x0
	Process Name:		-
Network Information:
	Workstation Name:	
	Source Network Address:	10.0.0.37
	Source Port:		49308
Detailed Authentication Information:
	Logon Process:		Kerberos
	Authentication Package:	Kerberos
	Transited Services:	-
	Package Name (NTLM only):	-
	Key Length:		0
01/09/2019 01:56:20 PM
LogName=Security
SourceName=Microsoft Windows security auditing.
EventCode=4624
EventType=0
Type=Information
ComputerName=observerDeviceA.domainX.com
TaskCategory=Logon
OpCode=Info
RecordNumber=987714696
Keywords=Audit Success
Message=An account was successfully logged on.
Subject:
	Security ID:		NULL SID
	Account Name:		-
	Account Domain:		-
	Logon ID:		0x0
Logon Type:			3
New Logon:
	Security ID:		DOMAINX\userA
	Account Name:		userA
	Account Domain:		DOMAINX
	Logon ID:		0xa8e516c7
	Logon GUID:		{C008E59A-9700-154F-9035-D6B7117ACEF1}
Process Information:
	Process ID:		0x0
	Process Name:		-
Network Information:
	Workstation Name:	
	Source Network Address:	10.0.0.37
	Source Port:		49305
Detailed Authentication Information:
	Logon Process:		Kerberos
	Authentication Package:	Kerberos
	Transited Services:	-
	Package Name (NTLM only):	-
	Key Length:		0
01/09/2019 01:56:20 PM
LogName=Security
SourceName=Microsoft Windows security auditing.
EventCode=4624
EventType=0
Type=Information
ComputerName=observerDeviceA.domainX.com
TaskCategory=Logon
OpCode=Info
RecordNumber=987714695
Keywords=Audit Success
Message=An account was successfully logged on.
Subject:
	Security ID:		NULL SID
	Account Name:		-
	Account Domain:		-
	Logon ID:		0x0
Logon Type:			3
New Logon:
	Security ID:		DOMAINX\userA
	Account Name:		userA
	Account Domain:		DOMAINX
	Logon ID:		0xa8e516b7
	Logon GUID:		{C008E59A-9700-154F-9035-D6B7117ACEF1}
Process Information:
	Process ID:		0x0
	Process Name:		-
Network Information:
	Workstation Name:	
	Source Network Address:	10.0.0.37
	Source Port:		49303
Detailed Authentication Information:
	Logon Process:		Kerberos
	Authentication Package:	Kerberos
	Transited Services:	-
	Package Name (NTLM only):	-
	Key Length:		0
01/09/2019 01:56:20 PM
LogName=Security
SourceName=Microsoft Windows security auditing.
EventCode=4624
EventType=0
Type=Information
ComputerName=observerDeviceA.domainX.com
TaskCategory=Logon
OpCode=Info
RecordNumber=987714694
Keywords=Audit Success
Message=An account was successfully logged on.
Subject:
	Security ID:		NULL SID
	Account Name:		-
	Account Domain:		-
	Logon ID:		0x0
Logon Type:			3
New Logon:
	Security ID:		DOMAINX\userA
	Account Name:		userA
	Account Domain:		DOMAINX
	Logon ID:		0xa8e516a7
	Logon GUID:		{C008E59A-9700-154F-9035-D6B7117ACEF1}
Process Information:
	Process ID:		0x0
	Process Name:		-
Network Information:
	Workstation Name:	
	Source Network Address:	10.0.0.37
	Source Port:		49301
Detailed Authentication Information:
	Logon Process:		Kerberos
	Authentication Package:	Kerberos
	Transited Services:	-
	Package Name (NTLM only):	-
	Key Length:		0
01/09/2019 01:56:19 PM
LogName=Security
SourceName=Microsoft Windows security auditing.
EventCode=4624
EventType=0
Type=Information
ComputerName=observerDeviceA.domainX.com
TaskCategory=Logon
OpCode=Info
RecordNumber=987714692
Keywords=Audit Success
Message=An account was successfully logged on.
Subject:
	Security ID:		NULL SID
	Account Name:		-
	Account Domain:		-
	Logon ID:		0x0
Logon Type:			3
New Logon:
	Security ID:		DOMAINX\userA
	Account Name:		userA
	Account Domain:		DOMAINX
	Logon ID:		0xa8e515ee
	Logon GUID:		{99937416-8D12-39FF-DF9F-B4656E9724E1}
Process Information:
	Process ID:		0x0
	Process Name:		-
Network Information:
	Workstation Name:	
	Source Network Address:	10.0.0.37
	Source Port:		49284
Detailed Authentication Information:
	Logon Process:		Kerberos
	Authentication Package:	Kerberos
	Transited Services:	-
	Package Name (NTLM only):	-
	Key Length:		0
01/09/2019 01:14:55 PM
LogName=Security
SourceName=Microsoft Windows security auditing.
EventCode=4624
EventType=0
Type=Information
ComputerName=observerDeviceA.domainX.com
TaskCategory=Logon
OpCode=Info
RecordNumber=987706530
Keywords=Audit Success
Message=An account was successfully logged on.
Subject:
	Security ID:		NULL SID
	Account Name:		-
	Account Domain:		-
	Logon ID:		0x0
Logon Type:			3
New Logon:
	Security ID:		DOMAINX\userA
	Account Name:		userA
	Account Domain:		DOMAINX
	Logon ID:		0xa8adce5b
	Logon GUID:		{5E094CEB-8C32-BCF0-45E7-DA36C15DB49B}
Process Information:
	Process ID:		0x0
	Process Name:		-
Network Information:
	Workstation Name:	
	Source Network Address:	10.0.0.37
	Source Port:		62920
Detailed Authentication Information:
	Logon Process:		Kerberos
	Authentication Package:	Kerberos
	Transited Services:	-
	Package Name (NTLM only):	-
	Key Length:		0
01/09/2019 12:18:12 PM
LogName=Security
SourceName=Microsoft Windows security auditing.
EventCode=4624
EventType=0
Type=Information
ComputerName=observerDeviceA.domainX.com
TaskCategory=Logon
OpCode=Info
RecordNumber=987695255
Keywords=Audit Success
Message=An account was successfully logged on.
Subject:
	Security ID:		NULL SID
	Account Name:		-
	Account Domain:		-
	Logon ID:		0x0
Logon Type:			3
New Logon:
	Security ID:		DOMAINX\userA
	Account Name:		userA
	Account Domain:		DOMAINX
	Logon ID:		0xa85f8716
	Logon GUID:		{3CC9925A-88FB-BEEB-9D24-0D291B44E6A0}
Process Information:
	Process ID:		0x0
	Process Name:		-
Network Information:
	Workstation Name:	
	Source Network Address:	10.0.0.37
	Source Port:		4365
Detailed Authentication Information:
	Logon Process:		Kerberos
	Authentication Package:	Kerberos
	Transited Services:	-
	Package Name (NTLM only):	-
	Key Length:		0
01/09/2019 12:18:12 PM
LogName=Security
SourceName=Microsoft Windows security auditing.
EventCode=4624
EventType=0
Type=Information
ComputerName=observerDeviceA.domainX.com
TaskCategory=Logon
OpCode=Info
RecordNumber=987695253
Keywords=Audit Success
Message=An account was successfully logged on.
Subject:
	Security ID:		NULL SID
	Account Name:		-
	Account Domain:		-
	Logon ID:		0x0
Logon Type:			3
New Logon:
	Security ID:		DOMAINX\userA
	Account Name:		userA
	Account Domain:		DOMAINX
	Logon ID:		0xa85f8700
	Logon GUID:		{3CC9925A-88FB-BEEB-9D24-0D291B44E6A0}
Process Information:
	Process ID:		0x0
	Process Name:		-
Network Information:
	Workstation Name:	
	Source Network Address:	10.0.0.37
	Source Port:		4364
Detailed Authentication Information:
	Logon Process:		Kerberos
	Authentication Package:	Kerberos
	Transited Services:	-
	Package Name (NTLM only):	-
	Key Length:		0
01/09/2019 12:18:06 PM
LogName=Security
SourceName=Microsoft Windows security auditing.
EventCode=4624
EventType=0
Type=Information
ComputerName=observerDeviceA.domainX.com
TaskCategory=Logon
OpCode=Info
RecordNumber=987695240
Keywords=Audit Success
Message=An account was successfully logged on.
Subject:
	Security ID:		NULL SID
	Account Name:		-
	Account Domain:		-
	Logon ID:		0x0
Logon Type:			3
New Logon:
	Security ID:		DOMAINX\userA
	Account Name:		userA
	Account Domain:		DOMAINX
	Logon ID:		0xa85f7be7
	Logon GUID:		{931B07A5-4028-DF21-718E-BC956E3B8B37}
Process Information:
	Process ID:		0x0
	Process Name:		-
Network Information:
	Workstation Name:	
	Source Network Address:	10.0.0.37
	Source Port:		4358
Detailed Authentication Information:
	Logon Process:		Kerberos
	Authentication Package:	Kerberos
	Transited Services:	-
	Package Name (NTLM only):	-
	Key Length:		0
01/09/2019 12:18:06 PM
LogName=Security
SourceName=Microsoft Windows security auditing.
EventCode=4624
EventType=0
Type=Information
ComputerName=observerDeviceA.domainX.com
TaskCategory=Logon
OpCode=Info
RecordNumber=987695238
Keywords=Audit Success
Message=An account was successfully logged on.
Subject:
	Security ID:		NULL SID
	Account Name:		-
	Account Domain:		-
	Logon ID:		0x0
Logon Type:			3
New Logon:
	Security ID:		DOMAINX\userA
	Account Name:		userA
	Account Domain:		DOMAINX
	Logon ID:		0xa85f7bd1
	Logon GUID:		{3CC9925A-88FB-BEEB-9D24-0D291B44E6A0}
Process Information:
	Process ID:		0x0
	Process Name:		-
Network Information:
	Workstation Name:	
	Source Network Address:	10.0.0.37
	Source Port:		4357
Detailed Authentication Information:
	Logon Process:		Kerberos
	Authentication Package:	Kerberos
	Transited Services:	-
	Package Name (NTLM only):	-
	Key Length:		0
01/09/2019 12:17:14 PM
LogName=Security
SourceName=Microsoft Windows security auditing.
EventCode=4624
EventType=0
Type=Information
ComputerName=observerDeviceA.domainX.com
TaskCategory=Logon
OpCode=Info
RecordNumber=987695004
Keywords=Audit Success
Message=An account was successfully logged on.
Subject:
	Security ID:		NULL SID
	Account Name:		-
	Account Domain:		-
	Logon ID:		0x0
Logon Type:			3
New Logon:
	Security ID:		DOMAINX\userA
	Account Name:		userA
	Account Domain:		DOMAINX
	Logon ID:		0xa85f053d
	Logon GUID:		{931B07A5-4028-DF21-718E-BC956E3B8B37}
Process Information:
	Process ID:		0x0
	Process Name:		-
Network Information:
	Workstation Name:	
	Source Network Address:	10.0.0.37
	Source Port:		4354
Detailed Authentication Information:
	Logon Process:		Kerberos
	Authentication Package:	Kerberos
	Transited Services:	-
	Package Name (NTLM only):	-
	Key Length:		0
01/09/2019 12:17:12 PM
LogName=Security
SourceName=Microsoft Windows security auditing.
EventCode=4624
EventType=0
Type=Information
ComputerName=observerDeviceA.domainX.com
TaskCategory=Logon
OpCode=Info
RecordNumber=987694998
Keywords=Audit Success
Message=An account was successfully logged on.
Subject:
	Security ID:		NULL SID
	Account Name:		-
	Account Domain:		-
	Logon ID:		0x0
Logon Type:			3
New Logon:
	Security ID:		DOMAINX\userA
	Account Name:		userA
	Account Domain:		DOMAINX
	Logon ID:		0xa85f01a3
	Logon GUID:		{3CC9925A-88FB-BEEB-9D24-0D291B44E6A0}
Process Information:
	Process ID:		0x0
	Process Name:		-
Network Information:
	Workstation Name:	
	Source Network Address:	10.0.0.37
	Source Port:		4350
Detailed Authentication Information:
	Logon Process:		Kerberos
	Authentication Package:	Kerberos
	Transited Services:	-
	Package Name (NTLM only):	-
	Key Length:		0
01/09/2019 12:17:04 PM
LogName=Security
SourceName=Microsoft Windows security auditing.
EventCode=4624
EventType=0
Type=Information
ComputerName=observerDeviceA.domainX.com
TaskCategory=Logon
OpCode=Info
RecordNumber=987694975
Keywords=Audit Success
Message=An account was successfully logged on.
Subject:
	Security ID:		NULL SID
	Account Name:		-
	Account Domain:		-
	Logon ID:		0x0
Logon Type:			3
New Logon:
	Security ID:		DOMAINX\userA
	Account Name:		userA
	Account Domain:		DOMAINX
	Logon ID:		0xa85edb97
	Logon GUID:		{931B07A5-4028-DF21-718E-BC956E3B8B37}
Process Information:
	Process ID:		0x0
	Process Name:		-
Network Information:
	Workstation Name:	
	Source Network Address:	10.0.0.37
	Source Port:		4340
Detailed Authentication Information:
	Logon Process:		Kerberos
	Authentication Package:	Kerberos
	Transited Services:	-
	Package Name (NTLM only):	-
	Key Length:		0
01/09/2019 12:17:04 PM
LogName=Security
SourceName=Microsoft Windows security auditing.
EventCode=4624
EventType=0
Type=Information
ComputerName=observerDeviceA.domainX.com
TaskCategory=Logon
OpCode=Info
RecordNumber=987694971
Keywords=Audit Success
Message=An account was successfully logged on.
Subject:
	Security ID:		NULL SID
	Account Name:		-
	Account Domain:		-
	Logon ID:		0x0
Logon Type:			3
New Logon:
	Security ID:		DOMAINX\userA
	Account Name:		userA
	Account Domain:		DOMAINX
	Logon ID:		0xa85edb83
	Logon GUID:		{931B07A5-4028-DF21-718E-BC956E3B8B37}
Process Information:
	Process ID:		0x0
	Process Name:		-
Network Information:
	Workstation Name:	
	Source Network Address:	10.0.0.37
	Source Port:		4339
Detailed Authentication Information:
	Logon Process:		Kerberos
	Authentication Package:	Kerberos
	Transited Services:	-
	Package Name (NTLM only):	-
	Key Length:		0
01/09/2019 12:17:04 PM
LogName=Security
SourceName=Microsoft Windows security auditing.
EventCode=4624
EventType=0
Type=Information
ComputerName=observerDeviceA.domainX.com
TaskCategory=Logon
OpCode=Info
RecordNumber=987694970
Keywords=Audit Success
Message=An account was successfully logged on.
Subject:
	Security ID:		NULL SID
	Account Name:		-
	Account Domain:		-
	Logon ID:		0x0
Logon Type:			3
New Logon:
	Security ID:		DOMAINX\userA
	Account Name:		userA
	Account Domain:		DOMAINX
	Logon ID:		0xa85edb73
	Logon GUID:		{3CC9925A-88FB-BEEB-9D24-0D291B44E6A0}
Process Information:
	Process ID:		0x0
	Process Name:		-
Network Information:
	Workstation Name:	
	Source Network Address:	10.0.0.37
	Source Port:		4338
Detailed Authentication Information:
	Logon Process:		Kerberos
	Authentication Package:	Kerberos
	Transited Services:	-
	Package Name (NTLM only):	-
	Key Length:		0
01/09/2019 12:17:04 PM
LogName=Security
SourceName=Microsoft Windows security auditing.
EventCode=4624
EventType=0
Type=Information
ComputerName=observerDeviceA.domainX.com
TaskCategory=Logon
OpCode=Info
RecordNumber=987694969
Keywords=Audit Success
Message=An account was successfully logged on.
Subject:
	Security ID:		NULL SID
	Account Name:		-
	Account Domain:		-
	Logon ID:		0x0
Logon Type:			3
New Logon:
	Security ID:		DOMAINX\userA
	Account Name:		userA
	Account Domain:		DOMAINX
	Logon ID:		0xa85edb53
	Logon GUID:		{3DB6550A-AB08-928C-F273-18867A604EA3}
Process Information:
	Process ID:		0x0
	Process Name:		-
Network Information:
	Workstation Name:	
	Source Network Address:	10.0.0.37
	Source Port:		4336
Detailed Authentication Information:
	Logon Process:		Kerberos
	Authentication Package:	Kerberos
	Transited Services:	-
	Package Name (NTLM only):	-
	Key Length:		0
01/09/2019 12:16:18 PM
LogName=Security
SourceName=Microsoft Windows security auditing.
EventCode=4624
EventType=0
Type=Information
ComputerName=observerDeviceA.domainX.com
TaskCategory=Logon
OpCode=Info
RecordNumber=987694836
Keywords=Audit Success
Message=An account was successfully logged on.
Subject:
	Security ID:		NULL SID
	Account Name:		-
	Account Domain:		-
	Logon ID:		0x0
Logon Type:			3
New Logon:
	Security ID:		DOMAINX\userA
	Account Name:		userA
	Account Domain:		DOMAINX
	Logon ID:		0xa85e6b66
	Logon GUID:		{0EF01AB8-AC9A-8D01-CADB-BCB30672AA9B}
Process Information:
	Process ID:		0x0
	Process Name:		-
Network Information:
	Workstation Name:	
	Source Network Address:	10.0.0.37
	Source Port:		57435
Detailed Authentication Information:
	Logon Process:		Kerberos
	Authentication Package:	Kerberos
	Transited Services:	-
	Package Name (NTLM only):	-
	Key Length:		0
01/09/2019 12:16:18 PM
LogName=Security
SourceName=Microsoft Windows security auditing.
EventCode=4624
EventType=0
Type=Information
ComputerName=observerDeviceA.domainX.com
TaskCategory=Logon
OpCode=Info
RecordNumber=987694834
Keywords=Audit Success
Message=An account was successfully logged on.
Subject:
	Security ID:		NULL SID
	Account Name:		-
	Account Domain:		-
	Logon ID:		0x0
Logon Type:			3
New Logon:
	Security ID:		DOMAINX\userA
	Account Name:		userA
	Account Domain:		DOMAINX
	Logon ID:		0xa85e6b4e
	Logon GUID:		{C008E59A-9700-154F-9035-D6B7117ACEF1}
Process Information:
	Process ID:		0x0
	Process Name:		-
Network Information:
	Workstation Name:	
	Source Network Address:	10.0.0.37
	Source Port:		57434
Detailed Authentication Information:
	Logon Process:		Kerberos
	Authentication Package:	Kerberos
	Transited Services:	-
	Package Name (NTLM only):	-
	Key Length:		0
