01/09/2019 12:16:18 PM
LogName=Security
SourceName=Microsoft Windows security auditing.
EventCode=4624
EventType=0
Type=Information
ComputerName=observerDeviceA.domainX.com
TaskCategory=Logon
OpCode=Info
RecordNumber=987694832
Keywords=Audit Success
Message=An account was successfully logged on.
Subject:
	Security ID:		NULL SID
	Account Name:		-
	Account Domain:		-
	Logon ID:		0x0
Logon Type:			3
New Logon:
	Security ID:		DOMAINX\userA
	Account Name:		userA
	Account Domain:		DOMAINX
	Logon ID:		0xa85e6b32
	Logon GUID:		{C008E59A-9700-154F-9035-D6B7117ACEF1}
Process Information:
	Process ID:		0x0
	Process Name:		-
Network Information:
	Workstation Name:	
	Source Network Address:	10.0.0.37
	Source Port:		57433
Detailed Authentication Information:
	Logon Process:		Kerberos
	Authentication Package:	Kerberos
	Transited Services:	-
	Package Name (NTLM only):	-
	Key Length:		0
01/09/2019 12:16:18 PM
LogName=Security
SourceName=Microsoft Windows security auditing.
EventCode=4624
EventType=0
Type=Information
ComputerName=observerDeviceA.domainX.com
TaskCategory=Logon
OpCode=Info
RecordNumber=987694830
Keywords=Audit Success
Message=An account was successfully logged on.
Subject:
	Security ID:		NULL SID
	Account Name:		-
	Account Domain:		-
	Logon ID:		0x0
Logon Type:			3
New Logon:
	Security ID:		DOMAINX\userA
	Account Name:		userA
	Account Domain:		DOMAINX
	Logon ID:		0xa85e6af5
	Logon GUID:		{0EF01AB8-AC9A-8D01-CADB-BCB30672AA9B}
Process Information:
	Process ID:		0x0
	Process Name:		-
Network Information:
	Workstation Name:	
	Source Network Address:	10.0.0.37
	Source Port:		57429
Detailed Authentication Information:
	Logon Process:		Kerberos
	Authentication Package:	Kerberos
	Transited Services:	-
	Package Name (NTLM only):	-
	Key Length:		0
01/09/2019 12:16:18 PM
LogName=Security
SourceName=Microsoft Windows security auditing.
EventCode=4624
EventType=0
Type=Information
ComputerName=observerDeviceA.domainX.com
TaskCategory=Logon
OpCode=Info
RecordNumber=987694828
Keywords=Audit Success
Message=An account was successfully logged on.
Subject:
	Security ID:		NULL SID
	Account Name:		-
	Account Domain:		-
	Logon ID:		0x0
Logon Type:			3
New Logon:
	Security ID:		DOMAINX\userA
	Account Name:		userA
	Account Domain:		DOMAINX
	Logon ID:		0xa85e6add
	Logon GUID:		{C008E59A-9700-154F-9035-D6B7117ACEF1}
Process Information:
	Process ID:		0x0
	Process Name:		-
Network Information:
	Workstation Name:	
	Source Network Address:	10.0.0.37
	Source Port:		57428
Detailed Authentication Information:
	Logon Process:		Kerberos
	Authentication Package:	Kerberos
	Transited Services:	-
	Package Name (NTLM only):	-
	Key Length:		0
01/09/2019 12:16:18 PM
LogName=Security
SourceName=Microsoft Windows security auditing.
EventCode=4624
EventType=0
Type=Information
ComputerName=observerDeviceA.domainX.com
TaskCategory=Logon
OpCode=Info
RecordNumber=987694826
Keywords=Audit Success
Message=An account was successfully logged on.
Subject:
	Security ID:		NULL SID
	Account Name:		-
	Account Domain:		-
	Logon ID:		0x0
Logon Type:			3
New Logon:
	Security ID:		DOMAINX\userA
	Account Name:		userA
	Account Domain:		DOMAINX
	Logon ID:		0xa85e6ac5
	Logon GUID:		{C008E59A-9700-154F-9035-D6B7117ACEF1}
Process Information:
	Process ID:		0x0
	Process Name:		-
Network Information:
	Workstation Name:	
	Source Network Address:	10.0.0.37
	Source Port:		57427
Detailed Authentication Information:
	Logon Process:		Kerberos
	Authentication Package:	Kerberos
	Transited Services:	-
	Package Name (NTLM only):	-
	Key Length:		0
01/09/2019 12:16:18 PM
LogName=Security
SourceName=Microsoft Windows security auditing.
EventCode=4624
EventType=0
Type=Information
ComputerName=observerDeviceA.domainX.com
TaskCategory=Logon
OpCode=Info
RecordNumber=987694824
Keywords=Audit Success
Message=An account was successfully logged on.
Subject:
	Security ID:		NULL SID
	Account Name:		-
	Account Domain:		-
	Logon ID:		0x0
Logon Type:			3
New Logon:
	Security ID:		DOMAINX\userA
	Account Name:		userA
	Account Domain:		DOMAINX
	Logon ID:		0xa85e6aad
	Logon GUID:		{83E84E6B-BDB1-7A6B-5D87-413883A99D1F}
Process Information:
	Process ID:		0x0
	Process Name:		-
Network Information:
	Workstation Name:	
	Source Network Address:	10.0.0.37
	Source Port:		57426
Detailed Authentication Information:
	Logon Process:		Kerberos
	Authentication Package:	Kerberos
	Transited Services:	-
	Package Name (NTLM only):	-
	Key Length:		0
01/09/2019 12:16:17 PM
LogName=Security
SourceName=Microsoft Windows security auditing.
EventCode=4624
EventType=0
Type=Information
ComputerName=observerDeviceA.domainX.com
TaskCategory=Logon
OpCode=Info
RecordNumber=987694821
Keywords=Audit Success
Message=An account was successfully logged on.
Subject:
	Security ID:		NULL SID
	Account Name:		-
	Account Domain:		-
	Logon ID:		0x0
Logon Type:			3
New Logon:
	Security ID:		DOMAINX\userA
	Account Name:		userA
	Account Domain:		DOMAINX
	Logon ID:		0xa85e6a94
	Logon GUID:		{0EF01AB8-AC9A-8D01-CADB-BCB30672AA9B}
Process Information:
	Process ID:		0x0
	Process Name:		-
Network Information:
	Workstation Name:	
	Source Network Address:	10.0.0.37
	Source Port:		57421
Detailed Authentication Information:
	Logon Process:		Kerberos
	Authentication Package:	Kerberos
	Transited Services:	-
	Package Name (NTLM only):	-
	Key Length:		0
01/09/2019 12:16:17 PM
LogName=Security
SourceName=Microsoft Windows security auditing.
EventCode=4624
EventType=0
Type=Information
ComputerName=observerDeviceA.domainX.com
TaskCategory=Logon
OpCode=Info
RecordNumber=987694820
Keywords=Audit Success
Message=An account was successfully logged on.
Subject:
	Security ID:		NULL SID
	Account Name:		-
	Account Domain:		-
	Logon ID:		0x0
Logon Type:			3
New Logon:
	Security ID:		DOMAINX\userA
	Account Name:		userA
	Account Domain:		DOMAINX
	Logon ID:		0xa85e6a5d
	Logon GUID:		{0EF01AB8-AC9A-8D01-CADB-BCB30672AA9B}
Process Information:
	Process ID:		0x0
	Process Name:		-
Network Information:
	Workstation Name:	
	Source Network Address:	10.0.0.37
	Source Port:		57417
Detailed Authentication Information:
	Logon Process:		Kerberos
	Authentication Package:	Kerberos
	Transited Services:	-
	Package Name (NTLM only):	-
	Key Length:		0
01/09/2019 12:16:17 PM
LogName=Security
SourceName=Microsoft Windows security auditing.
EventCode=4624
EventType=0
Type=Information
ComputerName=observerDeviceA.domainX.com
TaskCategory=Logon
OpCode=Info
RecordNumber=987694818
Keywords=Audit Success
Message=An account was successfully logged on.
Subject:
	Security ID:		NULL SID
	Account Name:		-
	Account Domain:		-
	Logon ID:		0x0
Logon Type:			3
New Logon:
	Security ID:		DOMAINX\userA
	Account Name:		userA
	Account Domain:		DOMAINX
	Logon ID:		0xa85e6980
	Logon GUID:		{0EF01AB8-AC9A-8D01-CADB-BCB30672AA9B}
Process Information:
	Process ID:		0x0
	Process Name:		-
Network Information:
	Workstation Name:	
	Source Network Address:	10.0.0.37
	Source Port:		57414
Detailed Authentication Information:
	Logon Process:		Kerberos
	Authentication Package:	Kerberos
	Transited Services:	-
	Package Name (NTLM only):	-
	Key Length:		0
01/09/2019 12:16:17 PM
LogName=Security
SourceName=Microsoft Windows security auditing.
EventCode=4624
EventType=0
Type=Information
ComputerName=observerDeviceA.domainX.com
TaskCategory=Logon
OpCode=Info
RecordNumber=987694817
Keywords=Audit Success
Message=An account was successfully logged on.
Subject:
	Security ID:		NULL SID
	Account Name:		-
	Account Domain:		-
	Logon ID:		0x0
Logon Type:			3
New Logon:
	Security ID:		DOMAINX\userA
	Account Name:		userA
	Account Domain:		DOMAINX
	Logon ID:		0xa85e696d
	Logon GUID:		{99937416-8D12-39FF-DF9F-B4656E9724E1}
Process Information:
	Process ID:		0x0
	Process Name:		-
Network Information:
	Workstation Name:	
	Source Network Address:	10.0.0.37
	Source Port:		57413
Detailed Authentication Information:
	Logon Process:		Kerberos
	Authentication Package:	Kerberos
	Transited Services:	-
	Package Name (NTLM only):	-
	Key Length:		0
01/09/2019 12:00:02 PM
LogName=Security
SourceName=Microsoft Windows security auditing.
EventCode=4624
EventType=0
Type=Information
ComputerName=observerDeviceA.domainX.com
TaskCategory=Logon
OpCode=Info
RecordNumber=987691611
Keywords=Audit Success
Message=An account was successfully logged on.
Subject:
	Security ID:		NULL SID
	Account Name:		-
	Account Domain:		-
	Logon ID:		0x0
Logon Type:			3
New Logon:
	Security ID:		DOMAINX\userA
	Account Name:		userA
	Account Domain:		DOMAINX
	Logon ID:		0xa84514a0
	Logon GUID:		{9FA2054A-A7F8-40C0-2DFA-3B6446D871CF}
Process Information:
	Process ID:		0x0
	Process Name:		-
Network Information:
	Workstation Name:	
	Source Network Address:	10.0.0.37
	Source Port:		4222
Detailed Authentication Information:
	Logon Process:		Kerberos
	Authentication Package:	Kerberos
	Transited Services:	-
	Package Name (NTLM only):	-
	Key Length:		0
01/09/2019 12:00:02 PM
LogName=Security
SourceName=Microsoft Windows security auditing.
EventCode=4624
EventType=0
Type=Information
ComputerName=observerDeviceA.domainX.com
TaskCategory=Logon
OpCode=Info
RecordNumber=987691608
Keywords=Audit Success
Message=An account was successfully logged on.
Subject:
	Security ID:		NULL SID
	Account Name:		-
	Account Domain:		-
	Logon ID:		0x0
Logon Type:			3
New Logon:
	Security ID:		DOMAINX\userA
	Account Name:		userA
	Account Domain:		DOMAINX
	Logon ID:		0xa845148a
	Logon GUID:		{9FA2054A-A7F8-40C0-2DFA-3B6446D871CF}
Process Information:
	Process ID:		0x0
	Process Name:		-
Network Information:
	Workstation Name:	
	Source Network Address:	10.0.0.37
	Source Port:		4220
Detailed Authentication Information:
	Logon Process:		Kerberos
	Authentication Package:	Kerberos
	Transited Services:	-
	Package Name (NTLM only):	-
	Key Length:		0
01/09/2019 10:38:51 AM
LogName=Security
SourceName=Microsoft Windows security auditing.
EventCode=4624
EventType=0
Type=Information
ComputerName=observerDeviceA.domainX.com
TaskCategory=Logon
OpCode=Info
RecordNumber=987675442
Keywords=Audit Success
Message=An account was successfully logged on.
Subject:
	Security ID:		NULL SID
	Account Name:		-
	Account Domain:		-
	Logon ID:		0x0
Logon Type:			3
New Logon:
	Security ID:		DOMAINX\userA
	Account Name:		userA
	Account Domain:		DOMAINX
	Logon ID:		0xa7dcf8e3
	Logon GUID:		{F1A52340-37AB-6733-450A-C7B3D9F3E035}
Process Information:
	Process ID:		0x0
	Process Name:		-
Network Information:
	Workstation Name:	
	Source Network Address:	10.0.0.37
	Source Port:		3665
Detailed Authentication Information:
	Logon Process:		Kerberos
	Authentication Package:	Kerberos
	Transited Services:	-
	Package Name (NTLM only):	-
	Key Length:		0
01/09/2019 10:38:51 AM
LogName=Security
SourceName=Microsoft Windows security auditing.
EventCode=4624
EventType=0
Type=Information
ComputerName=observerDeviceA.domainX.com
TaskCategory=Logon
OpCode=Info
RecordNumber=987675440
Keywords=Audit Success
Message=An account was successfully logged on.
Subject:
	Security ID:		NULL SID
	Account Name:		-
	Account Domain:		-
	Logon ID:		0x0
Logon Type:			3
New Logon:
	Security ID:		DOMAINX\userA
	Account Name:		userA
	Account Domain:		DOMAINX
	Logon ID:		0xa7dcf84f
	Logon GUID:		{473AC2C9-B7E6-6277-DF1F-F90B0D06FA6F}
Process Information:
	Process ID:		0x0
	Process Name:		-
Network Information:
	Workstation Name:	
	Source Network Address:	10.0.0.37
	Source Port:		3664
Detailed Authentication Information:
	Logon Process:		Kerberos
	Authentication Package:	Kerberos
	Transited Services:	-
	Package Name (NTLM only):	-
	Key Length:		0
01/09/2019 10:38:47 AM
LogName=Security
SourceName=Microsoft Windows security auditing.
EventCode=4624
EventType=0
Type=Information
ComputerName=observerDeviceA.domainX.com
TaskCategory=Logon
OpCode=Info
RecordNumber=987675430
Keywords=Audit Success
Message=An account was successfully logged on.
Subject:
	Security ID:		NULL SID
	Account Name:		-
	Account Domain:		-
	Logon ID:		0x0
Logon Type:			3
New Logon:
	Security ID:		DOMAINX\userA
	Account Name:		userA
	Account Domain:		DOMAINX
	Logon ID:		0xa7dcf0e4
	Logon GUID:		{F1A52340-37AB-6733-450A-C7B3D9F3E035}
Process Information:
	Process ID:		0x0
	Process Name:		-
Network Information:
	Workstation Name:	
	Source Network Address:	10.0.0.37
	Source Port:		3663
Detailed Authentication Information:
	Logon Process:		Kerberos
	Authentication Package:	Kerberos
	Transited Services:	-
	Package Name (NTLM only):	-
	Key Length:		0
01/09/2019 10:38:47 AM
LogName=Security
SourceName=Microsoft Windows security auditing.
EventCode=4624
EventType=0
Type=Information
ComputerName=observerDeviceA.domainX.com
TaskCategory=Logon
OpCode=Info
RecordNumber=987675428
Keywords=Audit Success
Message=An account was successfully logged on.
Subject:
	Security ID:		NULL SID
	Account Name:		-
	Account Domain:		-
	Logon ID:		0x0
Logon Type:			3
New Logon:
	Security ID:		DOMAINX\userA
	Account Name:		userA
	Account Domain:		DOMAINX
	Logon ID:		0xa7dcf0ce
	Logon GUID:		{473AC2C9-B7E6-6277-DF1F-F90B0D06FA6F}
Process Information:
	Process ID:		0x0
	Process Name:		-
Network Information:
	Workstation Name:	
	Source Network Address:	10.0.0.37
	Source Port:		3662
Detailed Authentication Information:
	Logon Process:		Kerberos
	Authentication Package:	Kerberos
	Transited Services:	-
	Package Name (NTLM only):	-
	Key Length:		0
01/09/2019 10:38:45 AM
LogName=Security
SourceName=Microsoft Windows security auditing.
EventCode=4624
EventType=0
Type=Information
ComputerName=observerDeviceA.domainX.com
TaskCategory=Logon
OpCode=Info
RecordNumber=987675421
Keywords=Audit Success
Message=An account was successfully logged on.
Subject:
	Security ID:		NULL SID
	Account Name:		-
	Account Domain:		-
	Logon ID:		0x0
Logon Type:			3
New Logon:
	Security ID:		DOMAINX\userA
	Account Name:		userA
	Account Domain:		DOMAINX
	Logon ID:		0xa7dcee90
	Logon GUID:		{473AC2C9-B7E6-6277-DF1F-F90B0D06FA6F}
Process Information:
	Process ID:		0x0
	Process Name:		-
Network Information:
	Workstation Name:	
	Source Network Address:	10.0.0.37
	Source Port:		3660
Detailed Authentication Information:
	Logon Process:		Kerberos
	Authentication Package:	Kerberos
	Transited Services:	-
	Package Name (NTLM only):	-
	Key Length:		0
01/09/2019 10:38:43 AM
LogName=Security
SourceName=Microsoft Windows security auditing.
EventCode=4624
EventType=0
Type=Information
ComputerName=observerDeviceA.domainX.com
TaskCategory=Logon
OpCode=Info
RecordNumber=987675415
Keywords=Audit Success
Message=An account was successfully logged on.
Subject:
	Security ID:		NULL SID
	Account Name:		-
	Account Domain:		-
	Logon ID:		0x0
Logon Type:			3
New Logon:
	Security ID:		DOMAINX\userA
	Account Name:		userA
	Account Domain:		DOMAINX
	Logon ID:		0xa7dcec92
	Logon GUID:		{F1A52340-37AB-6733-450A-C7B3D9F3E035}
Process Information:
	Process ID:		0x0
	Process Name:		-
Network Information:
	Workstation Name:	
	Source Network Address:	10.0.0.37
	Source Port:		3659
Detailed Authentication Information:
	Logon Process:		Kerberos
	Authentication Package:	Kerberos
	Transited Services:	-
	Package Name (NTLM only):	-
	Key Length:		0
01/09/2019 10:38:35 AM
LogName=Security
SourceName=Microsoft Windows security auditing.
EventCode=4624
EventType=0
Type=Information
ComputerName=observerDeviceA.domainX.com
TaskCategory=Logon
OpCode=Info
RecordNumber=987675392
Keywords=Audit Success
Message=An account was successfully logged on.
Subject:
	Security ID:		NULL SID
	Account Name:		-
	Account Domain:		-
	Logon ID:		0x0
Logon Type:			3
New Logon:
	Security ID:		DOMAINX\userA
	Account Name:		userA
	Account Domain:		DOMAINX
	Logon ID:		0xa7dce267
	Logon GUID:		{473AC2C9-B7E6-6277-DF1F-F90B0D06FA6F}
Process Information:
	Process ID:		0x0
	Process Name:		-
Network Information:
	Workstation Name:	
	Source Network Address:	10.0.0.37
	Source Port:		3652
Detailed Authentication Information:
	Logon Process:		Kerberos
	Authentication Package:	Kerberos
	Transited Services:	-
	Package Name (NTLM only):	-
	Key Length:		0
01/09/2019 10:38:35 AM
LogName=Security
SourceName=Microsoft Windows security auditing.
EventCode=4624
EventType=0
Type=Information
ComputerName=observerDeviceA.domainX.com
TaskCategory=Logon
OpCode=Info
RecordNumber=987675391
Keywords=Audit Success
Message=An account was successfully logged on.
Subject:
	Security ID:		NULL SID
	Account Name:		-
	Account Domain:		-
	Logon ID:		0x0
Logon Type:			3
New Logon:
	Security ID:		DOMAINX\userA
	Account Name:		userA
	Account Domain:		DOMAINX
	Logon ID:		0xa7dce257
	Logon GUID:		{F1A52340-37AB-6733-450A-C7B3D9F3E035}
Process Information:
	Process ID:		0x0
	Process Name:		-
Network Information:
	Workstation Name:	
	Source Network Address:	10.0.0.37
	Source Port:		3651
Detailed Authentication Information:
	Logon Process:		Kerberos
	Authentication Package:	Kerberos
	Transited Services:	-
	Package Name (NTLM only):	-
	Key Length:		0
01/09/2019 10:38:35 AM
LogName=Security
SourceName=Microsoft Windows security auditing.
EventCode=4624
EventType=0
Type=Information
ComputerName=observerDeviceA.domainX.com
TaskCategory=Logon
OpCode=Info
RecordNumber=987675390
Keywords=Audit Success
Message=An account was successfully logged on.
Subject:
	Security ID:		NULL SID
	Account Name:		-
	Account Domain:		-
	Logon ID:		0x0
Logon Type:			3
New Logon:
	Security ID:		DOMAINX\userA
	Account Name:		userA
	Account Domain:		DOMAINX
	Logon ID:		0xa7dce247
	Logon GUID:		{473AC2C9-B7E6-6277-DF1F-F90B0D06FA6F}
Process Information:
	Process ID:		0x0
	Process Name:		-
Network Information:
	Workstation Name:	
	Source Network Address:	10.0.0.37
	Source Port:		3650
Detailed Authentication Information:
	Logon Process:		Kerberos
	Authentication Package:	Kerberos
	Transited Services:	-
	Package Name (NTLM only):	-
	Key Length:		0
01/09/2019 10:38:35 AM
LogName=Security
SourceName=Microsoft Windows security auditing.
EventCode=4624
EventType=0
Type=Information
ComputerName=observerDeviceA.domainX.com
TaskCategory=Logon
OpCode=Info
RecordNumber=987675389
Keywords=Audit Success
Message=An account was successfully logged on.
Subject:
	Security ID:		NULL SID
	Account Name:		-
	Account Domain:		-
	Logon ID:		0x0
Logon Type:			3
New Logon:
	Security ID:		DOMAINX\userA
	Account Name:		userA
	Account Domain:		DOMAINX
	Logon ID:		0xa7dce230
	Logon GUID:		{0CD7F933-CB4F-118C-12B7-5D365252DFCF}
Process Information:
	Process ID:		0x0
	Process Name:		-
Network Information:
	Workstation Name:	
	Source Network Address:	10.0.0.37
	Source Port:		3647
Detailed Authentication Information:
	Logon Process:		Kerberos
	Authentication Package:	Kerberos
	Transited Services:	-
	Package Name (NTLM only):	-
	Key Length:		0
01/09/2019 10:27:17 AM
LogName=Security
SourceName=Microsoft Windows security auditing.
EventCode=4624
EventType=0
Type=Information
ComputerName=observerDeviceA.domainX.com
TaskCategory=Logon
OpCode=Info
RecordNumber=987673079
Keywords=Audit Success
Message=An account was successfully logged on.
Subject:
	Security ID:		NULL SID
	Account Name:		-
	Account Domain:		-
	Logon ID:		0x0
Logon Type:			3
New Logon:
	Security ID:		DOMAINX\userA
	Account Name:		userA
	Account Domain:		DOMAINX
	Logon ID:		0xa7cd0326
	Logon GUID:		{44C50DCC-BCCA-1860-51EB-D7D505B781AE}
Process Information:
	Process ID:		0x0
	Process Name:		-
Network Information:
	Workstation Name:	
	Source Network Address:	10.0.0.37
	Source Port:		53891
Detailed Authentication Information:
	Logon Process:		Kerberos
	Authentication Package:	Kerberos
	Transited Services:	-
	Package Name (NTLM only):	-
	Key Length:		0
01/09/2019 10:27:16 AM
LogName=Security
SourceName=Microsoft Windows security auditing.
EventCode=4624
EventType=0
Type=Information
ComputerName=observerDeviceA.domainX.com
TaskCategory=Logon
OpCode=Info
RecordNumber=987673070
Keywords=Audit Success
Message=An account was successfully logged on.
Subject:
	Security ID:		NULL SID
	Account Name:		-
	Account Domain:		-
	Logon ID:		0x0
Logon Type:			3
New Logon:
	Security ID:		DOMAINX\userA
	Account Name:		userA
	Account Domain:		DOMAINX
	Logon ID:		0xa7ccfcb4
	Logon GUID:		{44C50DCC-BCCA-1860-51EB-D7D505B781AE}
Process Information:
	Process ID:		0x0
	Process Name:		-
Network Information:
	Workstation Name:	
	Source Network Address:	10.0.0.37
	Source Port:		53886
Detailed Authentication Information:
	Logon Process:		Kerberos
	Authentication Package:	Kerberos
	Transited Services:	-
	Package Name (NTLM only):	-
	Key Length:		0
01/09/2019 10:27:16 AM
LogName=Security
SourceName=Microsoft Windows security auditing.
EventCode=4624
EventType=0
Type=Information
ComputerName=observerDeviceA.domainX.com
TaskCategory=Logon
OpCode=Info
RecordNumber=987673067
Keywords=Audit Success
Message=An account was successfully logged on.
Subject:
	Security ID:		NULL SID
	Account Name:		-
	Account Domain:		-
	Logon ID:		0x0
Logon Type:			3
New Logon:
	Security ID:		DOMAINX\userA
	Account Name:		userA
	Account Domain:		DOMAINX
	Logon ID:		0xa7ccfc9c
	Logon GUID:		{0EF01AB8-AC9A-8D01-CADB-BCB30672AA9B}
Process Information:
	Process ID:		0x0
	Process Name:		-
Network Information:
	Workstation Name:	
	Source Network Address:	10.0.0.37
	Source Port:		53885
Detailed Authentication Information:
	Logon Process:		Kerberos
	Authentication Package:	Kerberos
	Transited Services:	-
	Package Name (NTLM only):	-
	Key Length:		0
01/09/2019 10:27:15 AM
LogName=Security
SourceName=Microsoft Windows security auditing.
EventCode=4624
EventType=0
Type=Information
ComputerName=observerDeviceA.domainX.com
TaskCategory=Logon
OpCode=Info
RecordNumber=987673065
Keywords=Audit Success
Message=An account was successfully logged on.
Subject:
	Security ID:		NULL SID
	Account Name:		-
	Account Domain:		-
	Logon ID:		0x0
Logon Type:			3
New Logon:
	Security ID:		DOMAINX\userA
	Account Name:		userA
	Account Domain:		DOMAINX
	Logon ID:		0xa7ccfc82
	Logon GUID:		{44C50DCC-BCCA-1860-51EB-D7D505B781AE}
Process Information:
	Process ID:		0x0
	Process Name:		-
Network Information:
	Workstation Name:	
	Source Network Address:	10.0.0.37
	Source Port:		53884
Detailed Authentication Information:
	Logon Process:		Kerberos
	Authentication Package:	Kerberos
	Transited Services:	-
	Package Name (NTLM only):	-
	Key Length:		0
01/09/2019 10:27:15 AM
LogName=Security
SourceName=Microsoft Windows security auditing.
EventCode=4624
EventType=0
Type=Information
ComputerName=observerDeviceA.domainX.com
TaskCategory=Logon
OpCode=Info
RecordNumber=987673063
Keywords=Audit Success
Message=An account was successfully logged on.
Subject:
	Security ID:		NULL SID
	Account Name:		-
	Account Domain:		-
	Logon ID:		0x0
Logon Type:			3
New Logon:
	Security ID:		DOMAINX\userA
	Account Name:		userA
	Account Domain:		DOMAINX
	Logon ID:		0xa7ccfbb6
	Logon GUID:		{0EF01AB8-AC9A-8D01-CADB-BCB30672AA9B}
Process Information:
	Process ID:		0x0
	Process Name:		-
Network Information:
	Workstation Name:	
	Source Network Address:	10.0.0.37
	Source Port:		53883
Detailed Authentication Information:
	Logon Process:		Kerberos
	Authentication Package:	Kerberos
	Transited Services:	-
	Package Name (NTLM only):	-
	Key Length:		0
01/09/2019 10:27:15 AM
LogName=Security
SourceName=Microsoft Windows security auditing.
EventCode=4624
EventType=0
Type=Information
ComputerName=observerDeviceA.domainX.com
TaskCategory=Logon
OpCode=Info
RecordNumber=987673061
Keywords=Audit Success
Message=An account was successfully logged on.
Subject:
	Security ID:		NULL SID
	Account Name:		-
	Account Domain:		-
	Logon ID:		0x0
Logon Type:			3
New Logon:
	Security ID:		DOMAINX\userA
	Account Name:		userA
	Account Domain:		DOMAINX
	Logon ID:		0xa7ccfb9e
	Logon GUID:		{44C50DCC-BCCA-1860-51EB-D7D505B781AE}
Process Information:
	Process ID:		0x0
	Process Name:		-
Network Information:
	Workstation Name:	
	Source Network Address:	10.0.0.37
	Source Port:		53882
Detailed Authentication Information:
	Logon Process:		Kerberos
	Authentication Package:	Kerberos
	Transited Services:	-
	Package Name (NTLM only):	-
	Key Length:		0
01/09/2019 10:27:15 AM
LogName=Security
SourceName=Microsoft Windows security auditing.
EventCode=4624
EventType=0
Type=Information
ComputerName=observerDeviceA.domainX.com
TaskCategory=Logon
OpCode=Info
RecordNumber=987673059
Keywords=Audit Success
Message=An account was successfully logged on.
Subject:
	Security ID:		NULL SID
	Account Name:		-
	Account Domain:		-
	Logon ID:		0x0
Logon Type:			3
New Logon:
	Security ID:		DOMAINX\userA
	Account Name:		userA
	Account Domain:		DOMAINX
	Logon ID:		0xa7ccfb86
	Logon GUID:		{0EF01AB8-AC9A-8D01-CADB-BCB30672AA9B}
Process Information:
	Process ID:		0x0
	Process Name:		-
Network Information:
	Workstation Name:	
	Source Network Address:	10.0.0.37
	Source Port:		53881
Detailed Authentication Information:
	Logon Process:		Kerberos
	Authentication Package:	Kerberos
	Transited Services:	-
	Package Name (NTLM only):	-
	Key Length:		0
01/09/2019 10:27:15 AM
LogName=Security
SourceName=Microsoft Windows security auditing.
EventCode=4624
EventType=0
Type=Information
ComputerName=observerDeviceA.domainX.com
TaskCategory=Logon
OpCode=Info
RecordNumber=987673055
Keywords=Audit Success
Message=An account was successfully logged on.
Subject:
	Security ID:		NULL SID
	Account Name:		-
	Account Domain:		-
	Logon ID:		0x0
Logon Type:			3
New Logon:
	Security ID:		DOMAINX\userA
	Account Name:		userA
	Account Domain:		DOMAINX
	Logon ID:		0xa7ccfb55
	Logon GUID:		{44C50DCC-BCCA-1860-51EB-D7D505B781AE}
Process Information:
	Process ID:		0x0
	Process Name:		-
Network Information:
	Workstation Name:	
	Source Network Address:	10.0.0.37
	Source Port:		53880
Detailed Authentication Information:
	Logon Process:		Kerberos
	Authentication Package:	Kerberos
	Transited Services:	-
	Package Name (NTLM only):	-
	Key Length:		0
01/09/2019 10:27:15 AM
LogName=Security
SourceName=Microsoft Windows security auditing.
EventCode=4624
EventType=0
Type=Information
ComputerName=observerDeviceA.domainX.com
TaskCategory=Logon
OpCode=Info
RecordNumber=987673054
Keywords=Audit Success
Message=An account was successfully logged on.
Subject:
	Security ID:		NULL SID
	Account Name:		-
	Account Domain:		-
	Logon ID:		0x0
Logon Type:			3
New Logon:
	Security ID:		DOMAINX\userA
	Account Name:		userA
	Account Domain:		DOMAINX
	Logon ID:		0xa7ccfb45
	Logon GUID:		{0EF01AB8-AC9A-8D01-CADB-BCB30672AA9B}
Process Information:
	Process ID:		0x0
	Process Name:		-
Network Information:
	Workstation Name:	
	Source Network Address:	10.0.0.37
	Source Port:		53879
Detailed Authentication Information:
	Logon Process:		Kerberos
	Authentication Package:	Kerberos
	Transited Services:	-
	Package Name (NTLM only):	-
	Key Length:		0
01/09/2019 10:27:15 AM
LogName=Security
SourceName=Microsoft Windows security auditing.
EventCode=4624
EventType=0
Type=Information
ComputerName=observerDeviceA.domainX.com
TaskCategory=Logon
OpCode=Info
RecordNumber=987673052
Keywords=Audit Success
Message=An account was successfully logged on.
Subject:
	Security ID:		NULL SID
	Account Name:		-
	Account Domain:		-
	Logon ID:		0x0
Logon Type:			3
New Logon:
	Security ID:		DOMAINX\userA
	Account Name:		userA
	Account Domain:		DOMAINX
	Logon ID:		0xa7ccfb0f
	Logon GUID:		{44C50DCC-BCCA-1860-51EB-D7D505B781AE}
Process Information:
	Process ID:		0x0
	Process Name:		-
Network Information:
	Workstation Name:	
	Source Network Address:	10.0.0.37
	Source Port:		53877
Detailed Authentication Information:
	Logon Process:		Kerberos
	Authentication Package:	Kerberos
	Transited Services:	-
	Package Name (NTLM only):	-
	Key Length:		0
01/09/2019 10:27:15 AM
LogName=Security
SourceName=Microsoft Windows security auditing.
EventCode=4624
EventType=0
Type=Information
ComputerName=observerDeviceA.domainX.com
TaskCategory=Logon
OpCode=Info
RecordNumber=987673051
Keywords=Audit Success
Message=An account was successfully logged on.
Subject:
	Security ID:		NULL SID
	Account Name:		-
	Account Domain:		-
	Logon ID:		0x0
Logon Type:			3
New Logon:
	Security ID:		DOMAINX\userA
	Account Name:		userA
	Account Domain:		DOMAINX
	Logon ID:		0xa7ccfaf8
	Logon GUID:		{C008E59A-9700-154F-9035-D6B7117ACEF1}
Process Information:
	Process ID:		0x0
	Process Name:		-
Network Information:
	Workstation Name:	
	Source Network Address:	10.0.0.37
	Source Port:		53871
Detailed Authentication Information:
	Logon Process:		Kerberos
	Authentication Package:	Kerberos
	Transited Services:	-
	Package Name (NTLM only):	-
	Key Length:		0
01/09/2019 10:27:14 AM
LogName=Security
SourceName=Microsoft Windows security auditing.
EventCode=4624
EventType=0
Type=Information
ComputerName=observerDeviceA.domainX.com
TaskCategory=Logon
OpCode=Info
RecordNumber=987673045
Keywords=Audit Success
Message=An account was successfully logged on.
Subject:
	Security ID:		NULL SID
	Account Name:		-
	Account Domain:		-
	Logon ID:		0x0
Logon Type:			3
New Logon:
	Security ID:		DOMAINX\userA
	Account Name:		userA
	Account Domain:		DOMAINX
	Logon ID:		0xa7ccf9d7
	Logon GUID:		{5ECCFB38-EBE7-4399-6477-A2F4BD6AB5A0}
Process Information:
	Process ID:		0x0
	Process Name:		-
Network Information:
	Workstation Name:	
	Source Network Address:	10.0.0.37
	Source Port:		-
Detailed Authentication Information:
	Logon Process:		Kerberos
	Authentication Package:	Kerberos
	Transited Services:	-
	Package Name (NTLM only):	-
	Key Length:		0
01/09/2019 10:27:14 AM
LogName=Security
SourceName=Microsoft Windows security auditing.
EventCode=4624
EventType=0
Type=Information
ComputerName=observerDeviceA.domainX.com
TaskCategory=Logon
OpCode=Info
RecordNumber=987673043
Keywords=Audit Success
Message=An account was successfully logged on.
Subject:
	Security ID:		NULL SID
	Account Name:		-
	Account Domain:		-
	Logon ID:		0x0
Logon Type:			3
New Logon:
	Security ID:		DOMAINX\userA
	Account Name:		userA
	Account Domain:		DOMAINX
	Logon ID:		0xa7ccf99c
	Logon GUID:		{83E84E6B-BDB1-7A6B-5D87-413883A99D1F}
Process Information:
	Process ID:		0x0
	Process Name:		-
Network Information:
	Workstation Name:	
	Source Network Address:	10.0.0.37
	Source Port:		53872
Detailed Authentication Information:
	Logon Process:		Kerberos
	Authentication Package:	Kerberos
	Transited Services:	-
	Package Name (NTLM only):	-
	Key Length:		0
01/09/2019 09:20:30 AM
LogName=Security
SourceName=Microsoft Windows security auditing.
EventCode=4624
EventType=0
Type=Information
ComputerName=observerDeviceA.domainX.com
TaskCategory=Logon
OpCode=Info
RecordNumber=987659925
Keywords=Audit Success
Message=An account was successfully logged on.
Subject:
	Security ID:		NULL SID
	Account Name:		-
	Account Domain:		-
	Logon ID:		0x0
Logon Type:			3
New Logon:
	Security ID:		DOMAINX\userA
	Account Name:		userA
	Account Domain:		DOMAINX
	Logon ID:		0xa626ad89
	Logon GUID:		{00000000-0000-0000-0000-000000000000}
Process Information:
	Process ID:		0x0
	Process Name:		-
Network Information:
	Workstation Name:	SZUFS
	Source Network Address:	-
	Source Port:		-
Detailed Authentication Information:
	Logon Process:		NtLmSsp 
	Authentication Package:	NTLM
	Transited Services:	-
	Package Name (NTLM only):	NTLM V2
	Key Length:		128
01/09/2019 09:20:30 AM
LogName=Security
SourceName=Microsoft Windows security auditing.
EventCode=4624
EventType=0
Type=Information
ComputerName=observerDeviceA.domainX.com
TaskCategory=Logon
OpCode=Info
RecordNumber=987659922
Keywords=Audit Success
Message=An account was successfully logged on.
Subject:
	Security ID:		NULL SID
	Account Name:		-
	Account Domain:		-
	Logon ID:		0x0
Logon Type:			3
New Logon:
	Security ID:		DOMAINX\userA
	Account Name:		userA
	Account Domain:		DOMAINX
	Logon ID:		0xa626ad46
	Logon GUID:		{B4B5DFAA-BDD5-C736-313A-5878F8F76E87}
Process Information:
	Process ID:		0x0
	Process Name:		-
Network Information:
	Workstation Name:	
	Source Network Address:	10.0.0.37
	Source Port:		3123
Detailed Authentication Information:
	Logon Process:		Kerberos
	Authentication Package:	Kerberos
	Transited Services:	-
	Package Name (NTLM only):	-
	Key Length:		0
01/09/2019 09:05:23 AM
LogName=Security
SourceName=Microsoft Windows security auditing.
EventCode=4624
EventType=0
Type=Information
ComputerName=observerDeviceA.domainX.com
TaskCategory=Logon
OpCode=Info
RecordNumber=987657076
Keywords=Audit Success
Message=An account was successfully logged on.
Subject:
	Security ID:		NULL SID
	Account Name:		-
	Account Domain:		-
	Logon ID:		0x0
Logon Type:			3
New Logon:
	Security ID:		DOMAINX\userA
	Account Name:		userA
	Account Domain:		DOMAINX
	Logon ID:		0xa6103427
	Logon GUID:		{0CD7F933-CB4F-118C-12B7-5D365252DFCF}
Process Information:
	Process ID:		0x0
	Process Name:		-
Network Information:
	Workstation Name:	
	Source Network Address:	10.0.0.37
	Source Port:		3027
Detailed Authentication Information:
	Logon Process:		Kerberos
	Authentication Package:	Kerberos
	Transited Services:	-
	Package Name (NTLM only):	-
	Key Length:		0
01/09/2019 09:05:23 AM
LogName=Security
SourceName=Microsoft Windows security auditing.
EventCode=4624
EventType=0
Type=Information
ComputerName=observerDeviceA.domainX.com
TaskCategory=Logon
OpCode=Info
RecordNumber=987657075
Keywords=Audit Success
Message=An account was successfully logged on.
Subject:
	Security ID:		NULL SID
	Account Name:		-
	Account Domain:		-
	Logon ID:		0x0
Logon Type:			3
New Logon:
	Security ID:		DOMAINX\userA
	Account Name:		userA
	Account Domain:		DOMAINX
	Logon ID:		0xa610340b
	Logon GUID:		{F1A52340-37AB-6733-450A-C7B3D9F3E035}
Process Information:
	Process ID:		0x0
	Process Name:		-
Network Information:
	Workstation Name:	
	Source Network Address:	10.0.0.37
	Source Port:		3026
Detailed Authentication Information:
	Logon Process:		Kerberos
	Authentication Package:	Kerberos
	Transited Services:	-
	Package Name (NTLM only):	-
	Key Length:		0
01/09/2019 09:05:19 AM
LogName=Security
SourceName=Microsoft Windows security auditing.
EventCode=4624
EventType=0
Type=Information
ComputerName=observerDeviceA.domainX.com
TaskCategory=Logon
OpCode=Info
RecordNumber=987657060
Keywords=Audit Success
Message=An account was successfully logged on.
Subject:
	Security ID:		NULL SID
	Account Name:		-
	Account Domain:		-
	Logon ID:		0x0
Logon Type:			3
New Logon:
	Security ID:		DOMAINX\userA
	Account Name:		userA
	Account Domain:		DOMAINX
	Logon ID:		0xa61027e1
	Logon GUID:		{0CD7F933-CB4F-118C-12B7-5D365252DFCF}
Process Information:
	Process ID:		0x0
	Process Name:		-
Network Information:
	Workstation Name:	
	Source Network Address:	10.0.0.37
	Source Port:		3025
Detailed Authentication Information:
	Logon Process:		Kerberos
	Authentication Package:	Kerberos
	Transited Services:	-
	Package Name (NTLM only):	-
	Key Length:		0
01/09/2019 09:05:19 AM
LogName=Security
SourceName=Microsoft Windows security auditing.
EventCode=4624
EventType=0
Type=Information
ComputerName=observerDeviceA.domainX.com
TaskCategory=Logon
OpCode=Info
RecordNumber=987657058
Keywords=Audit Success
Message=An account was successfully logged on.
Subject:
	Security ID:		NULL SID
	Account Name:		-
	Account Domain:		-
	Logon ID:		0x0
Logon Type:			3
New Logon:
	Security ID:		DOMAINX\userA
	Account Name:		userA
	Account Domain:		DOMAINX
	Logon ID:		0xa61027cb
	Logon GUID:		{F1A52340-37AB-6733-450A-C7B3D9F3E035}
Process Information:
	Process ID:		0x0
	Process Name:		-
Network Information:
	Workstation Name:	
	Source Network Address:	10.0.0.37
	Source Port:		3024
Detailed Authentication Information:
	Logon Process:		Kerberos
	Authentication Package:	Kerberos
	Transited Services:	-
	Package Name (NTLM only):	-
	Key Length:		0
01/09/2019 09:05:17 AM
LogName=Security
SourceName=Microsoft Windows security auditing.
EventCode=4624
EventType=0
Type=Information
ComputerName=observerDeviceA.domainX.com
TaskCategory=Logon
OpCode=Info
RecordNumber=987657048
Keywords=Audit Success
Message=An account was successfully logged on.
Subject:
	Security ID:		NULL SID
	Account Name:		-
	Account Domain:		-
	Logon ID:		0x0
Logon Type:			3
New Logon:
	Security ID:		DOMAINX\userA
	Account Name:		userA
	Account Domain:		DOMAINX
	Logon ID:		0xa6102248
	Logon GUID:		{F1A52340-37AB-6733-450A-C7B3D9F3E035}
Process Information:
	Process ID:		0x0
	Process Name:		-
Network Information:
	Workstation Name:	
	Source Network Address:	10.0.0.37
	Source Port:		3023
Detailed Authentication Information:
	Logon Process:		Kerberos
	Authentication Package:	Kerberos
	Transited Services:	-
	Package Name (NTLM only):	-
	Key Length:		0
01/09/2019 09:05:15 AM
LogName=Security
SourceName=Microsoft Windows security auditing.
EventCode=4624
EventType=0
Type=Information
ComputerName=observerDeviceA.domainX.com
TaskCategory=Logon
OpCode=Info
RecordNumber=987657041
Keywords=Audit Success
Message=An account was successfully logged on.
Subject:
	Security ID:		NULL SID
	Account Name:		-
	Account Domain:		-
	Logon ID:		0x0
Logon Type:			3
New Logon:
	Security ID:		DOMAINX\userA
	Account Name:		userA
	Account Domain:		DOMAINX
	Logon ID:		0xa6101e0c
	Logon GUID:		{0CD7F933-CB4F-118C-12B7-5D365252DFCF}
Process Information:
	Process ID:		0x0
	Process Name:		-
Network Information:
	Workstation Name:	
	Source Network Address:	10.0.0.37
	Source Port:		3022
Detailed Authentication Information:
	Logon Process:		Kerberos
	Authentication Package:	Kerberos
	Transited Services:	-
	Package Name (NTLM only):	-
	Key Length:		0
01/09/2019 09:05:07 AM
LogName=Security
SourceName=Microsoft Windows security auditing.
EventCode=4624
EventType=0
Type=Information
ComputerName=observerDeviceA.domainX.com
TaskCategory=Logon
OpCode=Info
RecordNumber=987657019
Keywords=Audit Success
Message=An account was successfully logged on.
Subject:
	Security ID:		NULL SID
	Account Name:		-
	Account Domain:		-
	Logon ID:		0x0
Logon Type:			3
New Logon:
	Security ID:		DOMAINX\userA
	Account Name:		userA
	Account Domain:		DOMAINX
	Logon ID:		0xa60fed81
	Logon GUID:		{0CD7F933-CB4F-118C-12B7-5D365252DFCF}
Process Information:
	Process ID:		0x0
	Process Name:		-
Network Information:
	Workstation Name:	
	Source Network Address:	10.0.0.37
	Source Port:		3017
Detailed Authentication Information:
	Logon Process:		Kerberos
	Authentication Package:	Kerberos
	Transited Services:	-
	Package Name (NTLM only):	-
	Key Length:		0
01/09/2019 09:05:07 AM
LogName=Security
SourceName=Microsoft Windows security auditing.
EventCode=4624
EventType=0
Type=Information
ComputerName=observerDeviceA.domainX.com
TaskCategory=Logon
OpCode=Info
RecordNumber=987657018
Keywords=Audit Success
Message=An account was successfully logged on.
Subject:
	Security ID:		NULL SID
	Account Name:		-
	Account Domain:		-
	Logon ID:		0x0
Logon Type:			3
New Logon:
	Security ID:		DOMAINX\userA
	Account Name:		userA
	Account Domain:		DOMAINX
	Logon ID:		0xa60fed3d
	Logon GUID:		{F1A52340-37AB-6733-450A-C7B3D9F3E035}
Process Information:
	Process ID:		0x0
	Process Name:		-
Network Information:
	Workstation Name:	
	Source Network Address:	10.0.0.37
	Source Port:		3016
Detailed Authentication Information:
	Logon Process:		Kerberos
	Authentication Package:	Kerberos
	Transited Services:	-
	Package Name (NTLM only):	-
	Key Length:		0
01/09/2019 09:05:07 AM
LogName=Security
SourceName=Microsoft Windows security auditing.
EventCode=4624
EventType=0
Type=Information
ComputerName=observerDeviceA.domainX.com
TaskCategory=Logon
OpCode=Info
RecordNumber=987657017
Keywords=Audit Success
Message=An account was successfully logged on.
Subject:
	Security ID:		NULL SID
	Account Name:		-
	Account Domain:		-
	Logon ID:		0x0
Logon Type:			3
New Logon:
	Security ID:		DOMAINX\userA
	Account Name:		userA
	Account Domain:		DOMAINX
	Logon ID:		0xa60fed2d
	Logon GUID:		{F1A52340-37AB-6733-450A-C7B3D9F3E035}
Process Information:
	Process ID:		0x0
	Process Name:		-
Network Information:
	Workstation Name:	
	Source Network Address:	10.0.0.37
	Source Port:		3015
Detailed Authentication Information:
	Logon Process:		Kerberos
	Authentication Package:	Kerberos
	Transited Services:	-
	Package Name (NTLM only):	-
	Key Length:		0
01/09/2019 09:05:07 AM
LogName=Security
SourceName=Microsoft Windows security auditing.
EventCode=4624
EventType=0
Type=Information
ComputerName=observerDeviceA.domainX.com
TaskCategory=Logon
OpCode=Info
RecordNumber=987657016
Keywords=Audit Success
Message=An account was successfully logged on.
Subject:
	Security ID:		NULL SID
	Account Name:		-
	Account Domain:		-
	Logon ID:		0x0
Logon Type:			3
New Logon:
	Security ID:		DOMAINX\userA
	Account Name:		userA
	Account Domain:		DOMAINX
	Logon ID:		0xa60fed09
	Logon GUID:		{0CD7F933-CB4F-118C-12B7-5D365252DFCF}
Process Information:
	Process ID:		0x0
	Process Name:		-
Network Information:
	Workstation Name:	
	Source Network Address:	10.0.0.37
	Source Port:		3013
Detailed Authentication Information:
	Logon Process:		Kerberos
	Authentication Package:	Kerberos
	Transited Services:	-
	Package Name (NTLM only):	-
	Key Length:		0
01/09/2019 07:16:54 AM
LogName=Security
SourceName=Microsoft Windows security auditing.
EventCode=4624
EventType=0
Type=Information
ComputerName=observerDeviceA.domainX.com
TaskCategory=Logon
OpCode=Info
RecordNumber=987635818
Keywords=Audit Success
Message=An account was successfully logged on.
Subject:
	Security ID:		NULL SID
	Account Name:		-
	Account Domain:		-
	Logon ID:		0x0
Logon Type:			3
New Logon:
	Security ID:		DOMAINX\userA
	Account Name:		userA
	Account Domain:		DOMAINX
	Logon ID:		0xa583f146
	Logon GUID:		{473AC2C9-B7E6-6277-DF1F-F90B0D06FA6F}
Process Information:
	Process ID:		0x0
	Process Name:		-
Network Information:
	Workstation Name:	
	Source Network Address:	10.0.0.37
	Source Port:		2332
Detailed Authentication Information:
	Logon Process:		Kerberos
	Authentication Package:	Kerberos
	Transited Services:	-
	Package Name (NTLM only):	-
	Key Length:		0
01/09/2019 07:16:53 AM
LogName=Security
SourceName=Microsoft Windows security auditing.
EventCode=4624
EventType=0
Type=Information
ComputerName=observerDeviceA.domainX.com
TaskCategory=Logon
OpCode=Info
RecordNumber=987635816
Keywords=Audit Success
Message=An account was successfully logged on.
Subject:
	Security ID:		NULL SID
	Account Name:		-
	Account Domain:		-
	Logon ID:		0x0
Logon Type:			3
New Logon:
	Security ID:		DOMAINX\userA
	Account Name:		userA
	Account Domain:		DOMAINX
	Logon ID:		0xa583f130
	Logon GUID:		{473AC2C9-B7E6-6277-DF1F-F90B0D06FA6F}
Process Information:
	Process ID:		0x0
	Process Name:		-
Network Information:
	Workstation Name:	
	Source Network Address:	10.0.0.37
	Source Port:		2331
Detailed Authentication Information:
	Logon Process:		Kerberos
	Authentication Package:	Kerberos
	Transited Services:	-
	Package Name (NTLM only):	-
	Key Length:		0
01/09/2019 07:16:50 AM
LogName=Security
SourceName=Microsoft Windows security auditing.
EventCode=4624
EventType=0
Type=Information
ComputerName=observerDeviceA.domainX.com
TaskCategory=Logon
OpCode=Info
RecordNumber=987635806
Keywords=Audit Success
Message=An account was successfully logged on.
Subject:
	Security ID:		NULL SID
	Account Name:		-
	Account Domain:		-
	Logon ID:		0x0
Logon Type:			3
New Logon:
	Security ID:		DOMAINX\userA
	Account Name:		userA
	Account Domain:		DOMAINX
	Logon ID:		0xa583eb42
	Logon GUID:		{F1A52340-37AB-6733-450A-C7B3D9F3E035}
Process Information:
	Process ID:		0x0
	Process Name:		-
Network Information:
	Workstation Name:	
	Source Network Address:	10.0.0.37
	Source Port:		2330
Detailed Authentication Information:
	Logon Process:		Kerberos
	Authentication Package:	Kerberos
	Transited Services:	-
	Package Name (NTLM only):	-
	Key Length:		0
01/09/2019 07:16:50 AM
LogName=Security
SourceName=Microsoft Windows security auditing.
EventCode=4624
EventType=0
Type=Information
ComputerName=observerDeviceA.domainX.com
TaskCategory=Logon
OpCode=Info
RecordNumber=987635804
Keywords=Audit Success
Message=An account was successfully logged on.
Subject:
	Security ID:		NULL SID
	Account Name:		-
	Account Domain:		-
	Logon ID:		0x0
Logon Type:			3
New Logon:
	Security ID:		DOMAINX\userA
	Account Name:		userA
	Account Domain:		DOMAINX
	Logon ID:		0xa583eb2c
	Logon GUID:		{473AC2C9-B7E6-6277-DF1F-F90B0D06FA6F}
Process Information:
	Process ID:		0x0
	Process Name:		-
Network Information:
	Workstation Name:	
	Source Network Address:	10.0.0.37
	Source Port:		2329
Detailed Authentication Information:
	Logon Process:		Kerberos
	Authentication Package:	Kerberos
	Transited Services:	-
	Package Name (NTLM only):	-
	Key Length:		0
01/09/2019 07:16:48 AM
LogName=Security
SourceName=Microsoft Windows security auditing.
EventCode=4624
EventType=0
Type=Information
ComputerName=observerDeviceA.domainX.com
TaskCategory=Logon
OpCode=Info
RecordNumber=987635797
Keywords=Audit Success
Message=An account was successfully logged on.
Subject:
	Security ID:		NULL SID
	Account Name:		-
	Account Domain:		-
	Logon ID:		0x0
Logon Type:			3
New Logon:
	Security ID:		DOMAINX\userA
	Account Name:		userA
	Account Domain:		DOMAINX
	Logon ID:		0xa583e61e
	Logon GUID:		{F1A52340-37AB-6733-450A-C7B3D9F3E035}
Process Information:
	Process ID:		0x0
	Process Name:		-
Network Information:
	Workstation Name:	
	Source Network Address:	10.0.0.37
	Source Port:		2328
Detailed Authentication Information:
	Logon Process:		Kerberos
	Authentication Package:	Kerberos
	Transited Services:	-
	Package Name (NTLM only):	-
	Key Length:		0
01/09/2019 07:16:46 AM
LogName=Security
SourceName=Microsoft Windows security auditing.
EventCode=4624
EventType=0
Type=Information
ComputerName=observerDeviceA.domainX.com
TaskCategory=Logon
OpCode=Info
RecordNumber=987635793
Keywords=Audit Success
Message=An account was successfully logged on.
Subject:
	Security ID:		NULL SID
	Account Name:		-
	Account Domain:		-
	Logon ID:		0x0
Logon Type:			3
New Logon:
	Security ID:		DOMAINX\userA
	Account Name:		userA
	Account Domain:		DOMAINX
	Logon ID:		0xa583e307
	Logon GUID:		{F1A52340-37AB-6733-450A-C7B3D9F3E035}
Process Information:
	Process ID:		0x0
	Process Name:		-
Network Information:
	Workstation Name:	
	Source Network Address:	10.0.0.37
	Source Port:		2327
Detailed Authentication Information:
	Logon Process:		Kerberos
	Authentication Package:	Kerberos
	Transited Services:	-
	Package Name (NTLM only):	-
	Key Length:		0
