<Event xmlns='http://schemas.microsoft.com/win/2004/08/events/event'><System><Provider Name='Microsoft-Windows-Sysmon' Guid='{5770385F-C22A-43E0-BF4C-06F5698FFBD9}'/><EventID>1</EventID><Version>5</Version><Level>4</Level><Task>1</Task><Opcode>0</Opcode><Keywords>0x8000000000000000</Keywords><TimeCreated SystemTime='2021-01-14T23:41:40.145335200Z'/><EventRecordID>19683891</EventRecordID><Correlation/><Execution ProcessID='2468' ThreadID='3128'/><Channel>Microsoft-Windows-Sysmon/Operational</Channel><Computer>win-dc-791937.attackrange.local</Computer><Security UserID='S-1-5-18'/></System><EventData><Data Name='RuleName'></Data><Data Name='UtcTime'>2021-01-14 23:41:39.938</Data><Data Name='ProcessGuid'>{51E9D293-D6B3-6000-0000-001068266601}</Data><Data Name='ProcessId'>6952</Data><Data Name='Image'>C:\Windows\System32\certutil.exe</Data><Data Name='FileVersion'>10.0.14393.2097 (rs1_release_1.180212-1105)</Data><Data Name='Description'>CertUtil.exe</Data><Data Name='Product'>Microsoft® Windows® Operating System</Data><Data Name='Company'>Microsoft Corporation</Data><Data Name='OriginalFileName'>CertUtil.exe</Data><Data Name='CommandLine'>"C:\Windows\system32\certutil.exe" -p password1234 .\powershellcert.pfx</Data><Data Name='CurrentDirectory'>C:\Users\administrator\Desktop\</Data><Data Name='User'>ATTACKRANGE\Administrator</Data><Data Name='LogonGuid'>{51E9D293-57B2-5FFF-0000-002032970400}</Data><Data Name='LogonId'>0x49732</Data><Data Name='TerminalSessionId'>1</Data><Data Name='IntegrityLevel'>High</Data><Data Name='Hashes'>MD5=06210E84C1FA61B0A320559DD458625C,SHA256=2818289572EA6B60681D2724737C3E5C87B3731054F47E9D8E4253D8528D88B7,IMPHASH=442218E88D4D6AA0BE3165DD7B20A4C4</Data><Data Name='ParentProcessGuid'>{51E9D293-D3FD-6000-0000-0010F9096201}</Data><Data Name='ParentProcessId'>6860</Data><Data Name='ParentImage'>C:\Windows\System32\WindowsPowerShell\v1.0\powershell.exe</Data><Data Name='ParentCommandLine'>powershell</Data></EventData></Event>
01/14/2021 11:41:39 PM
LogName=Microsoft-Windows-PowerShell/Operational
SourceName=Microsoft-Windows-PowerShell
EventCode=4104
EventType=5
Type=Verbose
ComputerName=win-dc-791937.attackrange.local
User=NOT_TRANSLATED
Sid=S-1-5-21-4072314881-2634547730-233802997-500
SidType=0
TaskCategory=Execute a Remote Command
OpCode=On create calls
RecordNumber=168274
Keywords=None
Message=Creating Scriptblock text (1 of 1):
certutil.exe -p password1234 .\powershellcert.pfx 

ScriptBlock ID: 5a4fa6b8-2478-401a-be72-d1d40c3c754c
Path:
<Event xmlns='http://schemas.microsoft.com/win/2004/08/events/event'><System><Provider Name='Microsoft-Windows-Security-Auditing' Guid='{54849625-5478-4994-A5BA-3E3B0328C30D}'/><EventID>4688</EventID><Version>2</Version><Level>0</Level><Task>13312</Task><Opcode>0</Opcode><Keywords>0x8020000000000000</Keywords><TimeCreated SystemTime='2021-01-14T23:41:39.938175300Z'/><EventRecordID>309556</EventRecordID><Correlation/><Execution ProcessID='4' ThreadID='164'/><Channel>Security</Channel><Computer>win-dc-791937.attackrange.local</Computer><Security/></System><EventData><Data Name='SubjectUserSid'>ATTACKRANGE\Administrator</Data><Data Name='SubjectUserName'>administrator</Data><Data Name='SubjectDomainName'>ATTACKRANGE</Data><Data Name='SubjectLogonId'>0x49732</Data><Data Name='NewProcessId'>0x1b28</Data><Data Name='NewProcessName'>C:\Windows\System32\certutil.exe</Data><Data Name='TokenElevationType'>%%1936</Data><Data Name='ProcessId'>0x1acc</Data><Data Name='CommandLine'>"C:\Windows\system32\certutil.exe" -p password1234 .\powershellcert.pfx</Data><Data Name='TargetUserSid'>NULL SID</Data><Data Name='TargetUserName'>-</Data><Data Name='TargetDomainName'>-</Data><Data Name='TargetLogonId'>0x0</Data><Data Name='ParentProcessName'>C:\Windows\System32\WindowsPowerShell\v1.0\powershell.exe</Data><Data Name='MandatoryLabel'>Mandatory Label\High Mandatory Level</Data></EventData></Event>
<Event xmlns='http://schemas.microsoft.com/win/2004/08/events/event'><System><Provider Name='Microsoft-Windows-Sysmon' Guid='{5770385F-C22A-43E0-BF4C-06F5698FFBD9}'/><EventID>1</EventID><Version>5</Version><Level>4</Level><Task>1</Task><Opcode>0</Opcode><Keywords>0x8000000000000000</Keywords><TimeCreated SystemTime='2021-01-14T23:41:09.357986400Z'/><EventRecordID>19683077</EventRecordID><Correlation/><Execution ProcessID='2468' ThreadID='3128'/><Channel>Microsoft-Windows-Sysmon/Operational</Channel><Computer>win-dc-791937.attackrange.local</Computer><Security UserID='S-1-5-18'/></System><EventData><Data Name='RuleName'></Data><Data Name='UtcTime'>2021-01-14 23:41:08.917</Data><Data Name='ProcessGuid'>{51E9D293-D694-6000-0000-00103E086601}</Data><Data Name='ProcessId'>5324</Data><Data Name='Image'>C:\Windows\System32\certutil.exe</Data><Data Name='FileVersion'>10.0.14393.2097 (rs1_release_1.180212-1105)</Data><Data Name='Description'>CertUtil.exe</Data><Data Name='Product'>Microsoft® Windows® Operating System</Data><Data Name='Company'>Microsoft Corporation</Data><Data Name='OriginalFileName'>CertUtil.exe</Data><Data Name='CommandLine'>"C:\Windows\system32\certutil.exe" .\powershellcert.pfx -dump</Data><Data Name='CurrentDirectory'>C:\Users\administrator\Desktop\</Data><Data Name='User'>ATTACKRANGE\Administrator</Data><Data Name='LogonGuid'>{51E9D293-57B2-5FFF-0000-002032970400}</Data><Data Name='LogonId'>0x49732</Data><Data Name='TerminalSessionId'>1</Data><Data Name='IntegrityLevel'>High</Data><Data Name='Hashes'>MD5=06210E84C1FA61B0A320559DD458625C,SHA256=2818289572EA6B60681D2724737C3E5C87B3731054F47E9D8E4253D8528D88B7,IMPHASH=442218E88D4D6AA0BE3165DD7B20A4C4</Data><Data Name='ParentProcessGuid'>{51E9D293-D3FD-6000-0000-0010F9096201}</Data><Data Name='ParentProcessId'>6860</Data><Data Name='ParentImage'>C:\Windows\System32\WindowsPowerShell\v1.0\powershell.exe</Data><Data Name='ParentCommandLine'>powershell</Data></EventData></Event>
01/14/2021 11:41:08 PM
LogName=Microsoft-Windows-PowerShell/Operational
SourceName=Microsoft-Windows-PowerShell
EventCode=4104
EventType=5
Type=Verbose
ComputerName=win-dc-791937.attackrange.local
User=NOT_TRANSLATED
Sid=S-1-5-21-4072314881-2634547730-233802997-500
SidType=0
TaskCategory=Execute a Remote Command
OpCode=On create calls
RecordNumber=168262
Keywords=None
Message=Creating Scriptblock text (1 of 1):
certutil.exe .\powershellcert.pfx -dump

ScriptBlock ID: 29402f81-19c5-4b58-aa06-4a5f67f1558f
Path:
<Event xmlns='http://schemas.microsoft.com/win/2004/08/events/event'><System><Provider Name='Microsoft-Windows-Security-Auditing' Guid='{54849625-5478-4994-A5BA-3E3B0328C30D}'/><EventID>4688</EventID><Version>2</Version><Level>0</Level><Task>13312</Task><Opcode>0</Opcode><Keywords>0x8020000000000000</Keywords><TimeCreated SystemTime='2021-01-14T23:41:08.917859200Z'/><EventRecordID>309552</EventRecordID><Correlation/><Execution ProcessID='4' ThreadID='6088'/><Channel>Security</Channel><Computer>win-dc-791937.attackrange.local</Computer><Security/></System><EventData><Data Name='SubjectUserSid'>ATTACKRANGE\Administrator</Data><Data Name='SubjectUserName'>administrator</Data><Data Name='SubjectDomainName'>ATTACKRANGE</Data><Data Name='SubjectLogonId'>0x49732</Data><Data Name='NewProcessId'>0x14cc</Data><Data Name='NewProcessName'>C:\Windows\System32\certutil.exe</Data><Data Name='TokenElevationType'>%%1936</Data><Data Name='ProcessId'>0x1acc</Data><Data Name='CommandLine'>"C:\Windows\system32\certutil.exe" .\powershellcert.pfx -dump</Data><Data Name='TargetUserSid'>NULL SID</Data><Data Name='TargetUserName'>-</Data><Data Name='TargetDomainName'>-</Data><Data Name='TargetLogonId'>0x0</Data><Data Name='ParentProcessName'>C:\Windows\System32\WindowsPowerShell\v1.0\powershell.exe</Data><Data Name='MandatoryLabel'>Mandatory Label\High Mandatory Level</Data></EventData></Event>
01/14/2021 11:40:38 PM
LogName=Microsoft-Windows-PowerShell/Operational
SourceName=Microsoft-Windows-PowerShell
EventCode=4104
EventType=5
Type=Verbose
ComputerName=win-dc-791937.attackrange.local
User=NOT_TRANSLATED
Sid=S-1-5-21-4072314881-2634547730-233802997-500
SidType=0
TaskCategory=Execute a Remote Command
OpCode=On create calls
RecordNumber=168250
Keywords=None
Message=Creating Scriptblock text (1 of 1):
certutil.exe .\powershellcert.pfx

ScriptBlock ID: 33fcbfb3-94c6-444f-b0d1-0cf0e83a0b2e
Path:
<Event xmlns='http://schemas.microsoft.com/win/2004/08/events/event'><System><Provider Name='Microsoft-Windows-Sysmon' Guid='{5770385F-C22A-43E0-BF4C-06F5698FFBD9}'/><EventID>1</EventID><Version>5</Version><Level>4</Level><Task>1</Task><Opcode>0</Opcode><Keywords>0x8000000000000000</Keywords><TimeCreated SystemTime='2021-01-14T23:40:38.790134100Z'/><EventRecordID>19682466</EventRecordID><Correlation/><Execution ProcessID='2468' ThreadID='3128'/><Channel>Microsoft-Windows-Sysmon/Operational</Channel><Computer>win-dc-791937.attackrange.local</Computer><Security UserID='S-1-5-18'/></System><EventData><Data Name='RuleName'></Data><Data Name='UtcTime'>2021-01-14 23:40:38.757</Data><Data Name='ProcessGuid'>{51E9D293-D676-6000-0000-001096F26501}</Data><Data Name='ProcessId'>5824</Data><Data Name='Image'>C:\Windows\System32\certutil.exe</Data><Data Name='FileVersion'>10.0.14393.2097 (rs1_release_1.180212-1105)</Data><Data Name='Description'>CertUtil.exe</Data><Data Name='Product'>Microsoft® Windows® Operating System</Data><Data Name='Company'>Microsoft Corporation</Data><Data Name='OriginalFileName'>CertUtil.exe</Data><Data Name='CommandLine'>"C:\Windows\system32\certutil.exe" .\powershellcert.pfx</Data><Data Name='CurrentDirectory'>C:\Users\administrator\Desktop\</Data><Data Name='User'>ATTACKRANGE\Administrator</Data><Data Name='LogonGuid'>{51E9D293-57B2-5FFF-0000-002032970400}</Data><Data Name='LogonId'>0x49732</Data><Data Name='TerminalSessionId'>1</Data><Data Name='IntegrityLevel'>High</Data><Data Name='Hashes'>MD5=06210E84C1FA61B0A320559DD458625C,SHA256=2818289572EA6B60681D2724737C3E5C87B3731054F47E9D8E4253D8528D88B7,IMPHASH=442218E88D4D6AA0BE3165DD7B20A4C4</Data><Data Name='ParentProcessGuid'>{51E9D293-D3FD-6000-0000-0010F9096201}</Data><Data Name='ParentProcessId'>6860</Data><Data Name='ParentImage'>C:\Windows\System32\WindowsPowerShell\v1.0\powershell.exe</Data><Data Name='ParentCommandLine'>powershell</Data></EventData></Event>
<Event xmlns='http://schemas.microsoft.com/win/2004/08/events/event'><System><Provider Name='Microsoft-Windows-Security-Auditing' Guid='{54849625-5478-4994-A5BA-3E3B0328C30D}'/><EventID>4688</EventID><Version>2</Version><Level>0</Level><Task>13312</Task><Opcode>0</Opcode><Keywords>0x8020000000000000</Keywords><TimeCreated SystemTime='2021-01-14T23:40:38.757278200Z'/><EventRecordID>309551</EventRecordID><Correlation/><Execution ProcessID='4' ThreadID='936'/><Channel>Security</Channel><Computer>win-dc-791937.attackrange.local</Computer><Security/></System><EventData><Data Name='SubjectUserSid'>ATTACKRANGE\Administrator</Data><Data Name='SubjectUserName'>administrator</Data><Data Name='SubjectDomainName'>ATTACKRANGE</Data><Data Name='SubjectLogonId'>0x49732</Data><Data Name='NewProcessId'>0x16c0</Data><Data Name='NewProcessName'>C:\Windows\System32\certutil.exe</Data><Data Name='TokenElevationType'>%%1936</Data><Data Name='ProcessId'>0x1acc</Data><Data Name='CommandLine'>"C:\Windows\system32\certutil.exe" .\powershellcert.pfx</Data><Data Name='TargetUserSid'>NULL SID</Data><Data Name='TargetUserName'>-</Data><Data Name='TargetDomainName'>-</Data><Data Name='TargetLogonId'>0x0</Data><Data Name='ParentProcessName'>C:\Windows\System32\WindowsPowerShell\v1.0\powershell.exe</Data><Data Name='MandatoryLabel'>Mandatory Label\High Mandatory Level</Data></EventData></Event>
<Event xmlns='http://schemas.microsoft.com/win/2004/08/events/event'><System><Provider Name='Microsoft-Windows-Sysmon' Guid='{5770385F-C22A-43E0-BF4C-06F5698FFBD9}'/><EventID>1</EventID><Version>5</Version><Level>4</Level><Task>1</Task><Opcode>0</Opcode><Keywords>0x8000000000000000</Keywords><TimeCreated SystemTime='2021-01-14T23:40:14.150256300Z'/><EventRecordID>19681767</EventRecordID><Correlation/><Execution ProcessID='2468' ThreadID='3128'/><Channel>Microsoft-Windows-Sysmon/Operational</Channel><Computer>win-dc-791937.attackrange.local</Computer><Security UserID='S-1-5-18'/></System><EventData><Data Name='RuleName'></Data><Data Name='UtcTime'>2021-01-14 23:40:13.801</Data><Data Name='ProcessGuid'>{51E9D293-D65D-6000-0000-0010BEC66501}</Data><Data Name='ProcessId'>5412</Data><Data Name='Image'>C:\Windows\System32\rundll32.exe</Data><Data Name='FileVersion'>10.0.14393.0 (rs1_release.160715-1616)</Data><Data Name='Description'>Windows host process (Rundll32)</Data><Data Name='Product'>Microsoft® Windows® Operating System</Data><Data Name='Company'>Microsoft Corporation</Data><Data Name='OriginalFileName'>RUNDLL32.EXE</Data><Data Name='CommandLine'>"C:\Windows\system32\rundll32.exe" cryptext.dll,CryptExtAddPFX C:\Users\administrator\Desktop\powershellcert.pfx</Data><Data Name='CurrentDirectory'>C:\Users\administrator\Desktop\</Data><Data Name='User'>ATTACKRANGE\Administrator</Data><Data Name='LogonGuid'>{51E9D293-57B2-5FFF-0000-002032970400}</Data><Data Name='LogonId'>0x49732</Data><Data Name='TerminalSessionId'>1</Data><Data Name='IntegrityLevel'>High</Data><Data Name='Hashes'>MD5=C7645D43451C6D94D87F4D07BDE59C89,SHA256=495BBA47FC43EE23054FCD419F2F00457162D1C04296900C6AEA551102A810F3,IMPHASH=7D1CE1BAFE48B63D9D19E8E0E5DF3E6C</Data><Data Name='ParentProcessGuid'>{51E9D293-57B5-5FFF-0000-0010FAE00400}</Data><Data Name='ParentProcessId'>4152</Data><Data Name='ParentImage'>C:\Windows\explorer.exe</Data><Data Name='ParentCommandLine'>C:\Windows\Explorer.EXE /NOUACCHECK</Data></EventData></Event>
<Event xmlns='http://schemas.microsoft.com/win/2004/08/events/event'><System><Provider Name='Microsoft-Windows-Security-Auditing' Guid='{54849625-5478-4994-A5BA-3E3B0328C30D}'/><EventID>4688</EventID><Version>2</Version><Level>0</Level><Task>13312</Task><Opcode>0</Opcode><Keywords>0x8020000000000000</Keywords><TimeCreated SystemTime='2021-01-14T23:40:13.801206000Z'/><EventRecordID>309543</EventRecordID><Correlation/><Execution ProcessID='4' ThreadID='5552'/><Channel>Security</Channel><Computer>win-dc-791937.attackrange.local</Computer><Security/></System><EventData><Data Name='SubjectUserSid'>ATTACKRANGE\Administrator</Data><Data Name='SubjectUserName'>administrator</Data><Data Name='SubjectDomainName'>ATTACKRANGE</Data><Data Name='SubjectLogonId'>0x49732</Data><Data Name='NewProcessId'>0x1524</Data><Data Name='NewProcessName'>C:\Windows\System32\rundll32.exe</Data><Data Name='TokenElevationType'>%%1936</Data><Data Name='ProcessId'>0x1038</Data><Data Name='CommandLine'>"C:\Windows\system32\rundll32.exe" cryptext.dll,CryptExtAddPFX C:\Users\administrator\Desktop\powershellcert.pfx</Data><Data Name='TargetUserSid'>NULL SID</Data><Data Name='TargetUserName'>-</Data><Data Name='TargetDomainName'>-</Data><Data Name='TargetLogonId'>0x0</Data><Data Name='ParentProcessName'>C:\Windows\explorer.exe</Data><Data Name='MandatoryLabel'>Mandatory Label\High Mandatory Level</Data></EventData></Event>
<Event xmlns='http://schemas.microsoft.com/win/2004/08/events/event'><System><Provider Name='Microsoft-Windows-Sysmon' Guid='{5770385F-C22A-43E0-BF4C-06F5698FFBD9}'/><EventID>1</EventID><Version>5</Version><Level>4</Level><Task>1</Task><Opcode>0</Opcode><Keywords>0x8000000000000000</Keywords><TimeCreated SystemTime='2021-01-13T18:45:43.242979000Z'/><EventRecordID>17976315</EventRecordID><Correlation/><Execution ProcessID='2484' ThreadID='1812'/><Channel>Microsoft-Windows-Sysmon/Operational</Channel><Computer>win-dc-791937.attackrange.local</Computer><Security UserID='S-1-5-18'/></System><EventData><Data Name='RuleName'></Data><Data Name='UtcTime'>2021-01-13 18:45:43.233</Data><Data Name='ProcessGuid'>{51E9D293-3FD7-5FFF-0000-0010003EB603}</Data><Data Name='ProcessId'>1264</Data><Data Name='Image'>C:\Windows\System32\rundll32.exe</Data><Data Name='FileVersion'>10.0.14393.0 (rs1_release.160715-1616)</Data><Data Name='Description'>Windows host process (Rundll32)</Data><Data Name='Product'>Microsoft® Windows® Operating System</Data><Data Name='Company'>Microsoft Corporation</Data><Data Name='OriginalFileName'>RUNDLL32.EXE</Data><Data Name='CommandLine'>"C:\Windows\system32\rundll32.exe" cryptext.dll,CryptExtAddPFX C:\Users\administrator\Desktop\powershellcert.pfx</Data><Data Name='CurrentDirectory'>C:\Users\administrator\Desktop\</Data><Data Name='User'>ATTACKRANGE\Administrator</Data><Data Name='LogonGuid'>{51E9D293-8E61-5FFC-0000-0020D4130F00}</Data><Data Name='LogonId'>0xf13d4</Data><Data Name='TerminalSessionId'>1</Data><Data Name='IntegrityLevel'>High</Data><Data Name='Hashes'>MD5=C7645D43451C6D94D87F4D07BDE59C89,SHA256=495BBA47FC43EE23054FCD419F2F00457162D1C04296900C6AEA551102A810F3,IMPHASH=7D1CE1BAFE48B63D9D19E8E0E5DF3E6C</Data><Data Name='ParentProcessGuid'>{51E9D293-8E65-5FFC-0000-00102A5C0F00}</Data><Data Name='ParentProcessId'>4404</Data><Data Name='ParentImage'>C:\Windows\explorer.exe</Data><Data Name='ParentCommandLine'>C:\Windows\Explorer.EXE /NOUACCHECK</Data></EventData></Event>
<Event xmlns='http://schemas.microsoft.com/win/2004/08/events/event'><System><Provider Name='Microsoft-Windows-Security-Auditing' Guid='{54849625-5478-4994-A5BA-3E3B0328C30D}'/><EventID>4688</EventID><Version>2</Version><Level>0</Level><Task>13312</Task><Opcode>0</Opcode><Keywords>0x8020000000000000</Keywords><TimeCreated SystemTime='2021-01-13T18:45:43.233130400Z'/><EventRecordID>274442</EventRecordID><Correlation/><Execution ProcessID='4' ThreadID='5652'/><Channel>Security</Channel><Computer>win-dc-791937.attackrange.local</Computer><Security/></System><EventData><Data Name='SubjectUserSid'>ATTACKRANGE\Administrator</Data><Data Name='SubjectUserName'>administrator</Data><Data Name='SubjectDomainName'>ATTACKRANGE</Data><Data Name='SubjectLogonId'>0xf13d4</Data><Data Name='NewProcessId'>0x4f0</Data><Data Name='NewProcessName'>C:\Windows\System32\rundll32.exe</Data><Data Name='TokenElevationType'>%%1936</Data><Data Name='ProcessId'>0x1134</Data><Data Name='CommandLine'>"C:\Windows\system32\rundll32.exe" cryptext.dll,CryptExtAddPFX C:\Users\administrator\Desktop\powershellcert.pfx</Data><Data Name='TargetUserSid'>NULL SID</Data><Data Name='TargetUserName'>-</Data><Data Name='TargetDomainName'>-</Data><Data Name='TargetLogonId'>0x0</Data><Data Name='ParentProcessName'>C:\Windows\explorer.exe</Data><Data Name='MandatoryLabel'>Mandatory Label\High Mandatory Level</Data></EventData></Event>
<Event xmlns='http://schemas.microsoft.com/win/2004/08/events/event'><System><Provider Name='Microsoft-Windows-Security-Auditing' Guid='{54849625-5478-4994-A5BA-3E3B0328C30D}'/><EventID>4688</EventID><Version>2</Version><Level>0</Level><Task>13312</Task><Opcode>0</Opcode><Keywords>0x8020000000000000</Keywords><TimeCreated SystemTime='2021-01-07T15:46:41.901098000Z'/><EventRecordID>106745</EventRecordID><Correlation/><Execution ProcessID='4' ThreadID='264'/><Channel>Security</Channel><Computer>win-dc-791937.attackrange.local</Computer><Security/></System><EventData><Data Name='SubjectUserSid'>ATTACKRANGE\Administrator</Data><Data Name='SubjectUserName'>administrator</Data><Data Name='SubjectDomainName'>ATTACKRANGE</Data><Data Name='SubjectLogonId'>0x4b394</Data><Data Name='NewProcessId'>0x1218</Data><Data Name='NewProcessName'>C:\Windows\System32\certutil.exe</Data><Data Name='TokenElevationType'>%%1936</Data><Data Name='ProcessId'>0x16fc</Data><Data Name='CommandLine'>certutil  -dump powershellcert.pfx</Data><Data Name='TargetUserSid'>NULL SID</Data><Data Name='TargetUserName'>-</Data><Data Name='TargetDomainName'>-</Data><Data Name='TargetLogonId'>0x0</Data><Data Name='ParentProcessName'>C:\Windows\System32\cmd.exe</Data><Data Name='MandatoryLabel'>Mandatory Label\High Mandatory Level</Data></EventData></Event>
<Event xmlns='http://schemas.microsoft.com/win/2004/08/events/event'><System><Provider Name='Microsoft-Windows-Sysmon' Guid='{5770385F-C22A-43E0-BF4C-06F5698FFBD9}'/><EventID>1</EventID><Version>5</Version><Level>4</Level><Task>1</Task><Opcode>0</Opcode><Keywords>0x8000000000000000</Keywords><TimeCreated SystemTime='2021-01-07T15:46:41.904136200Z'/><EventRecordID>6262828</EventRecordID><Correlation/><Execution ProcessID='2436' ThreadID='2996'/><Channel>Microsoft-Windows-Sysmon/Operational</Channel><Computer>win-dc-791937.attackrange.local</Computer><Security UserID='S-1-5-18'/></System><EventData><Data Name='RuleName'></Data><Data Name='UtcTime'>2021-01-07 15:46:41.901</Data><Data Name='ProcessGuid'>{51E9D293-2CE1-5FF7-0000-0010D7D71300}</Data><Data Name='ProcessId'>4632</Data><Data Name='Image'>C:\Windows\System32\certutil.exe</Data><Data Name='FileVersion'>10.0.14393.2097 (rs1_release_1.180212-1105)</Data><Data Name='Description'>CertUtil.exe</Data><Data Name='Product'>Microsoft® Windows® Operating System</Data><Data Name='Company'>Microsoft Corporation</Data><Data Name='OriginalFileName'>CertUtil.exe</Data><Data Name='CommandLine'>certutil  -dump powershellcert.pfx</Data><Data Name='CurrentDirectory'>c:\Users\administrator\Desktop\</Data><Data Name='User'>ATTACKRANGE\Administrator</Data><Data Name='LogonGuid'>{51E9D293-2892-5FF7-0000-002094B30400}</Data><Data Name='LogonId'>0x4b394</Data><Data Name='TerminalSessionId'>1</Data><Data Name='IntegrityLevel'>High</Data><Data Name='Hashes'>MD5=06210E84C1FA61B0A320559DD458625C,SHA256=2818289572EA6B60681D2724737C3E5C87B3731054F47E9D8E4253D8528D88B7,IMPHASH=442218E88D4D6AA0BE3165DD7B20A4C4</Data><Data Name='ParentProcessGuid'>{51E9D293-2A16-5FF7-0000-001040D20B00}</Data><Data Name='ParentProcessId'>5884</Data><Data Name='ParentImage'>C:\Windows\System32\cmd.exe</Data><Data Name='ParentCommandLine'>"C:\Windows\system32\cmd.exe" </Data></EventData></Event>
<Event xmlns='http://schemas.microsoft.com/win/2004/08/events/event'><System><Provider Name='Microsoft-Windows-Security-Auditing' Guid='{54849625-5478-4994-A5BA-3E3B0328C30D}'/><EventID>4688</EventID><Version>2</Version><Level>0</Level><Task>13312</Task><Opcode>0</Opcode><Keywords>0x8020000000000000</Keywords><TimeCreated SystemTime='2021-01-07T15:43:12.681564800Z'/><EventRecordID>106637</EventRecordID><Correlation/><Execution ProcessID='4' ThreadID='260'/><Channel>Security</Channel><Computer>win-dc-791937.attackrange.local</Computer><Security/></System><EventData><Data Name='SubjectUserSid'>ATTACKRANGE\Administrator</Data><Data Name='SubjectUserName'>administrator</Data><Data Name='SubjectDomainName'>ATTACKRANGE</Data><Data Name='SubjectLogonId'>0x4b394</Data><Data Name='NewProcessId'>0x16b4</Data><Data Name='NewProcessName'>C:\Windows\System32\certutil.exe</Data><Data Name='TokenElevationType'>%%1936</Data><Data Name='ProcessId'>0x16fc</Data><Data Name='CommandLine'>certutil.exe  -p password1234 -exportPFX powershellcert.pfx </Data><Data Name='TargetUserSid'>NULL SID</Data><Data Name='TargetUserName'>-</Data><Data Name='TargetDomainName'>-</Data><Data Name='TargetLogonId'>0x0</Data><Data Name='ParentProcessName'>C:\Windows\System32\cmd.exe</Data><Data Name='MandatoryLabel'>Mandatory Label\High Mandatory Level</Data></EventData></Event>
<Event xmlns='http://schemas.microsoft.com/win/2004/08/events/event'><System><Provider Name='Microsoft-Windows-Sysmon' Guid='{5770385F-C22A-43E0-BF4C-06F5698FFBD9}'/><EventID>1</EventID><Version>5</Version><Level>4</Level><Task>1</Task><Opcode>0</Opcode><Keywords>0x8000000000000000</Keywords><TimeCreated SystemTime='2021-01-07T15:43:12.695975200Z'/><EventRecordID>6254618</EventRecordID><Correlation/><Execution ProcessID='2436' ThreadID='2996'/><Channel>Microsoft-Windows-Sysmon/Operational</Channel><Computer>win-dc-791937.attackrange.local</Computer><Security UserID='S-1-5-18'/></System><EventData><Data Name='RuleName'></Data><Data Name='UtcTime'>2021-01-07 15:43:12.681</Data><Data Name='ProcessGuid'>{51E9D293-2C10-5FF7-0000-0010CB181200}</Data><Data Name='ProcessId'>5812</Data><Data Name='Image'>C:\Windows\System32\certutil.exe</Data><Data Name='FileVersion'>10.0.14393.2097 (rs1_release_1.180212-1105)</Data><Data Name='Description'>CertUtil.exe</Data><Data Name='Product'>Microsoft® Windows® Operating System</Data><Data Name='Company'>Microsoft Corporation</Data><Data Name='OriginalFileName'>CertUtil.exe</Data><Data Name='CommandLine'>certutil.exe  -p password1234 -exportPFX powershellcert.pfx </Data><Data Name='CurrentDirectory'>c:\Users\administrator\Desktop\</Data><Data Name='User'>ATTACKRANGE\Administrator</Data><Data Name='LogonGuid'>{51E9D293-2892-5FF7-0000-002094B30400}</Data><Data Name='LogonId'>0x4b394</Data><Data Name='TerminalSessionId'>1</Data><Data Name='IntegrityLevel'>High</Data><Data Name='Hashes'>MD5=06210E84C1FA61B0A320559DD458625C,SHA256=2818289572EA6B60681D2724737C3E5C87B3731054F47E9D8E4253D8528D88B7,IMPHASH=442218E88D4D6AA0BE3165DD7B20A4C4</Data><Data Name='ParentProcessGuid'>{51E9D293-2A16-5FF7-0000-001040D20B00}</Data><Data Name='ParentProcessId'>5884</Data><Data Name='ParentImage'>C:\Windows\System32\cmd.exe</Data><Data Name='ParentCommandLine'>"C:\Windows\system32\cmd.exe" </Data></EventData></Event>
<Event xmlns='http://schemas.microsoft.com/win/2004/08/events/event'><System><Provider Name='Microsoft-Windows-Security-Auditing' Guid='{54849625-5478-4994-A5BA-3E3B0328C30D}'/><EventID>4688</EventID><Version>2</Version><Level>0</Level><Task>13312</Task><Opcode>0</Opcode><Keywords>0x8020000000000000</Keywords><TimeCreated SystemTime='2021-01-07T15:42:59.899969400Z'/><EventRecordID>106636</EventRecordID><Correlation/><Execution ProcessID='4' ThreadID='92'/><Channel>Security</Channel><Computer>win-dc-791937.attackrange.local</Computer><Security/></System><EventData><Data Name='SubjectUserSid'>ATTACKRANGE\Administrator</Data><Data Name='SubjectUserName'>administrator</Data><Data Name='SubjectDomainName'>ATTACKRANGE</Data><Data Name='SubjectLogonId'>0x4b394</Data><Data Name='NewProcessId'>0x1334</Data><Data Name='NewProcessName'>C:\Windows\System32\certutil.exe</Data><Data Name='TokenElevationType'>%%1936</Data><Data Name='ProcessId'>0x16fc</Data><Data Name='CommandLine'>certutil.exe  -p -exportPFX powershellcert.pfx </Data><Data Name='TargetUserSid'>NULL SID</Data><Data Name='TargetUserName'>-</Data><Data Name='TargetDomainName'>-</Data><Data Name='TargetLogonId'>0x0</Data><Data Name='ParentProcessName'>C:\Windows\System32\cmd.exe</Data><Data Name='MandatoryLabel'>Mandatory Label\High Mandatory Level</Data></EventData></Event>
<Event xmlns='http://schemas.microsoft.com/win/2004/08/events/event'><System><Provider Name='Microsoft-Windows-Sysmon' Guid='{5770385F-C22A-43E0-BF4C-06F5698FFBD9}'/><EventID>1</EventID><Version>5</Version><Level>4</Level><Task>1</Task><Opcode>0</Opcode><Keywords>0x8000000000000000</Keywords><TimeCreated SystemTime='2021-01-07T15:42:59.903075600Z'/><EventRecordID>6254259</EventRecordID><Correlation/><Execution ProcessID='2436' ThreadID='2996'/><Channel>Microsoft-Windows-Sysmon/Operational</Channel><Computer>win-dc-791937.attackrange.local</Computer><Security UserID='S-1-5-18'/></System><EventData><Data Name='RuleName'></Data><Data Name='UtcTime'>2021-01-07 15:42:59.899</Data><Data Name='ProcessGuid'>{51E9D293-2C03-5FF7-0000-0010B8091200}</Data><Data Name='ProcessId'>4916</Data><Data Name='Image'>C:\Windows\System32\certutil.exe</Data><Data Name='FileVersion'>10.0.14393.2097 (rs1_release_1.180212-1105)</Data><Data Name='Description'>CertUtil.exe</Data><Data Name='Product'>Microsoft® Windows® Operating System</Data><Data Name='Company'>Microsoft Corporation</Data><Data Name='OriginalFileName'>CertUtil.exe</Data><Data Name='CommandLine'>certutil.exe  -p -exportPFX powershellcert.pfx </Data><Data Name='CurrentDirectory'>c:\Users\administrator\Desktop\</Data><Data Name='User'>ATTACKRANGE\Administrator</Data><Data Name='LogonGuid'>{51E9D293-2892-5FF7-0000-002094B30400}</Data><Data Name='LogonId'>0x4b394</Data><Data Name='TerminalSessionId'>1</Data><Data Name='IntegrityLevel'>High</Data><Data Name='Hashes'>MD5=06210E84C1FA61B0A320559DD458625C,SHA256=2818289572EA6B60681D2724737C3E5C87B3731054F47E9D8E4253D8528D88B7,IMPHASH=442218E88D4D6AA0BE3165DD7B20A4C4</Data><Data Name='ParentProcessGuid'>{51E9D293-2A16-5FF7-0000-001040D20B00}</Data><Data Name='ParentProcessId'>5884</Data><Data Name='ParentImage'>C:\Windows\System32\cmd.exe</Data><Data Name='ParentCommandLine'>"C:\Windows\system32\cmd.exe" </Data></EventData></Event>
<Event xmlns='http://schemas.microsoft.com/win/2004/08/events/event'><System><Provider Name='Microsoft-Windows-Security-Auditing' Guid='{54849625-5478-4994-A5BA-3E3B0328C30D}'/><EventID>4688</EventID><Version>2</Version><Level>0</Level><Task>13312</Task><Opcode>0</Opcode><Keywords>0x8020000000000000</Keywords><TimeCreated SystemTime='2021-01-07T15:42:54.120593300Z'/><EventRecordID>106633</EventRecordID><Correlation/><Execution ProcessID='4' ThreadID='92'/><Channel>Security</Channel><Computer>win-dc-791937.attackrange.local</Computer><Security/></System><EventData><Data Name='SubjectUserSid'>ATTACKRANGE\Administrator</Data><Data Name='SubjectUserName'>administrator</Data><Data Name='SubjectDomainName'>ATTACKRANGE</Data><Data Name='SubjectLogonId'>0x4b394</Data><Data Name='NewProcessId'>0x208</Data><Data Name='NewProcessName'>C:\Windows\System32\certutil.exe</Data><Data Name='TokenElevationType'>%%1936</Data><Data Name='ProcessId'>0x16fc</Data><Data Name='CommandLine'>certutil.exe  -exportPFX powershellcert.pfx </Data><Data Name='TargetUserSid'>NULL SID</Data><Data Name='TargetUserName'>-</Data><Data Name='TargetDomainName'>-</Data><Data Name='TargetLogonId'>0x0</Data><Data Name='ParentProcessName'>C:\Windows\System32\cmd.exe</Data><Data Name='MandatoryLabel'>Mandatory Label\High Mandatory Level</Data></EventData></Event>
<Event xmlns='http://schemas.microsoft.com/win/2004/08/events/event'><System><Provider Name='Microsoft-Windows-Sysmon' Guid='{5770385F-C22A-43E0-BF4C-06F5698FFBD9}'/><EventID>1</EventID><Version>5</Version><Level>4</Level><Task>1</Task><Opcode>0</Opcode><Keywords>0x8000000000000000</Keywords><TimeCreated SystemTime='2021-01-07T15:42:54.260007400Z'/><EventRecordID>6253886</EventRecordID><Correlation/><Execution ProcessID='2436' ThreadID='2996'/><Channel>Microsoft-Windows-Sysmon/Operational</Channel><Computer>win-dc-791937.attackrange.local</Computer><Security UserID='S-1-5-18'/></System><EventData><Data Name='RuleName'></Data><Data Name='UtcTime'>2021-01-07 15:42:54.120</Data><Data Name='ProcessGuid'>{51E9D293-2BFE-5FF7-0000-001013F81100}</Data><Data Name='ProcessId'>520</Data><Data Name='Image'>C:\Windows\System32\certutil.exe</Data><Data Name='FileVersion'>10.0.14393.2097 (rs1_release_1.180212-1105)</Data><Data Name='Description'>CertUtil.exe</Data><Data Name='Product'>Microsoft® Windows® Operating System</Data><Data Name='Company'>Microsoft Corporation</Data><Data Name='OriginalFileName'>CertUtil.exe</Data><Data Name='CommandLine'>certutil.exe  -exportPFX powershellcert.pfx </Data><Data Name='CurrentDirectory'>c:\Users\administrator\Desktop\</Data><Data Name='User'>ATTACKRANGE\Administrator</Data><Data Name='LogonGuid'>{51E9D293-2892-5FF7-0000-002094B30400}</Data><Data Name='LogonId'>0x4b394</Data><Data Name='TerminalSessionId'>1</Data><Data Name='IntegrityLevel'>High</Data><Data Name='Hashes'>MD5=06210E84C1FA61B0A320559DD458625C,SHA256=2818289572EA6B60681D2724737C3E5C87B3731054F47E9D8E4253D8528D88B7,IMPHASH=442218E88D4D6AA0BE3165DD7B20A4C4</Data><Data Name='ParentProcessGuid'>{51E9D293-2A16-5FF7-0000-001040D20B00}</Data><Data Name='ParentProcessId'>5884</Data><Data Name='ParentImage'>C:\Windows\System32\cmd.exe</Data><Data Name='ParentCommandLine'>"C:\Windows\system32\cmd.exe" </Data></EventData></Event>
<Event xmlns='http://schemas.microsoft.com/win/2004/08/events/event'><System><Provider Name='Microsoft-Windows-Security-Auditing' Guid='{54849625-5478-4994-A5BA-3E3B0328C30D}'/><EventID>4688</EventID><Version>2</Version><Level>0</Level><Task>13312</Task><Opcode>0</Opcode><Keywords>0x8020000000000000</Keywords><TimeCreated SystemTime='2021-01-07T15:42:44.974766600Z'/><EventRecordID>106606</EventRecordID><Correlation/><Execution ProcessID='4' ThreadID='2196'/><Channel>Security</Channel><Computer>win-dc-791937.attackrange.local</Computer><Security/></System><EventData><Data Name='SubjectUserSid'>ATTACKRANGE\Administrator</Data><Data Name='SubjectUserName'>administrator</Data><Data Name='SubjectDomainName'>ATTACKRANGE</Data><Data Name='SubjectLogonId'>0x4b394</Data><Data Name='NewProcessId'>0x11d0</Data><Data Name='NewProcessName'>C:\Windows\System32\certutil.exe</Data><Data Name='TokenElevationType'>%%1936</Data><Data Name='ProcessId'>0x16fc</Data><Data Name='CommandLine'>certutil.exe  -exportPFX powershellcert.pfx -p</Data><Data Name='TargetUserSid'>NULL SID</Data><Data Name='TargetUserName'>-</Data><Data Name='TargetDomainName'>-</Data><Data Name='TargetLogonId'>0x0</Data><Data Name='ParentProcessName'>C:\Windows\System32\cmd.exe</Data><Data Name='MandatoryLabel'>Mandatory Label\High Mandatory Level</Data></EventData></Event>
<Event xmlns='http://schemas.microsoft.com/win/2004/08/events/event'><System><Provider Name='Microsoft-Windows-Sysmon' Guid='{5770385F-C22A-43E0-BF4C-06F5698FFBD9}'/><EventID>1</EventID><Version>5</Version><Level>4</Level><Task>1</Task><Opcode>0</Opcode><Keywords>0x8000000000000000</Keywords><TimeCreated SystemTime='2021-01-07T15:42:44.978424000Z'/><EventRecordID>6253650</EventRecordID><Correlation/><Execution ProcessID='2436' ThreadID='2996'/><Channel>Microsoft-Windows-Sysmon/Operational</Channel><Computer>win-dc-791937.attackrange.local</Computer><Security UserID='S-1-5-18'/></System><EventData><Data Name='RuleName'></Data><Data Name='UtcTime'>2021-01-07 15:42:44.974</Data><Data Name='ProcessGuid'>{51E9D293-2BF4-5FF7-0000-001011DA1100}</Data><Data Name='ProcessId'>4560</Data><Data Name='Image'>C:\Windows\System32\certutil.exe</Data><Data Name='FileVersion'>10.0.14393.2097 (rs1_release_1.180212-1105)</Data><Data Name='Description'>CertUtil.exe</Data><Data Name='Product'>Microsoft® Windows® Operating System</Data><Data Name='Company'>Microsoft Corporation</Data><Data Name='OriginalFileName'>CertUtil.exe</Data><Data Name='CommandLine'>certutil.exe  -exportPFX powershellcert.pfx -p</Data><Data Name='CurrentDirectory'>c:\Users\administrator\Desktop\</Data><Data Name='User'>ATTACKRANGE\Administrator</Data><Data Name='LogonGuid'>{51E9D293-2892-5FF7-0000-002094B30400}</Data><Data Name='LogonId'>0x4b394</Data><Data Name='TerminalSessionId'>1</Data><Data Name='IntegrityLevel'>High</Data><Data Name='Hashes'>MD5=06210E84C1FA61B0A320559DD458625C,SHA256=2818289572EA6B60681D2724737C3E5C87B3731054F47E9D8E4253D8528D88B7,IMPHASH=442218E88D4D6AA0BE3165DD7B20A4C4</Data><Data Name='ParentProcessGuid'>{51E9D293-2A16-5FF7-0000-001040D20B00}</Data><Data Name='ParentProcessId'>5884</Data><Data Name='ParentImage'>C:\Windows\System32\cmd.exe</Data><Data Name='ParentCommandLine'>"C:\Windows\system32\cmd.exe" </Data></EventData></Event>
<Event xmlns='http://schemas.microsoft.com/win/2004/08/events/event'><System><Provider Name='Microsoft-Windows-Security-Auditing' Guid='{54849625-5478-4994-A5BA-3E3B0328C30D}'/><EventID>4688</EventID><Version>2</Version><Level>0</Level><Task>13312</Task><Opcode>0</Opcode><Keywords>0x8020000000000000</Keywords><TimeCreated SystemTime='2021-01-07T15:41:24.467950200Z'/><EventRecordID>106559</EventRecordID><Correlation/><Execution ProcessID='4' ThreadID='1296'/><Channel>Security</Channel><Computer>win-dc-791937.attackrange.local</Computer><Security/></System><EventData><Data Name='SubjectUserSid'>ATTACKRANGE\Administrator</Data><Data Name='SubjectUserName'>administrator</Data><Data Name='SubjectDomainName'>ATTACKRANGE</Data><Data Name='SubjectLogonId'>0x4b394</Data><Data Name='NewProcessId'>0x5f8</Data><Data Name='NewProcessName'>C:\Windows\System32\certutil.exe</Data><Data Name='TokenElevationType'>%%1936</Data><Data Name='ProcessId'>0x16fc</Data><Data Name='CommandLine'>certutil.exe  -exportPFX powershellcert.pfx -?</Data><Data Name='TargetUserSid'>NULL SID</Data><Data Name='TargetUserName'>-</Data><Data Name='TargetDomainName'>-</Data><Data Name='TargetLogonId'>0x0</Data><Data Name='ParentProcessName'>C:\Windows\System32\cmd.exe</Data><Data Name='MandatoryLabel'>Mandatory Label\High Mandatory Level</Data></EventData></Event>
<Event xmlns='http://schemas.microsoft.com/win/2004/08/events/event'><System><Provider Name='Microsoft-Windows-Sysmon' Guid='{5770385F-C22A-43E0-BF4C-06F5698FFBD9}'/><EventID>1</EventID><Version>5</Version><Level>4</Level><Task>1</Task><Opcode>0</Opcode><Keywords>0x8000000000000000</Keywords><TimeCreated SystemTime='2021-01-07T15:41:24.494531100Z'/><EventRecordID>6250689</EventRecordID><Correlation/><Execution ProcessID='2436' ThreadID='2996'/><Channel>Microsoft-Windows-Sysmon/Operational</Channel><Computer>win-dc-791937.attackrange.local</Computer><Security UserID='S-1-5-18'/></System><EventData><Data Name='RuleName'></Data><Data Name='UtcTime'>2021-01-07 15:41:24.467</Data><Data Name='ProcessGuid'>{51E9D293-2BA4-5FF7-0000-0010CE001100}</Data><Data Name='ProcessId'>1528</Data><Data Name='Image'>C:\Windows\System32\certutil.exe</Data><Data Name='FileVersion'>10.0.14393.2097 (rs1_release_1.180212-1105)</Data><Data Name='Description'>CertUtil.exe</Data><Data Name='Product'>Microsoft® Windows® Operating System</Data><Data Name='Company'>Microsoft Corporation</Data><Data Name='OriginalFileName'>CertUtil.exe</Data><Data Name='CommandLine'>certutil.exe  -exportPFX powershellcert.pfx -?</Data><Data Name='CurrentDirectory'>c:\Users\administrator\Desktop\</Data><Data Name='User'>ATTACKRANGE\Administrator</Data><Data Name='LogonGuid'>{51E9D293-2892-5FF7-0000-002094B30400}</Data><Data Name='LogonId'>0x4b394</Data><Data Name='TerminalSessionId'>1</Data><Data Name='IntegrityLevel'>High</Data><Data Name='Hashes'>MD5=06210E84C1FA61B0A320559DD458625C,SHA256=2818289572EA6B60681D2724737C3E5C87B3731054F47E9D8E4253D8528D88B7,IMPHASH=442218E88D4D6AA0BE3165DD7B20A4C4</Data><Data Name='ParentProcessGuid'>{51E9D293-2A16-5FF7-0000-001040D20B00}</Data><Data Name='ParentProcessId'>5884</Data><Data Name='ParentImage'>C:\Windows\System32\cmd.exe</Data><Data Name='ParentCommandLine'>"C:\Windows\system32\cmd.exe" </Data></EventData></Event>
<Event xmlns='http://schemas.microsoft.com/win/2004/08/events/event'><System><Provider Name='Microsoft-Windows-Security-Auditing' Guid='{54849625-5478-4994-A5BA-3E3B0328C30D}'/><EventID>4688</EventID><Version>2</Version><Level>0</Level><Task>13312</Task><Opcode>0</Opcode><Keywords>0x8020000000000000</Keywords><TimeCreated SystemTime='2021-01-07T15:41:09.385370300Z'/><EventRecordID>106555</EventRecordID><Correlation/><Execution ProcessID='4' ThreadID='256'/><Channel>Security</Channel><Computer>win-dc-791937.attackrange.local</Computer><Security/></System><EventData><Data Name='SubjectUserSid'>ATTACKRANGE\Administrator</Data><Data Name='SubjectUserName'>administrator</Data><Data Name='SubjectDomainName'>ATTACKRANGE</Data><Data Name='SubjectLogonId'>0x4b394</Data><Data Name='NewProcessId'>0x1710</Data><Data Name='NewProcessName'>C:\Windows\System32\certutil.exe</Data><Data Name='TokenElevationType'>%%1936</Data><Data Name='ProcessId'>0x16fc</Data><Data Name='CommandLine'>certutil.exe  -exportPFX powershellcert.pfx </Data><Data Name='TargetUserSid'>NULL SID</Data><Data Name='TargetUserName'>-</Data><Data Name='TargetDomainName'>-</Data><Data Name='TargetLogonId'>0x0</Data><Data Name='ParentProcessName'>C:\Windows\System32\cmd.exe</Data><Data Name='MandatoryLabel'>Mandatory Label\High Mandatory Level</Data></EventData></Event>
<Event xmlns='http://schemas.microsoft.com/win/2004/08/events/event'><System><Provider Name='Microsoft-Windows-Sysmon' Guid='{5770385F-C22A-43E0-BF4C-06F5698FFBD9}'/><EventID>1</EventID><Version>5</Version><Level>4</Level><Task>1</Task><Opcode>0</Opcode><Keywords>0x8000000000000000</Keywords><TimeCreated SystemTime='2021-01-07T15:41:09.388493100Z'/><EventRecordID>6250144</EventRecordID><Correlation/><Execution ProcessID='2436' ThreadID='2996'/><Channel>Microsoft-Windows-Sysmon/Operational</Channel><Computer>win-dc-791937.attackrange.local</Computer><Security UserID='S-1-5-18'/></System><EventData><Data Name='RuleName'></Data><Data Name='UtcTime'>2021-01-07 15:41:09.385</Data><Data Name='ProcessGuid'>{51E9D293-2B95-5FF7-0000-0010BFB31000}</Data><Data Name='ProcessId'>5904</Data><Data Name='Image'>C:\Windows\System32\certutil.exe</Data><Data Name='FileVersion'>10.0.14393.2097 (rs1_release_1.180212-1105)</Data><Data Name='Description'>CertUtil.exe</Data><Data Name='Product'>Microsoft® Windows® Operating System</Data><Data Name='Company'>Microsoft Corporation</Data><Data Name='OriginalFileName'>CertUtil.exe</Data><Data Name='CommandLine'>certutil.exe  -exportPFX powershellcert.pfx </Data><Data Name='CurrentDirectory'>c:\Users\administrator\Desktop\</Data><Data Name='User'>ATTACKRANGE\Administrator</Data><Data Name='LogonGuid'>{51E9D293-2892-5FF7-0000-002094B30400}</Data><Data Name='LogonId'>0x4b394</Data><Data Name='TerminalSessionId'>1</Data><Data Name='IntegrityLevel'>High</Data><Data Name='Hashes'>MD5=06210E84C1FA61B0A320559DD458625C,SHA256=2818289572EA6B60681D2724737C3E5C87B3731054F47E9D8E4253D8528D88B7,IMPHASH=442218E88D4D6AA0BE3165DD7B20A4C4</Data><Data Name='ParentProcessGuid'>{51E9D293-2A16-5FF7-0000-001040D20B00}</Data><Data Name='ParentProcessId'>5884</Data><Data Name='ParentImage'>C:\Windows\System32\cmd.exe</Data><Data Name='ParentCommandLine'>"C:\Windows\system32\cmd.exe" </Data></EventData></Event>
<Event xmlns='http://schemas.microsoft.com/win/2004/08/events/event'><System><Provider Name='Microsoft-Windows-Security-Auditing' Guid='{54849625-5478-4994-A5BA-3E3B0328C30D}'/><EventID>4688</EventID><Version>2</Version><Level>0</Level><Task>13312</Task><Opcode>0</Opcode><Keywords>0x8020000000000000</Keywords><TimeCreated SystemTime='2021-01-07T15:41:01.786509100Z'/><EventRecordID>106554</EventRecordID><Correlation/><Execution ProcessID='4' ThreadID='164'/><Channel>Security</Channel><Computer>win-dc-791937.attackrange.local</Computer><Security/></System><EventData><Data Name='SubjectUserSid'>ATTACKRANGE\Administrator</Data><Data Name='SubjectUserName'>administrator</Data><Data Name='SubjectDomainName'>ATTACKRANGE</Data><Data Name='SubjectLogonId'>0x4b394</Data><Data Name='NewProcessId'>0x1458</Data><Data Name='NewProcessName'>C:\Windows\System32\certutil.exe</Data><Data Name='TokenElevationType'>%%1936</Data><Data Name='ProcessId'>0x16fc</Data><Data Name='CommandLine'>certutil.exe  -exportPFX  powershellcert.pfx </Data><Data Name='TargetUserSid'>NULL SID</Data><Data Name='TargetUserName'>-</Data><Data Name='TargetDomainName'>-</Data><Data Name='TargetLogonId'>0x0</Data><Data Name='ParentProcessName'>C:\Windows\System32\cmd.exe</Data><Data Name='MandatoryLabel'>Mandatory Label\High Mandatory Level</Data></EventData></Event>
<Event xmlns='http://schemas.microsoft.com/win/2004/08/events/event'><System><Provider Name='Microsoft-Windows-Sysmon' Guid='{5770385F-C22A-43E0-BF4C-06F5698FFBD9}'/><EventID>1</EventID><Version>5</Version><Level>4</Level><Task>1</Task><Opcode>0</Opcode><Keywords>0x8000000000000000</Keywords><TimeCreated SystemTime='2021-01-07T15:41:01.788563400Z'/><EventRecordID>6249779</EventRecordID><Correlation/><Execution ProcessID='2436' ThreadID='2996'/><Channel>Microsoft-Windows-Sysmon/Operational</Channel><Computer>win-dc-791937.attackrange.local</Computer><Security UserID='S-1-5-18'/></System><EventData><Data Name='RuleName'></Data><Data Name='UtcTime'>2021-01-07 15:41:01.786</Data><Data Name='ProcessGuid'>{51E9D293-2B8D-5FF7-0000-0010DDA21000}</Data><Data Name='ProcessId'>5208</Data><Data Name='Image'>C:\Windows\System32\certutil.exe</Data><Data Name='FileVersion'>10.0.14393.2097 (rs1_release_1.180212-1105)</Data><Data Name='Description'>CertUtil.exe</Data><Data Name='Product'>Microsoft® Windows® Operating System</Data><Data Name='Company'>Microsoft Corporation</Data><Data Name='OriginalFileName'>CertUtil.exe</Data><Data Name='CommandLine'>certutil.exe  -exportPFX  powershellcert.pfx </Data><Data Name='CurrentDirectory'>c:\Users\administrator\Desktop\</Data><Data Name='User'>ATTACKRANGE\Administrator</Data><Data Name='LogonGuid'>{51E9D293-2892-5FF7-0000-002094B30400}</Data><Data Name='LogonId'>0x4b394</Data><Data Name='TerminalSessionId'>1</Data><Data Name='IntegrityLevel'>High</Data><Data Name='Hashes'>MD5=06210E84C1FA61B0A320559DD458625C,SHA256=2818289572EA6B60681D2724737C3E5C87B3731054F47E9D8E4253D8528D88B7,IMPHASH=442218E88D4D6AA0BE3165DD7B20A4C4</Data><Data Name='ParentProcessGuid'>{51E9D293-2A16-5FF7-0000-001040D20B00}</Data><Data Name='ParentProcessId'>5884</Data><Data Name='ParentImage'>C:\Windows\System32\cmd.exe</Data><Data Name='ParentCommandLine'>"C:\Windows\system32\cmd.exe" </Data></EventData></Event>
<Event xmlns='http://schemas.microsoft.com/win/2004/08/events/event'><System><Provider Name='Microsoft-Windows-Security-Auditing' Guid='{54849625-5478-4994-A5BA-3E3B0328C30D}'/><EventID>4688</EventID><Version>2</Version><Level>0</Level><Task>13312</Task><Opcode>0</Opcode><Keywords>0x8020000000000000</Keywords><TimeCreated SystemTime='2021-01-07T15:40:52.800197700Z'/><EventRecordID>106550</EventRecordID><Correlation/><Execution ProcessID='4' ThreadID='92'/><Channel>Security</Channel><Computer>win-dc-791937.attackrange.local</Computer><Security/></System><EventData><Data Name='SubjectUserSid'>ATTACKRANGE\Administrator</Data><Data Name='SubjectUserName'>administrator</Data><Data Name='SubjectDomainName'>ATTACKRANGE</Data><Data Name='SubjectLogonId'>0x4b394</Data><Data Name='NewProcessId'>0xb4c</Data><Data Name='NewProcessName'>C:\Windows\System32\certutil.exe</Data><Data Name='TokenElevationType'>%%1936</Data><Data Name='ProcessId'>0x16fc</Data><Data Name='CommandLine'>certutil.exe  -exportpfx  powershellcert.pfx </Data><Data Name='TargetUserSid'>NULL SID</Data><Data Name='TargetUserName'>-</Data><Data Name='TargetDomainName'>-</Data><Data Name='TargetLogonId'>0x0</Data><Data Name='ParentProcessName'>C:\Windows\System32\cmd.exe</Data><Data Name='MandatoryLabel'>Mandatory Label\High Mandatory Level</Data></EventData></Event>
<Event xmlns='http://schemas.microsoft.com/win/2004/08/events/event'><System><Provider Name='Microsoft-Windows-Sysmon' Guid='{5770385F-C22A-43E0-BF4C-06F5698FFBD9}'/><EventID>1</EventID><Version>5</Version><Level>4</Level><Task>1</Task><Opcode>0</Opcode><Keywords>0x8000000000000000</Keywords><TimeCreated SystemTime='2021-01-07T15:40:52.825312400Z'/><EventRecordID>6249557</EventRecordID><Correlation/><Execution ProcessID='2436' ThreadID='2996'/><Channel>Microsoft-Windows-Sysmon/Operational</Channel><Computer>win-dc-791937.attackrange.local</Computer><Security UserID='S-1-5-18'/></System><EventData><Data Name='RuleName'></Data><Data Name='UtcTime'>2021-01-07 15:40:52.800</Data><Data Name='ProcessGuid'>{51E9D293-2B84-5FF7-0000-0010998A1000}</Data><Data Name='ProcessId'>2892</Data><Data Name='Image'>C:\Windows\System32\certutil.exe</Data><Data Name='FileVersion'>10.0.14393.2097 (rs1_release_1.180212-1105)</Data><Data Name='Description'>CertUtil.exe</Data><Data Name='Product'>Microsoft® Windows® Operating System</Data><Data Name='Company'>Microsoft Corporation</Data><Data Name='OriginalFileName'>CertUtil.exe</Data><Data Name='CommandLine'>certutil.exe  -exportpfx  powershellcert.pfx </Data><Data Name='CurrentDirectory'>c:\Users\administrator\Desktop\</Data><Data Name='User'>ATTACKRANGE\Administrator</Data><Data Name='LogonGuid'>{51E9D293-2892-5FF7-0000-002094B30400}</Data><Data Name='LogonId'>0x4b394</Data><Data Name='TerminalSessionId'>1</Data><Data Name='IntegrityLevel'>High</Data><Data Name='Hashes'>MD5=06210E84C1FA61B0A320559DD458625C,SHA256=2818289572EA6B60681D2724737C3E5C87B3731054F47E9D8E4253D8528D88B7,IMPHASH=442218E88D4D6AA0BE3165DD7B20A4C4</Data><Data Name='ParentProcessGuid'>{51E9D293-2A16-5FF7-0000-001040D20B00}</Data><Data Name='ParentProcessId'>5884</Data><Data Name='ParentImage'>C:\Windows\System32\cmd.exe</Data><Data Name='ParentCommandLine'>"C:\Windows\system32\cmd.exe" </Data></EventData></Event>
<Event xmlns='http://schemas.microsoft.com/win/2004/08/events/event'><System><Provider Name='Microsoft-Windows-Security-Auditing' Guid='{54849625-5478-4994-A5BA-3E3B0328C30D}'/><EventID>4688</EventID><Version>2</Version><Level>0</Level><Task>13312</Task><Opcode>0</Opcode><Keywords>0x8020000000000000</Keywords><TimeCreated SystemTime='2021-01-07T15:39:35.348533000Z'/><EventRecordID>106491</EventRecordID><Correlation/><Execution ProcessID='4' ThreadID='260'/><Channel>Security</Channel><Computer>win-dc-791937.attackrange.local</Computer><Security/></System><EventData><Data Name='SubjectUserSid'>ATTACKRANGE\Administrator</Data><Data Name='SubjectUserName'>administrator</Data><Data Name='SubjectDomainName'>ATTACKRANGE</Data><Data Name='SubjectLogonId'>0x4b394</Data><Data Name='NewProcessId'>0xe70</Data><Data Name='NewProcessName'>C:\Windows\System32\certutil.exe</Data><Data Name='TokenElevationType'>%%1936</Data><Data Name='ProcessId'>0x16fc</Data><Data Name='CommandLine'>certutil.exe  -privatekey  powershellcert.pfx </Data><Data Name='TargetUserSid'>NULL SID</Data><Data Name='TargetUserName'>-</Data><Data Name='TargetDomainName'>-</Data><Data Name='TargetLogonId'>0x0</Data><Data Name='ParentProcessName'>C:\Windows\System32\cmd.exe</Data><Data Name='MandatoryLabel'>Mandatory Label\High Mandatory Level</Data></EventData></Event>
